PokerStars Hand #11000300001: Tournament #4, Apr29_2017-at-13_22_12 Hold'em No Limit ($50/$100 USD) - 2017/04/29 15:22:12 ET
Table 'ACPC Match' 2-max Seat #2 is the button
Seat 1: DeepStack ($20000 in chips)
Seat 2: Mike_McDonald_@MikeMcDonald89 ($20000 in chips)
Mike_McDonald_@MikeMcDonald89: posts small blind $50
DeepStack: posts big blind $100
*** HOLE CARDS ***
Dealt to DeepStack [4d 5d]
Dealt to Mike_McDonald_@MikeMcDonald89 [Js Jc]
Mike_McDonald_@MikeMcDonald89: raises $150 to $250
DeepStack: raises $500 to $750
Mike_McDonald_@MikeMcDonald89: raises $1500 to $2250
DeepStack: folds
Uncalled bet ($1500) returned to Mike_McDonald_@MikeMcDonald89
Mike_McDonald_@MikeMcDonald89 collected $1500 from the pot
*** SUMMARY ***
Total pot $1500 | Rake $0
Seat 1: DeepStack (big blind) folded before the Flop
Seat 2: Mike_McDonald_@MikeMcDonald89 (button) (small blind) collected ($1500)

PokerStars Hand #11000300002: Tournament #4, Apr29_2017-at-13_22_12 Hold'em No Limit ($50/$100 USD) - 2017/04/29 15:22:13 ET
Table 'ACPC Match' 2-max Seat #1 is the button
Seat 1: DeepStack ($19250 in chips)
Seat 2: Mike_McDonald_@MikeMcDonald89 ($20750 in chips)
DeepStack: posts small blind $50
Mike_McDonald_@MikeMcDonald89: posts big blind $100
*** HOLE CARDS ***
Dealt to DeepStack [4h 2d]
Dealt to Mike_McDonald_@MikeMcDonald89 [9d 6d]
DeepStack: folds
Uncalled bet ($50) returned to Mike_McDonald_@MikeMcDonald89
Mike_McDonald_@MikeMcDonald89 collected $100 from the pot
*** SUMMARY ***
Total pot $100 | Rake $0
Seat 1: DeepStack (button) (small blind) folded before the Flop
Seat 2: Mike_McDonald_@MikeMcDonald89 (big blind) collected ($100)

PokerStars Hand #11000300003: Tournament #4, Apr29_2017-at-13_22_12 Hold'em No Limit ($50/$100 USD) - 2017/04/29 15:22:14 ET
Table 'ACPC Match' 2-max Seat #2 is the button
Seat 1: DeepStack ($19200 in chips)
Seat 2: Mike_McDonald_@MikeMcDonald89 ($20800 in chips)
Mike_McDonald_@MikeMcDonald89: posts small blind $50
DeepStack: posts big blind $100
*** HOLE CARDS ***
Dealt to DeepStack [3s 7c]
Dealt to Mike_McDonald_@MikeMcDonald89 [9s 8d]
Mike_McDonald_@MikeMcDonald89: raises $150 to $250
DeepStack: folds
Uncalled bet ($150) returned to Mike_McDonald_@MikeMcDonald89
Mike_McDonald_@MikeMcDonald89 collected $200 from the pot
*** SUMMARY ***
Total pot $200 | Rake $0
Seat 1: DeepStack (big blind) folded before the Flop
Seat 2: Mike_McDonald_@MikeMcDonald89 (button) (small blind) collected ($200)

PokerStars Hand #11000300004: Tournament #4, Apr29_2017-at-13_22_12 Hold'em No Limit ($50/$100 USD) - 2017/04/29 15:22:15 ET
Table 'ACPC Match' 2-max Seat #1 is the button
Seat 1: DeepStack ($19100 in chips)
Seat 2: Mike_McDonald_@MikeMcDonald89 ($20900 in chips)
DeepStack: posts small blind $50
Mike_McDonald_@MikeMcDonald89: posts big blind $100
*** HOLE CARDS ***
Dealt to DeepStack [Qs 9h]
Dealt to Mike_McDonald_@MikeMcDonald89 [2d 8c]
DeepStack: calls $50
Mike_McDonald_@MikeMcDonald89: checks
*** FLOP **** [6c 5c Qh]
Mike_McDonald_@MikeMcDonald89: checks
DeepStack: checks
*** TURN **** [4h]
Mike_McDonald_@MikeMcDonald89: bets $200
DeepStack: calls $200
*** RIVER **** [2c]
Mike_McDonald_@MikeMcDonald89: checks
DeepStack: checks
*** SHOW DOWN ***
Mike_McDonald_@MikeMcDonald89: shows [2d 8c] (a pair of Deuces)
DeepStack: shows [Qs 9h] (a pair of Queens)
DeepStack collected $600 from pot
*** SUMMARY ***
Total pot $600 | Rake $0
Board [6c 5c Qh 4h 2c]
Seat 1: DeepStack (button) (small blind) showed [Qs 9h] and won ($600) with a pair of Queens
Seat 2: Mike_McDonald_@MikeMcDonald89 (big blind) showed [2d 8c] and lost with a pair of Deuces

PokerStars Hand #11000300005: Tournament #4, Apr29_2017-at-13_22_12 Hold'em No Limit ($50/$100 USD) - 2017/04/29 15:22:16 ET
Table 'ACPC Match' 2-max Seat #2 is the button
Seat 1: DeepStack ($19400 in chips)
Seat 2: Mike_McDonald_@MikeMcDonald89 ($20600 in chips)
Mike_McDonald_@MikeMcDonald89: posts small blind $50
DeepStack: posts big blind $100
*** HOLE CARDS ***
Dealt to DeepStack [Js 2h]
Dealt to Mike_McDonald_@MikeMcDonald89 [Ac 7h]
Mike_McDonald_@MikeMcDonald89: raises $150 to $250
DeepStack: folds
Uncalled bet ($150) returned to Mike_McDonald_@MikeMcDonald89
Mike_McDonald_@MikeMcDonald89 collected $200 from the pot
*** SUMMARY ***
Total pot $200 | Rake $0
Seat 1: DeepStack (big blind) folded before the Flop
Seat 2: Mike_McDonald_@MikeMcDonald89 (button) (small blind) collected ($200)

PokerStars Hand #11000300006: Tournament #4, Apr29_2017-at-13_22_12 Hold'em No Limit ($50/$100 USD) - 2017/04/29 15:22:17 ET
Table 'ACPC Match' 2-max Seat #1 is the button
Seat 1: DeepStack ($19300 in chips)
Seat 2: Mike_McDonald_@MikeMcDonald89 ($20700 in chips)
DeepStack: posts small blind $50
Mike_McDonald_@MikeMcDonald89: posts big blind $100
*** HOLE CARDS ***
Dealt to DeepStack [5h 6h]
Dealt to Mike_McDonald_@MikeMcDonald89 [9s 2s]
DeepStack: raises $200 to $300
Mike_McDonald_@MikeMcDonald89: folds
Uncalled bet ($200) returned to DeepStack
DeepStack collected $200 from the pot
*** SUMMARY ***
Total pot $200 | Rake $0
Seat 1: DeepStack (button) (small blind) collected ($200)
Seat 2: Mike_McDonald_@MikeMcDonald89 (big blind) folded before the Flop

PokerStars Hand #11000300007: Tournament #4, Apr29_2017-at-13_22_12 Hold'em No Limit ($50/$100 USD) - 2017/04/29 15:22:18 ET
Table 'ACPC Match' 2-max Seat #2 is the button
Seat 1: DeepStack ($19400 in chips)
Seat 2: Mike_McDonald_@MikeMcDonald89 ($20600 in chips)
Mike_McDonald_@MikeMcDonald89: posts small blind $50
DeepStack: posts big blind $100
*** HOLE CARDS ***
Dealt to DeepStack [3s Kd]
Dealt to Mike_McDonald_@MikeMcDonald89 [Jd 7s]
Mike_McDonald_@MikeMcDonald89: raises $150 to $250
DeepStack: calls $150
*** FLOP **** [2d 6s Qh]
DeepStack: checks
Mike_McDonald_@MikeMcDonald89: raises $250 to $250
DeepStack: folds
Uncalled bet ($250) returned to Mike_McDonald_@MikeMcDonald89
Mike_McDonald_@MikeMcDonald89 collected $500 from the pot
*** SUMMARY ***
Total pot $500 | Rake $0
Board [2d 6s Qh]
Seat 1: DeepStack (big blind) folded on the Flop
Seat 2: Mike_McDonald_@MikeMcDonald89 (button) (small blind) collected ($500)

PokerStars Hand #11000300008: Tournament #4, Apr29_2017-at-13_22_12 Hold'em No Limit ($50/$100 USD) - 2017/04/29 15:22:19 ET
Table 'ACPC Match' 2-max Seat #1 is the button
Seat 1: DeepStack ($19150 in chips)
Seat 2: Mike_McDonald_@MikeMcDonald89 ($20850 in chips)
DeepStack: posts small blind $50
Mike_McDonald_@MikeMcDonald89: posts big blind $100
*** HOLE CARDS ***
Dealt to DeepStack [Qd 7c]
Dealt to Mike_McDonald_@MikeMcDonald89 [Ah 6h]
DeepStack: raises $200 to $300
Mike_McDonald_@MikeMcDonald89: raises $700 to $1000
DeepStack: folds
Uncalled bet ($700) returned to Mike_McDonald_@MikeMcDonald89
Mike_McDonald_@MikeMcDonald89 collected $600 from the pot
*** SUMMARY ***
Total pot $600 | Rake $0
Seat 1: DeepStack (button) (small blind) folded before the Flop
Seat 2: Mike_McDonald_@MikeMcDonald89 (big blind) collected ($600)

PokerStars Hand #11000300009: Tournament #4, Apr29_2017-at-13_22_12 Hold'em No Limit ($50/$100 USD) - 2017/04/29 15:22:20 ET
Table 'ACPC Match' 2-max Seat #2 is the button
Seat 1: DeepStack ($18850 in chips)
Seat 2: Mike_McDonald_@MikeMcDonald89 ($21150 in chips)
Mike_McDonald_@MikeMcDonald89: posts small blind $50
DeepStack: posts big blind $100
*** HOLE CARDS ***
Dealt to DeepStack [8h 9d]
Dealt to Mike_McDonald_@MikeMcDonald89 [As Qc]
Mike_McDonald_@MikeMcDonald89: raises $150 to $250
DeepStack: calls $150
*** FLOP **** [7h Jd 5d]
DeepStack: checks
Mike_McDonald_@MikeMcDonald89: checks
*** TURN **** [Th]
DeepStack: bets $249
Mike_McDonald_@MikeMcDonald89: calls $249
*** RIVER **** [Ks]
DeepStack: bets $499
Mike_McDonald_@MikeMcDonald89: raises $1497 to $1996
DeepStack: calls $1497
*** SHOW DOWN ***
Mike_McDonald_@MikeMcDonald89: shows [As Qc] (straight, Ace high)
DeepStack: shows [8h 9d] (straight, Jack high)
Mike_McDonald_@MikeMcDonald89 collected $4990 from pot
*** SUMMARY ***
Total pot $4990 | Rake $0
Board [7h Jd 5d Th Ks]
Seat 1: DeepStack (big blind) showed [8h 9d] and lost with straight, Jack high
Seat 2: Mike_McDonald_@MikeMcDonald89 (button) (small blind) showed [As Qc] and won ($4990) with straight, Ace high

PokerStars Hand #11000300010: Tournament #4, Apr29_2017-at-13_22_12 Hold'em No Limit ($50/$100 USD) - 2017/04/29 15:22:21 ET
Table 'ACPC Match' 2-max Seat #1 is the button
Seat 1: DeepStack ($16355 in chips)
Seat 2: Mike_McDonald_@MikeMcDonald89 ($23645 in chips)
DeepStack: posts small blind $50
Mike_McDonald_@MikeMcDonald89: posts big blind $100
*** HOLE CARDS ***
Dealt to DeepStack [Js 8s]
Dealt to Mike_McDonald_@MikeMcDonald89 [4s Ts]
DeepStack: calls $50
Mike_McDonald_@MikeMcDonald89: checks
*** FLOP **** [Jc As Ac]
Mike_McDonald_@MikeMcDonald89: checks
DeepStack: checks
*** TURN **** [4h]
Mike_McDonald_@MikeMcDonald89: checks
DeepStack: raises $100 to $100
Mike_McDonald_@MikeMcDonald89: calls $100
*** RIVER **** [Qh]
Mike_McDonald_@MikeMcDonald89: checks
DeepStack: checks
*** SHOW DOWN ***
Mike_McDonald_@MikeMcDonald89: shows [4s Ts] (two pair, Aces and Fours)
DeepStack: shows [Js 8s] (two pair, Aces and Jacks)
DeepStack collected $400 from pot
*** SUMMARY ***
Total pot $400 | Rake $0
Board [Jc As Ac 4h Qh]
Seat 1: DeepStack (button) (small blind) showed [Js 8s] and won ($400) with two pair, Aces and Jacks
Seat 2: Mike_McDonald_@MikeMcDonald89 (big blind) showed [4s Ts] and lost with two pair, Aces and Fours

PokerStars Hand #11000300011: Tournament #4, Apr29_2017-at-13_22_12 Hold'em No Limit ($75/$150 USD) - 2017/04/29 15:22:22 ET
Table 'ACPC Match' 2-max Seat #2 is the button
Seat 1: DeepStack ($16555 in chips)
Seat 2: Mike_McDonald_@MikeMcDonald89 ($23445 in chips)
Mike_McDonald_@MikeMcDonald89: posts small blind $75
DeepStack: posts big blind $150
*** HOLE CARDS ***
Dealt to DeepStack [As Jc]
Dealt to Mike_McDonald_@MikeMcDonald89 [Js 7c]
Mike_McDonald_@MikeMcDonald89: raises $225 to $375
DeepStack: raises $750 to $1125
Mike_McDonald_@MikeMcDonald89: folds
Uncalled bet ($750) returned to DeepStack
DeepStack collected $750 from the pot
*** SUMMARY ***
Total pot $750 | Rake $0
Seat 1: DeepStack (big blind) collected ($750)
Seat 2: Mike_McDonald_@MikeMcDonald89 (button) (small blind) folded before the Flop

PokerStars Hand #11000300012: Tournament #4, Apr29_2017-at-13_22_12 Hold'em No Limit ($75/$150 USD) - 2017/04/29 15:22:23 ET
Table 'ACPC Match' 2-max Seat #1 is the button
Seat 1: DeepStack ($16930 in chips)
Seat 2: Mike_McDonald_@MikeMcDonald89 ($23070 in chips)
DeepStack: posts small blind $75
Mike_McDonald_@MikeMcDonald89: posts big blind $150
*** HOLE CARDS ***
Dealt to DeepStack [6h 3h]
Dealt to Mike_McDonald_@MikeMcDonald89 [Jh 3s]
DeepStack: calls $75
Mike_McDonald_@MikeMcDonald89: checks
*** FLOP **** [5d Td 9c]
Mike_McDonald_@MikeMcDonald89: checks
DeepStack: checks
*** TURN **** [6d]
Mike_McDonald_@MikeMcDonald89: checks
DeepStack: checks
*** RIVER **** [9h]
Mike_McDonald_@MikeMcDonald89: bets $300
DeepStack: calls $300
*** SHOW DOWN ***
Mike_McDonald_@MikeMcDonald89: shows [Jh 3s] (a pair of Nines)
DeepStack: shows [6h 3h] (two pair, Nines and Sixes)
DeepStack collected $900 from pot
*** SUMMARY ***
Total pot $900 | Rake $0
Board [5d Td 9c 6d 9h]
Seat 1: DeepStack (button) (small blind) showed [6h 3h] and won ($900) with two pair, Nines and Sixes
Seat 2: Mike_McDonald_@MikeMcDonald89 (big blind) showed [Jh 3s] and lost with a pair of Nines

PokerStars Hand #11000300013: Tournament #4, Apr29_2017-at-13_22_12 Hold'em No Limit ($75/$150 USD) - 2017/04/29 15:22:24 ET
Table 'ACPC Match' 2-max Seat #2 is the button
Seat 1: DeepStack ($17380 in chips)
Seat 2: Mike_McDonald_@MikeMcDonald89 ($22620 in chips)
Mike_McDonald_@MikeMcDonald89: posts small blind $75
DeepStack: posts big blind $150
*** HOLE CARDS ***
Dealt to DeepStack [Qh 9d]
Dealt to Mike_McDonald_@MikeMcDonald89 [Ad 9s]
Mike_McDonald_@MikeMcDonald89: raises $225 to $375
DeepStack: calls $225
*** FLOP **** [Kh Kc 2h]
DeepStack: checks
Mike_McDonald_@MikeMcDonald89: raises $250 to $250
DeepStack: raises $625 to $875
Mike_McDonald_@MikeMcDonald89: calls $625
*** TURN **** [Ks]
DeepStack: bets $1250
Mike_McDonald_@MikeMcDonald89: calls $1250
*** RIVER **** [3s]
DeepStack: checks
Mike_McDonald_@MikeMcDonald89: raises $2500 to $2500
DeepStack: folds
Uncalled bet ($2500) returned to Mike_McDonald_@MikeMcDonald89
Mike_McDonald_@MikeMcDonald89 collected $5000 from the pot
*** SUMMARY ***
Total pot $5000 | Rake $0
Board [Kh Kc 2h Ks 3s]
Seat 1: DeepStack (big blind) folded on the River
Seat 2: Mike_McDonald_@MikeMcDonald89 (button) (small blind) collected ($5000)

PokerStars Hand #11000300014: Tournament #4, Apr29_2017-at-13_22_12 Hold'em No Limit ($75/$150 USD) - 2017/04/29 15:22:25 ET
Table 'ACPC Match' 2-max Seat #1 is the button
Seat 1: DeepStack ($14880 in chips)
Seat 2: Mike_McDonald_@MikeMcDonald89 ($25120 in chips)
DeepStack: posts small blind $75
Mike_McDonald_@MikeMcDonald89: posts big blind $150
*** HOLE CARDS ***
Dealt to DeepStack [Ad 6s]
Dealt to Mike_McDonald_@MikeMcDonald89 [2d Qs]
DeepStack: raises $300 to $450
Mike_McDonald_@MikeMcDonald89: folds
Uncalled bet ($300) returned to DeepStack
DeepStack collected $300 from the pot
*** SUMMARY ***
Total pot $300 | Rake $0
Seat 1: DeepStack (button) (small blind) collected ($300)
Seat 2: Mike_McDonald_@MikeMcDonald89 (big blind) folded before the Flop

PokerStars Hand #11000300015: Tournament #4, Apr29_2017-at-13_22_12 Hold'em No Limit ($75/$150 USD) - 2017/04/29 15:22:26 ET
Table 'ACPC Match' 2-max Seat #2 is the button
Seat 1: DeepStack ($15030 in chips)
Seat 2: Mike_McDonald_@MikeMcDonald89 ($24970 in chips)
Mike_McDonald_@MikeMcDonald89: posts small blind $75
DeepStack: posts big blind $150
*** HOLE CARDS ***
Dealt to DeepStack [5c 2c]
Dealt to Mike_McDonald_@MikeMcDonald89 [6s Qd]
Mike_McDonald_@MikeMcDonald89: raises $225 to $375
DeepStack: calls $225
*** FLOP **** [3s 8c Ks]
DeepStack: checks
Mike_McDonald_@MikeMcDonald89: checks
*** TURN **** [Ah]
DeepStack: bets $750
Mike_McDonald_@MikeMcDonald89: folds
Uncalled bet ($750) returned to DeepStack
DeepStack collected $750 from the pot
*** SUMMARY ***
Total pot $750 | Rake $0
Board [3s 8c Ks Ah]
Seat 1: DeepStack (big blind) collected ($750)
Seat 2: Mike_McDonald_@MikeMcDonald89 (button) (small blind) folded on the Turn

PokerStars Hand #11000300016: Tournament #4, Apr29_2017-at-13_22_12 Hold'em No Limit ($75/$150 USD) - 2017/04/29 15:22:27 ET
Table 'ACPC Match' 2-max Seat #1 is the button
Seat 1: DeepStack ($15405 in chips)
Seat 2: Mike_McDonald_@MikeMcDonald89 ($24595 in chips)
DeepStack: posts small blind $75
Mike_McDonald_@MikeMcDonald89: posts big blind $150
*** HOLE CARDS ***
Dealt to DeepStack [Th 8d]
Dealt to Mike_McDonald_@MikeMcDonald89 [Tc 2s]
DeepStack: calls $75
Mike_McDonald_@MikeMcDonald89: checks
*** FLOP **** [7d Kd Qd]
Mike_McDonald_@MikeMcDonald89: checks
DeepStack: checks
*** TURN **** [3d]
Mike_McDonald_@MikeMcDonald89: bets $150
DeepStack: calls $150
*** RIVER **** [3s]
Mike_McDonald_@MikeMcDonald89: bets $450
DeepStack: calls $450
*** SHOW DOWN ***
Mike_McDonald_@MikeMcDonald89: shows [Tc 2s] (a pair of Threes)
DeepStack: shows [Th 8d] (flush, King high)
DeepStack collected $1500 from pot
*** SUMMARY ***
Total pot $1500 | Rake $0
Board [7d Kd Qd 3d 3s]
Seat 1: DeepStack (button) (small blind) showed [Th 8d] and won ($1500) with flush, King high
Seat 2: Mike_McDonald_@MikeMcDonald89 (big blind) showed [Tc 2s] and lost with a pair of Threes

PokerStars Hand #11000300017: Tournament #4, Apr29_2017-at-13_22_12 Hold'em No Limit ($75/$150 USD) - 2017/04/29 15:22:28 ET
Table 'ACPC Match' 2-max Seat #2 is the button
Seat 1: DeepStack ($16155 in chips)
Seat 2: Mike_McDonald_@MikeMcDonald89 ($23845 in chips)
Mike_McDonald_@MikeMcDonald89: posts small blind $75
DeepStack: posts big blind $150
*** HOLE CARDS ***
Dealt to DeepStack [Kh Jd]
Dealt to Mike_McDonald_@MikeMcDonald89 [6d 5c]
Mike_McDonald_@MikeMcDonald89: raises $225 to $375
DeepStack: calls $225
*** FLOP **** [Qd Tc 8h]
DeepStack: checks
Mike_McDonald_@MikeMcDonald89: checks
*** TURN **** [7c]
DeepStack: bets $750
Mike_McDonald_@MikeMcDonald89: raises $1687 to $2437
DeepStack: raises $2812 to $5249
Mike_McDonald_@MikeMcDonald89: folds
Uncalled bet ($2812) returned to DeepStack
DeepStack collected $5624 from the pot
*** SUMMARY ***
Total pot $5624 | Rake $0
Board [Qd Tc 8h 7c]
Seat 1: DeepStack (big blind) collected ($5624)
Seat 2: Mike_McDonald_@MikeMcDonald89 (button) (small blind) folded on the Turn

PokerStars Hand #11000300018: Tournament #4, Apr29_2017-at-13_22_12 Hold'em No Limit ($75/$150 USD) - 2017/04/29 15:22:29 ET
Table 'ACPC Match' 2-max Seat #1 is the button
Seat 1: DeepStack ($18967 in chips)
Seat 2: Mike_McDonald_@MikeMcDonald89 ($21033 in chips)
DeepStack: posts small blind $75
Mike_McDonald_@MikeMcDonald89: posts big blind $150
*** HOLE CARDS ***
Dealt to DeepStack [7s 3d]
Dealt to Mike_McDonald_@MikeMcDonald89 [Qs Jc]
DeepStack: folds
Uncalled bet ($75) returned to Mike_McDonald_@MikeMcDonald89
Mike_McDonald_@MikeMcDonald89 collected $150 from the pot
*** SUMMARY ***
Total pot $150 | Rake $0
Seat 1: DeepStack (button) (small blind) folded before the Flop
Seat 2: Mike_McDonald_@MikeMcDonald89 (big blind) collected ($150)

PokerStars Hand #11000300019: Tournament #4, Apr29_2017-at-13_22_12 Hold'em No Limit ($75/$150 USD) - 2017/04/29 15:22:30 ET
Table 'ACPC Match' 2-max Seat #2 is the button
Seat 1: DeepStack ($18892 in chips)
Seat 2: Mike_McDonald_@MikeMcDonald89 ($21108 in chips)
Mike_McDonald_@MikeMcDonald89: posts small blind $75
DeepStack: posts big blind $150
*** HOLE CARDS ***
Dealt to DeepStack [8d Ks]
Dealt to Mike_McDonald_@MikeMcDonald89 [9s 2h]
Mike_McDonald_@MikeMcDonald89: folds
Uncalled bet ($75) returned to DeepStack
DeepStack collected $150 from the pot
*** SUMMARY ***
Total pot $150 | Rake $0
Seat 1: DeepStack (big blind) collected ($150)
Seat 2: Mike_McDonald_@MikeMcDonald89 (button) (small blind) folded before the Flop

PokerStars Hand #11000300020: Tournament #4, Apr29_2017-at-13_22_12 Hold'em No Limit ($75/$150 USD) - 2017/04/29 15:22:31 ET
Table 'ACPC Match' 2-max Seat #1 is the button
Seat 1: DeepStack ($18967 in chips)
Seat 2: Mike_McDonald_@MikeMcDonald89 ($21033 in chips)
DeepStack: posts small blind $75
Mike_McDonald_@MikeMcDonald89: posts big blind $150
*** HOLE CARDS ***
Dealt to DeepStack [Ac 5d]
Dealt to Mike_McDonald_@MikeMcDonald89 [Ah 8s]
DeepStack: calls $75
Mike_McDonald_@MikeMcDonald89: raises $375 to $525
DeepStack: calls $375
*** FLOP **** [Td 5s 3h]
Mike_McDonald_@MikeMcDonald89: checks
DeepStack: checks
*** TURN **** [5c]
Mike_McDonald_@MikeMcDonald89: bets $350
DeepStack: calls $350
*** RIVER **** [3s]
Mike_McDonald_@MikeMcDonald89: checks
DeepStack: raises $3500 to $3500
Mike_McDonald_@MikeMcDonald89: folds
Uncalled bet ($3500) returned to DeepStack
DeepStack collected $1750 from the pot
*** SUMMARY ***
Total pot $1750 | Rake $0
Board [Td 5s 3h 5c 3s]
Seat 1: DeepStack (button) (small blind) collected ($1750)
Seat 2: Mike_McDonald_@MikeMcDonald89 (big blind) folded on the River

PokerStars Hand #11000300021: Tournament #4, Apr29_2017-at-13_22_12 Hold'em No Limit ($100/$200 USD) - 2017/04/29 15:22:32 ET
Table 'ACPC Match' 2-max Seat #2 is the button
Seat 1: DeepStack ($19842 in chips)
Seat 2: Mike_McDonald_@MikeMcDonald89 ($20158 in chips)
Mike_McDonald_@MikeMcDonald89: posts small blind $100
DeepStack: posts big blind $200
*** HOLE CARDS ***
Dealt to DeepStack [7h Ac]
Dealt to Mike_McDonald_@MikeMcDonald89 [5s 9h]
Mike_McDonald_@MikeMcDonald89: raises $300 to $500
DeepStack: calls $300
*** FLOP **** [Td Ks 6c]
DeepStack: checks
Mike_McDonald_@MikeMcDonald89: checks
*** TURN **** [6h]
DeepStack: checks
Mike_McDonald_@MikeMcDonald89: raises $350 to $350
DeepStack: calls $350
*** RIVER **** [9d]
DeepStack: checks
Mike_McDonald_@MikeMcDonald89: checks
*** SHOW DOWN ***
DeepStack: shows [7h Ac] (a pair of Sixes)
Mike_McDonald_@MikeMcDonald89: shows [5s 9h] (two pair, Nines and Sixes)
Mike_McDonald_@MikeMcDonald89 collected $1700 from pot
*** SUMMARY ***
Total pot $1700 | Rake $0
Board [Td Ks 6c 6h 9d]
Seat 1: DeepStack (big blind) showed [7h Ac] and lost with a pair of Sixes
Seat 2: Mike_McDonald_@MikeMcDonald89 (button) (small blind) showed [5s 9h] and won ($1700) with two pair, Nines and Sixes

PokerStars Hand #11000300022: Tournament #4, Apr29_2017-at-13_22_12 Hold'em No Limit ($100/$200 USD) - 2017/04/29 15:22:33 ET
Table 'ACPC Match' 2-max Seat #1 is the button
Seat 1: DeepStack ($18992 in chips)
Seat 2: Mike_McDonald_@MikeMcDonald89 ($21008 in chips)
DeepStack: posts small blind $100
Mike_McDonald_@MikeMcDonald89: posts big blind $200
*** HOLE CARDS ***
Dealt to DeepStack [Tc Ts]
Dealt to Mike_McDonald_@MikeMcDonald89 [3d Js]
DeepStack: raises $400 to $600
Mike_McDonald_@MikeMcDonald89: folds
Uncalled bet ($400) returned to DeepStack
DeepStack collected $400 from the pot
*** SUMMARY ***
Total pot $400 | Rake $0
Seat 1: DeepStack (button) (small blind) collected ($400)
Seat 2: Mike_McDonald_@MikeMcDonald89 (big blind) folded before the Flop

PokerStars Hand #11000300023: Tournament #4, Apr29_2017-at-13_22_12 Hold'em No Limit ($100/$200 USD) - 2017/04/29 15:22:34 ET
Table 'ACPC Match' 2-max Seat #2 is the button
Seat 1: DeepStack ($19192 in chips)
Seat 2: Mike_McDonald_@MikeMcDonald89 ($20808 in chips)
Mike_McDonald_@MikeMcDonald89: posts small blind $100
DeepStack: posts big blind $200
*** HOLE CARDS ***
Dealt to DeepStack [2s 7d]
Dealt to Mike_McDonald_@MikeMcDonald89 [8c Ks]
Mike_McDonald_@MikeMcDonald89: raises $300 to $500
DeepStack: folds
Uncalled bet ($300) returned to Mike_McDonald_@MikeMcDonald89
Mike_McDonald_@MikeMcDonald89 collected $400 from the pot
*** SUMMARY ***
Total pot $400 | Rake $0
Seat 1: DeepStack (big blind) folded before the Flop
Seat 2: Mike_McDonald_@MikeMcDonald89 (button) (small blind) collected ($400)

PokerStars Hand #11000300024: Tournament #4, Apr29_2017-at-13_22_12 Hold'em No Limit ($100/$200 USD) - 2017/04/29 15:22:35 ET
Table 'ACPC Match' 2-max Seat #1 is the button
Seat 1: DeepStack ($18992 in chips)
Seat 2: Mike_McDonald_@MikeMcDonald89 ($21008 in chips)
DeepStack: posts small blind $100
Mike_McDonald_@MikeMcDonald89: posts big blind $200
*** HOLE CARDS ***
Dealt to DeepStack [3c Qs]
Dealt to Mike_McDonald_@MikeMcDonald89 [As 4s]
DeepStack: raises $400 to $600
Mike_McDonald_@MikeMcDonald89: raises $1200 to $1800
DeepStack: folds
Uncalled bet ($1200) returned to Mike_McDonald_@MikeMcDonald89
Mike_McDonald_@MikeMcDonald89 collected $1200 from the pot
*** SUMMARY ***
Total pot $1200 | Rake $0
Seat 1: DeepStack (button) (small blind) folded before the Flop
Seat 2: Mike_McDonald_@MikeMcDonald89 (big blind) collected ($1200)

PokerStars Hand #11000300025: Tournament #4, Apr29_2017-at-13_22_12 Hold'em No Limit ($100/$200 USD) - 2017/04/29 15:22:36 ET
Table 'ACPC Match' 2-max Seat #2 is the button
Seat 1: DeepStack ($18392 in chips)
Seat 2: Mike_McDonald_@MikeMcDonald89 ($21608 in chips)
Mike_McDonald_@MikeMcDonald89: posts small blind $100
DeepStack: posts big blind $200
*** HOLE CARDS ***
Dealt to DeepStack [7d 5h]
Dealt to Mike_McDonald_@MikeMcDonald89 [8d 4c]
Mike_McDonald_@MikeMcDonald89: raises $300 to $500
DeepStack: folds
Uncalled bet ($300) returned to Mike_McDonald_@MikeMcDonald89
Mike_McDonald_@MikeMcDonald89 collected $400 from the pot
*** SUMMARY ***
Total pot $400 | Rake $0
Seat 1: DeepStack (big blind) folded before the Flop
Seat 2: Mike_McDonald_@MikeMcDonald89 (button) (small blind) collected ($400)

PokerStars Hand #11000300026: Tournament #4, Apr29_2017-at-13_22_12 Hold'em No Limit ($100/$200 USD) - 2017/04/29 15:22:37 ET
Table 'ACPC Match' 2-max Seat #1 is the button
Seat 1: DeepStack ($18192 in chips)
Seat 2: Mike_McDonald_@MikeMcDonald89 ($21808 in chips)
DeepStack: posts small blind $100
Mike_McDonald_@MikeMcDonald89: posts big blind $200
*** HOLE CARDS ***
Dealt to DeepStack [4c 9c]
Dealt to Mike_McDonald_@MikeMcDonald89 [6s 2c]
DeepStack: raises $200 to $400
Mike_McDonald_@MikeMcDonald89: folds
Uncalled bet ($200) returned to DeepStack
DeepStack collected $400 from the pot
*** SUMMARY ***
Total pot $400 | Rake $0
Seat 1: DeepStack (button) (small blind) collected ($400)
Seat 2: Mike_McDonald_@MikeMcDonald89 (big blind) folded before the Flop

PokerStars Hand #11000300027: Tournament #4, Apr29_2017-at-13_22_12 Hold'em No Limit ($100/$200 USD) - 2017/04/29 15:22:38 ET
Table 'ACPC Match' 2-max Seat #2 is the button
Seat 1: DeepStack ($18392 in chips)
Seat 2: Mike_McDonald_@MikeMcDonald89 ($21608 in chips)
Mike_McDonald_@MikeMcDonald89: posts small blind $100
DeepStack: posts big blind $200
*** HOLE CARDS ***
Dealt to DeepStack [Kd 5d]
Dealt to Mike_McDonald_@MikeMcDonald89 [Ac Ts]
Mike_McDonald_@MikeMcDonald89: raises $300 to $500
DeepStack: calls $300
*** FLOP **** [7h 9d 4s]
DeepStack: checks
Mike_McDonald_@MikeMcDonald89: checks
*** TURN **** [5s]
DeepStack: checks
Mike_McDonald_@MikeMcDonald89: checks
*** RIVER **** [Td]
DeepStack: bets $500
Mike_McDonald_@MikeMcDonald89: raises $1500 to $2000
DeepStack: folds
Uncalled bet ($1500) returned to Mike_McDonald_@MikeMcDonald89
Mike_McDonald_@MikeMcDonald89 collected $2000 from the pot
*** SUMMARY ***
Total pot $2000 | Rake $0
Board [7h 9d 4s 5s Td]
Seat 1: DeepStack (big blind) folded on the River
Seat 2: Mike_McDonald_@MikeMcDonald89 (button) (small blind) collected ($2000)

PokerStars Hand #11000300028: Tournament #4, Apr29_2017-at-13_22_12 Hold'em No Limit ($100/$200 USD) - 2017/04/29 15:22:39 ET
Table 'ACPC Match' 2-max Seat #1 is the button
Seat 1: DeepStack ($17392 in chips)
Seat 2: Mike_McDonald_@MikeMcDonald89 ($22608 in chips)
DeepStack: posts small blind $100
Mike_McDonald_@MikeMcDonald89: posts big blind $200
*** HOLE CARDS ***
Dealt to DeepStack [3c 8h]
Dealt to Mike_McDonald_@MikeMcDonald89 [Ts As]
DeepStack: folds
Uncalled bet ($100) returned to Mike_McDonald_@MikeMcDonald89
Mike_McDonald_@MikeMcDonald89 collected $200 from the pot
*** SUMMARY ***
Total pot $200 | Rake $0
Seat 1: DeepStack (button) (small blind) folded before the Flop
Seat 2: Mike_McDonald_@MikeMcDonald89 (big blind) collected ($200)

PokerStars Hand #11000300029: Tournament #4, Apr29_2017-at-13_22_12 Hold'em No Limit ($100/$200 USD) - 2017/04/29 15:22:40 ET
Table 'ACPC Match' 2-max Seat #2 is the button
Seat 1: DeepStack ($17292 in chips)
Seat 2: Mike_McDonald_@MikeMcDonald89 ($22708 in chips)
Mike_McDonald_@MikeMcDonald89: posts small blind $100
DeepStack: posts big blind $200
*** HOLE CARDS ***
Dealt to DeepStack [9s Jc]
Dealt to Mike_McDonald_@MikeMcDonald89 [6s 9d]
Mike_McDonald_@MikeMcDonald89: raises $300 to $500
DeepStack: calls $300
*** FLOP **** [Js 5c 3s]
DeepStack: checks
Mike_McDonald_@MikeMcDonald89: raises $500 to $500
DeepStack: calls $500
*** TURN **** [8c]
DeepStack: checks
Mike_McDonald_@MikeMcDonald89: checks
*** RIVER **** [4c]
DeepStack: bets $999
Mike_McDonald_@MikeMcDonald89: folds
Uncalled bet ($999) returned to DeepStack
DeepStack collected $2000 from the pot
*** SUMMARY ***
Total pot $2000 | Rake $0
Board [Js 5c 3s 8c 4c]
Seat 1: DeepStack (big blind) collected ($2000)
Seat 2: Mike_McDonald_@MikeMcDonald89 (button) (small blind) folded on the River

PokerStars Hand #11000300030: Tournament #4, Apr29_2017-at-13_22_12 Hold'em No Limit ($100/$200 USD) - 2017/04/29 15:22:41 ET
Table 'ACPC Match' 2-max Seat #1 is the button
Seat 1: DeepStack ($18292 in chips)
Seat 2: Mike_McDonald_@MikeMcDonald89 ($21708 in chips)
DeepStack: posts small blind $100
Mike_McDonald_@MikeMcDonald89: posts big blind $200
*** HOLE CARDS ***
Dealt to DeepStack [5d Ts]
Dealt to Mike_McDonald_@MikeMcDonald89 [5s 2h]
DeepStack: calls $100
Mike_McDonald_@MikeMcDonald89: checks
*** FLOP **** [Tc Qh 3s]
Mike_McDonald_@MikeMcDonald89: checks
DeepStack: checks
*** TURN **** [6d]
Mike_McDonald_@MikeMcDonald89: bets $200
DeepStack: raises $400 to $600
Mike_McDonald_@MikeMcDonald89: folds
Uncalled bet ($400) returned to DeepStack
DeepStack collected $800 from the pot
*** SUMMARY ***
Total pot $800 | Rake $0
Board [Tc Qh 3s 6d]
Seat 1: DeepStack (button) (small blind) collected ($800)
Seat 2: Mike_McDonald_@MikeMcDonald89 (big blind) folded on the Turn

PokerStars Hand #11000300031: Tournament #4, Apr29_2017-at-13_22_12 Hold'em No Limit ($150/$300 USD) - 2017/04/29 15:22:42 ET
Table 'ACPC Match' 2-max Seat #2 is the button
Seat 1: DeepStack ($18692 in chips)
Seat 2: Mike_McDonald_@MikeMcDonald89 ($21308 in chips)
Mike_McDonald_@MikeMcDonald89: posts small blind $150
DeepStack: posts big blind $300
*** HOLE CARDS ***
Dealt to DeepStack [Qs 7c]
Dealt to Mike_McDonald_@MikeMcDonald89 [9h 9s]
Mike_McDonald_@MikeMcDonald89: raises $450 to $750
DeepStack: calls $450
*** FLOP **** [2c 3s 6s]
DeepStack: checks
Mike_McDonald_@MikeMcDonald89: raises $750 to $750
DeepStack: folds
Uncalled bet ($750) returned to Mike_McDonald_@MikeMcDonald89
Mike_McDonald_@MikeMcDonald89 collected $1500 from the pot
*** SUMMARY ***
Total pot $1500 | Rake $0
Board [2c 3s 6s]
Seat 1: DeepStack (big blind) folded on the Flop
Seat 2: Mike_McDonald_@MikeMcDonald89 (button) (small blind) collected ($1500)

PokerStars Hand #11000300032: Tournament #4, Apr29_2017-at-13_22_12 Hold'em No Limit ($150/$300 USD) - 2017/04/29 15:22:43 ET
Table 'ACPC Match' 2-max Seat #1 is the button
Seat 1: DeepStack ($17942 in chips)
Seat 2: Mike_McDonald_@MikeMcDonald89 ($22058 in chips)
DeepStack: posts small blind $150
Mike_McDonald_@MikeMcDonald89: posts big blind $300
*** HOLE CARDS ***
Dealt to DeepStack [6d 3s]
Dealt to Mike_McDonald_@MikeMcDonald89 [7c Qd]
DeepStack: folds
Uncalled bet ($150) returned to Mike_McDonald_@MikeMcDonald89
Mike_McDonald_@MikeMcDonald89 collected $300 from the pot
*** SUMMARY ***
Total pot $300 | Rake $0
Seat 1: DeepStack (button) (small blind) folded before the Flop
Seat 2: Mike_McDonald_@MikeMcDonald89 (big blind) collected ($300)

PokerStars Hand #11000300033: Tournament #4, Apr29_2017-at-13_22_12 Hold'em No Limit ($150/$300 USD) - 2017/04/29 15:22:44 ET
Table 'ACPC Match' 2-max Seat #2 is the button
Seat 1: DeepStack ($17792 in chips)
Seat 2: Mike_McDonald_@MikeMcDonald89 ($22208 in chips)
Mike_McDonald_@MikeMcDonald89: posts small blind $150
DeepStack: posts big blind $300
*** HOLE CARDS ***
Dealt to DeepStack [Qc 8s]
Dealt to Mike_McDonald_@MikeMcDonald89 [Kc 3h]
Mike_McDonald_@MikeMcDonald89: raises $450 to $750
DeepStack: raises $1500 to $2250
Mike_McDonald_@MikeMcDonald89: folds
Uncalled bet ($1500) returned to DeepStack
DeepStack collected $1500 from the pot
*** SUMMARY ***
Total pot $1500 | Rake $0
Seat 1: DeepStack (big blind) collected ($1500)
Seat 2: Mike_McDonald_@MikeMcDonald89 (button) (small blind) folded before the Flop

PokerStars Hand #11000300034: Tournament #4, Apr29_2017-at-13_22_12 Hold'em No Limit ($150/$300 USD) - 2017/04/29 15:22:45 ET
Table 'ACPC Match' 2-max Seat #1 is the button
Seat 1: DeepStack ($18542 in chips)
Seat 2: Mike_McDonald_@MikeMcDonald89 ($21458 in chips)
DeepStack: posts small blind $150
Mike_McDonald_@MikeMcDonald89: posts big blind $300
*** HOLE CARDS ***
Dealt to DeepStack [6d Ks]
Dealt to Mike_McDonald_@MikeMcDonald89 [7h 3h]
DeepStack: raises $600 to $900
Mike_McDonald_@MikeMcDonald89: raises $1800 to $2700
DeepStack: folds
Uncalled bet ($1800) returned to Mike_McDonald_@MikeMcDonald89
Mike_McDonald_@MikeMcDonald89 collected $1800 from the pot
*** SUMMARY ***
Total pot $1800 | Rake $0
Seat 1: DeepStack (button) (small blind) folded before the Flop
Seat 2: Mike_McDonald_@MikeMcDonald89 (big blind) collected ($1800)

PokerStars Hand #11000300035: Tournament #4, Apr29_2017-at-13_22_12 Hold'em No Limit ($150/$300 USD) - 2017/04/29 15:22:46 ET
Table 'ACPC Match' 2-max Seat #2 is the button
Seat 1: DeepStack ($17642 in chips)
Seat 2: Mike_McDonald_@MikeMcDonald89 ($22358 in chips)
Mike_McDonald_@MikeMcDonald89: posts small blind $150
DeepStack: posts big blind $300
*** HOLE CARDS ***
Dealt to DeepStack [3d 7s]
Dealt to Mike_McDonald_@MikeMcDonald89 [4s 6c]
Mike_McDonald_@MikeMcDonald89: raises $450 to $750
DeepStack: folds
Uncalled bet ($450) returned to Mike_McDonald_@MikeMcDonald89
Mike_McDonald_@MikeMcDonald89 collected $600 from the pot
*** SUMMARY ***
Total pot $600 | Rake $0
Seat 1: DeepStack (big blind) folded before the Flop
Seat 2: Mike_McDonald_@MikeMcDonald89 (button) (small blind) collected ($600)

PokerStars Hand #11000300036: Tournament #4, Apr29_2017-at-13_22_12 Hold'em No Limit ($150/$300 USD) - 2017/04/29 15:22:47 ET
Table 'ACPC Match' 2-max Seat #1 is the button
Seat 1: DeepStack ($17342 in chips)
Seat 2: Mike_McDonald_@MikeMcDonald89 ($22658 in chips)
DeepStack: posts small blind $150
Mike_McDonald_@MikeMcDonald89: posts big blind $300
*** HOLE CARDS ***
Dealt to DeepStack [6h 2s]
Dealt to Mike_McDonald_@MikeMcDonald89 [7h Qh]
DeepStack: folds
Uncalled bet ($150) returned to Mike_McDonald_@MikeMcDonald89
Mike_McDonald_@MikeMcDonald89 collected $300 from the pot
*** SUMMARY ***
Total pot $300 | Rake $0
Seat 1: DeepStack (button) (small blind) folded before the Flop
Seat 2: Mike_McDonald_@MikeMcDonald89 (big blind) collected ($300)

PokerStars Hand #11000300037: Tournament #4, Apr29_2017-at-13_22_12 Hold'em No Limit ($150/$300 USD) - 2017/04/29 15:22:48 ET
Table 'ACPC Match' 2-max Seat #2 is the button
Seat 1: DeepStack ($17192 in chips)
Seat 2: Mike_McDonald_@MikeMcDonald89 ($22808 in chips)
Mike_McDonald_@MikeMcDonald89: posts small blind $150
DeepStack: posts big blind $300
*** HOLE CARDS ***
Dealt to DeepStack [Tc 6s]
Dealt to Mike_McDonald_@MikeMcDonald89 [3h As]
Mike_McDonald_@MikeMcDonald89: raises $450 to $750
DeepStack: folds
Uncalled bet ($450) returned to Mike_McDonald_@MikeMcDonald89
Mike_McDonald_@MikeMcDonald89 collected $600 from the pot
*** SUMMARY ***
Total pot $600 | Rake $0
Seat 1: DeepStack (big blind) folded before the Flop
Seat 2: Mike_McDonald_@MikeMcDonald89 (button) (small blind) collected ($600)

PokerStars Hand #11000300038: Tournament #4, Apr29_2017-at-13_22_12 Hold'em No Limit ($150/$300 USD) - 2017/04/29 15:22:49 ET
Table 'ACPC Match' 2-max Seat #1 is the button
Seat 1: DeepStack ($16892 in chips)
Seat 2: Mike_McDonald_@MikeMcDonald89 ($23108 in chips)
DeepStack: posts small blind $150
Mike_McDonald_@MikeMcDonald89: posts big blind $300
*** HOLE CARDS ***
Dealt to DeepStack [6c 2d]
Dealt to Mike_McDonald_@MikeMcDonald89 [Qd 4c]
DeepStack: folds
Uncalled bet ($150) returned to Mike_McDonald_@MikeMcDonald89
Mike_McDonald_@MikeMcDonald89 collected $300 from the pot
*** SUMMARY ***
Total pot $300 | Rake $0
Seat 1: DeepStack (button) (small blind) folded before the Flop
Seat 2: Mike_McDonald_@MikeMcDonald89 (big blind) collected ($300)

PokerStars Hand #11000300039: Tournament #4, Apr29_2017-at-13_22_12 Hold'em No Limit ($150/$300 USD) - 2017/04/29 15:22:50 ET
Table 'ACPC Match' 2-max Seat #2 is the button
Seat 1: DeepStack ($16742 in chips)
Seat 2: Mike_McDonald_@MikeMcDonald89 ($23258 in chips)
Mike_McDonald_@MikeMcDonald89: posts small blind $150
DeepStack: posts big blind $300
*** HOLE CARDS ***
Dealt to DeepStack [2s 4d]
Dealt to Mike_McDonald_@MikeMcDonald89 [5c 7c]
Mike_McDonald_@MikeMcDonald89: raises $450 to $750
DeepStack: folds
Uncalled bet ($450) returned to Mike_McDonald_@MikeMcDonald89
Mike_McDonald_@MikeMcDonald89 collected $600 from the pot
*** SUMMARY ***
Total pot $600 | Rake $0
Seat 1: DeepStack (big blind) folded before the Flop
Seat 2: Mike_McDonald_@MikeMcDonald89 (button) (small blind) collected ($600)

PokerStars Hand #11000300040: Tournament #4, Apr29_2017-at-13_22_12 Hold'em No Limit ($150/$300 USD) - 2017/04/29 15:22:51 ET
Table 'ACPC Match' 2-max Seat #1 is the button
Seat 1: DeepStack ($16442 in chips)
Seat 2: Mike_McDonald_@MikeMcDonald89 ($23558 in chips)
DeepStack: posts small blind $150
Mike_McDonald_@MikeMcDonald89: posts big blind $300
*** HOLE CARDS ***
Dealt to DeepStack [3d Jh]
Dealt to Mike_McDonald_@MikeMcDonald89 [7c Qc]
DeepStack: raises $600 to $900
Mike_McDonald_@MikeMcDonald89: calls $600
*** FLOP **** [2h Th 4s]
Mike_McDonald_@MikeMcDonald89: checks
DeepStack: raises $900 to $900
Mike_McDonald_@MikeMcDonald89: folds
Uncalled bet ($900) returned to DeepStack
DeepStack collected $1800 from the pot
*** SUMMARY ***
Total pot $1800 | Rake $0
Board [2h Th 4s]
Seat 1: DeepStack (button) (small blind) collected ($1800)
Seat 2: Mike_McDonald_@MikeMcDonald89 (big blind) folded on the Flop

PokerStars Hand #11000300041: Tournament #4, Apr29_2017-at-13_22_12 Hold'em No Limit ($200/$400 USD) - 2017/04/29 15:22:52 ET
Table 'ACPC Match' 2-max Seat #2 is the button
Seat 1: DeepStack ($17342 in chips)
Seat 2: Mike_McDonald_@MikeMcDonald89 ($22658 in chips)
Mike_McDonald_@MikeMcDonald89: posts small blind $200
DeepStack: posts big blind $400
*** HOLE CARDS ***
Dealt to DeepStack [Kc 2s]
Dealt to Mike_McDonald_@MikeMcDonald89 [2d 6d]
Mike_McDonald_@MikeMcDonald89: raises $600 to $1000
DeepStack: calls $600
*** FLOP **** [6h 5h Th]
DeepStack: checks
Mike_McDonald_@MikeMcDonald89: checks
*** TURN **** [4c]
DeepStack: checks
Mike_McDonald_@MikeMcDonald89: raises $1000 to $1000
DeepStack: folds
Uncalled bet ($1000) returned to Mike_McDonald_@MikeMcDonald89
Mike_McDonald_@MikeMcDonald89 collected $2000 from the pot
*** SUMMARY ***
Total pot $2000 | Rake $0
Board [6h 5h Th 4c]
Seat 1: DeepStack (big blind) folded on the Turn
Seat 2: Mike_McDonald_@MikeMcDonald89 (button) (small blind) collected ($2000)

PokerStars Hand #11000300042: Tournament #4, Apr29_2017-at-13_22_12 Hold'em No Limit ($200/$400 USD) - 2017/04/29 15:22:53 ET
Table 'ACPC Match' 2-max Seat #1 is the button
Seat 1: DeepStack ($16342 in chips)
Seat 2: Mike_McDonald_@MikeMcDonald89 ($23658 in chips)
DeepStack: posts small blind $200
Mike_McDonald_@MikeMcDonald89: posts big blind $400
*** HOLE CARDS ***
Dealt to DeepStack [Jc As]
Dealt to Mike_McDonald_@MikeMcDonald89 [Jh 7c]
DeepStack: raises $400 to $800
Mike_McDonald_@MikeMcDonald89: calls $400
*** FLOP **** [3c Tc 4h]
Mike_McDonald_@MikeMcDonald89: checks
DeepStack: checks
*** TURN **** [Qc]
Mike_McDonald_@MikeMcDonald89: bets $800
DeepStack: calls $800
*** RIVER **** [9h]
Mike_McDonald_@MikeMcDonald89: bets $2400
DeepStack: calls $2400
*** SHOW DOWN ***
Mike_McDonald_@MikeMcDonald89: shows [Jh 7c] (Queen high)
DeepStack: shows [Jc As] (Ace high)
DeepStack collected $8000 from pot
*** SUMMARY ***
Total pot $8000 | Rake $0
Board [3c Tc 4h Qc 9h]
Seat 1: DeepStack (button) (small blind) showed [Jc As] and won ($8000) with Ace high
Seat 2: Mike_McDonald_@MikeMcDonald89 (big blind) showed [Jh 7c] and lost with Queen high

PokerStars Hand #11000300043: Tournament #4, Apr29_2017-at-13_22_12 Hold'em No Limit ($200/$400 USD) - 2017/04/29 15:22:54 ET
Table 'ACPC Match' 2-max Seat #2 is the button
Seat 1: DeepStack ($20342 in chips)
Seat 2: Mike_McDonald_@MikeMcDonald89 ($19658 in chips)
Mike_McDonald_@MikeMcDonald89: posts small blind $200
DeepStack: posts big blind $400
*** HOLE CARDS ***
Dealt to DeepStack [As 3c]
Dealt to Mike_McDonald_@MikeMcDonald89 [8s 3s]
Mike_McDonald_@MikeMcDonald89: raises $600 to $1000
DeepStack: calls $600
*** FLOP **** [Jd Ts Kc]
DeepStack: checks
Mike_McDonald_@MikeMcDonald89: checks
*** TURN **** [6d]
DeepStack: bets $1999
Mike_McDonald_@MikeMcDonald89: folds
Uncalled bet ($1999) returned to DeepStack
DeepStack collected $2000 from the pot
*** SUMMARY ***
Total pot $2000 | Rake $0
Board [Jd Ts Kc 6d]
Seat 1: DeepStack (big blind) collected ($2000)
Seat 2: Mike_McDonald_@MikeMcDonald89 (button) (small blind) folded on the Turn

PokerStars Hand #11000300044: Tournament #4, Apr29_2017-at-13_22_12 Hold'em No Limit ($200/$400 USD) - 2017/04/29 15:22:55 ET
Table 'ACPC Match' 2-max Seat #1 is the button
Seat 1: DeepStack ($21342 in chips)
Seat 2: Mike_McDonald_@MikeMcDonald89 ($18658 in chips)
DeepStack: posts small blind $200
Mike_McDonald_@MikeMcDonald89: posts big blind $400
*** HOLE CARDS ***
Dealt to DeepStack [9h 7d]
Dealt to Mike_McDonald_@MikeMcDonald89 [Jc 2d]
DeepStack: raises $800 to $1200
Mike_McDonald_@MikeMcDonald89: folds
Uncalled bet ($800) returned to DeepStack
DeepStack collected $800 from the pot
*** SUMMARY ***
Total pot $800 | Rake $0
Seat 1: DeepStack (button) (small blind) collected ($800)
Seat 2: Mike_McDonald_@MikeMcDonald89 (big blind) folded before the Flop

PokerStars Hand #11000300045: Tournament #4, Apr29_2017-at-13_22_12 Hold'em No Limit ($200/$400 USD) - 2017/04/29 15:22:56 ET
Table 'ACPC Match' 2-max Seat #2 is the button
Seat 1: DeepStack ($21742 in chips)
Seat 2: Mike_McDonald_@MikeMcDonald89 ($18258 in chips)
Mike_McDonald_@MikeMcDonald89: posts small blind $200
DeepStack: posts big blind $400
*** HOLE CARDS ***
Dealt to DeepStack [9c 6h]
Dealt to Mike_McDonald_@MikeMcDonald89 [Js 4s]
Mike_McDonald_@MikeMcDonald89: raises $600 to $1000
DeepStack: raises $2000 to $3000
Mike_McDonald_@MikeMcDonald89: folds
Uncalled bet ($2000) returned to DeepStack
DeepStack collected $2000 from the pot
*** SUMMARY ***
Total pot $2000 | Rake $0
Seat 1: DeepStack (big blind) collected ($2000)
Seat 2: Mike_McDonald_@MikeMcDonald89 (button) (small blind) folded before the Flop

PokerStars Hand #11000300046: Tournament #4, Apr29_2017-at-13_22_12 Hold'em No Limit ($200/$400 USD) - 2017/04/29 15:22:57 ET
Table 'ACPC Match' 2-max Seat #1 is the button
Seat 1: DeepStack ($22742 in chips)
Seat 2: Mike_McDonald_@MikeMcDonald89 ($17258 in chips)
DeepStack: posts small blind $200
Mike_McDonald_@MikeMcDonald89: posts big blind $400
*** HOLE CARDS ***
Dealt to DeepStack [Qc 2s]
Dealt to Mike_McDonald_@MikeMcDonald89 [2h 8d]
DeepStack: calls $200
Mike_McDonald_@MikeMcDonald89: raises $1000 to $1400
DeepStack: folds
Uncalled bet ($1000) returned to Mike_McDonald_@MikeMcDonald89
Mike_McDonald_@MikeMcDonald89 collected $800 from the pot
*** SUMMARY ***
Total pot $800 | Rake $0
Seat 1: DeepStack (button) (small blind) folded before the Flop
Seat 2: Mike_McDonald_@MikeMcDonald89 (big blind) collected ($800)

PokerStars Hand #11000300047: Tournament #4, Apr29_2017-at-13_22_12 Hold'em No Limit ($200/$400 USD) - 2017/04/29 15:22:58 ET
Table 'ACPC Match' 2-max Seat #2 is the button
Seat 1: DeepStack ($22342 in chips)
Seat 2: Mike_McDonald_@MikeMcDonald89 ($17658 in chips)
Mike_McDonald_@MikeMcDonald89: posts small blind $200
DeepStack: posts big blind $400
*** HOLE CARDS ***
Dealt to DeepStack [4s 6h]
Dealt to Mike_McDonald_@MikeMcDonald89 [8c 6c]
Mike_McDonald_@MikeMcDonald89: raises $600 to $1000
DeepStack: folds
Uncalled bet ($600) returned to Mike_McDonald_@MikeMcDonald89
Mike_McDonald_@MikeMcDonald89 collected $800 from the pot
*** SUMMARY ***
Total pot $800 | Rake $0
Seat 1: DeepStack (big blind) folded before the Flop
Seat 2: Mike_McDonald_@MikeMcDonald89 (button) (small blind) collected ($800)

PokerStars Hand #11000300048: Tournament #4, Apr29_2017-at-13_22_12 Hold'em No Limit ($200/$400 USD) - 2017/04/29 15:22:59 ET
Table 'ACPC Match' 2-max Seat #1 is the button
Seat 1: DeepStack ($21942 in chips)
Seat 2: Mike_McDonald_@MikeMcDonald89 ($18058 in chips)
DeepStack: posts small blind $200
Mike_McDonald_@MikeMcDonald89: posts big blind $400
*** HOLE CARDS ***
Dealt to DeepStack [3c 2c]
Dealt to Mike_McDonald_@MikeMcDonald89 [5d Td]
DeepStack: calls $200
Mike_McDonald_@MikeMcDonald89: checks
*** FLOP **** [8s 8d 3d]
Mike_McDonald_@MikeMcDonald89: checks
DeepStack: raises $400 to $400
Mike_McDonald_@MikeMcDonald89: calls $400
*** TURN **** [9c]
Mike_McDonald_@MikeMcDonald89: checks
DeepStack: checks
*** RIVER **** [Kc]
Mike_McDonald_@MikeMcDonald89: bets $2400
DeepStack: calls $2400
*** SHOW DOWN ***
Mike_McDonald_@MikeMcDonald89: shows [5d Td] (a pair of Eights)
DeepStack: shows [3c 2c] (two pair, Eights and Threes)
DeepStack collected $6400 from pot
*** SUMMARY ***
Total pot $6400 | Rake $0
Board [8s 8d 3d 9c Kc]
Seat 1: DeepStack (button) (small blind) showed [3c 2c] and won ($6400) with two pair, Eights and Threes
Seat 2: Mike_McDonald_@MikeMcDonald89 (big blind) showed [5d Td] and lost with a pair of Eights

PokerStars Hand #11000300049: Tournament #4, Apr29_2017-at-13_22_12 Hold'em No Limit ($200/$400 USD) - 2017/04/29 15:23:00 ET
Table 'ACPC Match' 2-max Seat #2 is the button
Seat 1: DeepStack ($25142 in chips)
Seat 2: Mike_McDonald_@MikeMcDonald89 ($14858 in chips)
Mike_McDonald_@MikeMcDonald89: posts small blind $200
DeepStack: posts big blind $400
*** HOLE CARDS ***
Dealt to DeepStack [Jc Jh]
Dealt to Mike_McDonald_@MikeMcDonald89 [Ac Qs]
Mike_McDonald_@MikeMcDonald89: raises $600 to $1000
DeepStack: raises $1999 to $2999
Mike_McDonald_@MikeMcDonald89: raises $11859 to $14858 and is all-in
DeepStack: calls $11859
*** FLOP **** [7h 5d 9d]
*** TURN **** [3s]
*** RIVER **** [Ah]
*** SHOW DOWN ***
Mike_McDonald_@MikeMcDonald89: shows [Ac Qs] (a pair of Aces)
DeepStack: shows [Jc Jh] (a pair of Jacks)
Mike_McDonald_@MikeMcDonald89 collected $29716 from pot
*** SUMMARY ***
Total pot $29716 | Rake $0
Board [7h 5d 9d 3s Ah]
Seat 1: DeepStack (big blind) showed [Jc Jh] and lost with a pair of Jacks
Seat 2: Mike_McDonald_@MikeMcDonald89 (button) (small blind) showed [Ac Qs] and won ($29716) with a pair of Aces

PokerStars Hand #11000300050: Tournament #4, Apr29_2017-at-13_22_12 Hold'em No Limit ($200/$400 USD) - 2017/04/29 15:23:01 ET
Table 'ACPC Match' 2-max Seat #1 is the button
Seat 1: DeepStack ($10284 in chips)
Seat 2: Mike_McDonald_@MikeMcDonald89 ($29716 in chips)
DeepStack: posts small blind $200
Mike_McDonald_@MikeMcDonald89: posts big blind $400
*** HOLE CARDS ***
Dealt to DeepStack [Td Ts]
Dealt to Mike_McDonald_@MikeMcDonald89 [9c 2s]
DeepStack: raises $400 to $800
Mike_McDonald_@MikeMcDonald89: folds
Uncalled bet ($400) returned to DeepStack
DeepStack collected $800 from the pot
*** SUMMARY ***
Total pot $800 | Rake $0
Seat 1: DeepStack (button) (small blind) collected ($800)
Seat 2: Mike_McDonald_@MikeMcDonald89 (big blind) folded before the Flop

PokerStars Hand #11000300051: Tournament #4, Apr29_2017-at-13_22_12 Hold'em No Limit ($300/$600 USD) - 2017/04/29 15:23:02 ET
Table 'ACPC Match' 2-max Seat #2 is the button
Seat 1: DeepStack ($10684 in chips)
Seat 2: Mike_McDonald_@MikeMcDonald89 ($29316 in chips)
Mike_McDonald_@MikeMcDonald89: posts small blind $300
DeepStack: posts big blind $600
*** HOLE CARDS ***
Dealt to DeepStack [7c Qs]
Dealt to Mike_McDonald_@MikeMcDonald89 [Ks Qd]
Mike_McDonald_@MikeMcDonald89: raises $800 to $1400
DeepStack: calls $800
*** FLOP **** [8s 3c Qc]
DeepStack: checks
Mike_McDonald_@MikeMcDonald89: raises $1400 to $1400
DeepStack: calls $1400
*** TURN **** [Ac]
DeepStack: checks
Mike_McDonald_@MikeMcDonald89: raises $26516 to $26516 and is all-in
DeepStack: calls $7884 and is all-in
Uncalled bet ($18632) returned to Mike_McDonald_@MikeMcDonald89
*** RIVER **** [Js]
*** SHOW DOWN ***
Mike_McDonald_@MikeMcDonald89: shows [Ks Qd] (a pair of Queens)
DeepStack: shows [7c Qs] (a pair of Queens)
Mike_McDonald_@MikeMcDonald89 collected $21368 from pot
*** SUMMARY ***
Total pot $21368 | Rake $0
Board [8s 3c Qc Ac Js]
Seat 1: DeepStack (big blind) showed [7c Qs] and lost with a pair of Queens
Seat 2: Mike_McDonald_@MikeMcDonald89 (button) (small blind) showed [Ks Qd] and won ($21368) with a pair of Queens
