STATE:7000100001:20000|20000:100|50:r20000f:JsQd|7h3d:-100|100:DeepStack|Dutch_@DutchBoyd 
STATE:7000100002:20100|19900:100|50:r200r20100f:2h5h|Kh6c:200|-200:Dutch_@DutchBoyd|DeepStack 
STATE:7000100003:19700|20300:100|50:r20300f:4hTd|Kh4d:-100|100:DeepStack|Dutch_@DutchBoyd 
STATE:7000100004:20400|19600:100|50:cr20400f:6hKh|6d5h:100|-100:Dutch_@DutchBoyd|DeepStack 
STATE:7000100005:19500|20500:100|50:r200c/cc/cc/cr400f:Jh5s|AcKs/6dQc3c/2c/3s:-200|200:DeepStack|Dutch_@DutchBoyd 
STATE:7000100006:20700|19300:100|50:r300r20700f:9sJh|3s8s:300|-300:Dutch_@DutchBoyd|DeepStack 
STATE:7000100007:19000|21000:100|50:r21000f:Ts4h|Js9c:-100|100:DeepStack|Dutch_@DutchBoyd 
STATE:7000100008:21100|18900:100|50:cr21100f:4hJh|3hKd:100|-100:Dutch_@DutchBoyd|DeepStack 
STATE:7000100009:18800|21200:100|50:r200c/cr400c/cc/cr600f:Kc9s|9h9c/As4h7c/Qs/6c:-400|400:DeepStack|Dutch_@DutchBoyd 
STATE:7000100010:21600|18400:100|50:cr21600f:3d4c|8sJs:100|-100:Dutch_@DutchBoyd|DeepStack 
STATE:7000100011:18300|21700:150|75:r21700f:Qd8d|2dTc:-150|150:DeepStack|Dutch_@DutchBoyd 
STATE:7000100012:21850|18150:150|75:cr21850f:4d8d|2h2d:150|-150:Dutch_@DutchBoyd|DeepStack 
STATE:7000100013:18000|22000:150|75:r22000f:5cJc|2sAc:-150|150:DeepStack|Dutch_@DutchBoyd 
STATE:7000100014:22150|17850:150|75:r450r22150f:6c2d|KcJd:450|-450:Dutch_@DutchBoyd|DeepStack 
STATE:7000100015:17400|22600:150|75:r22600f:6cJc|Th9s:-150|150:DeepStack|Dutch_@DutchBoyd 
STATE:7000100016:22750|17250:150|75:r450r22750f:3s6h|Qh9s:450|-450:Dutch_@DutchBoyd|DeepStack 
STATE:7000100017:16800|23200:150|75:r300c/cr450c/cr700c/cr1000c:3dJs|8dAd/Ks3hAs/7s/6d:-1000|1000:DeepStack|Dutch_@DutchBoyd 
STATE:7000100018:24200|15800:150|75:r450r24200f:5d8c|Js7d:450|-450:Dutch_@DutchBoyd|DeepStack 
STATE:7000100019:15350|24650:150|75:r24650f:JcQh|Ad6s:-150|150:DeepStack|Dutch_@DutchBoyd 
STATE:7000100020:24800|15200:150|75:r300r24800f:Qh4d|5s4h:300|-300:Dutch_@DutchBoyd|DeepStack 
STATE:7000100021:14900|25100:200|100:r25100f:3sQs|2h6s:-200|200:DeepStack|Dutch_@DutchBoyd 
STATE:7000100022:25300|14700:200|100:r600f:3cTd|2cTc:-200|200:Dutch_@DutchBoyd|DeepStack 
STATE:7000100023:14900|25100:200|100:r25100f:9h7h|Ac5h:-200|200:DeepStack|Dutch_@DutchBoyd 
STATE:7000100024:25300|14700:200|100:r400r25300f:7h2c|6d7s:400|-400:Dutch_@DutchBoyd|DeepStack 
STATE:7000100025:14300|25700:200|100:r25700f:Js7h|Ad3s:-200|200:DeepStack|Dutch_@DutchBoyd 
STATE:7000100026:25900|14100:200|100:cr25900f:3sJc|Ts4h:200|-200:Dutch_@DutchBoyd|DeepStack 
STATE:7000100027:13900|26100:200|100:r26100f:Kc6c|3hQc:-200|200:DeepStack|Dutch_@DutchBoyd 
STATE:7000100028:26300|13700:200|100:r600r26300f:6sKh|Tc6h:600|-600:Dutch_@DutchBoyd|DeepStack 
STATE:7000100029:13100|26900:200|100:r26900f:6hKd|Ah5c:-200|200:DeepStack|Dutch_@DutchBoyd 
STATE:7000100030:27100|12900:200|100:cr400c/cc/cc/r622f:9d9c|Kd3h/6cJdAc/5h/4c:400|-400:Dutch_@DutchBoyd|DeepStack 
STATE:7000100031:12500|27500:300|150:r600c/cr1200c/cc/cc:4d7c|8dQs/4c5h6d/5c/As:1200|-1200:DeepStack|Dutch_@DutchBoyd 
STATE:7000100032:26300|13700:300|150:r600c/cr1200f:9cJd|AdAs/Th3sKd:-600|600:Dutch_@DutchBoyd|DeepStack 
STATE:7000100033:14300|25700:300|150:r600c/cr1200r3600r25700f:5s8d|5c7c/8c3c4h:-3600|3600:DeepStack|Dutch_@DutchBoyd 
STATE:7000100034:29300|10700:300|150:cr29300f:7dAh|6h3d:300|-300:Dutch_@DutchBoyd|DeepStack 
STATE:7000100035:10400|29600:300|150:r600f:4cTs|6hJc:-300|300:DeepStack|Dutch_@DutchBoyd 
STATE:7000100036:29900|10100:300|150:r600c/cr1800f:5c6c|6h5h/Qc3dJh:-600|600:Dutch_@DutchBoyd|DeepStack 
STATE:7000100037:10700|29300:300|150:r600c/cr1200c/cc/cc:3hQh|5hJs/9dAs9h/Jh/8h:1200|-1200:DeepStack|Dutch_@DutchBoyd 
STATE:7000100038:28100|11900:300|150:r600c/cc/cr1800r3000c/cr9000c:Qd3c|TdAd/3dQc7s/Ac/Ah:-9000|9000:Dutch_@DutchBoyd|DeepStack 
STATE:7000100039:20900|19100:300|150:r19100f:4d9s|Tc2h:-300|300:DeepStack|Dutch_@DutchBoyd 
STATE:7000100040:19400|20600:300|150:r900f:Js2c|QcAd:-300|300:Dutch_@DutchBoyd|DeepStack 
STATE:7000100041:20900|19100:400|200:r800c/cc/cc/cr2400c:Td3h|2c5s/9s3d7c/6d/Th:2400|-2400:DeepStack|Dutch_@DutchBoyd 
STATE:7000100042:16700|23300:400|200:cr16700f:3c8s|2sJc:400|-400:Dutch_@DutchBoyd|DeepStack 
STATE:7000100043:22900|17100:400|200:r17100c///:JcJd|3c8h/ThQs5d/3s/3h:-17100|17100:DeepStack|Dutch_@DutchBoyd 
STATE:7000100044:34200|5800:400|200:r800r34200c///:5hAc|KsTs/6hJhTc/Kc/5c:-5800|5800:Dutch_@DutchBoyd|DeepStack 
STATE:7000100045:11600|28400:400|200:r800f:2cTs|6sAd:-400|400:DeepStack|Dutch_@DutchBoyd 
STATE:7000100046:28800|11200:400|200:cc/cr800r2400c/cc/r4800c:9d8s|7s4s/5s6sKs/As/7h:4800|-4800:Dutch_@DutchBoyd|DeepStack 
STATE:7000100047:6400|33600:400|200:r800c/cc/cc/r1600f:9c8s|QdKh/7c3d4s/Js/8d:800|-800:DeepStack|Dutch_@DutchBoyd 
STATE:7000100048:32800|7200:400|200:cr32800f:Ks3h|Jh6c:400|-400:Dutch_@DutchBoyd|DeepStack 
STATE:7000100049:6800|33200:400|200:r800r2400f:4dQh|5c3s:800|-800:DeepStack|Dutch_@DutchBoyd 
STATE:7000100050:32400|7600:400|200:cr1000r7600c///:QcJh|Kh5s/Td8h2d/8c/6c:-7600|7600:Dutch_@DutchBoyd|DeepStack 
STATE:7000100051:15200|24800:600|300:r1200c/cr2400c/cc/r4800f:9d8h|5dTh/8s9c8d/3s/6h:2400|-2400:DeepStack|Dutch_@DutchBoyd 
STATE:7000100052:22400|17600:600|300:r1200r22400f:Ah7h|8cTs:1200|-1200:Dutch_@DutchBoyd|DeepStack 
STATE:7000100053:16400|23600:600|300:r1200c/cr2400f:8cQs|Qd7h/5cKsJh:-1200|1200:DeepStack|Dutch_@DutchBoyd 
STATE:7000100054:24800|15200:600|300:cr24800f:8dKd|Qd2h:600|-600:Dutch_@DutchBoyd|DeepStack 
STATE:7000100055:14600|25400:600|300:r1200c/cr2400f:9s8c|KsTc/Ac3sTs:-1200|1200:DeepStack|Dutch_@DutchBoyd 
STATE:7000100056:26600|13400:600|300:cc/cc/cc/r1200c:2s9s|Th5d/7h5h8s/Ac/7c:-1200|1200:Dutch_@DutchBoyd|DeepStack 
STATE:7000100057:14600|25400:600|300:r1200c/cr2400r4800c/r14600f:7h8h|4s8d/5s4d7d/9h:4800|-4800:DeepStack|Dutch_@DutchBoyd 
STATE:7000100058:20600|19400:600|300:cc/cr1200f:2s4s|ThJh/Ts7d9h:-600|600:Dutch_@DutchBoyd|DeepStack 
STATE:7000100059:20000|20000:600|300:r1200c/cr2400c/cr5700f:Qh6c|8d9h/5s9s6s/4c:-2400|2400:DeepStack|Dutch_@DutchBoyd 
STATE:7000100060:22400|17600:600|300:r1200c/cr2400f:Js5h|QsKc/8h8cAd:-1200|1200:Dutch_@DutchBoyd|DeepStack 
STATE:7000100061:18800|21200:800|400:r1600c/cr2400c/cr4000f:Ad6d|QsQh/Jd7h7s/Tc:-2400|2400:DeepStack|Dutch_@DutchBoyd 
STATE:7000100062:23600|16400:800|400:cc/cr1600f:9sTd|4d6s/7h5d6d:-800|800:Dutch_@DutchBoyd|DeepStack 
STATE:7000100063:17200|22800:800|400:r1600c/cr2400f:6cJd|5hQs/9h2hQc:-1600|1600:DeepStack|Dutch_@DutchBoyd 
STATE:7000100064:24400|15600:800|400:cc/cr2400f:3s4h|ThAc/9c8sAs:-800|800:Dutch_@DutchBoyd|DeepStack 
STATE:7000100065:16400|23600:800|400:r1600c/cc/cc/cc:JsQd|7dQc/9cTd2d/Ts/Ad:1600|-1600:DeepStack|Dutch_@DutchBoyd 
STATE:7000100066:22000|18000:800|400:cr22000f:Ac6h|Ks3c:800|-800:Dutch_@DutchBoyd|DeepStack 
STATE:7000100067:17200|22800:800|400:r1600c/cr3200c/cc/cc:8sTc|QcKd/4s7d9h/9d/3h:-3200|3200:DeepStack|Dutch_@DutchBoyd 
STATE:7000100068:26000|14000:800|400:cr26000c///:Kc3d|AhKh/7sTsJd/Qc/5h:-14000|14000:Dutch_@DutchBoyd|DeepStack 
STATE:7000100069:28000|12000:800|400:r1600r12000f:AcQh|6dKd:1600|-1600:DeepStack|Dutch_@DutchBoyd 
STATE:7000100070:10400|29600:800|400:cr10400c///:Qc7s|KdKc/KsJc2d/2c/9d:-10400|10400:Dutch_@DutchBoyd|DeepStack 
