STATE:7000200001:20000|20000:100|50:r20000f:4cJh|Tc6d:-100|100:DeepStack|Dutch_@DutchBoyd 
STATE:7000200002:20100|19900:100|50:r300r20100f:5c9h|Ad8d:300|-300:Dutch_@DutchBoyd|DeepStack 
STATE:7000200003:19600|20400:100|50:r200c/cr400c/cc/cc:Ad6c|5sAh/QdQh9s/Kh/3s:0|0:DeepStack|Dutch_@DutchBoyd 
STATE:7000200004:20400|19600:100|50:r300r20400f:9h4h|Ad3c:300|-300:Dutch_@DutchBoyd|DeepStack 
STATE:7000200005:19300|20700:100|50:r20700f:2c9h|4hJh:-100|100:DeepStack|Dutch_@DutchBoyd 
STATE:7000200006:20800|19200:100|50:cr20800f:8s4c|Th5c:100|-100:Dutch_@DutchBoyd|DeepStack 
STATE:7000200007:19100|20900:100|50:r20900c///:TdTc|6s8d/2dJd8h/Jh/Jc:19100|-19100:DeepStack|Dutch_@DutchBoyd 
STATE:7000200008:1800|38200:100|50:cc/cr300r1800f:4h6d|Ad7d/8dQc6s:300|-300:Dutch_@DutchBoyd|DeepStack 
STATE:7000200009:37900|2100:100|50:cc/cr200c/cr500f:2cKc|Tc6s/Qs8cTs/Qd:-200|200:DeepStack|Dutch_@DutchBoyd 
STATE:7000200010:2300|37700:100|50:cr300f:9c9s|4sQc:100|-100:Dutch_@DutchBoyd|DeepStack 
STATE:7000200011:37600|2400:150|75:r300c/cr600r1200r2400c//:5s6c|5hAs/5c2c2h/4s/Js:-2400|2400:DeepStack|Dutch_@DutchBoyd 
STATE:7000200012:4800|35200:150|75:cr450c/r900c/r1800f:QhJd|2h2d/4dJcKs/3d:900|-900:Dutch_@DutchBoyd|DeepStack 
STATE:7000200013:34300|5700:150|75:cr450f:Qs7d|7h2s:150|-150:DeepStack|Dutch_@DutchBoyd 
STATE:7000200014:5550|34450:150|75:r450f:8d2s|TsJd:-150|150:Dutch_@DutchBoyd|DeepStack 
STATE:7000200015:34600|5400:150|75:cr450f:4d3d|5dTs:150|-150:DeepStack|Dutch_@DutchBoyd 
STATE:7000200016:5250|34750:150|75:cc/cr300f:2d8s|9hTc/AsJc9d:-150|150:Dutch_@DutchBoyd|DeepStack 
STATE:7000200017:34900|5100:150|75:r300c/cr600f:Jc2c|4sQc/6h4h6c:-300|300:DeepStack|Dutch_@DutchBoyd 
STATE:7000200018:5400|34600:150|75:r300r750f:KhTh|9d6s:300|-300:Dutch_@DutchBoyd|DeepStack 
STATE:7000200019:34300|5700:150|75:r300c/cr450f:8cJd|QdKs/4sAhKc:-300|300:DeepStack|Dutch_@DutchBoyd 
STATE:7000200020:6000|34000:150|75:r300c/cc/cc/r600r1200r1800r6000c:Ks8d|Qc8c/Jh2dTd/9c/7c:-6000|6000:Dutch_@DutchBoyd|DeepStack 
