STATE:7000400001:20000|20000:100|50:r200r600c/r1200f:Qd9d|8s9c/AdJd2d:600|-600:DeepStack|Dutch_@DutchBoyd 
STATE:7000400002:19400|20600:100|50:r300c/cc/cc/cr600f:5s3s|4h7s/Th6h7d/Jc/Jd:-300|300:Dutch_@DutchBoyd|DeepStack 
STATE:7000400003:20900|19100:100|50:r200r600c/cc/r1800f:Kd7d|3c9c/AhQh4d/Td:600|-600:DeepStack|Dutch_@DutchBoyd 
STATE:7000400004:18500|21500:100|50:cc/cr200c/cr600f:4cQd|TdKc/2dTcTh/5h:-200|200:Dutch_@DutchBoyd|DeepStack 
STATE:7000400005:21700|18300:100|50:r200c/cc/cr400c/cc:9dAc|2hQs/4c6h3c/3d/Ts:400|-400:DeepStack|Dutch_@DutchBoyd 
STATE:7000400006:17900|22100:100|50:r300f:4dQc|6d7s:-100|100:Dutch_@DutchBoyd|DeepStack 
STATE:7000400007:22200|17800:100|50:r200c/cr400c/cc/r800f:3cAd|Td5h/7hAhKc/8s/Kh:400|-400:DeepStack|Dutch_@DutchBoyd 
STATE:7000400008:17400|22600:100|50:cc/r250c/r500r1000c/cc:8c6c|QcJs/Kh2cKc/Jc/5c:-1000|1000:Dutch_@DutchBoyd|DeepStack 
STATE:7000400009:23600|16400:100|50:r200r600c/r1200f:8s8c|7s6d/7h8dKh:600|-600:DeepStack|Dutch_@DutchBoyd 
STATE:7000400010:15800|24200:100|50:r300r600c/r700c/r1400c/r2800r5600r11200f:AsAh|KdQd/6h2h6s/4d/Ks:5600|-5600:Dutch_@DutchBoyd|DeepStack 
STATE:7000400011:18600|21400:150|75:r300c/cc/cr600f:6h8d|7c4s/Jd8cTc/9h:-300|300:DeepStack|Dutch_@DutchBoyd 
STATE:7000400012:21700|18300:150|75:r450f:Kd2c|7c8c:-150|150:Dutch_@DutchBoyd|DeepStack 
STATE:7000400013:18450|21550:150|75:r300f:4d2s|Qh8s:-150|150:DeepStack|Dutch_@DutchBoyd 
STATE:7000400014:21700|18300:150|75:r450c/r900f:Qd5d|6dTc/JcAd4s:450|-450:Dutch_@DutchBoyd|DeepStack 
STATE:7000400015:17850|22150:150|75:r300c/cr600f:3cJh|2h9h/Td9s5c:-300|300:DeepStack|Dutch_@DutchBoyd 
STATE:7000400016:22450|17550:150|75:cr375c/r750c/r1500f:TdTh|Ad9h/2c7cJs/4h:750|-750:Dutch_@DutchBoyd|DeepStack 
STATE:7000400017:16800|23200:150|75:r300f:5s2d|8c6d:-150|150:DeepStack|Dutch_@DutchBoyd 
STATE:7000400018:23350|16650:150|75:r300c/cr600f:Js6h|8c9h/Qc3h4c:-300|300:Dutch_@DutchBoyd|DeepStack 
STATE:7000400019:16950|23050:150|75:r300c/cc/cc/cc:Jh9s|9h5d/QsQd4c/Ah/Kh:300|-300:DeepStack|Dutch_@DutchBoyd 
STATE:7000400020:22750|17250:150|75:cc/cr300f:7d8c|3h4c/JhJsJd:-150|150:Dutch_@DutchBoyd|DeepStack 
STATE:7000400021:17400|22600:200|100:r400f:3h2s|QhKh:-200|200:DeepStack|Dutch_@DutchBoyd 
STATE:7000400022:22800|17200:200|100:cc/cr600f:3c8d|4s7s/7c5s9s:-200|200:Dutch_@DutchBoyd|DeepStack 
STATE:7000400023:17400|22600:200|100:r400c/cr800f:5h9d|6s7d/TcTs3s:-400|400:DeepStack|Dutch_@DutchBoyd 
STATE:7000400024:23000|17000:200|100:r600f:5h2d|Qs2s:-200|200:Dutch_@DutchBoyd|DeepStack 
STATE:7000400025:17200|22800:200|100:r400r1200f:5d5s|4cJh:400|-400:DeepStack|Dutch_@DutchBoyd 
STATE:7000400026:22400|17600:200|100:r600r1500c/r3000c/r6000c/r12000f:3c3s|Th9s/Ts3hQh/Jc/6c:6000|-6000:Dutch_@DutchBoyd|DeepStack 
STATE:7000400027:11600|28400:200|100:r400c/cr800f:5hJh|7c8d/Td7d2d:-400|400:DeepStack|Dutch_@DutchBoyd 
STATE:7000400028:28800|11200:200|100:r400r1000c/r2000f:QhKc|6h3h/JhQd4s:1000|-1000:Dutch_@DutchBoyd|DeepStack 
STATE:7000400029:10200|29800:200|100:r400r1200f:Qh6h|4h2c:400|-400:DeepStack|Dutch_@DutchBoyd 
STATE:7000400030:29400|10600:200|100:f:7d9h|3h8d:100|-100:Dutch_@DutchBoyd|DeepStack 
STATE:7000400031:10500|29500:300|150:r750r2250r11250c///:7h7d|5h5d/JcQh7s/Js/Ad:10500|-10500:DeepStack|Dutch_@DutchBoyd 
STATE:7000400032:19000|21000:300|150:f:Kc6h|6s2h:150|-150:Dutch_@DutchBoyd|DeepStack 
STATE:7000400033:20850|19150:300|150:r600r1800f:8hQh|5h3s:600|-600:DeepStack|Dutch_@DutchBoyd 
STATE:7000400034:18550|21450:300|150:r600c/cr1200f:9h2s|6h4d/TcTh3h:-600|600:Dutch_@DutchBoyd|DeepStack 
STATE:7000400035:22050|17950:300|150:f:8sJc|3s2c:150|-150:DeepStack|Dutch_@DutchBoyd 
STATE:7000400036:17800|22200:300|150:r600c/r1200c/r3000c/r9000c:4sAs|Td5c/5d3d7h/2s/Jd:9000|-9000:Dutch_@DutchBoyd|DeepStack 
STATE:7000400037:13200|26800:300|150:r600c/cc/r1800f:6d4h|4cJh/2c3d9c/9s:600|-600:DeepStack|Dutch_@DutchBoyd 
STATE:7000400038:26200|13800:300|150:r600c/r1200c/r3600c/cc:8dQd|Ts6h/Qh9h8h/As/5h:-3600|3600:Dutch_@DutchBoyd|DeepStack 
STATE:7000400039:17400|22600:300|150:r600c/cr1500c/cr3000f:5hAc|AsAh/3c9h7c/Jh:-1500|1500:DeepStack|Dutch_@DutchBoyd 
STATE:7000400040:24100|15900:300|150:r900r2250c/r4500f:QdAd|Qh3h/TsJd7c:2250|-2250:Dutch_@DutchBoyd|DeepStack 
STATE:7000400041:13650|26350:400|200:r800c/cr1600f:4d3c|As8c/KcKs9d:-800|800:DeepStack|Dutch_@DutchBoyd 
STATE:7000400042:27150|12850:400|200:r800c/cc/cc/r1600f:4d7c|Ks5d/Ac4h9h/Qd/7s:800|-800:Dutch_@DutchBoyd|DeepStack 
STATE:7000400043:12050|27950:400|200:r800c/cr1600c/cc/r3200f:TcJc|4h5s/KdKc7s/Qc/8h:1600|-1600:DeepStack|Dutch_@DutchBoyd 
STATE:7000400044:26350|13650:400|200:r800c/cc/cc/cr2400c:4h8d|KcQd/JhQhJs/9s/4c:-2400|2400:Dutch_@DutchBoyd|DeepStack 
STATE:7000400045:16050|23950:400|200:r800r2400f:QcJh|9c3s:800|-800:DeepStack|Dutch_@DutchBoyd 
STATE:7000400046:23150|16850:400|200:cc/r800f:9h2d|Qh4s/5c5s9d:400|-400:Dutch_@DutchBoyd|DeepStack 
STATE:7000400047:16450|23550:400|200:r800c/cc/cc/r2400f:5sKh|4dJh/4h7h8d/9c/2s:800|-800:DeepStack|Dutch_@DutchBoyd 
STATE:7000400048:22750|17250:400|200:r800c/cc/cr1600c/cc:9h6d|Js3s/4hJhKs/6c/5h:-1600|1600:Dutch_@DutchBoyd|DeepStack 
STATE:7000400049:18850|21150:400|200:r800r2400c/r4800r21150c//:Ac9d|QhKs/9hTsTc/Kd/7s:-18850|18850:DeepStack|Dutch_@DutchBoyd 
