PokerStars Hand #1001500001: Tournament #16, Mar29_2017-at-15_22_1 Hold'em No Limit ($50/$100 USD) - 2017/03/29 17:22:01 ET
Table 'ACPC Match' 2-max Seat #2 is the button
Seat 1: DeepStack ($20000 in chips)
Seat 2: Nate_@NateMeyvis ($20000 in chips)
Nate_@NateMeyvis: posts small blind $50
DeepStack: posts big blind $100
*** HOLE CARDS ***
Dealt to DeepStack [Kd Kc]
Dealt to Nate_@NateMeyvis [6c Ad]
Nate_@NateMeyvis: raises $200 to $300
DeepStack: raises $600 to $900
Nate_@NateMeyvis: folds
Uncalled bet ($600) returned to DeepStack
DeepStack collected $600 from the pot
*** SUMMARY ***
Total pot $600 | Rake $0
Seat 1: DeepStack (big blind) collected ($600)
Seat 2: Nate_@NateMeyvis (button) (small blind) folded before the Flop

PokerStars Hand #1001500002: Tournament #16, Mar29_2017-at-15_22_1 Hold'em No Limit ($50/$100 USD) - 2017/03/29 17:22:02 ET
Table 'ACPC Match' 2-max Seat #1 is the button
Seat 1: DeepStack ($20300 in chips)
Seat 2: Nate_@NateMeyvis ($19700 in chips)
DeepStack: posts small blind $50
Nate_@NateMeyvis: posts big blind $100
*** HOLE CARDS ***
Dealt to DeepStack [4h Js]
Dealt to Nate_@NateMeyvis [Kh 3h]
DeepStack: calls $50
Nate_@NateMeyvis: checks
*** FLOP **** [9c 4s 7s]
Nate_@NateMeyvis: checks
DeepStack: raises $100 to $100
Nate_@NateMeyvis: folds
Uncalled bet ($100) returned to DeepStack
DeepStack collected $200 from the pot
*** SUMMARY ***
Total pot $200 | Rake $0
Board [9c 4s 7s]
Seat 1: DeepStack (button) (small blind) collected ($200)
Seat 2: Nate_@NateMeyvis (big blind) folded on the Flop

PokerStars Hand #1001500003: Tournament #16, Mar29_2017-at-15_22_1 Hold'em No Limit ($50/$100 USD) - 2017/03/29 17:22:03 ET
Table 'ACPC Match' 2-max Seat #2 is the button
Seat 1: DeepStack ($20400 in chips)
Seat 2: Nate_@NateMeyvis ($19600 in chips)
Nate_@NateMeyvis: posts small blind $50
DeepStack: posts big blind $100
*** HOLE CARDS ***
Dealt to DeepStack [4h 2c]
Dealt to Nate_@NateMeyvis [Jd 4s]
Nate_@NateMeyvis: folds
Uncalled bet ($50) returned to DeepStack
DeepStack collected $100 from the pot
*** SUMMARY ***
Total pot $100 | Rake $0
Seat 1: DeepStack (big blind) collected ($100)
Seat 2: Nate_@NateMeyvis (button) (small blind) folded before the Flop

PokerStars Hand #1001500004: Tournament #16, Mar29_2017-at-15_22_1 Hold'em No Limit ($50/$100 USD) - 2017/03/29 17:22:04 ET
Table 'ACPC Match' 2-max Seat #1 is the button
Seat 1: DeepStack ($20450 in chips)
Seat 2: Nate_@NateMeyvis ($19550 in chips)
DeepStack: posts small blind $50
Nate_@NateMeyvis: posts big blind $100
*** HOLE CARDS ***
Dealt to DeepStack [2h 2d]
Dealt to Nate_@NateMeyvis [Jd Kd]
DeepStack: calls $50
Nate_@NateMeyvis: raises $200 to $300
DeepStack: calls $200
*** FLOP **** [2c Td 9s]
Nate_@NateMeyvis: bets $300
DeepStack: raises $1200 to $1500
Nate_@NateMeyvis: folds
Uncalled bet ($1200) returned to DeepStack
DeepStack collected $1200 from the pot
*** SUMMARY ***
Total pot $1200 | Rake $0
Board [2c Td 9s]
Seat 1: DeepStack (button) (small blind) collected ($1200)
Seat 2: Nate_@NateMeyvis (big blind) folded on the Flop

PokerStars Hand #1001500005: Tournament #16, Mar29_2017-at-15_22_1 Hold'em No Limit ($50/$100 USD) - 2017/03/29 17:22:05 ET
Table 'ACPC Match' 2-max Seat #2 is the button
Seat 1: DeepStack ($21050 in chips)
Seat 2: Nate_@NateMeyvis ($18950 in chips)
Nate_@NateMeyvis: posts small blind $50
DeepStack: posts big blind $100
*** HOLE CARDS ***
Dealt to DeepStack [8h 9s]
Dealt to Nate_@NateMeyvis [5c 7d]
Nate_@NateMeyvis: raises $200 to $300
DeepStack: calls $200
*** FLOP **** [Jc Kh 6s]
DeepStack: checks
Nate_@NateMeyvis: raises $300 to $300
DeepStack: folds
Uncalled bet ($300) returned to Nate_@NateMeyvis
Nate_@NateMeyvis collected $600 from the pot
*** SUMMARY ***
Total pot $600 | Rake $0
Board [Jc Kh 6s]
Seat 1: DeepStack (big blind) folded on the Flop
Seat 2: Nate_@NateMeyvis (button) (small blind) collected ($600)

PokerStars Hand #1001500006: Tournament #16, Mar29_2017-at-15_22_1 Hold'em No Limit ($50/$100 USD) - 2017/03/29 17:22:06 ET
Table 'ACPC Match' 2-max Seat #1 is the button
Seat 1: DeepStack ($20750 in chips)
Seat 2: Nate_@NateMeyvis ($19250 in chips)
DeepStack: posts small blind $50
Nate_@NateMeyvis: posts big blind $100
*** HOLE CARDS ***
Dealt to DeepStack [Td 9c]
Dealt to Nate_@NateMeyvis [9d 7d]
DeepStack: raises $200 to $300
Nate_@NateMeyvis: calls $200
*** FLOP **** [2d 4d Jh]
Nate_@NateMeyvis: checks
DeepStack: raises $600 to $600
Nate_@NateMeyvis: calls $600
*** TURN **** [Qh]
Nate_@NateMeyvis: checks
DeepStack: checks
*** RIVER **** [Jc]
Nate_@NateMeyvis: bets $1800
DeepStack: folds
Uncalled bet ($1800) returned to Nate_@NateMeyvis
Nate_@NateMeyvis collected $1800 from the pot
*** SUMMARY ***
Total pot $1800 | Rake $0
Board [2d 4d Jh Qh Jc]
Seat 1: DeepStack (button) (small blind) folded on the River
Seat 2: Nate_@NateMeyvis (big blind) collected ($1800)

PokerStars Hand #1001500007: Tournament #16, Mar29_2017-at-15_22_1 Hold'em No Limit ($50/$100 USD) - 2017/03/29 17:22:07 ET
Table 'ACPC Match' 2-max Seat #2 is the button
Seat 1: DeepStack ($19850 in chips)
Seat 2: Nate_@NateMeyvis ($20150 in chips)
Nate_@NateMeyvis: posts small blind $50
DeepStack: posts big blind $100
*** HOLE CARDS ***
Dealt to DeepStack [6c Ac]
Dealt to Nate_@NateMeyvis [9s Td]
Nate_@NateMeyvis: raises $200 to $300
DeepStack: raises $600 to $900
Nate_@NateMeyvis: folds
Uncalled bet ($600) returned to DeepStack
DeepStack collected $600 from the pot
*** SUMMARY ***
Total pot $600 | Rake $0
Seat 1: DeepStack (big blind) collected ($600)
Seat 2: Nate_@NateMeyvis (button) (small blind) folded before the Flop

PokerStars Hand #1001500008: Tournament #16, Mar29_2017-at-15_22_1 Hold'em No Limit ($50/$100 USD) - 2017/03/29 17:22:08 ET
Table 'ACPC Match' 2-max Seat #1 is the button
Seat 1: DeepStack ($20150 in chips)
Seat 2: Nate_@NateMeyvis ($19850 in chips)
DeepStack: posts small blind $50
Nate_@NateMeyvis: posts big blind $100
*** HOLE CARDS ***
Dealt to DeepStack [Ac Jd]
Dealt to Nate_@NateMeyvis [Kh 5d]
DeepStack: raises $100 to $200
Nate_@NateMeyvis: calls $100
*** FLOP **** [8s 5s 6c]
Nate_@NateMeyvis: checks
DeepStack: checks
*** TURN **** [Jh]
Nate_@NateMeyvis: checks
DeepStack: checks
*** RIVER **** [As]
Nate_@NateMeyvis: checks
DeepStack: raises $400 to $400
Nate_@NateMeyvis: folds
Uncalled bet ($400) returned to DeepStack
DeepStack collected $400 from the pot
*** SUMMARY ***
Total pot $400 | Rake $0
Board [8s 5s 6c Jh As]
Seat 1: DeepStack (button) (small blind) collected ($400)
Seat 2: Nate_@NateMeyvis (big blind) folded on the River

PokerStars Hand #1001500009: Tournament #16, Mar29_2017-at-15_22_1 Hold'em No Limit ($50/$100 USD) - 2017/03/29 17:22:09 ET
Table 'ACPC Match' 2-max Seat #2 is the button
Seat 1: DeepStack ($20350 in chips)
Seat 2: Nate_@NateMeyvis ($19650 in chips)
Nate_@NateMeyvis: posts small blind $50
DeepStack: posts big blind $100
*** HOLE CARDS ***
Dealt to DeepStack [8s 3c]
Dealt to Nate_@NateMeyvis [Qd 8d]
Nate_@NateMeyvis: raises $200 to $300
DeepStack: folds
Uncalled bet ($200) returned to Nate_@NateMeyvis
Nate_@NateMeyvis collected $200 from the pot
*** SUMMARY ***
Total pot $200 | Rake $0
Seat 1: DeepStack (big blind) folded before the Flop
Seat 2: Nate_@NateMeyvis (button) (small blind) collected ($200)

PokerStars Hand #1001500010: Tournament #16, Mar29_2017-at-15_22_1 Hold'em No Limit ($50/$100 USD) - 2017/03/29 17:22:10 ET
Table 'ACPC Match' 2-max Seat #1 is the button
Seat 1: DeepStack ($20250 in chips)
Seat 2: Nate_@NateMeyvis ($19750 in chips)
DeepStack: posts small blind $50
Nate_@NateMeyvis: posts big blind $100
*** HOLE CARDS ***
Dealt to DeepStack [7s Ts]
Dealt to Nate_@NateMeyvis [5h Jd]
DeepStack: calls $50
Nate_@NateMeyvis: checks
*** FLOP **** [9c 3s 4s]
Nate_@NateMeyvis: checks
DeepStack: raises $200 to $200
Nate_@NateMeyvis: folds
Uncalled bet ($200) returned to DeepStack
DeepStack collected $200 from the pot
*** SUMMARY ***
Total pot $200 | Rake $0
Board [9c 3s 4s]
Seat 1: DeepStack (button) (small blind) collected ($200)
Seat 2: Nate_@NateMeyvis (big blind) folded on the Flop

PokerStars Hand #1001500011: Tournament #16, Mar29_2017-at-15_22_1 Hold'em No Limit ($75/$150 USD) - 2017/03/29 17:22:11 ET
Table 'ACPC Match' 2-max Seat #2 is the button
Seat 1: DeepStack ($20350 in chips)
Seat 2: Nate_@NateMeyvis ($19650 in chips)
Nate_@NateMeyvis: posts small blind $75
DeepStack: posts big blind $150
*** HOLE CARDS ***
Dealt to DeepStack [6s 5h]
Dealt to Nate_@NateMeyvis [9c 9s]
Nate_@NateMeyvis: raises $300 to $450
DeepStack: folds
Uncalled bet ($300) returned to Nate_@NateMeyvis
Nate_@NateMeyvis collected $300 from the pot
*** SUMMARY ***
Total pot $300 | Rake $0
Seat 1: DeepStack (big blind) folded before the Flop
Seat 2: Nate_@NateMeyvis (button) (small blind) collected ($300)

PokerStars Hand #1001500012: Tournament #16, Mar29_2017-at-15_22_1 Hold'em No Limit ($75/$150 USD) - 2017/03/29 17:22:12 ET
Table 'ACPC Match' 2-max Seat #1 is the button
Seat 1: DeepStack ($20200 in chips)
Seat 2: Nate_@NateMeyvis ($19800 in chips)
DeepStack: posts small blind $75
Nate_@NateMeyvis: posts big blind $150
*** HOLE CARDS ***
Dealt to DeepStack [3c Qd]
Dealt to Nate_@NateMeyvis [Th Ad]
DeepStack: raises $300 to $450
Nate_@NateMeyvis: calls $300
*** FLOP **** [4c Js 3d]
Nate_@NateMeyvis: checks
DeepStack: raises $450 to $450
Nate_@NateMeyvis: calls $450
*** TURN **** [Qs]
Nate_@NateMeyvis: checks
DeepStack: raises $1800 to $1800
Nate_@NateMeyvis: folds
Uncalled bet ($1800) returned to DeepStack
DeepStack collected $1800 from the pot
*** SUMMARY ***
Total pot $1800 | Rake $0
Board [4c Js 3d Qs]
Seat 1: DeepStack (button) (small blind) collected ($1800)
Seat 2: Nate_@NateMeyvis (big blind) folded on the Turn

PokerStars Hand #1001500013: Tournament #16, Mar29_2017-at-15_22_1 Hold'em No Limit ($75/$150 USD) - 2017/03/29 17:22:13 ET
Table 'ACPC Match' 2-max Seat #2 is the button
Seat 1: DeepStack ($21100 in chips)
Seat 2: Nate_@NateMeyvis ($18900 in chips)
Nate_@NateMeyvis: posts small blind $75
DeepStack: posts big blind $150
*** HOLE CARDS ***
Dealt to DeepStack [Qh 8h]
Dealt to Nate_@NateMeyvis [7c 2s]
Nate_@NateMeyvis: folds
Uncalled bet ($75) returned to DeepStack
DeepStack collected $150 from the pot
*** SUMMARY ***
Total pot $150 | Rake $0
Seat 1: DeepStack (big blind) collected ($150)
Seat 2: Nate_@NateMeyvis (button) (small blind) folded before the Flop

PokerStars Hand #1001500014: Tournament #16, Mar29_2017-at-15_22_1 Hold'em No Limit ($75/$150 USD) - 2017/03/29 17:22:14 ET
Table 'ACPC Match' 2-max Seat #1 is the button
Seat 1: DeepStack ($21175 in chips)
Seat 2: Nate_@NateMeyvis ($18825 in chips)
DeepStack: posts small blind $75
Nate_@NateMeyvis: posts big blind $150
*** HOLE CARDS ***
Dealt to DeepStack [7d Kd]
Dealt to Nate_@NateMeyvis [9h Ts]
DeepStack: raises $300 to $450
Nate_@NateMeyvis: calls $300
*** FLOP **** [7s Ah Jc]
Nate_@NateMeyvis: checks
DeepStack: raises $450 to $450
Nate_@NateMeyvis: calls $450
*** TURN **** [9c]
Nate_@NateMeyvis: checks
DeepStack: checks
*** RIVER **** [Qc]
Nate_@NateMeyvis: checks
DeepStack: checks
*** SHOW DOWN ***
Nate_@NateMeyvis: shows [9h Ts] (a pair of Nines)
DeepStack: shows [7d Kd] (a pair of Sevens)
Nate_@NateMeyvis collected $1800 from pot
*** SUMMARY ***
Total pot $1800 | Rake $0
Board [7s Ah Jc 9c Qc]
Seat 1: DeepStack (button) (small blind) showed [7d Kd] and lost with a pair of Sevens
Seat 2: Nate_@NateMeyvis (big blind) showed [9h Ts] and won ($1800) with a pair of Nines

PokerStars Hand #1001500015: Tournament #16, Mar29_2017-at-15_22_1 Hold'em No Limit ($75/$150 USD) - 2017/03/29 17:22:15 ET
Table 'ACPC Match' 2-max Seat #2 is the button
Seat 1: DeepStack ($20275 in chips)
Seat 2: Nate_@NateMeyvis ($19725 in chips)
Nate_@NateMeyvis: posts small blind $75
DeepStack: posts big blind $150
*** HOLE CARDS ***
Dealt to DeepStack [7h 4s]
Dealt to Nate_@NateMeyvis [9d 7d]
Nate_@NateMeyvis: raises $300 to $450
DeepStack: folds
Uncalled bet ($300) returned to Nate_@NateMeyvis
Nate_@NateMeyvis collected $300 from the pot
*** SUMMARY ***
Total pot $300 | Rake $0
Seat 1: DeepStack (big blind) folded before the Flop
Seat 2: Nate_@NateMeyvis (button) (small blind) collected ($300)

PokerStars Hand #1001500016: Tournament #16, Mar29_2017-at-15_22_1 Hold'em No Limit ($75/$150 USD) - 2017/03/29 17:22:16 ET
Table 'ACPC Match' 2-max Seat #1 is the button
Seat 1: DeepStack ($20125 in chips)
Seat 2: Nate_@NateMeyvis ($19875 in chips)
DeepStack: posts small blind $75
Nate_@NateMeyvis: posts big blind $150
*** HOLE CARDS ***
Dealt to DeepStack [7c 5c]
Dealt to Nate_@NateMeyvis [8h 7s]
DeepStack: raises $300 to $450
Nate_@NateMeyvis: calls $300
*** FLOP **** [2h Kd 8s]
Nate_@NateMeyvis: checks
DeepStack: checks
*** TURN **** [3h]
Nate_@NateMeyvis: checks
DeepStack: checks
*** RIVER **** [Qd]
Nate_@NateMeyvis: bets $450
DeepStack: folds
Uncalled bet ($450) returned to Nate_@NateMeyvis
Nate_@NateMeyvis collected $900 from the pot
*** SUMMARY ***
Total pot $900 | Rake $0
Board [2h Kd 8s 3h Qd]
Seat 1: DeepStack (button) (small blind) folded on the River
Seat 2: Nate_@NateMeyvis (big blind) collected ($900)

PokerStars Hand #1001500017: Tournament #16, Mar29_2017-at-15_22_1 Hold'em No Limit ($75/$150 USD) - 2017/03/29 17:22:17 ET
Table 'ACPC Match' 2-max Seat #2 is the button
Seat 1: DeepStack ($19675 in chips)
Seat 2: Nate_@NateMeyvis ($20325 in chips)
Nate_@NateMeyvis: posts small blind $75
DeepStack: posts big blind $150
*** HOLE CARDS ***
Dealt to DeepStack [8c Qc]
Dealt to Nate_@NateMeyvis [Ah 3c]
Nate_@NateMeyvis: raises $300 to $450
DeepStack: raises $900 to $1350
Nate_@NateMeyvis: folds
Uncalled bet ($900) returned to DeepStack
DeepStack collected $900 from the pot
*** SUMMARY ***
Total pot $900 | Rake $0
Seat 1: DeepStack (big blind) collected ($900)
Seat 2: Nate_@NateMeyvis (button) (small blind) folded before the Flop

PokerStars Hand #1001500018: Tournament #16, Mar29_2017-at-15_22_1 Hold'em No Limit ($75/$150 USD) - 2017/03/29 17:22:18 ET
Table 'ACPC Match' 2-max Seat #1 is the button
Seat 1: DeepStack ($20125 in chips)
Seat 2: Nate_@NateMeyvis ($19875 in chips)
DeepStack: posts small blind $75
Nate_@NateMeyvis: posts big blind $150
*** HOLE CARDS ***
Dealt to DeepStack [Kd 5d]
Dealt to Nate_@NateMeyvis [9s 8s]
DeepStack: raises $300 to $450
Nate_@NateMeyvis: calls $300
*** FLOP **** [8h Jc Jd]
Nate_@NateMeyvis: checks
DeepStack: checks
*** TURN **** [Ts]
Nate_@NateMeyvis: checks
DeepStack: checks
*** RIVER **** [Qc]
Nate_@NateMeyvis: bets $900
DeepStack: folds
Uncalled bet ($900) returned to Nate_@NateMeyvis
Nate_@NateMeyvis collected $900 from the pot
*** SUMMARY ***
Total pot $900 | Rake $0
Board [8h Jc Jd Ts Qc]
Seat 1: DeepStack (button) (small blind) folded on the River
Seat 2: Nate_@NateMeyvis (big blind) collected ($900)

PokerStars Hand #1001500019: Tournament #16, Mar29_2017-at-15_22_1 Hold'em No Limit ($75/$150 USD) - 2017/03/29 17:22:19 ET
Table 'ACPC Match' 2-max Seat #2 is the button
Seat 1: DeepStack ($19675 in chips)
Seat 2: Nate_@NateMeyvis ($20325 in chips)
Nate_@NateMeyvis: posts small blind $75
DeepStack: posts big blind $150
*** HOLE CARDS ***
Dealt to DeepStack [As 4c]
Dealt to Nate_@NateMeyvis [Ah 6h]
Nate_@NateMeyvis: raises $300 to $450
DeepStack: calls $300
*** FLOP **** [Qh 9h Ks]
DeepStack: checks
Nate_@NateMeyvis: raises $450 to $450
DeepStack: folds
Uncalled bet ($450) returned to Nate_@NateMeyvis
Nate_@NateMeyvis collected $900 from the pot
*** SUMMARY ***
Total pot $900 | Rake $0
Board [Qh 9h Ks]
Seat 1: DeepStack (big blind) folded on the Flop
Seat 2: Nate_@NateMeyvis (button) (small blind) collected ($900)

PokerStars Hand #1001500020: Tournament #16, Mar29_2017-at-15_22_1 Hold'em No Limit ($75/$150 USD) - 2017/03/29 17:22:20 ET
Table 'ACPC Match' 2-max Seat #1 is the button
Seat 1: DeepStack ($19225 in chips)
Seat 2: Nate_@NateMeyvis ($20775 in chips)
DeepStack: posts small blind $75
Nate_@NateMeyvis: posts big blind $150
*** HOLE CARDS ***
Dealt to DeepStack [6h Jh]
Dealt to Nate_@NateMeyvis [Kd Td]
DeepStack: raises $300 to $450
Nate_@NateMeyvis: calls $300
*** FLOP **** [9s 7d Kh]
Nate_@NateMeyvis: checks
DeepStack: raises $450 to $450
Nate_@NateMeyvis: calls $450
*** TURN **** [Jc]
Nate_@NateMeyvis: checks
DeepStack: checks
*** RIVER **** [9d]
Nate_@NateMeyvis: checks
DeepStack: checks
*** SHOW DOWN ***
Nate_@NateMeyvis: shows [Kd Td] (two pair, Kings and Nines)
DeepStack: shows [6h Jh] (two pair, Jacks and Nines)
Nate_@NateMeyvis collected $1800 from pot
*** SUMMARY ***
Total pot $1800 | Rake $0
Board [9s 7d Kh Jc 9d]
Seat 1: DeepStack (button) (small blind) showed [6h Jh] and lost with two pair, Jacks and Nines
Seat 2: Nate_@NateMeyvis (big blind) showed [Kd Td] and won ($1800) with two pair, Kings and Nines

PokerStars Hand #1001500021: Tournament #16, Mar29_2017-at-15_22_1 Hold'em No Limit ($100/$200 USD) - 2017/03/29 17:22:21 ET
Table 'ACPC Match' 2-max Seat #2 is the button
Seat 1: DeepStack ($18325 in chips)
Seat 2: Nate_@NateMeyvis ($21675 in chips)
Nate_@NateMeyvis: posts small blind $100
DeepStack: posts big blind $200
*** HOLE CARDS ***
Dealt to DeepStack [Ts 4s]
Dealt to Nate_@NateMeyvis [2s 7h]
Nate_@NateMeyvis: folds
Uncalled bet ($100) returned to DeepStack
DeepStack collected $200 from the pot
*** SUMMARY ***
Total pot $200 | Rake $0
Seat 1: DeepStack (big blind) collected ($200)
Seat 2: Nate_@NateMeyvis (button) (small blind) folded before the Flop

PokerStars Hand #1001500022: Tournament #16, Mar29_2017-at-15_22_1 Hold'em No Limit ($100/$200 USD) - 2017/03/29 17:22:22 ET
Table 'ACPC Match' 2-max Seat #1 is the button
Seat 1: DeepStack ($18425 in chips)
Seat 2: Nate_@NateMeyvis ($21575 in chips)
DeepStack: posts small blind $100
Nate_@NateMeyvis: posts big blind $200
*** HOLE CARDS ***
Dealt to DeepStack [9d Td]
Dealt to Nate_@NateMeyvis [Qs Qc]
DeepStack: raises $200 to $400
Nate_@NateMeyvis: raises $900 to $1300
DeepStack: calls $900
*** FLOP **** [5h 7d 9c]
Nate_@NateMeyvis: checks
DeepStack: checks
*** TURN **** [Jc]
Nate_@NateMeyvis: checks
DeepStack: raises $1300 to $1300
Nate_@NateMeyvis: calls $1300
*** RIVER **** [5s]
Nate_@NateMeyvis: checks
DeepStack: checks
*** SHOW DOWN ***
Nate_@NateMeyvis: shows [Qs Qc] (two pair, Queens and Fives)
DeepStack: shows [9d Td] (two pair, Nines and Fives)
Nate_@NateMeyvis collected $5200 from pot
*** SUMMARY ***
Total pot $5200 | Rake $0
Board [5h 7d 9c Jc 5s]
Seat 1: DeepStack (button) (small blind) showed [9d Td] and lost with two pair, Nines and Fives
Seat 2: Nate_@NateMeyvis (big blind) showed [Qs Qc] and won ($5200) with two pair, Queens and Fives

PokerStars Hand #1001500023: Tournament #16, Mar29_2017-at-15_22_1 Hold'em No Limit ($100/$200 USD) - 2017/03/29 17:22:23 ET
Table 'ACPC Match' 2-max Seat #2 is the button
Seat 1: DeepStack ($15825 in chips)
Seat 2: Nate_@NateMeyvis ($24175 in chips)
Nate_@NateMeyvis: posts small blind $100
DeepStack: posts big blind $200
*** HOLE CARDS ***
Dealt to DeepStack [8s 6d]
Dealt to Nate_@NateMeyvis [3s 9d]
Nate_@NateMeyvis: folds
Uncalled bet ($100) returned to DeepStack
DeepStack collected $200 from the pot
*** SUMMARY ***
Total pot $200 | Rake $0
Seat 1: DeepStack (big blind) collected ($200)
Seat 2: Nate_@NateMeyvis (button) (small blind) folded before the Flop

PokerStars Hand #1001500024: Tournament #16, Mar29_2017-at-15_22_1 Hold'em No Limit ($100/$200 USD) - 2017/03/29 17:22:24 ET
Table 'ACPC Match' 2-max Seat #1 is the button
Seat 1: DeepStack ($15925 in chips)
Seat 2: Nate_@NateMeyvis ($24075 in chips)
DeepStack: posts small blind $100
Nate_@NateMeyvis: posts big blind $200
*** HOLE CARDS ***
Dealt to DeepStack [Ks Qs]
Dealt to Nate_@NateMeyvis [7d 5c]
DeepStack: raises $200 to $400
Nate_@NateMeyvis: calls $200
*** FLOP **** [Jh 8h 9c]
Nate_@NateMeyvis: checks
DeepStack: raises $400 to $400
Nate_@NateMeyvis: calls $400
*** TURN **** [Th]
Nate_@NateMeyvis: checks
DeepStack: raises $1600 to $1600
Nate_@NateMeyvis: folds
Uncalled bet ($1600) returned to DeepStack
DeepStack collected $1600 from the pot
*** SUMMARY ***
Total pot $1600 | Rake $0
Board [Jh 8h 9c Th]
Seat 1: DeepStack (button) (small blind) collected ($1600)
Seat 2: Nate_@NateMeyvis (big blind) folded on the Turn

PokerStars Hand #1001500025: Tournament #16, Mar29_2017-at-15_22_1 Hold'em No Limit ($100/$200 USD) - 2017/03/29 17:22:25 ET
Table 'ACPC Match' 2-max Seat #2 is the button
Seat 1: DeepStack ($16725 in chips)
Seat 2: Nate_@NateMeyvis ($23275 in chips)
Nate_@NateMeyvis: posts small blind $100
DeepStack: posts big blind $200
*** HOLE CARDS ***
Dealt to DeepStack [7c 7s]
Dealt to Nate_@NateMeyvis [7d 6c]
Nate_@NateMeyvis: raises $400 to $600
DeepStack: raises $1200 to $1800
Nate_@NateMeyvis: folds
Uncalled bet ($1200) returned to DeepStack
DeepStack collected $1200 from the pot
*** SUMMARY ***
Total pot $1200 | Rake $0
Seat 1: DeepStack (big blind) collected ($1200)
Seat 2: Nate_@NateMeyvis (button) (small blind) folded before the Flop

PokerStars Hand #1001500026: Tournament #16, Mar29_2017-at-15_22_1 Hold'em No Limit ($100/$200 USD) - 2017/03/29 17:22:26 ET
Table 'ACPC Match' 2-max Seat #1 is the button
Seat 1: DeepStack ($17325 in chips)
Seat 2: Nate_@NateMeyvis ($22675 in chips)
DeepStack: posts small blind $100
Nate_@NateMeyvis: posts big blind $200
*** HOLE CARDS ***
Dealt to DeepStack [Tc 6c]
Dealt to Nate_@NateMeyvis [Ad 5c]
DeepStack: calls $100
Nate_@NateMeyvis: checks
*** FLOP **** [6d 5d 2h]
Nate_@NateMeyvis: checks
DeepStack: checks
*** TURN **** [9s]
Nate_@NateMeyvis: checks
DeepStack: checks
*** RIVER **** [Qc]
Nate_@NateMeyvis: checks
DeepStack: raises $400 to $400
Nate_@NateMeyvis: calls $400
*** SHOW DOWN ***
DeepStack: shows [Tc 6c] (a pair of Sixes)
Nate_@NateMeyvis: shows [Ad 5c] (a pair of Fives)
DeepStack collected $1200 from pot
*** SUMMARY ***
Total pot $1200 | Rake $0
Board [6d 5d 2h 9s Qc]
Seat 1: DeepStack (button) (small blind) showed [Tc 6c] and won ($1200) with a pair of Sixes
Seat 2: Nate_@NateMeyvis (big blind) showed [Ad 5c] and lost with a pair of Fives

PokerStars Hand #1001500027: Tournament #16, Mar29_2017-at-15_22_1 Hold'em No Limit ($100/$200 USD) - 2017/03/29 17:22:27 ET
Table 'ACPC Match' 2-max Seat #2 is the button
Seat 1: DeepStack ($17925 in chips)
Seat 2: Nate_@NateMeyvis ($22075 in chips)
Nate_@NateMeyvis: posts small blind $100
DeepStack: posts big blind $200
*** HOLE CARDS ***
Dealt to DeepStack [8s Kc]
Dealt to Nate_@NateMeyvis [5s Qh]
Nate_@NateMeyvis: raises $400 to $600
DeepStack: calls $400
*** FLOP **** [Jh 2d Th]
DeepStack: checks
Nate_@NateMeyvis: raises $900 to $900
DeepStack: folds
Uncalled bet ($900) returned to Nate_@NateMeyvis
Nate_@NateMeyvis collected $1200 from the pot
*** SUMMARY ***
Total pot $1200 | Rake $0
Board [Jh 2d Th]
Seat 1: DeepStack (big blind) folded on the Flop
Seat 2: Nate_@NateMeyvis (button) (small blind) collected ($1200)

PokerStars Hand #1001500028: Tournament #16, Mar29_2017-at-15_22_1 Hold'em No Limit ($100/$200 USD) - 2017/03/29 17:22:28 ET
Table 'ACPC Match' 2-max Seat #1 is the button
Seat 1: DeepStack ($17325 in chips)
Seat 2: Nate_@NateMeyvis ($22675 in chips)
DeepStack: posts small blind $100
Nate_@NateMeyvis: posts big blind $200
*** HOLE CARDS ***
Dealt to DeepStack [Ks 7d]
Dealt to Nate_@NateMeyvis [4s Ah]
DeepStack: raises $200 to $400
Nate_@NateMeyvis: calls $200
*** FLOP **** [4d 4h 9h]
Nate_@NateMeyvis: checks
DeepStack: checks
*** TURN **** [6d]
Nate_@NateMeyvis: bets $800
DeepStack: folds
Uncalled bet ($800) returned to Nate_@NateMeyvis
Nate_@NateMeyvis collected $800 from the pot
*** SUMMARY ***
Total pot $800 | Rake $0
Board [4d 4h 9h 6d]
Seat 1: DeepStack (button) (small blind) folded on the Turn
Seat 2: Nate_@NateMeyvis (big blind) collected ($800)

PokerStars Hand #1001500029: Tournament #16, Mar29_2017-at-15_22_1 Hold'em No Limit ($100/$200 USD) - 2017/03/29 17:22:29 ET
Table 'ACPC Match' 2-max Seat #2 is the button
Seat 1: DeepStack ($16925 in chips)
Seat 2: Nate_@NateMeyvis ($23075 in chips)
Nate_@NateMeyvis: posts small blind $100
DeepStack: posts big blind $200
*** HOLE CARDS ***
Dealt to DeepStack [Kc 7c]
Dealt to Nate_@NateMeyvis [6s 3h]
Nate_@NateMeyvis: folds
Uncalled bet ($100) returned to DeepStack
DeepStack collected $200 from the pot
*** SUMMARY ***
Total pot $200 | Rake $0
Seat 1: DeepStack (big blind) collected ($200)
Seat 2: Nate_@NateMeyvis (button) (small blind) folded before the Flop

PokerStars Hand #1001500030: Tournament #16, Mar29_2017-at-15_22_1 Hold'em No Limit ($100/$200 USD) - 2017/03/29 17:22:30 ET
Table 'ACPC Match' 2-max Seat #1 is the button
Seat 1: DeepStack ($17025 in chips)
Seat 2: Nate_@NateMeyvis ($22975 in chips)
DeepStack: posts small blind $100
Nate_@NateMeyvis: posts big blind $200
*** HOLE CARDS ***
Dealt to DeepStack [5h 6h]
Dealt to Nate_@NateMeyvis [8h Ah]
DeepStack: raises $400 to $600
Nate_@NateMeyvis: calls $400
*** FLOP **** [7h Jh 7c]
Nate_@NateMeyvis: checks
DeepStack: raises $1200 to $1200
Nate_@NateMeyvis: calls $1200
*** TURN **** [9h]
Nate_@NateMeyvis: bets $2700
DeepStack: calls $2700
*** RIVER **** [Ts]
Nate_@NateMeyvis: bets $18475 and is all-in
DeepStack: folds
Uncalled bet ($18475) returned to Nate_@NateMeyvis
Nate_@NateMeyvis collected $9000 from the pot
*** SUMMARY ***
Total pot $9000 | Rake $0
Board [7h Jh 7c 9h Ts]
Seat 1: DeepStack (button) (small blind) folded on the River
Seat 2: Nate_@NateMeyvis (big blind) collected ($9000)

PokerStars Hand #1001500031: Tournament #16, Mar29_2017-at-15_22_1 Hold'em No Limit ($150/$300 USD) - 2017/03/29 17:22:31 ET
Table 'ACPC Match' 2-max Seat #2 is the button
Seat 1: DeepStack ($12525 in chips)
Seat 2: Nate_@NateMeyvis ($27475 in chips)
Nate_@NateMeyvis: posts small blind $150
DeepStack: posts big blind $300
*** HOLE CARDS ***
Dealt to DeepStack [5c Ad]
Dealt to Nate_@NateMeyvis [Jd Td]
Nate_@NateMeyvis: raises $600 to $900
DeepStack: calls $600
*** FLOP **** [Qs 7s 5h]
DeepStack: checks
Nate_@NateMeyvis: raises $1350 to $1350
DeepStack: calls $1350
*** TURN **** [2c]
DeepStack: checks
Nate_@NateMeyvis: checks
*** RIVER **** [Qh]
DeepStack: checks
Nate_@NateMeyvis: raises $3375 to $3375
DeepStack: calls $3375
*** SHOW DOWN ***
Nate_@NateMeyvis: shows [Jd Td] (a pair of Queens)
DeepStack: shows [5c Ad] (two pair, Queens and Fives)
DeepStack collected $11250 from pot
*** SUMMARY ***
Total pot $11250 | Rake $0
Board [Qs 7s 5h 2c Qh]
Seat 1: DeepStack (big blind) showed [5c Ad] and won ($11250) with two pair, Queens and Fives
Seat 2: Nate_@NateMeyvis (button) (small blind) showed [Jd Td] and lost with a pair of Queens

PokerStars Hand #1001500032: Tournament #16, Mar29_2017-at-15_22_1 Hold'em No Limit ($150/$300 USD) - 2017/03/29 17:22:32 ET
Table 'ACPC Match' 2-max Seat #1 is the button
Seat 1: DeepStack ($18150 in chips)
Seat 2: Nate_@NateMeyvis ($21850 in chips)
DeepStack: posts small blind $150
Nate_@NateMeyvis: posts big blind $300
*** HOLE CARDS ***
Dealt to DeepStack [6h 8c]
Dealt to Nate_@NateMeyvis [As 8d]
DeepStack: raises $300 to $600
Nate_@NateMeyvis: calls $300
*** FLOP **** [3s Qs 9s]
Nate_@NateMeyvis: checks
DeepStack: checks
*** TURN **** [7s]
Nate_@NateMeyvis: bets $600
DeepStack: calls $600
*** RIVER **** [2s]
Nate_@NateMeyvis: bets $1200
DeepStack: folds
Uncalled bet ($1200) returned to Nate_@NateMeyvis
Nate_@NateMeyvis collected $2400 from the pot
*** SUMMARY ***
Total pot $2400 | Rake $0
Board [3s Qs 9s 7s 2s]
Seat 1: DeepStack (button) (small blind) folded on the River
Seat 2: Nate_@NateMeyvis (big blind) collected ($2400)

PokerStars Hand #1001500033: Tournament #16, Mar29_2017-at-15_22_1 Hold'em No Limit ($150/$300 USD) - 2017/03/29 17:22:33 ET
Table 'ACPC Match' 2-max Seat #2 is the button
Seat 1: DeepStack ($16950 in chips)
Seat 2: Nate_@NateMeyvis ($23050 in chips)
Nate_@NateMeyvis: posts small blind $150
DeepStack: posts big blind $300
*** HOLE CARDS ***
Dealt to DeepStack [9d 3d]
Dealt to Nate_@NateMeyvis [2c Ts]
Nate_@NateMeyvis: folds
Uncalled bet ($150) returned to DeepStack
DeepStack collected $300 from the pot
*** SUMMARY ***
Total pot $300 | Rake $0
Seat 1: DeepStack (big blind) collected ($300)
Seat 2: Nate_@NateMeyvis (button) (small blind) folded before the Flop

PokerStars Hand #1001500034: Tournament #16, Mar29_2017-at-15_22_1 Hold'em No Limit ($150/$300 USD) - 2017/03/29 17:22:34 ET
Table 'ACPC Match' 2-max Seat #1 is the button
Seat 1: DeepStack ($17100 in chips)
Seat 2: Nate_@NateMeyvis ($22900 in chips)
DeepStack: posts small blind $150
Nate_@NateMeyvis: posts big blind $300
*** HOLE CARDS ***
Dealt to DeepStack [4c 4d]
Dealt to Nate_@NateMeyvis [5s 2h]
DeepStack: raises $600 to $900
Nate_@NateMeyvis: folds
Uncalled bet ($600) returned to DeepStack
DeepStack collected $600 from the pot
*** SUMMARY ***
Total pot $600 | Rake $0
Seat 1: DeepStack (button) (small blind) collected ($600)
Seat 2: Nate_@NateMeyvis (big blind) folded before the Flop

PokerStars Hand #1001500035: Tournament #16, Mar29_2017-at-15_22_1 Hold'em No Limit ($150/$300 USD) - 2017/03/29 17:22:35 ET
Table 'ACPC Match' 2-max Seat #2 is the button
Seat 1: DeepStack ($17400 in chips)
Seat 2: Nate_@NateMeyvis ($22600 in chips)
Nate_@NateMeyvis: posts small blind $150
DeepStack: posts big blind $300
*** HOLE CARDS ***
Dealt to DeepStack [Jd 7d]
Dealt to Nate_@NateMeyvis [Jh 7h]
Nate_@NateMeyvis: raises $450 to $750
DeepStack: raises $1500 to $2250
Nate_@NateMeyvis: folds
Uncalled bet ($1500) returned to DeepStack
DeepStack collected $1500 from the pot
*** SUMMARY ***
Total pot $1500 | Rake $0
Seat 1: DeepStack (big blind) collected ($1500)
Seat 2: Nate_@NateMeyvis (button) (small blind) folded before the Flop

PokerStars Hand #1001500036: Tournament #16, Mar29_2017-at-15_22_1 Hold'em No Limit ($150/$300 USD) - 2017/03/29 17:22:36 ET
Table 'ACPC Match' 2-max Seat #1 is the button
Seat 1: DeepStack ($18150 in chips)
Seat 2: Nate_@NateMeyvis ($21850 in chips)
DeepStack: posts small blind $150
Nate_@NateMeyvis: posts big blind $300
*** HOLE CARDS ***
Dealt to DeepStack [6c 2s]
Dealt to Nate_@NateMeyvis [7d Jh]
DeepStack: folds
Uncalled bet ($150) returned to Nate_@NateMeyvis
Nate_@NateMeyvis collected $300 from the pot
*** SUMMARY ***
Total pot $300 | Rake $0
Seat 1: DeepStack (button) (small blind) folded before the Flop
Seat 2: Nate_@NateMeyvis (big blind) collected ($300)

PokerStars Hand #1001500037: Tournament #16, Mar29_2017-at-15_22_1 Hold'em No Limit ($150/$300 USD) - 2017/03/29 17:22:37 ET
Table 'ACPC Match' 2-max Seat #2 is the button
Seat 1: DeepStack ($18000 in chips)
Seat 2: Nate_@NateMeyvis ($22000 in chips)
Nate_@NateMeyvis: posts small blind $150
DeepStack: posts big blind $300
*** HOLE CARDS ***
Dealt to DeepStack [2d 3s]
Dealt to Nate_@NateMeyvis [7h 4d]
Nate_@NateMeyvis: folds
Uncalled bet ($150) returned to DeepStack
DeepStack collected $300 from the pot
*** SUMMARY ***
Total pot $300 | Rake $0
Seat 1: DeepStack (big blind) collected ($300)
Seat 2: Nate_@NateMeyvis (button) (small blind) folded before the Flop

PokerStars Hand #1001500038: Tournament #16, Mar29_2017-at-15_22_1 Hold'em No Limit ($150/$300 USD) - 2017/03/29 17:22:38 ET
Table 'ACPC Match' 2-max Seat #1 is the button
Seat 1: DeepStack ($18150 in chips)
Seat 2: Nate_@NateMeyvis ($21850 in chips)
DeepStack: posts small blind $150
Nate_@NateMeyvis: posts big blind $300
*** HOLE CARDS ***
Dealt to DeepStack [7c 5d]
Dealt to Nate_@NateMeyvis [2d 9d]
DeepStack: raises $600 to $900
Nate_@NateMeyvis: folds
Uncalled bet ($600) returned to DeepStack
DeepStack collected $600 from the pot
*** SUMMARY ***
Total pot $600 | Rake $0
Seat 1: DeepStack (button) (small blind) collected ($600)
Seat 2: Nate_@NateMeyvis (big blind) folded before the Flop

PokerStars Hand #1001500039: Tournament #16, Mar29_2017-at-15_22_1 Hold'em No Limit ($150/$300 USD) - 2017/03/29 17:22:39 ET
Table 'ACPC Match' 2-max Seat #2 is the button
Seat 1: DeepStack ($18450 in chips)
Seat 2: Nate_@NateMeyvis ($21550 in chips)
Nate_@NateMeyvis: posts small blind $150
DeepStack: posts big blind $300
*** HOLE CARDS ***
Dealt to DeepStack [3d 6h]
Dealt to Nate_@NateMeyvis [9h Js]
Nate_@NateMeyvis: raises $450 to $750
DeepStack: folds
Uncalled bet ($450) returned to Nate_@NateMeyvis
Nate_@NateMeyvis collected $600 from the pot
*** SUMMARY ***
Total pot $600 | Rake $0
Seat 1: DeepStack (big blind) folded before the Flop
Seat 2: Nate_@NateMeyvis (button) (small blind) collected ($600)

PokerStars Hand #1001500040: Tournament #16, Mar29_2017-at-15_22_1 Hold'em No Limit ($150/$300 USD) - 2017/03/29 17:22:40 ET
Table 'ACPC Match' 2-max Seat #1 is the button
Seat 1: DeepStack ($18150 in chips)
Seat 2: Nate_@NateMeyvis ($21850 in chips)
DeepStack: posts small blind $150
Nate_@NateMeyvis: posts big blind $300
*** HOLE CARDS ***
Dealt to DeepStack [7s Ad]
Dealt to Nate_@NateMeyvis [5d 8d]
DeepStack: raises $600 to $900
Nate_@NateMeyvis: folds
Uncalled bet ($600) returned to DeepStack
DeepStack collected $600 from the pot
*** SUMMARY ***
Total pot $600 | Rake $0
Seat 1: DeepStack (button) (small blind) collected ($600)
Seat 2: Nate_@NateMeyvis (big blind) folded before the Flop

PokerStars Hand #1001500041: Tournament #16, Mar29_2017-at-15_22_1 Hold'em No Limit ($200/$400 USD) - 2017/03/29 17:22:41 ET
Table 'ACPC Match' 2-max Seat #2 is the button
Seat 1: DeepStack ($18450 in chips)
Seat 2: Nate_@NateMeyvis ($21550 in chips)
Nate_@NateMeyvis: posts small blind $200
DeepStack: posts big blind $400
*** HOLE CARDS ***
Dealt to DeepStack [7d 5c]
Dealt to Nate_@NateMeyvis [Ah Jd]
Nate_@NateMeyvis: raises $600 to $1000
DeepStack: raises $2000 to $3000
Nate_@NateMeyvis: calls $2000
*** FLOP **** [8d Td Qh]
DeepStack: checks
Nate_@NateMeyvis: checks
*** TURN **** [7c]
DeepStack: checks
Nate_@NateMeyvis: checks
*** RIVER **** [As]
DeepStack: checks
Nate_@NateMeyvis: checks
*** SHOW DOWN ***
DeepStack: shows [7d 5c] (a pair of Sevens)
Nate_@NateMeyvis: shows [Ah Jd] (a pair of Aces)
Nate_@NateMeyvis collected $6000 from pot
*** SUMMARY ***
Total pot $6000 | Rake $0
Board [8d Td Qh 7c As]
Seat 1: DeepStack (big blind) showed [7d 5c] and lost with a pair of Sevens
Seat 2: Nate_@NateMeyvis (button) (small blind) showed [Ah Jd] and won ($6000) with a pair of Aces

PokerStars Hand #1001500042: Tournament #16, Mar29_2017-at-15_22_1 Hold'em No Limit ($200/$400 USD) - 2017/03/29 17:22:42 ET
Table 'ACPC Match' 2-max Seat #1 is the button
Seat 1: DeepStack ($15450 in chips)
Seat 2: Nate_@NateMeyvis ($24550 in chips)
DeepStack: posts small blind $200
Nate_@NateMeyvis: posts big blind $400
*** HOLE CARDS ***
Dealt to DeepStack [2h 9h]
Dealt to Nate_@NateMeyvis [Th 4d]
DeepStack: calls $200
Nate_@NateMeyvis: checks
*** FLOP **** [Jh 7d 9d]
Nate_@NateMeyvis: checks
DeepStack: checks
*** TURN **** [6h]
Nate_@NateMeyvis: bets $600
DeepStack: calls $600
*** RIVER **** [Ac]
Nate_@NateMeyvis: bets $1500
DeepStack: calls $1500
*** SHOW DOWN ***
Nate_@NateMeyvis: shows [Th 4d] (Ace high)
DeepStack: shows [2h 9h] (a pair of Nines)
DeepStack collected $5000 from pot
*** SUMMARY ***
Total pot $5000 | Rake $0
Board [Jh 7d 9d 6h Ac]
Seat 1: DeepStack (button) (small blind) showed [2h 9h] and won ($5000) with a pair of Nines
Seat 2: Nate_@NateMeyvis (big blind) showed [Th 4d] and lost with Ace high

PokerStars Hand #1001500043: Tournament #16, Mar29_2017-at-15_22_1 Hold'em No Limit ($200/$400 USD) - 2017/03/29 17:22:43 ET
Table 'ACPC Match' 2-max Seat #2 is the button
Seat 1: DeepStack ($17950 in chips)
Seat 2: Nate_@NateMeyvis ($22050 in chips)
Nate_@NateMeyvis: posts small blind $200
DeepStack: posts big blind $400
*** HOLE CARDS ***
Dealt to DeepStack [5c Ac]
Dealt to Nate_@NateMeyvis [3c Ts]
Nate_@NateMeyvis: folds
Uncalled bet ($200) returned to DeepStack
DeepStack collected $400 from the pot
*** SUMMARY ***
Total pot $400 | Rake $0
Seat 1: DeepStack (big blind) collected ($400)
Seat 2: Nate_@NateMeyvis (button) (small blind) folded before the Flop

PokerStars Hand #1001500044: Tournament #16, Mar29_2017-at-15_22_1 Hold'em No Limit ($200/$400 USD) - 2017/03/29 17:22:44 ET
Table 'ACPC Match' 2-max Seat #1 is the button
Seat 1: DeepStack ($18150 in chips)
Seat 2: Nate_@NateMeyvis ($21850 in chips)
DeepStack: posts small blind $200
Nate_@NateMeyvis: posts big blind $400
*** HOLE CARDS ***
Dealt to DeepStack [9h Td]
Dealt to Nate_@NateMeyvis [8s 2h]
DeepStack: calls $200
Nate_@NateMeyvis: checks
*** FLOP **** [5c Jh 9c]
Nate_@NateMeyvis: checks
DeepStack: checks
*** TURN **** [Qd]
Nate_@NateMeyvis: checks
DeepStack: raises $800 to $800
Nate_@NateMeyvis: folds
Uncalled bet ($800) returned to DeepStack
DeepStack collected $800 from the pot
*** SUMMARY ***
Total pot $800 | Rake $0
Board [5c Jh 9c Qd]
Seat 1: DeepStack (button) (small blind) collected ($800)
Seat 2: Nate_@NateMeyvis (big blind) folded on the Turn

PokerStars Hand #1001500045: Tournament #16, Mar29_2017-at-15_22_1 Hold'em No Limit ($200/$400 USD) - 2017/03/29 17:22:45 ET
Table 'ACPC Match' 2-max Seat #2 is the button
Seat 1: DeepStack ($18550 in chips)
Seat 2: Nate_@NateMeyvis ($21450 in chips)
Nate_@NateMeyvis: posts small blind $200
DeepStack: posts big blind $400
*** HOLE CARDS ***
Dealt to DeepStack [2c 9s]
Dealt to Nate_@NateMeyvis [Qs Qd]
Nate_@NateMeyvis: raises $600 to $1000
DeepStack: folds
Uncalled bet ($600) returned to Nate_@NateMeyvis
Nate_@NateMeyvis collected $800 from the pot
*** SUMMARY ***
Total pot $800 | Rake $0
Seat 1: DeepStack (big blind) folded before the Flop
Seat 2: Nate_@NateMeyvis (button) (small blind) collected ($800)

PokerStars Hand #1001500046: Tournament #16, Mar29_2017-at-15_22_1 Hold'em No Limit ($200/$400 USD) - 2017/03/29 17:22:46 ET
Table 'ACPC Match' 2-max Seat #1 is the button
Seat 1: DeepStack ($18150 in chips)
Seat 2: Nate_@NateMeyvis ($21850 in chips)
DeepStack: posts small blind $200
Nate_@NateMeyvis: posts big blind $400
*** HOLE CARDS ***
Dealt to DeepStack [Jd 8h]
Dealt to Nate_@NateMeyvis [Kh Js]
DeepStack: raises $400 to $800
Nate_@NateMeyvis: calls $400
*** FLOP **** [3s Jh 6c]
Nate_@NateMeyvis: checks
DeepStack: raises $800 to $800
Nate_@NateMeyvis: calls $800
*** TURN **** [2d]
Nate_@NateMeyvis: checks
DeepStack: checks
*** RIVER **** [3h]
Nate_@NateMeyvis: bets $1600
DeepStack: calls $1600
*** SHOW DOWN ***
Nate_@NateMeyvis: shows [Kh Js] (two pair, Jacks and Threes)
DeepStack: shows [Jd 8h] (two pair, Jacks and Threes)
Nate_@NateMeyvis collected $6400 from pot
*** SUMMARY ***
Total pot $6400 | Rake $0
Board [3s Jh 6c 2d 3h]
Seat 1: DeepStack (button) (small blind) showed [Jd 8h] and lost with two pair, Jacks and Threes
Seat 2: Nate_@NateMeyvis (big blind) showed [Kh Js] and won ($6400) with two pair, Jacks and Threes

PokerStars Hand #1001500047: Tournament #16, Mar29_2017-at-15_22_1 Hold'em No Limit ($200/$400 USD) - 2017/03/29 17:22:47 ET
Table 'ACPC Match' 2-max Seat #2 is the button
Seat 1: DeepStack ($14950 in chips)
Seat 2: Nate_@NateMeyvis ($25050 in chips)
Nate_@NateMeyvis: posts small blind $200
DeepStack: posts big blind $400
*** HOLE CARDS ***
Dealt to DeepStack [Jd 3d]
Dealt to Nate_@NateMeyvis [Ad 4c]
Nate_@NateMeyvis: raises $600 to $1000
DeepStack: calls $600
*** FLOP **** [9c 5s Jc]
DeepStack: checks
Nate_@NateMeyvis: checks
*** TURN **** [4s]
DeepStack: bets $2000
Nate_@NateMeyvis: folds
Uncalled bet ($2000) returned to DeepStack
DeepStack collected $2000 from the pot
*** SUMMARY ***
Total pot $2000 | Rake $0
Board [9c 5s Jc 4s]
Seat 1: DeepStack (big blind) collected ($2000)
Seat 2: Nate_@NateMeyvis (button) (small blind) folded on the Turn

PokerStars Hand #1001500048: Tournament #16, Mar29_2017-at-15_22_1 Hold'em No Limit ($200/$400 USD) - 2017/03/29 17:22:48 ET
Table 'ACPC Match' 2-max Seat #1 is the button
Seat 1: DeepStack ($15950 in chips)
Seat 2: Nate_@NateMeyvis ($24050 in chips)
DeepStack: posts small blind $200
Nate_@NateMeyvis: posts big blind $400
*** HOLE CARDS ***
Dealt to DeepStack [Qc 8d]
Dealt to Nate_@NateMeyvis [7c 5c]
DeepStack: raises $400 to $800
Nate_@NateMeyvis: calls $400
*** FLOP **** [3d 2d Qd]
Nate_@NateMeyvis: checks
DeepStack: raises $800 to $800
Nate_@NateMeyvis: folds
Uncalled bet ($800) returned to DeepStack
DeepStack collected $1600 from the pot
*** SUMMARY ***
Total pot $1600 | Rake $0
Board [3d 2d Qd]
Seat 1: DeepStack (button) (small blind) collected ($1600)
Seat 2: Nate_@NateMeyvis (big blind) folded on the Flop

PokerStars Hand #1001500049: Tournament #16, Mar29_2017-at-15_22_1 Hold'em No Limit ($200/$400 USD) - 2017/03/29 17:22:49 ET
Table 'ACPC Match' 2-max Seat #2 is the button
Seat 1: DeepStack ($16750 in chips)
Seat 2: Nate_@NateMeyvis ($23250 in chips)
Nate_@NateMeyvis: posts small blind $200
DeepStack: posts big blind $400
*** HOLE CARDS ***
Dealt to DeepStack [2s 6d]
Dealt to Nate_@NateMeyvis [6s 5d]
Nate_@NateMeyvis: raises $600 to $1000
DeepStack: folds
Uncalled bet ($600) returned to Nate_@NateMeyvis
Nate_@NateMeyvis collected $800 from the pot
*** SUMMARY ***
Total pot $800 | Rake $0
Seat 1: DeepStack (big blind) folded before the Flop
Seat 2: Nate_@NateMeyvis (button) (small blind) collected ($800)

PokerStars Hand #1001500050: Tournament #16, Mar29_2017-at-15_22_1 Hold'em No Limit ($200/$400 USD) - 2017/03/29 17:22:50 ET
Table 'ACPC Match' 2-max Seat #1 is the button
Seat 1: DeepStack ($16350 in chips)
Seat 2: Nate_@NateMeyvis ($23650 in chips)
DeepStack: posts small blind $200
Nate_@NateMeyvis: posts big blind $400
*** HOLE CARDS ***
Dealt to DeepStack [8h Kh]
Dealt to Nate_@NateMeyvis [7d Ad]
DeepStack: raises $400 to $800
Nate_@NateMeyvis: calls $400
*** FLOP **** [7s 6c 8c]
Nate_@NateMeyvis: checks
DeepStack: raises $1600 to $1600
Nate_@NateMeyvis: calls $1600
*** TURN **** [9h]
Nate_@NateMeyvis: checks
DeepStack: raises $4800 to $4800
Nate_@NateMeyvis: folds
Uncalled bet ($4800) returned to DeepStack
DeepStack collected $4800 from the pot
*** SUMMARY ***
Total pot $4800 | Rake $0
Board [7s 6c 8c 9h]
Seat 1: DeepStack (button) (small blind) collected ($4800)
Seat 2: Nate_@NateMeyvis (big blind) folded on the Turn

PokerStars Hand #1001500051: Tournament #16, Mar29_2017-at-15_22_1 Hold'em No Limit ($300/$600 USD) - 2017/03/29 17:22:51 ET
Table 'ACPC Match' 2-max Seat #2 is the button
Seat 1: DeepStack ($18750 in chips)
Seat 2: Nate_@NateMeyvis ($21250 in chips)
Nate_@NateMeyvis: posts small blind $300
DeepStack: posts big blind $600
*** HOLE CARDS ***
Dealt to DeepStack [Th 8d]
Dealt to Nate_@NateMeyvis [9c Ts]
Nate_@NateMeyvis: raises $600 to $1200
DeepStack: calls $600
*** FLOP **** [Jc 3h 6d]
DeepStack: checks
Nate_@NateMeyvis: raises $1200 to $1200
DeepStack: folds
Uncalled bet ($1200) returned to Nate_@NateMeyvis
Nate_@NateMeyvis collected $2400 from the pot
*** SUMMARY ***
Total pot $2400 | Rake $0
Board [Jc 3h 6d]
Seat 1: DeepStack (big blind) folded on the Flop
Seat 2: Nate_@NateMeyvis (button) (small blind) collected ($2400)

PokerStars Hand #1001500052: Tournament #16, Mar29_2017-at-15_22_1 Hold'em No Limit ($300/$600 USD) - 2017/03/29 17:22:52 ET
Table 'ACPC Match' 2-max Seat #1 is the button
Seat 1: DeepStack ($17550 in chips)
Seat 2: Nate_@NateMeyvis ($22450 in chips)
DeepStack: posts small blind $300
Nate_@NateMeyvis: posts big blind $600
*** HOLE CARDS ***
Dealt to DeepStack [4h 7h]
Dealt to Nate_@NateMeyvis [8s 6h]
DeepStack: calls $300
Nate_@NateMeyvis: checks
*** FLOP **** [4c Qh 6d]
Nate_@NateMeyvis: checks
DeepStack: raises $600 to $600
Nate_@NateMeyvis: calls $600
*** TURN **** [8c]
Nate_@NateMeyvis: checks
DeepStack: raises $2400 to $2400
Nate_@NateMeyvis: calls $2400
*** RIVER **** [Th]
Nate_@NateMeyvis: checks
DeepStack: checks
*** SHOW DOWN ***
Nate_@NateMeyvis: shows [8s 6h] (two pair, Eights and Sixes)
DeepStack: shows [4h 7h] (a pair of Fours)
Nate_@NateMeyvis collected $7200 from pot
*** SUMMARY ***
Total pot $7200 | Rake $0
Board [4c Qh 6d 8c Th]
Seat 1: DeepStack (button) (small blind) showed [4h 7h] and lost with a pair of Fours
Seat 2: Nate_@NateMeyvis (big blind) showed [8s 6h] and won ($7200) with two pair, Eights and Sixes

PokerStars Hand #1001500053: Tournament #16, Mar29_2017-at-15_22_1 Hold'em No Limit ($300/$600 USD) - 2017/03/29 17:22:53 ET
Table 'ACPC Match' 2-max Seat #2 is the button
Seat 1: DeepStack ($13950 in chips)
Seat 2: Nate_@NateMeyvis ($26050 in chips)
Nate_@NateMeyvis: posts small blind $300
DeepStack: posts big blind $600
*** HOLE CARDS ***
Dealt to DeepStack [Ah Qs]
Dealt to Nate_@NateMeyvis [3c Jh]
Nate_@NateMeyvis: calls $300
DeepStack: raises $13350 to $13950 and is all-in
Nate_@NateMeyvis: folds
Uncalled bet ($13350) returned to DeepStack
DeepStack collected $1200 from the pot
*** SUMMARY ***
Total pot $1200 | Rake $0
Seat 1: DeepStack (big blind) collected ($1200)
Seat 2: Nate_@NateMeyvis (button) (small blind) folded before the Flop

PokerStars Hand #1001500054: Tournament #16, Mar29_2017-at-15_22_1 Hold'em No Limit ($300/$600 USD) - 2017/03/29 17:22:54 ET
Table 'ACPC Match' 2-max Seat #1 is the button
Seat 1: DeepStack ($14550 in chips)
Seat 2: Nate_@NateMeyvis ($25450 in chips)
DeepStack: posts small blind $300
Nate_@NateMeyvis: posts big blind $600
*** HOLE CARDS ***
Dealt to DeepStack [Kh 9c]
Dealt to Nate_@NateMeyvis [3h 6s]
DeepStack: raises $600 to $1200
Nate_@NateMeyvis: folds
Uncalled bet ($600) returned to DeepStack
DeepStack collected $1200 from the pot
*** SUMMARY ***
Total pot $1200 | Rake $0
Seat 1: DeepStack (button) (small blind) collected ($1200)
Seat 2: Nate_@NateMeyvis (big blind) folded before the Flop

PokerStars Hand #1001500055: Tournament #16, Mar29_2017-at-15_22_1 Hold'em No Limit ($300/$600 USD) - 2017/03/29 17:22:55 ET
Table 'ACPC Match' 2-max Seat #2 is the button
Seat 1: DeepStack ($15150 in chips)
Seat 2: Nate_@NateMeyvis ($24850 in chips)
Nate_@NateMeyvis: posts small blind $300
DeepStack: posts big blind $600
*** HOLE CARDS ***
Dealt to DeepStack [4d 9c]
Dealt to Nate_@NateMeyvis [7h 5d]
Nate_@NateMeyvis: raises $600 to $1200
DeepStack: folds
Uncalled bet ($600) returned to Nate_@NateMeyvis
Nate_@NateMeyvis collected $1200 from the pot
*** SUMMARY ***
Total pot $1200 | Rake $0
Seat 1: DeepStack (big blind) folded before the Flop
Seat 2: Nate_@NateMeyvis (button) (small blind) collected ($1200)

PokerStars Hand #1001500056: Tournament #16, Mar29_2017-at-15_22_1 Hold'em No Limit ($300/$600 USD) - 2017/03/29 17:22:56 ET
Table 'ACPC Match' 2-max Seat #1 is the button
Seat 1: DeepStack ($14550 in chips)
Seat 2: Nate_@NateMeyvis ($25450 in chips)
DeepStack: posts small blind $300
Nate_@NateMeyvis: posts big blind $600
*** HOLE CARDS ***
Dealt to DeepStack [8s 6c]
Dealt to Nate_@NateMeyvis [9h Tc]
DeepStack: calls $300
Nate_@NateMeyvis: checks
*** FLOP **** [3d 4d 5d]
Nate_@NateMeyvis: checks
DeepStack: raises $600 to $600
Nate_@NateMeyvis: folds
Uncalled bet ($600) returned to DeepStack
DeepStack collected $1200 from the pot
*** SUMMARY ***
Total pot $1200 | Rake $0
Board [3d 4d 5d]
Seat 1: DeepStack (button) (small blind) collected ($1200)
Seat 2: Nate_@NateMeyvis (big blind) folded on the Flop

PokerStars Hand #1001500057: Tournament #16, Mar29_2017-at-15_22_1 Hold'em No Limit ($300/$600 USD) - 2017/03/29 17:22:57 ET
Table 'ACPC Match' 2-max Seat #2 is the button
Seat 1: DeepStack ($15150 in chips)
Seat 2: Nate_@NateMeyvis ($24850 in chips)
Nate_@NateMeyvis: posts small blind $300
DeepStack: posts big blind $600
*** HOLE CARDS ***
Dealt to DeepStack [7c Qh]
Dealt to Nate_@NateMeyvis [7d Qd]
Nate_@NateMeyvis: raises $600 to $1200
DeepStack: calls $600
*** FLOP **** [5s 6d Jh]
DeepStack: checks
Nate_@NateMeyvis: raises $1200 to $1200
DeepStack: folds
Uncalled bet ($1200) returned to Nate_@NateMeyvis
Nate_@NateMeyvis collected $2400 from the pot
*** SUMMARY ***
Total pot $2400 | Rake $0
Board [5s 6d Jh]
Seat 1: DeepStack (big blind) folded on the Flop
Seat 2: Nate_@NateMeyvis (button) (small blind) collected ($2400)

PokerStars Hand #1001500058: Tournament #16, Mar29_2017-at-15_22_1 Hold'em No Limit ($300/$600 USD) - 2017/03/29 17:22:58 ET
Table 'ACPC Match' 2-max Seat #1 is the button
Seat 1: DeepStack ($13950 in chips)
Seat 2: Nate_@NateMeyvis ($26050 in chips)
DeepStack: posts small blind $300
Nate_@NateMeyvis: posts big blind $600
*** HOLE CARDS ***
Dealt to DeepStack [4h 7s]
Dealt to Nate_@NateMeyvis [2h 4d]
DeepStack: calls $300
Nate_@NateMeyvis: checks
*** FLOP **** [8c Jh Qh]
Nate_@NateMeyvis: checks
DeepStack: raises $600 to $600
Nate_@NateMeyvis: folds
Uncalled bet ($600) returned to DeepStack
DeepStack collected $1200 from the pot
*** SUMMARY ***
Total pot $1200 | Rake $0
Board [8c Jh Qh]
Seat 1: DeepStack (button) (small blind) collected ($1200)
Seat 2: Nate_@NateMeyvis (big blind) folded on the Flop

PokerStars Hand #1001500059: Tournament #16, Mar29_2017-at-15_22_1 Hold'em No Limit ($300/$600 USD) - 2017/03/29 17:22:59 ET
Table 'ACPC Match' 2-max Seat #2 is the button
Seat 1: DeepStack ($14550 in chips)
Seat 2: Nate_@NateMeyvis ($25450 in chips)
Nate_@NateMeyvis: posts small blind $300
DeepStack: posts big blind $600
*** HOLE CARDS ***
Dealt to DeepStack [2s 2h]
Dealt to Nate_@NateMeyvis [6d Jd]
Nate_@NateMeyvis: raises $600 to $1200
DeepStack: raises $13350 to $14550 and is all-in
Nate_@NateMeyvis: folds
Uncalled bet ($13350) returned to DeepStack
DeepStack collected $2400 from the pot
*** SUMMARY ***
Total pot $2400 | Rake $0
Seat 1: DeepStack (big blind) collected ($2400)
Seat 2: Nate_@NateMeyvis (button) (small blind) folded before the Flop

PokerStars Hand #1001500060: Tournament #16, Mar29_2017-at-15_22_1 Hold'em No Limit ($300/$600 USD) - 2017/03/29 17:23:00 ET
Table 'ACPC Match' 2-max Seat #1 is the button
Seat 1: DeepStack ($15750 in chips)
Seat 2: Nate_@NateMeyvis ($24250 in chips)
DeepStack: posts small blind $300
Nate_@NateMeyvis: posts big blind $600
*** HOLE CARDS ***
Dealt to DeepStack [9c Qc]
Dealt to Nate_@NateMeyvis [5c 6s]
DeepStack: raises $600 to $1200
Nate_@NateMeyvis: folds
Uncalled bet ($600) returned to DeepStack
DeepStack collected $1200 from the pot
*** SUMMARY ***
Total pot $1200 | Rake $0
Seat 1: DeepStack (button) (small blind) collected ($1200)
Seat 2: Nate_@NateMeyvis (big blind) folded before the Flop

PokerStars Hand #1001500061: Tournament #16, Mar29_2017-at-15_22_1 Hold'em No Limit ($400/$800 USD) - 2017/03/29 17:23:01 ET
Table 'ACPC Match' 2-max Seat #2 is the button
Seat 1: DeepStack ($16350 in chips)
Seat 2: Nate_@NateMeyvis ($23650 in chips)
Nate_@NateMeyvis: posts small blind $400
DeepStack: posts big blind $800
*** HOLE CARDS ***
Dealt to DeepStack [Jd Ks]
Dealt to Nate_@NateMeyvis [Qd 2s]
Nate_@NateMeyvis: raises $800 to $1600
DeepStack: calls $800
*** FLOP **** [9d 6h Jc]
DeepStack: checks
Nate_@NateMeyvis: raises $1600 to $1600
DeepStack: raises $13150 to $14750 and is all-in
Nate_@NateMeyvis: folds
Uncalled bet ($13150) returned to DeepStack
DeepStack collected $6400 from the pot
*** SUMMARY ***
Total pot $6400 | Rake $0
Board [9d 6h Jc]
Seat 1: DeepStack (big blind) collected ($6400)
Seat 2: Nate_@NateMeyvis (button) (small blind) folded on the Flop

PokerStars Hand #1001500062: Tournament #16, Mar29_2017-at-15_22_1 Hold'em No Limit ($400/$800 USD) - 2017/03/29 17:23:02 ET
Table 'ACPC Match' 2-max Seat #1 is the button
Seat 1: DeepStack ($19550 in chips)
Seat 2: Nate_@NateMeyvis ($20450 in chips)
DeepStack: posts small blind $400
Nate_@NateMeyvis: posts big blind $800
*** HOLE CARDS ***
Dealt to DeepStack [Kc Js]
Dealt to Nate_@NateMeyvis [Jd Jc]
DeepStack: calls $400
Nate_@NateMeyvis: raises $1600 to $2400
DeepStack: calls $1600
*** FLOP **** [4h 4s 7d]
Nate_@NateMeyvis: bets $2400
DeepStack: calls $2400
*** TURN **** [9s]
Nate_@NateMeyvis: bets $3750
DeepStack: calls $3750
*** RIVER **** [7s]
Nate_@NateMeyvis: checks
DeepStack: checks
*** SHOW DOWN ***
Nate_@NateMeyvis: shows [Jd Jc] (two pair, Jacks and Sevens)
DeepStack: shows [Kc Js] (two pair, Sevens and Fours)
Nate_@NateMeyvis collected $17100 from pot
*** SUMMARY ***
Total pot $17100 | Rake $0
Board [4h 4s 7d 9s 7s]
Seat 1: DeepStack (button) (small blind) showed [Kc Js] and lost with two pair, Sevens and Fours
Seat 2: Nate_@NateMeyvis (big blind) showed [Jd Jc] and won ($17100) with two pair, Jacks and Sevens

PokerStars Hand #1001500063: Tournament #16, Mar29_2017-at-15_22_1 Hold'em No Limit ($400/$800 USD) - 2017/03/29 17:23:03 ET
Table 'ACPC Match' 2-max Seat #2 is the button
Seat 1: DeepStack ($11000 in chips)
Seat 2: Nate_@NateMeyvis ($29000 in chips)
Nate_@NateMeyvis: posts small blind $400
DeepStack: posts big blind $800
*** HOLE CARDS ***
Dealt to DeepStack [Tc As]
Dealt to Nate_@NateMeyvis [9d 2d]
Nate_@NateMeyvis: calls $400
DeepStack: raises $10200 to $11000 and is all-in
Nate_@NateMeyvis: folds
Uncalled bet ($10200) returned to DeepStack
DeepStack collected $1600 from the pot
*** SUMMARY ***
Total pot $1600 | Rake $0
Seat 1: DeepStack (big blind) collected ($1600)
Seat 2: Nate_@NateMeyvis (button) (small blind) folded before the Flop

PokerStars Hand #1001500064: Tournament #16, Mar29_2017-at-15_22_1 Hold'em No Limit ($400/$800 USD) - 2017/03/29 17:23:04 ET
Table 'ACPC Match' 2-max Seat #1 is the button
Seat 1: DeepStack ($11800 in chips)
Seat 2: Nate_@NateMeyvis ($28200 in chips)
DeepStack: posts small blind $400
Nate_@NateMeyvis: posts big blind $800
*** HOLE CARDS ***
Dealt to DeepStack [9c 3d]
Dealt to Nate_@NateMeyvis [4s Ks]
DeepStack: calls $400
Nate_@NateMeyvis: raises $27400 to $28200 and is all-in
DeepStack: folds
Uncalled bet ($27400) returned to Nate_@NateMeyvis
Nate_@NateMeyvis collected $1600 from the pot
*** SUMMARY ***
Total pot $1600 | Rake $0
Seat 1: DeepStack (button) (small blind) folded before the Flop
Seat 2: Nate_@NateMeyvis (big blind) collected ($1600)

PokerStars Hand #1001500065: Tournament #16, Mar29_2017-at-15_22_1 Hold'em No Limit ($400/$800 USD) - 2017/03/29 17:23:05 ET
Table 'ACPC Match' 2-max Seat #2 is the button
Seat 1: DeepStack ($11000 in chips)
Seat 2: Nate_@NateMeyvis ($29000 in chips)
Nate_@NateMeyvis: posts small blind $400
DeepStack: posts big blind $800
*** HOLE CARDS ***
Dealt to DeepStack [9d Jc]
Dealt to Nate_@NateMeyvis [Qh 9h]
Nate_@NateMeyvis: raises $28200 to $29000 and is all-in
DeepStack: folds
Uncalled bet ($28200) returned to Nate_@NateMeyvis
Nate_@NateMeyvis collected $1600 from the pot
*** SUMMARY ***
Total pot $1600 | Rake $0
Seat 1: DeepStack (big blind) folded before the Flop
Seat 2: Nate_@NateMeyvis (button) (small blind) collected ($1600)

PokerStars Hand #1001500066: Tournament #16, Mar29_2017-at-15_22_1 Hold'em No Limit ($400/$800 USD) - 2017/03/29 17:23:06 ET
Table 'ACPC Match' 2-max Seat #1 is the button
Seat 1: DeepStack ($10200 in chips)
Seat 2: Nate_@NateMeyvis ($29800 in chips)
DeepStack: posts small blind $400
Nate_@NateMeyvis: posts big blind $800
*** HOLE CARDS ***
Dealt to DeepStack [3c 5d]
Dealt to Nate_@NateMeyvis [Jh 3s]
DeepStack: calls $400
Nate_@NateMeyvis: checks
*** FLOP **** [9h 8h Qc]
Nate_@NateMeyvis: checks
DeepStack: raises $800 to $800
Nate_@NateMeyvis: folds
Uncalled bet ($800) returned to DeepStack
DeepStack collected $1600 from the pot
*** SUMMARY ***
Total pot $1600 | Rake $0
Board [9h 8h Qc]
Seat 1: DeepStack (button) (small blind) collected ($1600)
Seat 2: Nate_@NateMeyvis (big blind) folded on the Flop

PokerStars Hand #1001500067: Tournament #16, Mar29_2017-at-15_22_1 Hold'em No Limit ($400/$800 USD) - 2017/03/29 17:23:07 ET
Table 'ACPC Match' 2-max Seat #2 is the button
Seat 1: DeepStack ($11000 in chips)
Seat 2: Nate_@NateMeyvis ($29000 in chips)
Nate_@NateMeyvis: posts small blind $400
DeepStack: posts big blind $800
*** HOLE CARDS ***
Dealt to DeepStack [2c 3s]
Dealt to Nate_@NateMeyvis [Ah 5c]
Nate_@NateMeyvis: raises $28200 to $29000 and is all-in
DeepStack: folds
Uncalled bet ($28200) returned to Nate_@NateMeyvis
Nate_@NateMeyvis collected $1600 from the pot
*** SUMMARY ***
Total pot $1600 | Rake $0
Seat 1: DeepStack (big blind) folded before the Flop
Seat 2: Nate_@NateMeyvis (button) (small blind) collected ($1600)

PokerStars Hand #1001500068: Tournament #16, Mar29_2017-at-15_22_1 Hold'em No Limit ($400/$800 USD) - 2017/03/29 17:23:08 ET
Table 'ACPC Match' 2-max Seat #1 is the button
Seat 1: DeepStack ($10200 in chips)
Seat 2: Nate_@NateMeyvis ($29800 in chips)
DeepStack: posts small blind $400
Nate_@NateMeyvis: posts big blind $800
*** HOLE CARDS ***
Dealt to DeepStack [Qc 9c]
Dealt to Nate_@NateMeyvis [9s Ac]
DeepStack: calls $400
Nate_@NateMeyvis: raises $29000 to $29800 and is all-in
DeepStack: calls $9400 and is all-in
Uncalled bet ($19600) returned to Nate_@NateMeyvis
*** FLOP **** [5s 8s 9d]
*** TURN **** [Js]
*** RIVER **** [8d]
*** SHOW DOWN ***
Nate_@NateMeyvis: shows [9s Ac] (two pair, Nines and Eights)
DeepStack: shows [Qc 9c] (two pair, Nines and Eights)
Nate_@NateMeyvis collected $20400 from pot
*** SUMMARY ***
Total pot $20400 | Rake $0
Board [5s 8s 9d Js 8d]
Seat 1: DeepStack (button) (small blind) showed [Qc 9c] and lost with two pair, Nines and Eights
Seat 2: Nate_@NateMeyvis (big blind) showed [9s Ac] and won ($20400) with two pair, Nines and Eights
