STATE:9000000001:20000|20000:100|50:r777f:Kh6s|Jd2d:-100|100:DeepStack|Taylor_@TaylorvonK 
STATE:9000000002:20100|19900:100|50:r200c/cr600f:Th9s|AdQd/KdAs2s:-200|200:Taylor_@TaylorvonK|DeepStack 
STATE:9000000003:20100|19900:100|50:r444f:8cJd|4sQd:-100|100:DeepStack|Taylor_@TaylorvonK 
STATE:9000000004:20000|20000:100|50:r200r1444f:3cKs|QcTs:200|-200:Taylor_@TaylorvonK|DeepStack 
STATE:9000000005:19800|20200:100|50:r200c/cc/r400r1088f:Qh6d|9cJs/9s7dTd/4d:-400|400:DeepStack|Taylor_@TaylorvonK 
STATE:9000000006:20600|19400:100|50:r300c/cc/r1744r5232f:5c6h|QsQc/3c7h2d/9h:-1744|1744:Taylor_@TaylorvonK|DeepStack 
STATE:9000000007:21144|18856:100|50:r444f:8s4h|Kc5s:-100|100:DeepStack|Taylor_@TaylorvonK 
STATE:9000000008:18956|21044:100|50:f:4dJd|2d8h:50|-50:Taylor_@TaylorvonK|DeepStack 
STATE:9000000009:20994|19006:100|50:r200c/cc/cr388f:3c5s|Js7s/2cJhTh/Ah:-200|200:DeepStack|Taylor_@TaylorvonK 
STATE:9000000010:19206|20794:100|50:r200c/cc/r1866f:2d6d|JdTs/4h3sQd/7d:200|-200:Taylor_@TaylorvonK|DeepStack 
STATE:9000000011:20594|19406:150|75:r300c/cr633c/cr1521f:Jc5c|Td7d/KsAd5d/Kc:-633|633:DeepStack|Taylor_@TaylorvonK 
STATE:9000000012:20039|19961:150|75:r450r2222f:4dKc|Ks3h:450|-450:Taylor_@TaylorvonK|DeepStack 
STATE:9000000013:19511|20489:150|75:r456c/cr2678c/cr9344c/cc:ThJs|KdQc/4hJd9s/4d/Kh:-9344|9344:DeepStack|Taylor_@TaylorvonK 
STATE:9000000014:29833|10167:150|75:cc/cc/cc/r1384c:5s4s|3cKc/2dQd2c/Ts/Ks:-1384|1384:Taylor_@TaylorvonK|DeepStack 
STATE:9000000015:11551|28449:150|75:r444c/r888r2666c/cc/cc:8hAd|7h9d/2s5cAs/4d/Kc:2666|-2666:DeepStack|Taylor_@TaylorvonK 
STATE:9000000016:25783|14217:150|75:r300f:2d5h|8sJh:-150|150:Taylor_@TaylorvonK|DeepStack 
STATE:9000000017:14367|25633:150|75:r300c/cr600c/cc/r1200f:Tc7h|5d5s/3hTd8c/Kd/Jh:600|-600:DeepStack|Taylor_@TaylorvonK 
STATE:9000000018:25033|14967:150|75:r450c/cr900r2227f:8d2d|6h8c/7d2hKh:900|-900:Taylor_@TaylorvonK|DeepStack 
STATE:9000000019:14067|25933:150|75:r300f:Td2c|3d8s:-150|150:DeepStack|Taylor_@TaylorvonK 
STATE:9000000020:26083|13917:150|75:f:3c3h|3s9c:75|-75:Taylor_@TaylorvonK|DeepStack 
STATE:9000000021:13842|26158:200|100:r555c/cr900c/cc/r1800f:Kc5d|8sKs/4s2cQh/9c/7s:900|-900:DeepStack|Taylor_@TaylorvonK 
STATE:9000000022:25258|14742:200|100:f:Tc2s|8c3s:100|-100:Taylor_@TaylorvonK|DeepStack 
STATE:9000000023:14642|25358:200|100:r400c/r1200f:8dQc|Jh3h/JdQs4c:400|-400:DeepStack|Taylor_@TaylorvonK 
STATE:9000000024:24958|15042:200|100:r600c/cr1200f:4d5d|Kd8h/7dKh9h:-600|600:Taylor_@TaylorvonK|DeepStack 
STATE:9000000025:15642|24358:200|100:r400c/cc/r800f:3dKd|4cAc/7d5hQs/Ks:400|-400:DeepStack|Taylor_@TaylorvonK 
STATE:9000000026:23958|16042:200|100:r400r2222f:4dKd|7s9d:400|-400:Taylor_@TaylorvonK|DeepStack 
STATE:9000000027:15642|24358:200|100:r888r2664f:KsQs|Js6h:888|-888:DeepStack|Taylor_@TaylorvonK 
STATE:9000000028:23470|16530:200|100:r400f:Td4s|6d6s:-200|200:Taylor_@TaylorvonK|DeepStack 
STATE:9000000029:16730|23270:200|100:r888f:2dKs|KcAd:-200|200:DeepStack|Taylor_@TaylorvonK 
STATE:9000000030:23470|16530:200|100:cc/cc/r400f:Ah2s|5sJh/6cAcTc/9c:200|-200:Taylor_@TaylorvonK|DeepStack 
STATE:9000000031:16330|23670:300|150:r600r1200f:5d5s|6h3s:600|-600:DeepStack|Taylor_@TaylorvonK 
STATE:9000000032:23070|16930:300|150:r900c/cc/r4233f:4c4d|Jh9h/8d4s3d/Qs:900|-900:Taylor_@TaylorvonK|DeepStack 
STATE:9000000033:16030|23970:300|150:f:4h9c|3h4s:150|-150:DeepStack|Taylor_@TaylorvonK 
STATE:9000000034:23820|16180:300|150:cc/cr900c/cr1800f:4dAc|Qd9s/4c9h2d/Js:-900|900:Taylor_@TaylorvonK|DeepStack 
STATE:9000000035:17080|22920:300|150:r1444f:Kh5c|8hJs:-300|300:DeepStack|Taylor_@TaylorvonK 
STATE:9000000036:23220|16780:300|150:r900c/cc/r2134c/r4480c:9c8h|Qd2h/9d9hAc/2s/5d:4480|-4480:Taylor_@TaylorvonK|DeepStack 
STATE:9000000037:12300|27700:300|150:r888r2664r27700f:As8d|2h2c:-2664|2664:DeepStack|Taylor_@TaylorvonK 
STATE:9000000038:30364|9636:300|150:r600c/cc/r3939f:4d5c|Qd4s/Ah2cKc/8d:600|-600:Taylor_@TaylorvonK|DeepStack 
STATE:9000000039:9036|30964:300|150:r999f:7s4d|Ks6h:-300|300:DeepStack|Taylor_@TaylorvonK 
STATE:9000000040:31264|8736:300|150:f:Js3c|3h2d:150|-150:Taylor_@TaylorvonK|DeepStack 
STATE:9000000041:8586|31414:400|200:r999f:Jh3c|JdJc:-400|400:DeepStack|Taylor_@TaylorvonK 
STATE:9000000042:31814|8186:400|200:cr2345c/cc/cc/cc:8d9h|JdQc/6s5c3s/8c/As:2345|-2345:Taylor_@TaylorvonK|DeepStack 
STATE:9000000043:5841|34159:400|200:r999f:3dJs|Ks3c:-400|400:DeepStack|Taylor_@TaylorvonK 
STATE:9000000044:34559|5441:400|200:r5441f:Qd8h|Ac7d:-400|400:Taylor_@TaylorvonK|DeepStack 
STATE:9000000045:5841|34159:400|200:f:3d2h|6s4h:200|-200:DeepStack|Taylor_@TaylorvonK 
STATE:9000000046:33959|6041:400|200:cr33959f:Ac3h|Qd3s:400|-400:Taylor_@TaylorvonK|DeepStack 
STATE:9000000047:5641|34359:400|200:cc/cr1634f:2c4d|TcQh/Qd5c7s:-400|400:DeepStack|Taylor_@TaylorvonK 
STATE:9000000048:34759|5241:400|200:cc/cc/cc/cr2000f:Jh3c|9cQc/5s8c4h/Kh/9s:-400|400:Taylor_@TaylorvonK|DeepStack 
STATE:9000000049:5641|34359:400|200:r800f:3h8s|Kd7d:-400|400:DeepStack|Taylor_@TaylorvonK 
STATE:9000000050:34759|5241:400|200:cc/cr1200r34759c//:4c9c|8dTh/3h8cTc/3c/7s:5241|-5241:Taylor_@TaylorvonK|DeepStack 
