STATE:9000100001:20000|20000:100|50:r777f:Td3d|2dKd:-100|100:DeepStack|Taylor_@TaylorvonK 
STATE:9000100002:20100|19900:100|50:cc/cr200f:4cJc|KdJh/ThAd8s:-100|100:Taylor_@TaylorvonK|DeepStack 
STATE:9000100003:20000|20000:100|50:r555c/cr2900f:9s8d|9c7d/6h5c3c:-555|555:DeepStack|Taylor_@TaylorvonK 
STATE:9000100004:20555|19445:100|50:r200r1666f:AcQc|4sKd:200|-200:Taylor_@TaylorvonK|DeepStack 
STATE:9000100005:19245|20755:100|50:r777f:8d2c|AcAd:-100|100:DeepStack|Taylor_@TaylorvonK 
STATE:9000100006:20855|19145:100|50:r300c/cr600c/cc/cr1800r20855f:ThJh|6hTc/QdJc2d/8s/7h:1800|-1800:Taylor_@TaylorvonK|DeepStack 
STATE:9000100007:17345|22655:100|50:r444c/cr1110c/cc/r3330c:Td5d|Ks3s/2d9c4d/Ts/4s:3330|-3330:DeepStack|Taylor_@TaylorvonK 
STATE:9000100008:19325|20675:100|50:cc/cc/cr200c/cc:6cAs|Qc3d/8dTs7s/9c/Qs:200|-200:Taylor_@TaylorvonK|DeepStack 
STATE:9000100009:20475|19525:100|50:r888c/cc/cc/r2664f:JcKd|4hQc/TdJs8c/8d/4c:888|-888:DeepStack|Taylor_@TaylorvonK 
STATE:9000100010:18637|21363:100|50:r300c/cr600c/cc/cr1800r6600f:4h5d|QdAs/2s7c5h/6c/Qc:1800|-1800:Taylor_@TaylorvonK|DeepStack 
STATE:9000100011:19563|20437:150|75:r555f:2d6c|Jc8s:-150|150:DeepStack|Taylor_@TaylorvonK 
STATE:9000100012:20587|19413:150|75:r300r1999f:Kh5c|6s5d:300|-300:Taylor_@TaylorvonK|DeepStack 
STATE:9000100013:19113|20887:150|75:f:4hKc|3s9c:75|-75:DeepStack|Taylor_@TaylorvonK 
STATE:9000100014:20812|19188:150|75:cc/cc/r372c/cc:7dTh|3c7h/2c8h7c/5s/4h:372|-372:Taylor_@TaylorvonK|DeepStack 
STATE:9000100015:18816|21184:150|75:r777f:4dAc|6sQd:-150|150:DeepStack|Taylor_@TaylorvonK 
STATE:9000100016:21334|18666:150|75:r450c/cr1350f:JdQh|9dTs/7h4d4s:-450|450:Taylor_@TaylorvonK|DeepStack 
STATE:9000100017:19116|20884:150|75:f:7d6s|9d4s:75|-75:DeepStack|Taylor_@TaylorvonK 
STATE:9000100018:20809|19191:150|75:r450f:Ts6c|4h9h:-150|150:Taylor_@TaylorvonK|DeepStack 
STATE:9000100019:19341|20659:150|75:r888r2664f:Js8s|9h7d:888|-888:DeepStack|Taylor_@TaylorvonK 
STATE:9000100020:19771|20229:150|75:cr888c/r3110f:KsTh|Js9h/2d5c8c:888|-888:Taylor_@TaylorvonK|DeepStack 
STATE:9000100021:19341|20659:200|100:r999c/cr3554c/cc/cc:Qd9d|Kd5h/Qh2c4h/Kh/3c:-3554|3554:DeepStack|Taylor_@TaylorvonK 
STATE:9000100022:24213|15787:200|100:cr999c/cc/cc/r3554c:AdJs|9cKs/6h3c2d/Jc/9s:3554|-3554:Taylor_@TaylorvonK|DeepStack 
STATE:9000100023:12233|27767:200|100:r444r1332c/cr2220f:8dJd|5d4d/4hQhKs:-1332|1332:DeepStack|Taylor_@TaylorvonK 
STATE:9000100024:29099|10901:200|100:r400c/cr800r2399c/cc/r3287c:4s7s|KdTc/8hKh4c/5s/6h:3287|-3287:Taylor_@TaylorvonK|DeepStack 
STATE:9000100025:7614|32386:200|100:r567c/cr1801f:Td9s|Th9c/8c3sAd:-567|567:DeepStack|Taylor_@TaylorvonK 
STATE:9000100026:32953|7047:200|100:cc/cr400f:2h3s|6h6c/2cAsTc:-200|200:Taylor_@TaylorvonK|DeepStack 
STATE:9000100027:7247|32753:200|100:f:3s3h|9s5c:100|-100:DeepStack|Taylor_@TaylorvonK 
STATE:9000100028:32653|7347:200|100:r400f:8d5s|8hTd:-200|200:Taylor_@TaylorvonK|DeepStack 
STATE:9000100029:7547|32453:200|100:r777c/cc/cr2999f:Qs3s|4h7h/9h8d6c/Kc:-777|777:DeepStack|Taylor_@TaylorvonK 
STATE:9000100030:33230|6770:200|100:cc/cr400r1199f:2d9c|5cAh/7s6c6h:400|-400:Taylor_@TaylorvonK|DeepStack 
STATE:9000100031:6370|33630:300|150:f:4dAs|9d4c:150|-150:DeepStack|Taylor_@TaylorvonK 
STATE:9000100032:33480|6520:300|150:cr33480c///:2d2c|9cAh/7h9d8h/Tc/3d:-6520|6520:Taylor_@TaylorvonK|DeepStack 
STATE:9000100033:13040|26960:300|150:r999c/cr3344f:Qs9h|6c4h/2s3c7h:-999|999:DeepStack|Taylor_@TaylorvonK 
STATE:9000100034:27959|12041:300|150:r600r2222f:5cAh|3d4c:600|-600:Taylor_@TaylorvonK|DeepStack 
STATE:9000100035:11441|28559:300|150:r999c/cc/cc/cc:7hKc|7dAs/9c6hQc/4s/6d:-999|999:DeepStack|Taylor_@TaylorvonK 
STATE:9000100036:29558|10442:300|150:cc/cr600r2188c/cr4376f:QsTc|9dTh/9c9h8s/Qd:-2188|2188:Taylor_@TaylorvonK|DeepStack 
STATE:9000100037:12630|27370:300|150:r999r2997f:6hAs|Qd9h:999|-999:DeepStack|Taylor_@TaylorvonK 
STATE:9000100038:26371|13629:300|150:r600c/cc/r2822f:JcKs|8hTd/Kc2dQs/5c:600|-600:Taylor_@TaylorvonK|DeepStack 
STATE:9000100039:13029|26971:300|150:f:9h2h|7h3s:150|-150:DeepStack|Taylor_@TaylorvonK 
STATE:9000100040:26821|13179:300|150:r600f:4s7c|KcTh:-300|300:Taylor_@TaylorvonK|DeepStack 
STATE:9000100041:13479|26521:400|200:r1234c/cc/cc/r3702f:Qs5s|8dQc/Ac3dJd/4s/9d:1234|-1234:DeepStack|Taylor_@TaylorvonK 
STATE:9000100042:25287|14713:400|200:cc/cr800f:8d3d|Kc6d/4sJh5c:-400|400:Taylor_@TaylorvonK|DeepStack 
STATE:9000100043:15113|24887:400|200:f:7sAc|4s9c:200|-200:DeepStack|Taylor_@TaylorvonK 
STATE:9000100044:24687|15313:400|200:r800f:2h5d|3cAs:-400|400:Taylor_@TaylorvonK|DeepStack 
STATE:9000100045:15713|24287:400|200:r1234c/cc/cc/r2468c:Qh6c|2dAh/As4c8c/Ad/9c:-2468|2468:DeepStack|Taylor_@TaylorvonK 
STATE:9000100046:26755|13245:400|200:cc/cc/cr800f:Th8h|8c9h/KsAsAc/3h:-400|400:Taylor_@TaylorvonK|DeepStack 
STATE:9000100047:13645|26355:400|200:f:7c8d|7h4d:200|-200:DeepStack|Taylor_@TaylorvonK 
STATE:9000100048:26155|13845:400|200:r800c/cr2400c/cc/r5856f:AdTh|3c9c/6s4dAh/Jd/Qs:2400|-2400:Taylor_@TaylorvonK|DeepStack 
STATE:9000100049:11445|28555:400|200:r800c/cc/cr1577c/cc:As4s|Ah9c/6d8hTs/9s/3h:-1577|1577:DeepStack|Taylor_@TaylorvonK 
STATE:9000100050:30132|9868:400|200:r800f:3c6h|4sQd:-400|400:Taylor_@TaylorvonK|DeepStack 
STATE:9000100051:10268|29732:600|300:r1200c/cr3088c/cc/cc:6c8d|QhJs/2c4c3c/3d/8h:3088|-3088:DeepStack|Taylor_@TaylorvonK 
STATE:9000100052:26644|13356:600|300:cc/cr1200c/cr3600f:9c3h|8d2d/9dAc5d/2h:-1200|1200:Taylor_@TaylorvonK|DeepStack 
STATE:9000100053:14556|25444:600|300:r1200c/cr4088c/cr7421f:3cKd|KhJc/Kc8sTd/Jd:-4088|4088:DeepStack|Taylor_@TaylorvonK 
STATE:9000100054:29532|10468:600|300:cc/cr1200f:8c2h|6sQc/6dJh7d:-600|600:Taylor_@TaylorvonK|DeepStack 
STATE:9000100055:11068|28932:600|300:r1777f:9c2d|6cKd:-600|600:DeepStack|Taylor_@TaylorvonK 
STATE:9000100056:29532|10468:600|300:cr2222r10468f:7hKd|9sAh:-2222|2222:Taylor_@TaylorvonK|DeepStack 
STATE:9000100057:12690|27310:600|300:r1200c/r3600f:JdQh|AcTs/6h8c9d:1200|-1200:DeepStack|Taylor_@TaylorvonK 
STATE:9000100058:26110|13890:600|300:cc/cr1200f:7s8c|8h6c/JhQc5s:-600|600:Taylor_@TaylorvonK|DeepStack 
STATE:9000100059:14490|25510:600|300:r1200c/cr1989f:Js2s|7sTh/QdQh4c:-1200|1200:DeepStack|Taylor_@TaylorvonK 
STATE:9000100060:26710|13290:600|300:r1200f:3cTh|5dJc:-600|600:Taylor_@TaylorvonK|DeepStack 
STATE:9000100061:13890|26110:800|400:r1600c/cr2650f:Qd2c|8cTd/7c7s5s:-1600|1600:DeepStack|Taylor_@TaylorvonK 
STATE:9000100062:27710|12290:800|400:cc/cc/cc/cr2400f:6hQd|3hKd/5d4s9c/8s/2c:-800|800:Taylor_@TaylorvonK|DeepStack 
STATE:9000100063:13090|26910:800|400:r1600c/cr2650r5300f:JsTd|6hAs/7dKs7s:2650|-2650:DeepStack|Taylor_@TaylorvonK 
STATE:9000100064:24260|15740:800|400:cc/cr2400f:2hKc|TcKh/Th2s6s:-800|800:Taylor_@TaylorvonK|DeepStack 
STATE:9000100065:16540|23460:800|400:r1600c/cc/cc/r3200c:7s2s|Tc9d/Jc6dQd/Th/4h:-3200|3200:DeepStack|Taylor_@TaylorvonK 
STATE:9000100066:26660|13340:800|400:cc/cr1600f:9s8h|7hKh/6dJdAs:-800|800:Taylor_@TaylorvonK|DeepStack 
STATE:9000100067:14140|25860:800|400:r1600c/cr4933f:TcKh|5sJd/3s2c6d:-1600|1600:DeepStack|Taylor_@TaylorvonK 
STATE:9000100068:27460|12540:800|400:cc/cc/r1688c/r3910c:4dTs|9s6c/JdQsJs/2s/6s:3910|-3910:Taylor_@TaylorvonK|DeepStack 
STATE:9000100069:8630|31370:800|400:f:7s9d|3cJh:400|-400:DeepStack|Taylor_@TaylorvonK 
STATE:9000100070:30970|9030:800|400:cr30970f:AhQh|6c9h:800|-800:Taylor_@TaylorvonK|DeepStack 
STATE:9000100071:8230|31770:1000|500:r31770f:4h8d|3dQs:-1000|1000:DeepStack|Taylor_@TaylorvonK 
STATE:9000100072:32770|7230:1000|500:cr32770f:Kd3s|7hJs:1000|-1000:Taylor_@TaylorvonK|DeepStack 
STATE:9000100073:6230|33770:1000|500:r33770f:6h7s|5hKh:-1000|1000:DeepStack|Taylor_@TaylorvonK 
STATE:9000100074:34770|5230:1000|500:r2999f:2c6h|7c5c:-1000|1000:Taylor_@TaylorvonK|DeepStack 
STATE:9000100075:6230|33770:1000|500:r33770f:7h4s|2h2s:-1000|1000:DeepStack|Taylor_@TaylorvonK 
STATE:9000100076:34770|5230:1000|500:r2999f:5s6c|Qh5c:-1000|1000:Taylor_@TaylorvonK|DeepStack 
STATE:9000100077:6230|33770:1000|500:f:5h5d|2h7s:500|-500:DeepStack|Taylor_@TaylorvonK 
STATE:9000100078:33270|6730:1000|500:f:5dQh|6c5h:500|-500:Taylor_@TaylorvonK|DeepStack 
STATE:9000100079:6230|33770:1000|500:r33770c///:Ad6s|8hQc/5c9s7h/2s/8c:6230|-6230:DeepStack|Taylor_@TaylorvonK 
STATE:9000100080:27540|12460:1000|500:r12460f:9h5h|6dAs:-1000|1000:Taylor_@TaylorvonK|DeepStack 
STATE:9000100081:13460|26540:1500|750:r26540c///:3dAs|Ts6s/5h7c2h/7s/9c:13460|-13460:DeepStack|Taylor_@TaylorvonK 
STATE:9000100082:13080|26920:1500|750:cr13080f:Kd9s|6s5d:1500|-1500:Taylor_@TaylorvonK|DeepStack 
STATE:9000100083:25420|14580:1500|750:r14580f:5sJd|6dQs:-1500|1500:DeepStack|Taylor_@TaylorvonK 
STATE:9000100084:16080|23920:1500|750:cr16080f:Ac6d|8cTd:1500|-1500:Taylor_@TaylorvonK|DeepStack 
STATE:9000100085:22420|17580:1500|750:r17580f:6cKd|2d2c:-1500|1500:DeepStack|Taylor_@TaylorvonK 
STATE:9000100086:19080|20920:1500|750:cr19080f:7h6h|4d5s:1500|-1500:Taylor_@TaylorvonK|DeepStack 
STATE:9000100087:19420|20580:1500|750:f:Qs2s|9d3c:750|-750:DeepStack|Taylor_@TaylorvonK 
STATE:9000100088:19830|20170:1500|750:cc/cc/cc/cr4500c:5hTs|7h5c/Kd3s6s/9s/Tc:4500|-4500:Taylor_@TaylorvonK|DeepStack 
STATE:9000100089:15670|24330:1500|750:f:9cTd|5h7c:750|-750:DeepStack|Taylor_@TaylorvonK 
STATE:9000100090:23580|16420:1500|750:cc/cr3000c/cc/cr16420f:3dJc|9cTh/Ac6dJh/4s/4h:-3000|3000:Taylor_@TaylorvonK|DeepStack 
STATE:9000100091:19420|20580:2000|1000:cc/cr4000c/cc/cr6000c:2c9h|AdAs/Kh5d2s/Jc/Td:-6000|6000:DeepStack|Taylor_@TaylorvonK 
STATE:9000100092:26580|13420:2000|1000:r13420f:5s9d|4hAs:-2000|2000:Taylor_@TaylorvonK|DeepStack 
STATE:9000100093:15420|24580:2000|1000:f:8c7c|6d9h:1000|-1000:DeepStack|Taylor_@TaylorvonK 
STATE:9000100094:23580|16420:2000|1000:cc/cr4000c/cc/r8444r16420c:8hTh|9s6h/5hJh7h/7s/8s:16420|-16420:Taylor_@TaylorvonK|DeepStack 
