STATE:13000300001:20000|20000:100|50:f:9hJc|3h7d:50|-50:DeepStack|Bryan_Paris_@bparispoker 
STATE:13000300002:19950|20050:100|50:f:Kh2d|2s5d:50|-50:Bryan_Paris_@bparispoker|DeepStack 
STATE:13000300003:20000|20000:100|50:r300f:Qs4c|9h9s:-100|100:DeepStack|Bryan_Paris_@bparispoker 
STATE:13000300004:20100|19900:100|50:r200c/cr400f:5dJc|3cKh/8hTc6s:-200|200:Bryan_Paris_@bparispoker|DeepStack 
STATE:13000300005:20100|19900:100|50:r300c/cr600c/cc/r1800f:AsTh|QcKs/AcAd2d/3d/6c:600|-600:DeepStack|Bryan_Paris_@bparispoker 
STATE:13000300006:19300|20700:100|50:r300f:6s9d|QcKd:-100|100:Bryan_Paris_@bparispoker|DeepStack 
STATE:13000300007:20800|19200:100|50:r300f:4d7c|9sJh:-100|100:DeepStack|Bryan_Paris_@bparispoker 
STATE:13000300008:19300|20700:100|50:r300f:Ks5c|Ac8s:-100|100:Bryan_Paris_@bparispoker|DeepStack 
STATE:13000300009:20800|19200:100|50:r300c/cr600f:8dJh|3d3s/2c7s7c:-300|300:DeepStack|Bryan_Paris_@bparispoker 
STATE:13000300010:19500|20500:100|50:cc/cc/r300c/cc:Ks8d|3dJs/5sJh6d/8h/9c:-300|300:Bryan_Paris_@bparispoker|DeepStack 
STATE:13000300011:20800|19200:150|75:f:Qc6d|Qs2d:75|-75:DeepStack|Bryan_Paris_@bparispoker 
STATE:13000300012:19125|20875:150|75:f:AcJs|7d2c:75|-75:Bryan_Paris_@bparispoker|DeepStack 
STATE:13000300013:20800|19200:150|75:r450f:4sKh|3dAh:-150|150:DeepStack|Bryan_Paris_@bparispoker 
STATE:13000300014:19350|20650:150|75:cc/cc/cc/cr450c:3dKh|9dKd/9sQh7h/3c/4s:-450|450:Bryan_Paris_@bparispoker|DeepStack 
STATE:13000300015:21100|18900:150|75:r450r1350c/r2700c/cc/r8100f:Js9s|TcQh/Kc2dTs/9d/As:2700|-2700:DeepStack|Bryan_Paris_@bparispoker 
STATE:13000300016:16200|23800:150|75:r300c/cr600r1400f:5c5h|Jc9s/Ks3s4d:600|-600:Bryan_Paris_@bparispoker|DeepStack 
STATE:13000300017:23200|16800:150|75:f:2d6h|Jc5h:75|-75:DeepStack|Bryan_Paris_@bparispoker 
STATE:13000300018:16725|23275:150|75:cr600f:Ac8c|3h6c:150|-150:Bryan_Paris_@bparispoker|DeepStack 
STATE:13000300019:23125|16875:150|75:r450f:9h6c|2sQc:-150|150:DeepStack|Bryan_Paris_@bparispoker 
STATE:13000300020:17025|22975:150|75:cc/cr300f:4s7s|Th7h/Qc9d9c:-150|150:Bryan_Paris_@bparispoker|DeepStack 
STATE:13000300021:23125|16875:200|100:r600c/cc/r1800f:4d7d|Qd7s/AcTh5s/3h:600|-600:DeepStack|Bryan_Paris_@bparispoker 
STATE:13000300022:16275|23725:200|100:f:9d9c|4h2d:100|-100:Bryan_Paris_@bparispoker|DeepStack 
STATE:13000300023:23625|16375:200|100:r600f:4h8s|6cAd:-200|200:DeepStack|Bryan_Paris_@bparispoker 
STATE:13000300024:16575|23425:200|100:cc/cr400c/cr1200f:8cTd|8sKh/5s8hAd/4s:-400|400:Bryan_Paris_@bparispoker|DeepStack 
STATE:13000300025:23825|16175:200|100:f:6d8h|Ts2c:100|-100:DeepStack|Bryan_Paris_@bparispoker 
STATE:13000300026:16075|23925:200|100:cc/cc/cc/cr400f:3c3h|5s9c/4sKcQh/9d/7h:-200|200:Bryan_Paris_@bparispoker|DeepStack 
STATE:13000300027:24125|15875:200|100:f:2dTd|5s7c:100|-100:DeepStack|Bryan_Paris_@bparispoker 
STATE:13000300028:15775|24225:200|100:cc/cc/r500c/cr1500f:Qs7s|Tc5h/KdJhKh/Qh/Ad:-500|500:Bryan_Paris_@bparispoker|DeepStack 
STATE:13000300029:24725|15275:200|100:r600c/cc/cr1250c/cc:9hAd|4d4c/5d6cJd/2s/2d:-1250|1250:DeepStack|Bryan_Paris_@bparispoker 
STATE:13000300030:16525|23475:200|100:r400f:3dTh|8hAd:-200|200:Bryan_Paris_@bparispoker|DeepStack 
STATE:13000300031:23675|16325:300|150:r800f:8d2h|AsJd:-300|300:DeepStack|Bryan_Paris_@bparispoker 
STATE:13000300032:16625|23375:300|150:f:4cKc|5d2s:150|-150:Bryan_Paris_@bparispoker|DeepStack 
STATE:13000300033:23225|16775:300|150:r800r2400f:AdQd|9s8d:800|-800:DeepStack|Bryan_Paris_@bparispoker 
STATE:13000300034:15975|24025:300|150:r900f:7c4s|3hKc:-300|300:Bryan_Paris_@bparispoker|DeepStack 
STATE:13000300035:24325|15675:300|150:f:2dKd|Th4s:150|-150:DeepStack|Bryan_Paris_@bparispoker 
STATE:13000300036:15525|24475:300|150:cr1050c/r2375f:JdAc|Kd3h/6dAs5h:1050|-1050:Bryan_Paris_@bparispoker|DeepStack 
STATE:13000300037:23425|16575:300|150:r800f:Qs2h|KhTh:-300|300:DeepStack|Bryan_Paris_@bparispoker 
STATE:13000300038:16875|23125:300|150:r600f:Tc2h|Qd5d:-300|300:Bryan_Paris_@bparispoker|DeepStack 
STATE:13000300039:23425|16575:300|150:r800c/cr1950c/cr4275c/cr8575r16575c:Jh8h|3h2h/9hAh2d/6h/As:16575|-16575:DeepStack|Bryan_Paris_@bparispoker 
