STATE:13000100001:20000|20000:100|50:f:3d8c|2c5s:50|-50:DeepStack|Bryan_Paris_@bparispoker 
STATE:13000100002:19950|20050:100|50:cc/cc/cc/cc:Ks2c|3hJs/5c9h7c/5s/Qh:100|-100:Bryan_Paris_@bparispoker|DeepStack 
STATE:13000100003:19950|20050:100|50:r300r900r2650f:ThKs|KdKc:-900|900:DeepStack|Bryan_Paris_@bparispoker 
STATE:13000100004:20950|19050:100|50:r300f:5s8h|Jc7d:-100|100:Bryan_Paris_@bparispoker|DeepStack 
STATE:13000100005:19150|20850:100|50:f:Ad6c|4dTs:50|-50:DeepStack|Bryan_Paris_@bparispoker 
STATE:13000100006:20800|19200:100|50:r200c/cc/cc/cr400c:9c5c|6c7h/8sQh8d/Kc/5d:400|-400:Bryan_Paris_@bparispoker|DeepStack 
STATE:13000100007:18800|21200:100|50:r300c/cr600c/cc/r1200f:JhAs|Kh9h/Ad2d4c/8h/Jc:600|-600:DeepStack|Bryan_Paris_@bparispoker 
STATE:13000100008:20600|19400:100|50:r300f:4sQh|QcTh:-100|100:Bryan_Paris_@bparispoker|DeepStack 
STATE:13000100009:19500|20500:100|50:r300r900f:Js8s|Kd5h:300|-300:DeepStack|Bryan_Paris_@bparispoker 
STATE:13000100010:20200|19800:100|50:r300f:Kd2s|7sAh:-100|100:Bryan_Paris_@bparispoker|DeepStack 
STATE:13000100011:19900|20100:150|75:r450c/cc/cr825c/cc:As8d|JcJd/Ks5s5h/4s/8c:-825|825:DeepStack|Bryan_Paris_@bparispoker 
STATE:13000100012:20925|19075:150|75:r450f:2h6h|7d8d:-150|150:Bryan_Paris_@bparispoker|DeepStack 
STATE:13000100013:19225|20775:150|75:r450c/cr1350f:Qh9d|AdQd/7d6h4d:-450|450:DeepStack|Bryan_Paris_@bparispoker 
STATE:13000100014:21225|18775:150|75:r300r1325f:AcTd|7hKc:300|-300:Bryan_Paris_@bparispoker|DeepStack 
STATE:13000100015:18475|21525:150|75:r450f:3c9s|Kd5d:-150|150:DeepStack|Bryan_Paris_@bparispoker 
STATE:13000100016:21675|18325:150|75:cc/cc/cc/cc:Kh3d|5cJd/9sTsAc/4d/Ah:150|-150:Bryan_Paris_@bparispoker|DeepStack 
STATE:13000100017:18175|21825:150|75:r450f:2hQc|4d7d:-150|150:DeepStack|Bryan_Paris_@bparispoker 
STATE:13000100018:21975|18025:150|75:r300f:Th4s|Jd3d:-150|150:Bryan_Paris_@bparispoker|DeepStack 
STATE:13000100019:18175|21825:150|75:r450c/r900f:2hAd|AsQs/5d7d6d:450|-450:DeepStack|Bryan_Paris_@bparispoker 
STATE:13000100020:21375|18625:150|75:f:Qs7s|2d9c:75|-75:Bryan_Paris_@bparispoker|DeepStack 
STATE:13000100021:18550|21450:200|100:r600f:Jd6c|Jh7h:-200|200:DeepStack|Bryan_Paris_@bparispoker 
STATE:13000100022:21650|18350:200|100:f:2sTd|9s3c:100|-100:Bryan_Paris_@bparispoker|DeepStack 
STATE:13000100023:18250|21750:200|100:f:9h2c|6d2s:100|-100:DeepStack|Bryan_Paris_@bparispoker 
STATE:13000100024:21650|18350:200|100:r400c/cr1200f:Kc8d|AhJs/Jc3d9s:-400|400:Bryan_Paris_@bparispoker|DeepStack 
STATE:13000100025:18750|21250:200|100:r600f:6h2s|5dJh:-200|200:DeepStack|Bryan_Paris_@bparispoker 
STATE:13000100026:21450|18550:200|100:r600f:Jc4s|6h7h:-200|200:Bryan_Paris_@bparispoker|DeepStack 
STATE:13000100027:18750|21250:200|100:r600r1800f:AdAh|2h4h:600|-600:DeepStack|Bryan_Paris_@bparispoker 
STATE:13000100028:20650|19350:200|100:r600f:9d2c|7cQc:-200|200:Bryan_Paris_@bparispoker|DeepStack 
STATE:13000100029:19550|20450:200|100:f:As9h|2d8s:100|-100:DeepStack|Bryan_Paris_@bparispoker 
STATE:13000100030:20350|19650:200|100:r400r1550f:QdJd|7hKd:400|-400:Bryan_Paris_@bparispoker|DeepStack 
STATE:13000100031:19250|20750:300|150:r800c/cr2150c/cr5250f:9cQd|4hAd/Jc8d3d/Kh:-2150|2150:DeepStack|Bryan_Paris_@bparispoker 
STATE:13000100032:22900|17100:300|150:r600c/cc/cc/cc:5dAh|3s5h/7s2c3d/Jd/Qs:-600|600:Bryan_Paris_@bparispoker|DeepStack 
STATE:13000100033:17700|22300:300|150:r800f:Ts2h|Jh6s:-300|300:DeepStack|Bryan_Paris_@bparispoker 
STATE:13000100034:22600|17400:300|150:cc/cr600r1600f:Jh7c|2cQh/2sJd4s:600|-600:Bryan_Paris_@bparispoker|DeepStack 
STATE:13000100035:16800|23200:300|150:r800c/cc/cc/r4000f:Th9c|2s2d/TsJd6h/4s/Td:800|-800:DeepStack|Bryan_Paris_@bparispoker 
STATE:13000100036:22400|17600:300|150:r600c/cr1200r2900f:8sTh|JhQd/8h7c5d:1200|-1200:Bryan_Paris_@bparispoker|DeepStack 
STATE:13000100037:16400|23600:300|150:r800r2400f:KhQc|8hQd:800|-800:DeepStack|Bryan_Paris_@bparispoker 
STATE:13000100038:22800|17200:300|150:f:Ad5h|8c3h:150|-150:Bryan_Paris_@bparispoker|DeepStack 
STATE:13000100039:17050|22950:300|150:r800c/cr2200c/cr5450f:Ac5s|7h9c/2d6s5h/4s:-2200|2200:DeepStack|Bryan_Paris_@bparispoker 
STATE:13000100040:25150|14850:300|150:cc/cr600f:6s8h|Qs2c/3dQd5c:-300|300:Bryan_Paris_@bparispoker|DeepStack 
STATE:13000100041:15150|24850:400|200:r1100r15150f:5c5d|Ad3h:1100|-1100:DeepStack|Bryan_Paris_@bparispoker 
STATE:13000100042:23750|16250:400|200:cr1550f:KhTh|9d5s:400|-400:Bryan_Paris_@bparispoker|DeepStack 
STATE:13000100043:15850|24150:400|200:r1050c/cc/cc/cc:8d3d|5sQc/6hTc6s/2c/4h:-1050|1050:DeepStack|Bryan_Paris_@bparispoker 
STATE:13000100044:25200|14800:400|200:r800c/cr1600r3400f:2cKs|9h2h/5s4s3s:1600|-1600:Bryan_Paris_@bparispoker|DeepStack 
STATE:13000100045:13200|26800:400|200:r1050c/cr2500f:9d7h|Kd6s/3d5sJs:-1050|1050:DeepStack|Bryan_Paris_@bparispoker 
STATE:13000100046:27850|12150:400|200:r800f:9d5h|TdJs:-400|400:Bryan_Paris_@bparispoker|DeepStack 
STATE:13000100047:12550|27450:400|200:r1050r12550f:4cAh|7s8s:1050|-1050:DeepStack|Bryan_Paris_@bparispoker 
STATE:13000100048:26400|13600:400|200:r800c/cr2400c/cr4800c/cc:Qs4d|Ac3d/4c3hTd/2c/9h:4800|-4800:Bryan_Paris_@bparispoker|DeepStack 
STATE:13000100049:8800|31200:400|200:r800c/cr1300f:Jd5d|Td7s/4hAsAc:-800|800:DeepStack|Bryan_Paris_@bparispoker 
STATE:13000100050:32000|8000:400|200:cc/cr800f:5cQh|7h8c/Jh3dTc:-400|400:Bryan_Paris_@bparispoker|DeepStack 
STATE:13000100051:8400|31600:600|300:cc/cr1350f:2h9d|7s5s/8dQc5h:-600|600:DeepStack|Bryan_Paris_@bparispoker 
STATE:13000100052:32200|7800:600|300:r7800f:2dTh|6dAh:-600|600:Bryan_Paris_@bparispoker|DeepStack 
STATE:13000100053:8400|31600:600|300:cc/cc/cc/r1200f:Qs4s|6cTs/3sKdQh/7c/4d:600|-600:DeepStack|Bryan_Paris_@bparispoker 
STATE:13000100054:31000|9000:600|300:r1200f:7c3h|8hTc:-600|600:Bryan_Paris_@bparispoker|DeepStack 
STATE:13000100055:9600|30400:600|300:r30400f:9cJs|Ks9h:-600|600:DeepStack|Bryan_Paris_@bparispoker 
STATE:13000100056:31000|9000:600|300:r1200c/cr3600f:Qd7s|KdKh/2hTh8c:-1200|1200:Bryan_Paris_@bparispoker|DeepStack 
STATE:13000100057:10200|29800:600|300:cc/cr1500c/cr2800c/cc:8hKd|8cJh/ThAcQc/Ks/Tc:-2800|2800:DeepStack|Bryan_Paris_@bparispoker 
STATE:13000100058:32600|7400:600|300:cr32600f:Kd9s|2sJh:600|-600:Bryan_Paris_@bparispoker|DeepStack 
STATE:13000100059:6800|33200:600|300:r33200c///:7sAd|2h2c/4d3c7d/Qs/Kd:6800|-6800:DeepStack|Bryan_Paris_@bparispoker 
STATE:13000100060:26400|13600:600|300:r1200f:2hQd|7c7d:-600|600:Bryan_Paris_@bparispoker|DeepStack 
STATE:13000100061:14200|25800:800|400:r1600c/cr3050r6100f:Jd6c|Kd9d/3hAs6h:3050|-3050:DeepStack|Bryan_Paris_@bparispoker 
STATE:13000100062:22750|17250:800|400:cc/cr1600r3500f:4s8c|Jh9c/3d6c5s:1600|-1600:Bryan_Paris_@bparispoker|DeepStack 
STATE:13000100063:15650|24350:800|400:f:6hAh|7d3s:400|-400:DeepStack|Bryan_Paris_@bparispoker 
STATE:13000100064:23950|16050:800|400:cr2300c/r5450r16050c//:AdAh|Qh8d/2dQsJs/6h/2c:16050|-16050:Bryan_Paris_@bparispoker|DeepStack 
