STATE:13000200001:20000|20000:100|50:r300c/cr700f:As4h|7d5d/5s8dQc:-300|300:DeepStack|Bryan_Paris_@bparispoker 
STATE:13000200002:20300|19700:100|50:r300c/cr600f:TsKd|Qc7d/5h6d6h:-300|300:Bryan_Paris_@bparispoker|DeepStack 
STATE:13000200003:20000|20000:100|50:r300c/cc/cc/cc:4dAc|Ah2h/7d7sTs/9s/5d:0|0:DeepStack|Bryan_Paris_@bparispoker 
STATE:13000200004:20000|20000:100|50:r300c/cc/r750f:Tc9d|8sAh/7c9h4s/Kc:300|-300:Bryan_Paris_@bparispoker|DeepStack 
STATE:13000200005:19700|20300:100|50:f:Kd3s|4dTc:50|-50:DeepStack|Bryan_Paris_@bparispoker 
STATE:13000200006:20250|19750:100|50:f:8dQd|2h6d:50|-50:Bryan_Paris_@bparispoker|DeepStack 
STATE:13000200007:19700|20300:100|50:r300r900f:Td9h|7sKc:300|-300:DeepStack|Bryan_Paris_@bparispoker 
STATE:13000200008:20000|20000:100|50:r300f:Qh3d|As9c:-100|100:Bryan_Paris_@bparispoker|DeepStack 
STATE:13000200009:20100|19900:100|50:f:7dKs|3d9s:50|-50:DeepStack|Bryan_Paris_@bparispoker 
STATE:13000200010:19850|20150:100|50:cc/cc/cr300f:6s2d|Ts9d/7dTc5s/4s:-100|100:Bryan_Paris_@bparispoker|DeepStack 
STATE:13000200011:20250|19750:150|75:r375c/cc/r750c/r1500c:Qd6c|6s4h/Qc3c9d/4s/7s:1500|-1500:DeepStack|Bryan_Paris_@bparispoker 
STATE:13000200012:18250|21750:150|75:r450f:9c2d|Qc8d:-150|150:Bryan_Paris_@bparispoker|DeepStack 
STATE:13000200013:21900|18100:150|75:f:TdAd|5c7d:75|-75:DeepStack|Bryan_Paris_@bparispoker 
STATE:13000200014:18025|21975:150|75:cc/cc/r475f:TdQs|7cTc/4h6hJc/9d:150|-150:Bryan_Paris_@bparispoker|DeepStack 
STATE:13000200015:21825|18175:150|75:r450f:Qh3c|AhTc:-150|150:DeepStack|Bryan_Paris_@bparispoker 
STATE:13000200016:18325|21675:150|75:r450f:8c5d|6c7h:-150|150:Bryan_Paris_@bparispoker|DeepStack 
STATE:13000200017:21825|18175:150|75:r375c/cr825c/cc/r2475c:8hTs|5d4c/9c9s4s/Kd/Jc:-2475|2475:DeepStack|Bryan_Paris_@bparispoker 
STATE:13000200018:20650|19350:150|75:r450c/cc/cc/cc:2cAd|2d2s/KdTsTc/Qs/Kc:450|-450:Bryan_Paris_@bparispoker|DeepStack 
STATE:13000200019:18900|21100:150|75:r375f:Ts3d|9dTc:-150|150:DeepStack|Bryan_Paris_@bparispoker 
STATE:13000200020:21250|18750:150|75:f:KdTh|9c2d:75|-75:Bryan_Paris_@bparispoker|DeepStack 
STATE:13000200021:18675|21325:200|100:r600f:5h3s|6sAd:-200|200:DeepStack|Bryan_Paris_@bparispoker 
STATE:13000200022:21525|18475:200|100:cc/cr400r900c/cc/r2025c:2sKs|Ad8c/7sKhKc/8d/6c:2025|-2025:Bryan_Paris_@bparispoker|DeepStack 
STATE:13000200023:16450|23550:200|100:r600c/r1800c/cr4300r16450c/:5sTs|Qh2h/5hTh2d/Js/Jc:16450|-16450:DeepStack|Bryan_Paris_@bparispoker 
STATE:13000200024:7100|32900:200|100:cr700f:TsKh|4h3d:200|-200:Bryan_Paris_@bparispoker|DeepStack 
STATE:13000200025:32700|7300:200|100:r450r1350f:TcAc|9cTd:450|-450:DeepStack|Bryan_Paris_@bparispoker 
STATE:13000200026:6850|33150:200|100:cc/cr600c/cr1200c/cr6000f:Qs9c|3hAc/7c3cQc/5c/8s:-1200|1200:Bryan_Paris_@bparispoker|DeepStack 
STATE:13000200027:34350|5650:200|100:r450f:2s9h|7dAh:-200|200:DeepStack|Bryan_Paris_@bparispoker 
STATE:13000200028:5850|34150:200|100:cc/cr400f:Td2c|Th5c/6s3hQd:-200|200:Bryan_Paris_@bparispoker|DeepStack 
STATE:13000200029:34350|5650:200|100:r450c/cr950r1900c/cc/cr5650f:8c4c|9dKc/Ac9h9c/Qd/4s:-1900|1900:DeepStack|Bryan_Paris_@bparispoker 
STATE:13000200030:7550|32450:200|100:cc/cr400r1000f:Jh9d|6d7c/8cJs3s:400|-400:Bryan_Paris_@bparispoker|DeepStack 
STATE:13000200031:32050|7950:300|150:r650r7950f:6sKh|9hTs:650|-650:DeepStack|Bryan_Paris_@bparispoker 
STATE:13000200032:7300|32700:300|150:r600c/cc/cc/r1400r4200f:7c5s|KsQc/JdTd4c/9d/Jc:-1400|1400:Bryan_Paris_@bparispoker|DeepStack 
STATE:13000200033:34100|5900:300|150:r650r5900c///:2sAd|KcJh/KsJd7c/Ac/9s:-5900|5900:DeepStack|Bryan_Paris_@bparispoker 
STATE:13000200034:11800|28200:300|150:r600r2050c/cc/cr4100f:AdKc|9dJs/5d4c7c/Qd:-2050|2050:Bryan_Paris_@bparispoker|DeepStack 
STATE:13000200035:30250|9750:300|150:r675c/cr1425c/r2850f:8d9s|Ah7d/7h6sTd/9d:1425|-1425:DeepStack|Bryan_Paris_@bparispoker 
STATE:13000200036:8325|31675:300|150:cc/cr600f:8sTd|5d2c/9dQc2h:-300|300:Bryan_Paris_@bparispoker|DeepStack 
STATE:13000200037:31975|8025:300|150:r700r2100f:JhAh|3sQd:700|-700:DeepStack|Bryan_Paris_@bparispoker 
STATE:13000200038:7325|32675:300|150:cc/cc/cc/r1100f:9h5h|9s6h/2dAdKd/5c/5s:300|-300:Bryan_Paris_@bparispoker|DeepStack 
STATE:13000200039:32375|7625:300|150:r650r7625f:2d2c|Qd7h:650|-650:DeepStack|Bryan_Paris_@bparispoker 
STATE:13000200040:6975|33025:300|150:cr6975f:2c2d|9s5h:300|-300:Bryan_Paris_@bparispoker|DeepStack 
STATE:13000200041:32725|7275:400|200:cc/cr950c/cr2275c/cc:Ts6h|5dQd/4cTdQc/2s/Th:2275|-2275:DeepStack|Bryan_Paris_@bparispoker 
STATE:13000200042:5000|35000:400|200:cc/cc/cr800f:Jd4d|2s5s/8cQs9c/Kc:-400|400:Bryan_Paris_@bparispoker|DeepStack 
STATE:13000200043:35400|4600:400|200:cr4600f:3sKc|Qh5s:400|-400:DeepStack|Bryan_Paris_@bparispoker 
STATE:13000200044:4200|35800:400|200:cc/cc/cr1200f:2d6h|7s7d/7h6c3s/9d:-400|400:Bryan_Paris_@bparispoker|DeepStack 
STATE:13000200045:36200|3800:400|200:cr1200f:AcJc|8dTs:400|-400:DeepStack|Bryan_Paris_@bparispoker 
STATE:13000200046:3400|36600:400|200:cc/cr800r3400f:4c5c|3hJh/5s4dAd:800|-800:Bryan_Paris_@bparispoker|DeepStack 
STATE:13000200047:35800|4200:400|200:cr1200f:5c9h|6hJs:400|-400:DeepStack|Bryan_Paris_@bparispoker 
STATE:13000200048:3800|36200:400|200:cr3800f:Qh8d|4c9c:400|-400:Bryan_Paris_@bparispoker|DeepStack 
STATE:13000200049:35800|4200:400|200:f:9s3c|Qh2s:200|-200:DeepStack|Bryan_Paris_@bparispoker 
STATE:13000200050:4000|36000:400|200:f:6s3d|6d3s:200|-200:Bryan_Paris_@bparispoker|DeepStack 
STATE:13000200051:35800|4200:600|300:r4200c///:8sAc|6s4s/Kc9h9d/8d/5d:4200|-4200:DeepStack|Bryan_Paris_@bparispoker 
