STATE:13000400001:20000|20000:100|50:f:9cJh|8c5h:50|-50:DeepStack|Bryan_Paris_@bparispoker 
STATE:13000400002:19950|20050:100|50:cr450f:TdAh|8s4h:100|-100:Bryan_Paris_@bparispoker|DeepStack 
STATE:13000400003:19950|20050:100|50:r300f:4c9s|7c7d:-100|100:DeepStack|Bryan_Paris_@bparispoker 
STATE:13000400004:20150|19850:100|50:r300f:6dTh|8c8d:-100|100:Bryan_Paris_@bparispoker|DeepStack 
STATE:13000400005:19950|20050:100|50:f:Kd9h|Jd5h:50|-50:DeepStack|Bryan_Paris_@bparispoker 
STATE:13000400006:20000|20000:100|50:cr450r1350f:TdAh|5c6c:-450|450:Bryan_Paris_@bparispoker|DeepStack 
STATE:13000400007:20450|19550:100|50:r300r900f:ThAd|5sQs:300|-300:DeepStack|Bryan_Paris_@bparispoker 
STATE:13000400008:19250|20750:100|50:cc/cr300c/cr900c/cc:2dQs|5d7d/8sJcQh/6h/Ks:900|-900:Bryan_Paris_@bparispoker|DeepStack 
STATE:13000400009:19850|20150:100|50:r300f:3c9d|Jd5d:-100|100:DeepStack|Bryan_Paris_@bparispoker 
STATE:13000400010:20250|19750:100|50:r300f:8c4d|Ac9c:-100|100:Bryan_Paris_@bparispoker|DeepStack 
STATE:13000400011:19850|20150:150|75:f:6d6h|3c5d:75|-75:DeepStack|Bryan_Paris_@bparispoker 
STATE:13000400012:20075|19925:150|75:cc/cr300r875c/cr1750f:3dQh|8s5s/Js9hTs/7h:-875|875:Bryan_Paris_@bparispoker|DeepStack 
STATE:13000400013:20800|19200:150|75:r450c/cr1200f:6dAc|KsAh/7cQh9s:-450|450:DeepStack|Bryan_Paris_@bparispoker 
STATE:13000400014:19650|20350:150|75:r450f:5h6d|3sTs:-150|150:Bryan_Paris_@bparispoker|DeepStack 
STATE:13000400015:20500|19500:150|75:r450c/cr1050f:Qs7s|3sAc/9h5s2d:-450|450:DeepStack|Bryan_Paris_@bparispoker 
STATE:13000400016:19950|20050:150|75:cc/cc/r500c/cc:Qs8c|8dQd/3h6h4d/Qh/9h:0|0:Bryan_Paris_@bparispoker|DeepStack 
STATE:13000400017:20050|19950:150|75:r450r1350f:Kh9h|3cKs:450|-450:DeepStack|Bryan_Paris_@bparispoker 
STATE:13000400018:19500|20500:150|75:r450f:Td7h|QdQs:-150|150:Bryan_Paris_@bparispoker|DeepStack 
STATE:13000400019:20650|19350:150|75:f:Kc7c|3c7d:75|-75:DeepStack|Bryan_Paris_@bparispoker 
STATE:13000400020:19275|20725:150|75:r450f:7dJh|5s8c:-150|150:Bryan_Paris_@bparispoker|DeepStack 
STATE:13000400021:20875|19125:200|100:f:Ah2d|3c7h:100|-100:DeepStack|Bryan_Paris_@bparispoker 
STATE:13000400022:19025|20975:200|100:f:3d4h|3h2c:100|-100:Bryan_Paris_@bparispoker|DeepStack 
STATE:13000400023:20875|19125:200|100:r600c/cr1375f:TdQc|7c9c/2h7hJc:-600|600:DeepStack|Bryan_Paris_@bparispoker 
STATE:13000400024:19725|20275:200|100:cc/cc/r600f:6c5d|2dQs/3cAs7c/9c:200|-200:Bryan_Paris_@bparispoker|DeepStack 
STATE:13000400025:20075|19925:200|100:r600f:3dKc|Jh2h:-200|200:DeepStack|Bryan_Paris_@bparispoker 
STATE:13000400026:20125|19875:200|100:cc/cr400r950f:JsTd|3sTc/Qd5s8s:400|-400:Bryan_Paris_@bparispoker|DeepStack 
STATE:13000400027:19475|20525:200|100:f:QcAs|8h3c:100|-100:DeepStack|Bryan_Paris_@bparispoker 
STATE:13000400028:20425|19575:200|100:cc/cc/cr600f:7h6c|Ac5d/JdQs6d/Th:-200|200:Bryan_Paris_@bparispoker|DeepStack 
STATE:13000400029:19775|20225:200|100:r600f:6s4c|3dJd:-200|200:DeepStack|Bryan_Paris_@bparispoker 
STATE:13000400030:20425|19575:200|100:r400c/cr1200f:6s6d|6hQd/JsAdTd:-400|400:Bryan_Paris_@bparispoker|DeepStack 
STATE:13000400031:19975|20025:300|150:r800c/cc/cc/cc:9hJd|Ts7d/QsQc2h/5s/5h:800|-800:DeepStack|Bryan_Paris_@bparispoker 
STATE:13000400032:19225|20775:300|150:r600c/cr1800f:Qs9s|9h8c/KhKcKs:-600|600:Bryan_Paris_@bparispoker|DeepStack 
STATE:13000400033:21375|18625:300|150:r800f:9s5h|Jh7c:-300|300:DeepStack|Bryan_Paris_@bparispoker 
STATE:13000400034:18925|21075:300|150:cc/cr600f:6c7s|8s4c/Qs4h4d:-300|300:Bryan_Paris_@bparispoker|DeepStack 
STATE:13000400035:21375|18625:300|150:f:9s5d|3sJc:150|-150:DeepStack|Bryan_Paris_@bparispoker 
STATE:13000400036:18475|21525:300|150:f:Ks8s|6c2h:150|-150:Bryan_Paris_@bparispoker|DeepStack 
STATE:13000400037:21375|18625:300|150:r800f:2h8d|5cJc:-300|300:DeepStack|Bryan_Paris_@bparispoker 
STATE:13000400038:18925|21075:300|150:r600c/cr1200c/cc/cc:3d3h|2h2d/Ad8d6d/Td/7c:1200|-1200:Bryan_Paris_@bparispoker|DeepStack 
STATE:13000400039:19875|20125:300|150:r800c/cc/cr1825f:Kd7h|8sKh/8cJh9s/8h:-800|800:DeepStack|Bryan_Paris_@bparispoker 
STATE:13000400040:20925|19075:300|150:cc/cr900r2325f:2s4c|Ks2h/5d3h6c:900|-900:Bryan_Paris_@bparispoker|DeepStack 
STATE:13000400041:18175|21825:400|200:r1100f:7c4d|Jh5s:-400|400:DeepStack|Bryan_Paris_@bparispoker 
STATE:13000400042:22225|17775:400|200:cc/cc/r1200c/cr2400f:Jc9s|6dKh/9d7hKc/6h/5d:-1200|1200:Bryan_Paris_@bparispoker|DeepStack 
STATE:13000400043:18975|21025:400|200:f:Jh8c|3hTd:200|-200:DeepStack|Bryan_Paris_@bparispoker 
STATE:13000400044:20825|19175:400|200:cc/cc/cr1200c/cr3600f:4dKh|TdJs/2cJc3s/Ah/Th:-1200|1200:Bryan_Paris_@bparispoker|DeepStack 
STATE:13000400045:20375|19625:400|200:r1100r3300f:7sAd|Kd8h:1100|-1100:DeepStack|Bryan_Paris_@bparispoker 
STATE:13000400046:18525|21475:400|200:f:4hJc|2h3s:200|-200:Bryan_Paris_@bparispoker|DeepStack 
STATE:13000400047:21275|18725:400|200:r1100r2200c/cc/cc/r6600f:9dQd|As3s/6c9c6d/4h/6h:2200|-2200:DeepStack|Bryan_Paris_@bparispoker 
STATE:13000400048:16525|23475:400|200:r800f:2cTs|KhJh:-400|400:Bryan_Paris_@bparispoker|DeepStack 
STATE:13000400049:23875|16125:400|200:r925r2775f:As8h|6s5c:925|-925:DeepStack|Bryan_Paris_@bparispoker 
STATE:13000400050:15200|24800:400|200:r800r2600c/r15200f:AdTc|Ac9d/9s6sTs:2600|-2600:Bryan_Paris_@bparispoker|DeepStack 
STATE:13000400051:22200|17800:600|300:f:AcJh|3s2d:300|-300:DeepStack|Bryan_Paris_@bparispoker 
STATE:13000400052:17500|22500:600|300:r1200f:9c3h|KsAs:-600|600:Bryan_Paris_@bparispoker|DeepStack 
STATE:13000400053:23100|16900:600|300:r1300f:2h3c|Qh5h:-600|600:DeepStack|Bryan_Paris_@bparispoker 
STATE:13000400054:17500|22500:600|300:cr1950c/cc/r3750c/cc:KhJh|JdQd/AcJs7h/5c/9c:3750|-3750:Bryan_Paris_@bparispoker|DeepStack 
STATE:13000400055:18750|21250:600|300:cc/cc/cr1350f:5dQs|3h3d/6dTc9d/6s:-600|600:DeepStack|Bryan_Paris_@bparispoker 
STATE:13000400056:21850|18150:600|300:cr21850f:2h2c|5hAc:600|-600:Bryan_Paris_@bparispoker|DeepStack 
STATE:13000400057:17550|22450:600|300:r1300c/cc/cr2600r5200c/r10400c:KdQh|AcAh/Js2cJd/9h/Qc:-10400|10400:DeepStack|Bryan_Paris_@bparispoker 
STATE:13000400058:32850|7150:600|300:cc/cc/cr1200f:4s5s|Ah3h/4cQc9c/Ac:-600|600:Bryan_Paris_@bparispoker|DeepStack 
STATE:13000400059:7750|32250:600|300:cc/cr1450f:8hQh|Qc8s/3s6c7d:-600|600:DeepStack|Bryan_Paris_@bparispoker 
STATE:13000400060:32850|7150:600|300:cc/cc/r1350f:9d7d|ThJc/2c6d4s/3h:600|-600:Bryan_Paris_@bparispoker|DeepStack 
STATE:13000400061:6550|33450:800|400:f:2sKs|8h4s:400|-400:DeepStack|Bryan_Paris_@bparispoker 
STATE:13000400062:33050|6950:800|400:cc/cc/cc/r2150c:2s6h|4d4h/6dTs8s/5d/2h:2150|-2150:Bryan_Paris_@bparispoker|DeepStack 
STATE:13000400063:4800|35200:800|400:r35200f:4hJc|Qc7h:-800|800:DeepStack|Bryan_Paris_@bparispoker 
STATE:13000400064:36000|4000:800|400:f:KdTc|3c2s:400|-400:Bryan_Paris_@bparispoker|DeepStack 
STATE:13000400065:3600|36400:800|400:r36400c///:Ks3d|JdKh/7d7sQs/9c/3c:3600|-3600:DeepStack|Bryan_Paris_@bparispoker 
STATE:13000400066:32800|7200:800|400:cr32800f:Qc9c|2s8s:800|-800:Bryan_Paris_@bparispoker|DeepStack 
STATE:13000400067:6400|33600:800|400:f:4sAs|2d5s:400|-400:DeepStack|Bryan_Paris_@bparispoker 
STATE:13000400068:33200|6800:800|400:r6800c///:6sAc|8s9c/Qh3c7s/2c/4c:6800|-6800:Bryan_Paris_@bparispoker|DeepStack 
