PokerStars Hand #7000200001: Tournament #3, Apr13_2017-at-17_58_7 Hold'em No Limit ($50/$100 USD) - 2017/04/13 19:58:07 ET
Table 'ACPC Match' 2-max Seat #2 is the button
Seat 1: DeepStack ($20000 in chips)
Seat 2: Dutch_@DutchBoyd ($20000 in chips)
Dutch_@DutchBoyd: posts small blind $50
DeepStack: posts big blind $100
*** HOLE CARDS ***
Dealt to DeepStack [4c Jh]
Dealt to Dutch_@DutchBoyd [Tc 6d]
Dutch_@DutchBoyd: raises $19900 to $20000 and is all-in
DeepStack: folds
Uncalled bet ($19900) returned to Dutch_@DutchBoyd
Dutch_@DutchBoyd collected $200 from the pot
*** SUMMARY ***
Total pot $200 | Rake $0
Seat 1: DeepStack (big blind) folded before the Flop
Seat 2: Dutch_@DutchBoyd (button) (small blind) collected ($200)

PokerStars Hand #7000200002: Tournament #3, Apr13_2017-at-17_58_7 Hold'em No Limit ($50/$100 USD) - 2017/04/13 19:58:08 ET
Table 'ACPC Match' 2-max Seat #1 is the button
Seat 1: DeepStack ($19900 in chips)
Seat 2: Dutch_@DutchBoyd ($20100 in chips)
DeepStack: posts small blind $50
Dutch_@DutchBoyd: posts big blind $100
*** HOLE CARDS ***
Dealt to DeepStack [Ad 8d]
Dealt to Dutch_@DutchBoyd [5c 9h]
DeepStack: raises $200 to $300
Dutch_@DutchBoyd: raises $19800 to $20100 and is all-in
DeepStack: folds
Uncalled bet ($19800) returned to Dutch_@DutchBoyd
Dutch_@DutchBoyd collected $600 from the pot
*** SUMMARY ***
Total pot $600 | Rake $0
Seat 1: DeepStack (button) (small blind) folded before the Flop
Seat 2: Dutch_@DutchBoyd (big blind) collected ($600)

PokerStars Hand #7000200003: Tournament #3, Apr13_2017-at-17_58_7 Hold'em No Limit ($50/$100 USD) - 2017/04/13 19:58:09 ET
Table 'ACPC Match' 2-max Seat #2 is the button
Seat 1: DeepStack ($19600 in chips)
Seat 2: Dutch_@DutchBoyd ($20400 in chips)
Dutch_@DutchBoyd: posts small blind $50
DeepStack: posts big blind $100
*** HOLE CARDS ***
Dealt to DeepStack [Ad 6c]
Dealt to Dutch_@DutchBoyd [5s Ah]
Dutch_@DutchBoyd: raises $100 to $200
DeepStack: calls $100
*** FLOP **** [Qd Qh 9s]
DeepStack: checks
Dutch_@DutchBoyd: raises $200 to $200
DeepStack: calls $200
*** TURN **** [Kh]
DeepStack: checks
Dutch_@DutchBoyd: checks
*** RIVER **** [3s]
DeepStack: checks
Dutch_@DutchBoyd: checks
*** SHOW DOWN ***
DeepStack: shows [Ad 6c] (a pair of Queens)
Dutch_@DutchBoyd: shows [5s Ah] (a pair of Queens)
DeepStack collected $400 from pot
Dutch_@DutchBoyd collected $400 from pot
*** SUMMARY ***
Total pot $800 | Rake $0
Board [Qd Qh 9s Kh 3s]
Seat 1: DeepStack (big blind) showed [Ad 6c] and won ($400) with a pair of Queens
Seat 2: Dutch_@DutchBoyd (button) (small blind) showed [5s Ah] and won ($400) with a pair of Queens

PokerStars Hand #7000200004: Tournament #3, Apr13_2017-at-17_58_7 Hold'em No Limit ($50/$100 USD) - 2017/04/13 19:58:10 ET
Table 'ACPC Match' 2-max Seat #1 is the button
Seat 1: DeepStack ($19600 in chips)
Seat 2: Dutch_@DutchBoyd ($20400 in chips)
DeepStack: posts small blind $50
Dutch_@DutchBoyd: posts big blind $100
*** HOLE CARDS ***
Dealt to DeepStack [Ad 3c]
Dealt to Dutch_@DutchBoyd [9h 4h]
DeepStack: raises $200 to $300
Dutch_@DutchBoyd: raises $20100 to $20400 and is all-in
DeepStack: folds
Uncalled bet ($20100) returned to Dutch_@DutchBoyd
Dutch_@DutchBoyd collected $600 from the pot
*** SUMMARY ***
Total pot $600 | Rake $0
Seat 1: DeepStack (button) (small blind) folded before the Flop
Seat 2: Dutch_@DutchBoyd (big blind) collected ($600)

PokerStars Hand #7000200005: Tournament #3, Apr13_2017-at-17_58_7 Hold'em No Limit ($50/$100 USD) - 2017/04/13 19:58:11 ET
Table 'ACPC Match' 2-max Seat #2 is the button
Seat 1: DeepStack ($19300 in chips)
Seat 2: Dutch_@DutchBoyd ($20700 in chips)
Dutch_@DutchBoyd: posts small blind $50
DeepStack: posts big blind $100
*** HOLE CARDS ***
Dealt to DeepStack [2c 9h]
Dealt to Dutch_@DutchBoyd [4h Jh]
Dutch_@DutchBoyd: raises $20600 to $20700 and is all-in
DeepStack: folds
Uncalled bet ($20600) returned to Dutch_@DutchBoyd
Dutch_@DutchBoyd collected $200 from the pot
*** SUMMARY ***
Total pot $200 | Rake $0
Seat 1: DeepStack (big blind) folded before the Flop
Seat 2: Dutch_@DutchBoyd (button) (small blind) collected ($200)

PokerStars Hand #7000200006: Tournament #3, Apr13_2017-at-17_58_7 Hold'em No Limit ($50/$100 USD) - 2017/04/13 19:58:12 ET
Table 'ACPC Match' 2-max Seat #1 is the button
Seat 1: DeepStack ($19200 in chips)
Seat 2: Dutch_@DutchBoyd ($20800 in chips)
DeepStack: posts small blind $50
Dutch_@DutchBoyd: posts big blind $100
*** HOLE CARDS ***
Dealt to DeepStack [Th 5c]
Dealt to Dutch_@DutchBoyd [8s 4c]
DeepStack: calls $50
Dutch_@DutchBoyd: raises $20700 to $20800 and is all-in
DeepStack: folds
Uncalled bet ($20700) returned to Dutch_@DutchBoyd
Dutch_@DutchBoyd collected $200 from the pot
*** SUMMARY ***
Total pot $200 | Rake $0
Seat 1: DeepStack (button) (small blind) folded before the Flop
Seat 2: Dutch_@DutchBoyd (big blind) collected ($200)

PokerStars Hand #7000200007: Tournament #3, Apr13_2017-at-17_58_7 Hold'em No Limit ($50/$100 USD) - 2017/04/13 19:58:13 ET
Table 'ACPC Match' 2-max Seat #2 is the button
Seat 1: DeepStack ($19100 in chips)
Seat 2: Dutch_@DutchBoyd ($20900 in chips)
Dutch_@DutchBoyd: posts small blind $50
DeepStack: posts big blind $100
*** HOLE CARDS ***
Dealt to DeepStack [Td Tc]
Dealt to Dutch_@DutchBoyd [6s 8d]
Dutch_@DutchBoyd: raises $20800 to $20900 and is all-in
DeepStack: calls $19000 and is all-in
Uncalled bet ($1800) returned to Dutch_@DutchBoyd
*** FLOP **** [2d Jd 8h]
*** TURN **** [Jh]
*** RIVER **** [Jc]
*** SHOW DOWN ***
Dutch_@DutchBoyd: shows [6s 8d] (full house, Jacks and Eights)
DeepStack: shows [Td Tc] (full house, Jacks and Tens)
DeepStack collected $38200 from pot
*** SUMMARY ***
Total pot $38200 | Rake $0
Board [2d Jd 8h Jh Jc]
Seat 1: DeepStack (big blind) showed [Td Tc] and won ($38200) with full house, Jacks and Tens
Seat 2: Dutch_@DutchBoyd (button) (small blind) showed [6s 8d] and lost with full house, Jacks and Eights

PokerStars Hand #7000200008: Tournament #3, Apr13_2017-at-17_58_7 Hold'em No Limit ($50/$100 USD) - 2017/04/13 19:58:14 ET
Table 'ACPC Match' 2-max Seat #1 is the button
Seat 1: DeepStack ($38200 in chips)
Seat 2: Dutch_@DutchBoyd ($1800 in chips)
DeepStack: posts small blind $50
Dutch_@DutchBoyd: posts big blind $100
*** HOLE CARDS ***
Dealt to DeepStack [Ad 7d]
Dealt to Dutch_@DutchBoyd [4h 6d]
DeepStack: calls $50
Dutch_@DutchBoyd: checks
*** FLOP **** [8d Qc 6s]
Dutch_@DutchBoyd: checks
DeepStack: raises $200 to $200
Dutch_@DutchBoyd: raises $1500 to $1700 and is all-in
DeepStack: folds
Uncalled bet ($1500) returned to Dutch_@DutchBoyd
Dutch_@DutchBoyd collected $600 from the pot
*** SUMMARY ***
Total pot $600 | Rake $0
Board [8d Qc 6s]
Seat 1: DeepStack (button) (small blind) folded on the Flop
Seat 2: Dutch_@DutchBoyd (big blind) collected ($600)

PokerStars Hand #7000200009: Tournament #3, Apr13_2017-at-17_58_7 Hold'em No Limit ($50/$100 USD) - 2017/04/13 19:58:15 ET
Table 'ACPC Match' 2-max Seat #2 is the button
Seat 1: DeepStack ($37900 in chips)
Seat 2: Dutch_@DutchBoyd ($2100 in chips)
Dutch_@DutchBoyd: posts small blind $50
DeepStack: posts big blind $100
*** HOLE CARDS ***
Dealt to DeepStack [2c Kc]
Dealt to Dutch_@DutchBoyd [Tc 6s]
Dutch_@DutchBoyd: calls $50
DeepStack: checks
*** FLOP **** [Qs 8c Ts]
DeepStack: checks
Dutch_@DutchBoyd: raises $100 to $100
DeepStack: calls $100
*** TURN **** [Qd]
DeepStack: checks
Dutch_@DutchBoyd: raises $300 to $300
DeepStack: folds
Uncalled bet ($300) returned to Dutch_@DutchBoyd
Dutch_@DutchBoyd collected $400 from the pot
*** SUMMARY ***
Total pot $400 | Rake $0
Board [Qs 8c Ts Qd]
Seat 1: DeepStack (big blind) folded on the Turn
Seat 2: Dutch_@DutchBoyd (button) (small blind) collected ($400)

PokerStars Hand #7000200010: Tournament #3, Apr13_2017-at-17_58_7 Hold'em No Limit ($50/$100 USD) - 2017/04/13 19:58:16 ET
Table 'ACPC Match' 2-max Seat #1 is the button
Seat 1: DeepStack ($37700 in chips)
Seat 2: Dutch_@DutchBoyd ($2300 in chips)
DeepStack: posts small blind $50
Dutch_@DutchBoyd: posts big blind $100
*** HOLE CARDS ***
Dealt to DeepStack [4s Qc]
Dealt to Dutch_@DutchBoyd [9c 9s]
DeepStack: calls $50
Dutch_@DutchBoyd: raises $200 to $300
DeepStack: folds
Uncalled bet ($200) returned to Dutch_@DutchBoyd
Dutch_@DutchBoyd collected $200 from the pot
*** SUMMARY ***
Total pot $200 | Rake $0
Seat 1: DeepStack (button) (small blind) folded before the Flop
Seat 2: Dutch_@DutchBoyd (big blind) collected ($200)

PokerStars Hand #7000200011: Tournament #3, Apr13_2017-at-17_58_7 Hold'em No Limit ($75/$150 USD) - 2017/04/13 19:58:17 ET
Table 'ACPC Match' 2-max Seat #2 is the button
Seat 1: DeepStack ($37600 in chips)
Seat 2: Dutch_@DutchBoyd ($2400 in chips)
Dutch_@DutchBoyd: posts small blind $75
DeepStack: posts big blind $150
*** HOLE CARDS ***
Dealt to DeepStack [5s 6c]
Dealt to Dutch_@DutchBoyd [5h As]
Dutch_@DutchBoyd: raises $150 to $300
DeepStack: calls $150
*** FLOP **** [5c 2c 2h]
DeepStack: checks
Dutch_@DutchBoyd: raises $300 to $300
DeepStack: raises $600 to $900
Dutch_@DutchBoyd: raises $1200 to $2100 and is all-in
DeepStack: calls $1200
*** TURN **** [4s]
*** RIVER **** [Js]
*** SHOW DOWN ***
Dutch_@DutchBoyd: shows [5h As] (two pair, Fives and Deuces)
DeepStack: shows [5s 6c] (two pair, Fives and Deuces)
Dutch_@DutchBoyd collected $4800 from pot
*** SUMMARY ***
Total pot $4800 | Rake $0
Board [5c 2c 2h 4s Js]
Seat 1: DeepStack (big blind) showed [5s 6c] and lost with two pair, Fives and Deuces
Seat 2: Dutch_@DutchBoyd (button) (small blind) showed [5h As] and won ($4800) with two pair, Fives and Deuces

PokerStars Hand #7000200012: Tournament #3, Apr13_2017-at-17_58_7 Hold'em No Limit ($75/$150 USD) - 2017/04/13 19:58:18 ET
Table 'ACPC Match' 2-max Seat #1 is the button
Seat 1: DeepStack ($35200 in chips)
Seat 2: Dutch_@DutchBoyd ($4800 in chips)
DeepStack: posts small blind $75
Dutch_@DutchBoyd: posts big blind $150
*** HOLE CARDS ***
Dealt to DeepStack [2h 2d]
Dealt to Dutch_@DutchBoyd [Qh Jd]
DeepStack: calls $75
Dutch_@DutchBoyd: raises $300 to $450
DeepStack: calls $300
*** FLOP **** [4d Jc Ks]
Dutch_@DutchBoyd: bets $450
DeepStack: calls $450
*** TURN **** [3d]
Dutch_@DutchBoyd: bets $900
DeepStack: folds
Uncalled bet ($900) returned to Dutch_@DutchBoyd
Dutch_@DutchBoyd collected $1800 from the pot
*** SUMMARY ***
Total pot $1800 | Rake $0
Board [4d Jc Ks 3d]
Seat 1: DeepStack (button) (small blind) folded on the Turn
Seat 2: Dutch_@DutchBoyd (big blind) collected ($1800)

PokerStars Hand #7000200013: Tournament #3, Apr13_2017-at-17_58_7 Hold'em No Limit ($75/$150 USD) - 2017/04/13 19:58:19 ET
Table 'ACPC Match' 2-max Seat #2 is the button
Seat 1: DeepStack ($34300 in chips)
Seat 2: Dutch_@DutchBoyd ($5700 in chips)
Dutch_@DutchBoyd: posts small blind $75
DeepStack: posts big blind $150
*** HOLE CARDS ***
Dealt to DeepStack [Qs 7d]
Dealt to Dutch_@DutchBoyd [7h 2s]
Dutch_@DutchBoyd: calls $75
DeepStack: raises $300 to $450
Dutch_@DutchBoyd: folds
Uncalled bet ($300) returned to DeepStack
DeepStack collected $300 from the pot
*** SUMMARY ***
Total pot $300 | Rake $0
Seat 1: DeepStack (big blind) collected ($300)
Seat 2: Dutch_@DutchBoyd (button) (small blind) folded before the Flop

PokerStars Hand #7000200014: Tournament #3, Apr13_2017-at-17_58_7 Hold'em No Limit ($75/$150 USD) - 2017/04/13 19:58:20 ET
Table 'ACPC Match' 2-max Seat #1 is the button
Seat 1: DeepStack ($34450 in chips)
Seat 2: Dutch_@DutchBoyd ($5550 in chips)
DeepStack: posts small blind $75
Dutch_@DutchBoyd: posts big blind $150
*** HOLE CARDS ***
Dealt to DeepStack [Ts Jd]
Dealt to Dutch_@DutchBoyd [8d 2s]
DeepStack: raises $300 to $450
Dutch_@DutchBoyd: folds
Uncalled bet ($300) returned to DeepStack
DeepStack collected $300 from the pot
*** SUMMARY ***
Total pot $300 | Rake $0
Seat 1: DeepStack (button) (small blind) collected ($300)
Seat 2: Dutch_@DutchBoyd (big blind) folded before the Flop

PokerStars Hand #7000200015: Tournament #3, Apr13_2017-at-17_58_7 Hold'em No Limit ($75/$150 USD) - 2017/04/13 19:58:21 ET
Table 'ACPC Match' 2-max Seat #2 is the button
Seat 1: DeepStack ($34600 in chips)
Seat 2: Dutch_@DutchBoyd ($5400 in chips)
Dutch_@DutchBoyd: posts small blind $75
DeepStack: posts big blind $150
*** HOLE CARDS ***
Dealt to DeepStack [4d 3d]
Dealt to Dutch_@DutchBoyd [5d Ts]
Dutch_@DutchBoyd: calls $75
DeepStack: raises $300 to $450
Dutch_@DutchBoyd: folds
Uncalled bet ($300) returned to DeepStack
DeepStack collected $300 from the pot
*** SUMMARY ***
Total pot $300 | Rake $0
Seat 1: DeepStack (big blind) collected ($300)
Seat 2: Dutch_@DutchBoyd (button) (small blind) folded before the Flop

PokerStars Hand #7000200016: Tournament #3, Apr13_2017-at-17_58_7 Hold'em No Limit ($75/$150 USD) - 2017/04/13 19:58:22 ET
Table 'ACPC Match' 2-max Seat #1 is the button
Seat 1: DeepStack ($34750 in chips)
Seat 2: Dutch_@DutchBoyd ($5250 in chips)
DeepStack: posts small blind $75
Dutch_@DutchBoyd: posts big blind $150
*** HOLE CARDS ***
Dealt to DeepStack [9h Tc]
Dealt to Dutch_@DutchBoyd [2d 8s]
DeepStack: calls $75
Dutch_@DutchBoyd: checks
*** FLOP **** [As Jc 9d]
Dutch_@DutchBoyd: checks
DeepStack: raises $150 to $150
Dutch_@DutchBoyd: folds
Uncalled bet ($150) returned to DeepStack
DeepStack collected $300 from the pot
*** SUMMARY ***
Total pot $300 | Rake $0
Board [As Jc 9d]
Seat 1: DeepStack (button) (small blind) collected ($300)
Seat 2: Dutch_@DutchBoyd (big blind) folded on the Flop

PokerStars Hand #7000200017: Tournament #3, Apr13_2017-at-17_58_7 Hold'em No Limit ($75/$150 USD) - 2017/04/13 19:58:23 ET
Table 'ACPC Match' 2-max Seat #2 is the button
Seat 1: DeepStack ($34900 in chips)
Seat 2: Dutch_@DutchBoyd ($5100 in chips)
Dutch_@DutchBoyd: posts small blind $75
DeepStack: posts big blind $150
*** HOLE CARDS ***
Dealt to DeepStack [Jc 2c]
Dealt to Dutch_@DutchBoyd [4s Qc]
Dutch_@DutchBoyd: raises $150 to $300
DeepStack: calls $150
*** FLOP **** [6h 4h 6c]
DeepStack: checks
Dutch_@DutchBoyd: raises $300 to $300
DeepStack: folds
Uncalled bet ($300) returned to Dutch_@DutchBoyd
Dutch_@DutchBoyd collected $600 from the pot
*** SUMMARY ***
Total pot $600 | Rake $0
Board [6h 4h 6c]
Seat 1: DeepStack (big blind) folded on the Flop
Seat 2: Dutch_@DutchBoyd (button) (small blind) collected ($600)

PokerStars Hand #7000200018: Tournament #3, Apr13_2017-at-17_58_7 Hold'em No Limit ($75/$150 USD) - 2017/04/13 19:58:24 ET
Table 'ACPC Match' 2-max Seat #1 is the button
Seat 1: DeepStack ($34600 in chips)
Seat 2: Dutch_@DutchBoyd ($5400 in chips)
DeepStack: posts small blind $75
Dutch_@DutchBoyd: posts big blind $150
*** HOLE CARDS ***
Dealt to DeepStack [9d 6s]
Dealt to Dutch_@DutchBoyd [Kh Th]
DeepStack: raises $150 to $300
Dutch_@DutchBoyd: raises $450 to $750
DeepStack: folds
Uncalled bet ($450) returned to Dutch_@DutchBoyd
Dutch_@DutchBoyd collected $600 from the pot
*** SUMMARY ***
Total pot $600 | Rake $0
Seat 1: DeepStack (button) (small blind) folded before the Flop
Seat 2: Dutch_@DutchBoyd (big blind) collected ($600)

PokerStars Hand #7000200019: Tournament #3, Apr13_2017-at-17_58_7 Hold'em No Limit ($75/$150 USD) - 2017/04/13 19:58:25 ET
Table 'ACPC Match' 2-max Seat #2 is the button
Seat 1: DeepStack ($34300 in chips)
Seat 2: Dutch_@DutchBoyd ($5700 in chips)
Dutch_@DutchBoyd: posts small blind $75
DeepStack: posts big blind $150
*** HOLE CARDS ***
Dealt to DeepStack [8c Jd]
Dealt to Dutch_@DutchBoyd [Qd Ks]
Dutch_@DutchBoyd: raises $150 to $300
DeepStack: calls $150
*** FLOP **** [4s Ah Kc]
DeepStack: checks
Dutch_@DutchBoyd: raises $150 to $150
DeepStack: folds
Uncalled bet ($150) returned to Dutch_@DutchBoyd
Dutch_@DutchBoyd collected $600 from the pot
*** SUMMARY ***
Total pot $600 | Rake $0
Board [4s Ah Kc]
Seat 1: DeepStack (big blind) folded on the Flop
Seat 2: Dutch_@DutchBoyd (button) (small blind) collected ($600)

PokerStars Hand #7000200020: Tournament #3, Apr13_2017-at-17_58_7 Hold'em No Limit ($75/$150 USD) - 2017/04/13 19:58:26 ET
Table 'ACPC Match' 2-max Seat #1 is the button
Seat 1: DeepStack ($34000 in chips)
Seat 2: Dutch_@DutchBoyd ($6000 in chips)
DeepStack: posts small blind $75
Dutch_@DutchBoyd: posts big blind $150
*** HOLE CARDS ***
Dealt to DeepStack [Qc 8c]
Dealt to Dutch_@DutchBoyd [Ks 8d]
DeepStack: raises $150 to $300
Dutch_@DutchBoyd: calls $150
*** FLOP **** [Jh 2d Td]
Dutch_@DutchBoyd: checks
DeepStack: checks
*** TURN **** [9c]
Dutch_@DutchBoyd: checks
DeepStack: checks
*** RIVER **** [7c]
Dutch_@DutchBoyd: bets $300
DeepStack: raises $600 to $900
Dutch_@DutchBoyd: raises $600 to $1500
DeepStack: raises $4200 to $5700
Dutch_@DutchBoyd: calls $4200 and is all-in
*** SHOW DOWN ***
DeepStack: shows [Qc 8c] (straight, Queen high)
Dutch_@DutchBoyd: shows [Ks 8d] (straight, Jack high)
DeepStack collected $12000 from pot
*** SUMMARY ***
Total pot $12000 | Rake $0
Board [Jh 2d Td 9c 7c]
Seat 1: DeepStack (button) (small blind) showed [Qc 8c] and won ($12000) with straight, Queen high
Seat 2: Dutch_@DutchBoyd (big blind) showed [Ks 8d] and lost with straight, Jack high
