PokerStars Hand #7000300001: Tournament #4, Apr13_2017-at-18_11_14 Hold'em No Limit ($50/$100 USD) - 2017/04/13 20:11:14 ET
Table 'ACPC Match' 2-max Seat #2 is the button
Seat 1: DeepStack ($20000 in chips)
Seat 2: Dutch_@DutchBoyd ($20000 in chips)
Dutch_@DutchBoyd: posts small blind $50
DeepStack: posts big blind $100
*** HOLE CARDS ***
Dealt to DeepStack [Td 3h]
Dealt to Dutch_@DutchBoyd [3d 5d]
Dutch_@DutchBoyd: raises $19900 to $20000 and is all-in
DeepStack: folds
Uncalled bet ($19900) returned to Dutch_@DutchBoyd
Dutch_@DutchBoyd collected $200 from the pot
*** SUMMARY ***
Total pot $200 | Rake $0
Seat 1: DeepStack (big blind) folded before the Flop
Seat 2: Dutch_@DutchBoyd (button) (small blind) collected ($200)

PokerStars Hand #7000300002: Tournament #4, Apr13_2017-at-18_11_14 Hold'em No Limit ($50/$100 USD) - 2017/04/13 20:11:15 ET
Table 'ACPC Match' 2-max Seat #1 is the button
Seat 1: DeepStack ($19900 in chips)
Seat 2: Dutch_@DutchBoyd ($20100 in chips)
DeepStack: posts small blind $50
Dutch_@DutchBoyd: posts big blind $100
*** HOLE CARDS ***
Dealt to DeepStack [Qc 2s]
Dealt to Dutch_@DutchBoyd [5s 7h]
DeepStack: calls $50
Dutch_@DutchBoyd: raises $20000 to $20100 and is all-in
DeepStack: folds
Uncalled bet ($20000) returned to Dutch_@DutchBoyd
Dutch_@DutchBoyd collected $200 from the pot
*** SUMMARY ***
Total pot $200 | Rake $0
Seat 1: DeepStack (button) (small blind) folded before the Flop
Seat 2: Dutch_@DutchBoyd (big blind) collected ($200)

PokerStars Hand #7000300003: Tournament #4, Apr13_2017-at-18_11_14 Hold'em No Limit ($50/$100 USD) - 2017/04/13 20:11:16 ET
Table 'ACPC Match' 2-max Seat #2 is the button
Seat 1: DeepStack ($19800 in chips)
Seat 2: Dutch_@DutchBoyd ($20200 in chips)
Dutch_@DutchBoyd: posts small blind $50
DeepStack: posts big blind $100
*** HOLE CARDS ***
Dealt to DeepStack [Qd Ac]
Dealt to Dutch_@DutchBoyd [5c 6h]
Dutch_@DutchBoyd: raises $20100 to $20200 and is all-in
DeepStack: calls $19700 and is all-in
Uncalled bet ($400) returned to Dutch_@DutchBoyd
*** FLOP **** [2c Jd 3d]
*** TURN **** [9h]
*** RIVER **** [Kh]
*** SHOW DOWN ***
Dutch_@DutchBoyd: shows [5c 6h] (King high)
DeepStack: shows [Qd Ac] (Ace high)
DeepStack collected $39600 from pot
*** SUMMARY ***
Total pot $39600 | Rake $0
Board [2c Jd 3d 9h Kh]
Seat 1: DeepStack (big blind) showed [Qd Ac] and won ($39600) with Ace high
Seat 2: Dutch_@DutchBoyd (button) (small blind) showed [5c 6h] and lost with King high

PokerStars Hand #7000300004: Tournament #4, Apr13_2017-at-18_11_14 Hold'em No Limit ($50/$100 USD) - 2017/04/13 20:11:17 ET
Table 'ACPC Match' 2-max Seat #1 is the button
Seat 1: DeepStack ($39600 in chips)
Seat 2: Dutch_@DutchBoyd ($400 in chips)
DeepStack: posts small blind $50
Dutch_@DutchBoyd: posts big blind $100
*** HOLE CARDS ***
Dealt to DeepStack [7d Qd]
Dealt to Dutch_@DutchBoyd [2h Kc]
DeepStack: raises $300 to $400
Dutch_@DutchBoyd: calls $300 and is all-in
*** FLOP **** [3d Kd Td]
*** TURN **** [2d]
*** RIVER **** [9d]
*** SHOW DOWN ***
DeepStack: shows [7d Qd] (flush, King high)
Dutch_@DutchBoyd: shows [2h Kc] (flush, King high)
DeepStack collected $800 from pot
*** SUMMARY ***
Total pot $800 | Rake $0
Board [3d Kd Td 2d 9d]
Seat 1: DeepStack (button) (small blind) showed [7d Qd] and won ($800) with flush, King high
Seat 2: Dutch_@DutchBoyd (big blind) showed [2h Kc] and lost with flush, King high
