STATE:1001700001:20000|20000:100|50:r300f:3d2h|8cAc:-100|100:DeepStack|Andrew_@ThinkingPoker 
STATE:1001700002:20100|19900:100|50:f:3sJc|2s4h:50|-50:Andrew_@ThinkingPoker|DeepStack 
STATE:1001700003:19850|20150:100|50:r300c/cr600c/cr1400f:8hAs|Kh7h/KcJcKs/Ts:-600|600:DeepStack|Andrew_@ThinkingPoker 
STATE:1001700004:20750|19250:100|50:cr400f:TdJd|3hKc:100|-100:Andrew_@ThinkingPoker|DeepStack 
STATE:1001700005:19150|20850:100|50:r300c/cc/r900f:KhJd|3h6h/Ks7dJs/3s:300|-300:DeepStack|Andrew_@ThinkingPoker 
STATE:1001700006:20550|19450:100|50:r200c/cc/cc/cc:9d6h|9h9c/TsKs6d/3c/Qh:-200|200:Andrew_@ThinkingPoker|DeepStack 
STATE:1001700007:19650|20350:100|50:r300f:8c4h|Qd7d:-100|100:DeepStack|Andrew_@ThinkingPoker 
STATE:1001700008:20450|19550:100|50:f:6dAd|3c7s:50|-50:Andrew_@ThinkingPoker|DeepStack 
STATE:1001700009:19500|20500:100|50:f:Ac3s|Th4s:50|-50:DeepStack|Andrew_@ThinkingPoker 
STATE:1001700010:20450|19550:100|50:r200r800f:QsQd|Td6c:200|-200:Andrew_@ThinkingPoker|DeepStack 
STATE:1001700011:19350|20650:150|75:r450c/cc/r900c/cc:5s8s|Qc6d/2c4h5c/Ad/As:900|-900:DeepStack|Andrew_@ThinkingPoker 
STATE:1001700012:19750|20250:150|75:r450f:6sKh|Qc8d:-150|150:Andrew_@ThinkingPoker|DeepStack 
STATE:1001700013:20400|19600:150|75:r450f:3h7d|QsKh:-150|150:DeepStack|Andrew_@ThinkingPoker 
STATE:1001700014:19750|20250:150|75:f:9h5h|2s9d:75|-75:Andrew_@ThinkingPoker|DeepStack 
STATE:1001700015:20175|19825:150|75:r450f:3hKc|AhJs:-150|150:DeepStack|Andrew_@ThinkingPoker 
STATE:1001700016:19975|20025:150|75:r450r1650f:QhKh|6sAc:450|-450:Andrew_@ThinkingPoker|DeepStack 
STATE:1001700017:19575|20425:150|75:r450f:7d4s|6cJc:-150|150:DeepStack|Andrew_@ThinkingPoker 
STATE:1001700018:20575|19425:150|75:r450r1650f:AsKd|7dAc:450|-450:Andrew_@ThinkingPoker|DeepStack 
STATE:1001700019:18975|21025:150|75:f:2h2s|4d8h:75|-75:DeepStack|Andrew_@ThinkingPoker 
STATE:1001700020:20950|19050:150|75:r450c/cr900r1650r3300c/cc/r5150f:QcJd|6s7s/4dQhQs/2c/2s:3300|-3300:Andrew_@ThinkingPoker|DeepStack 
STATE:1001700021:15750|24250:200|100:r600c/cc/cc/cc:Ad6s|Qh4h/3sKd6d/Ac/Qs:600|-600:DeepStack|Andrew_@ThinkingPoker 
STATE:1001700022:23650|16350:200|100:r600c/cc/cr1200c/cr6000r23650f:8dAd|7h5s/Qd3c4d/7s/6d:6000|-6000:Andrew_@ThinkingPoker|DeepStack 
STATE:1001700023:10350|29650:200|100:r600c/cc/cr1000f:5s8s|9hAc/2cJdJc/As:-600|600:DeepStack|Andrew_@ThinkingPoker 
STATE:1001700024:30250|9750:200|100:f:8s8h|5s2d:100|-100:Andrew_@ThinkingPoker|DeepStack 
STATE:1001700025:9650|30350:200|100:r600c/cr1400c/cc/cc:8h5h|8cKh/9h4c8s/Qd/7h:-1400|1400:DeepStack|Andrew_@ThinkingPoker 
STATE:1001700026:31750|8250:200|100:r400r1400f:AsAd|4hTd:400|-400:Andrew_@ThinkingPoker|DeepStack 
STATE:1001700027:7850|32150:200|100:r600f:4s7c|Ad8s:-200|200:DeepStack|Andrew_@ThinkingPoker 
STATE:1001700028:32350|7650:200|100:cr800r7650f:7hAh|2hAd:-800|800:Andrew_@ThinkingPoker|DeepStack 
STATE:1001700029:8450|31550:200|100:f:9hJc|4cJd:100|-100:DeepStack|Andrew_@ThinkingPoker 
STATE:1001700030:31450|8550:200|100:r400c/cc/cc/r600c:5d6c|Kd7d/Qh4s2h/Ah/Ts:-600|600:Andrew_@ThinkingPoker|DeepStack 
STATE:1001700031:9150|30850:300|150:cc/cc/cc/r600f:7s2c|4d2d/Ah7h8s/6h/Ad:300|-300:DeepStack|Andrew_@ThinkingPoker 
STATE:1001700032:30550|9450:300|150:r600c/r1200c/r2400f:9sKc|Ad3d/QcKdKh/7h:1200|-1200:Andrew_@ThinkingPoker|DeepStack 
STATE:1001700033:8250|31750:300|150:r600c/cc/r1200f:Ad6s|Tc5c/Ah2d8s/8c:600|-600:DeepStack|Andrew_@ThinkingPoker 
STATE:1001700034:31150|8850:300|150:r900r31150c///:TcKc|KdAc/4s6sQs/7s/6d:-8850|8850:Andrew_@ThinkingPoker|DeepStack 
STATE:1001700035:17700|22300:300|150:r600c/cr1200f:4sAh|3d6d/QdTd8d:-600|600:DeepStack|Andrew_@ThinkingPoker 
STATE:1001700036:22900|17100:300|150:r600f:8d3h|8s9s:-300|300:Andrew_@ThinkingPoker|DeepStack 
STATE:1001700037:17400|22600:300|150:f:Qh4c|2s8c:150|-150:DeepStack|Andrew_@ThinkingPoker 
STATE:1001700038:22450|17550:300|150:r600f:6cTd|9c8s:-300|300:Andrew_@ThinkingPoker|DeepStack 
STATE:1001700039:17850|22150:300|150:f:5hAc|2d3h:150|-150:DeepStack|Andrew_@ThinkingPoker 
STATE:1001700040:22000|18000:300|150:r600c/r1400c/r5200f:4cQc|QdAc/Jc9d8s/4h:1400|-1400:Andrew_@ThinkingPoker|DeepStack 
STATE:1001700041:16600|23400:400|200:r800c/cc/cc/cr1600f:2dQh|Js8c/Jc4c7c/As/2h:-800|800:DeepStack|Andrew_@ThinkingPoker 
STATE:1001700042:24200|15800:400|200:r800f:Qh4s|Kh5s:-400|400:Andrew_@ThinkingPoker|DeepStack 
STATE:1001700043:16200|23800:400|200:r1000c/cc/cc/cc:3h3s|3cAc/7d9d8s/2h/8d:1000|-1000:DeepStack|Andrew_@ThinkingPoker 
STATE:1001700044:22800|17200:400|200:r800r2400c/cc/cc/r4200f:JcKs|9dQd/Kc7cAc/3d/Ts:2400|-2400:Andrew_@ThinkingPoker|DeepStack 
STATE:1001700045:14800|25200:400|200:r1000c/cc/cc/cc:3c2c|8dAc/5cTd7d/2s/6c:1000|-1000:DeepStack|Andrew_@ThinkingPoker 
STATE:1001700046:24200|15800:400|200:r800c/cr2400c/cc/cc:9cTd|5s4s/8h7c8s/Ah/Th:2400|-2400:Andrew_@ThinkingPoker|DeepStack 
STATE:1001700047:13400|26600:400|200:r1000c/cc/cc/r2000f:7h4h|Ad9h/TcQh7s/5h/Th:1000|-1000:DeepStack|Andrew_@ThinkingPoker 
STATE:1001700048:25600|14400:400|200:r800f:4dTh|6c5h:-400|400:Andrew_@ThinkingPoker|DeepStack 
STATE:1001700049:14800|25200:400|200:r800f:2c8h|5cKs:-400|400:DeepStack|Andrew_@ThinkingPoker 
STATE:1001700050:25600|14400:400|200:r800c/cr2400f:5sAd|8c5h/6dTd4s:-800|800:Andrew_@ThinkingPoker|DeepStack 
STATE:1001700051:15200|24800:600|300:cc/cc/cr1200f:2h3h|2cJc/TsQs6h/2s:-600|600:DeepStack|Andrew_@ThinkingPoker 
STATE:1001700052:25400|14600:600|300:cc/cc/cc/r1200f:5d6d|3c7s/Jh8s2h/9c/4d:600|-600:Andrew_@ThinkingPoker|DeepStack 
STATE:1001700053:14000|26000:600|300:r1800r3600r15400f:Kc8h|6dAs:-3600|3600:DeepStack|Andrew_@ThinkingPoker 
STATE:1001700054:29600|10400:600|300:cr12000c///:AhJc|9hQh/5h7c9d/Kh/Qd:-10400|10400:Andrew_@ThinkingPoker|DeepStack 
STATE:1001700055:20800|19200:600|300:f:Kh3s|Td4h:300|-300:DeepStack|Andrew_@ThinkingPoker 
STATE:1001700056:18900|21100:600|300:r1200f:Td3h|7d9s:-600|600:Andrew_@ThinkingPoker|DeepStack 
STATE:1001700057:21700|18300:600|300:f:7cAs|8d3h:300|-300:DeepStack|Andrew_@ThinkingPoker 
STATE:1001700058:18000|22000:600|300:cc/cr1200c/cr3600c/cc:5dKc|8hAc/Kd9c6d/7h/7d:3600|-3600:Andrew_@ThinkingPoker|DeepStack 
STATE:1001700059:18400|21600:600|300:r1500c/cc/cr3300c/cr7900c:TsKs|8dQd/JhTh4h/2c/As:7900|-7900:DeepStack|Andrew_@ThinkingPoker 
STATE:1001700060:13700|26300:600|300:cr13700c///:Ks6s|Kh9h/ThTc7s/8d/7h:0|0:Andrew_@ThinkingPoker|DeepStack 
STATE:1001700061:26300|13700:800|400:f:7hKh|2dTs:400|-400:DeepStack|Andrew_@ThinkingPoker 
STATE:1001700062:13300|26700:800|400:cc/r1600c/cr3200r13300c/:3h5h|2cKd/Ks8h4c/2d/4s:-13300|13300:Andrew_@ThinkingPoker|DeepStack 
