STATE:1001800001:20000|20000:100|50:r400f:6s2h|QdQh:-100|100:DeepStack|Andrew_@ThinkingPoker 
STATE:1001800002:20100|19900:100|50:cc/cr200r500c/cc/r2500c:Ah4d|JhKc/2hKd6h/9s/5h:-2500|2500:Andrew_@ThinkingPoker|DeepStack 
STATE:1001800003:22400|17600:100|50:f:8sTh|8d4h:50|-50:DeepStack|Andrew_@ThinkingPoker 
STATE:1001800004:17550|22450:100|50:cr400c/cc/cc/cr800f:AsKd|Kc6c/8h5s6h/2s/Td:-400|400:Andrew_@ThinkingPoker|DeepStack 
STATE:1001800005:22850|17150:100|50:r400f:Ad4s|JsQs:-100|100:DeepStack|Andrew_@ThinkingPoker 
STATE:1001800006:17250|22750:100|50:f:AsTs|2s6h:50|-50:Andrew_@ThinkingPoker|DeepStack 
STATE:1001800007:22700|17300:100|50:r400r1200c/cr2400c/cc/cc:8c8h|9hJc/8d7c4s/3h/3s:2400|-2400:DeepStack|Andrew_@ThinkingPoker 
STATE:1001800008:14900|25100:100|50:f:4h5s|9s2d:50|-50:Andrew_@ThinkingPoker|DeepStack 
STATE:1001800009:25050|14950:100|50:r400f:3c9s|Qs9c:-100|100:DeepStack|Andrew_@ThinkingPoker 
STATE:1001800010:15050|24950:100|50:cr400f:6hAh|3s9h:100|-100:Andrew_@ThinkingPoker|DeepStack 
STATE:1001800011:24850|15150:150|75:r450c/cc/cc/cc:2c4c|3d3s/Kh7s8s/2s/5h:-450|450:DeepStack|Andrew_@ThinkingPoker 
STATE:1001800012:15600|24400:150|75:cc/cc/r450c/r1350c:9h2s|KhJc/QhJs7c/8c/7s:-1350|1350:Andrew_@ThinkingPoker|DeepStack 
STATE:1001800013:25750|14250:150|75:r450f:7d5s|ThAh:-150|150:DeepStack|Andrew_@ThinkingPoker 
STATE:1001800014:14400|25600:150|75:r300c/cr600r1500f:TdJh|Ts6d/Kh5h8s:600|-600:Andrew_@ThinkingPoker|DeepStack 
STATE:1001800015:25000|15000:150|75:f:5sKs|4sKd:75|-75:DeepStack|Andrew_@ThinkingPoker 
STATE:1001800016:14925|25075:150|75:f:Td6h|8h3d:75|-75:Andrew_@ThinkingPoker|DeepStack 
STATE:1001800017:25000|15000:150|75:f:8s9h|2sKc:75|-75:DeepStack|Andrew_@ThinkingPoker 
STATE:1001800018:14925|25075:150|75:r300r1200f:KcAd|6hTs:300|-300:Andrew_@ThinkingPoker|DeepStack 
STATE:1001800019:24775|15225:150|75:f:5h5c|3c7h:75|-75:DeepStack|Andrew_@ThinkingPoker 
STATE:1001800020:15150|24850:150|75:r300r1200c/r2800f:AdQs|7h6c/2c4sQh:1200|-1200:Andrew_@ThinkingPoker|DeepStack 
STATE:1001800021:23650|16350:200|100:f:Td3h|2h6c:100|-100:DeepStack|Andrew_@ThinkingPoker 
STATE:1001800022:16250|23750:200|100:r600f:8h4c|5s3s:-200|200:Andrew_@ThinkingPoker|DeepStack 
STATE:1001800023:23950|16050:200|100:r600c/cr1400c/cr3400c/cr7200c:Kc7h|AsTs/7s6s2h/Ac/Td:-7200|7200:DeepStack|Andrew_@ThinkingPoker 
STATE:1001800024:23250|16750:200|100:cc/cr400f:2s7h|8h2h/AhJs3d:-200|200:Andrew_@ThinkingPoker|DeepStack 
STATE:1001800025:16950|23050:200|100:r600r1800f:QsKs|6hQc:600|-600:DeepStack|Andrew_@ThinkingPoker 
STATE:1001800026:22450|17550:200|100:f:AcAd|2d3s:100|-100:Andrew_@ThinkingPoker|DeepStack 
STATE:1001800027:17450|22550:200|100:f:6s7d|7c2s:100|-100:DeepStack|Andrew_@ThinkingPoker 
STATE:1001800028:22450|17550:200|100:r400r1600f:QcQs|Kd3c:400|-400:Andrew_@ThinkingPoker|DeepStack 
STATE:1001800029:17150|22850:200|100:f:KcKh|Js3d:100|-100:DeepStack|Andrew_@ThinkingPoker 
STATE:1001800030:22750|17250:200|100:f:9d6h|2h7s:100|-100:Andrew_@ThinkingPoker|DeepStack 
STATE:1001800031:17150|22850:300|150:r900c/cr2100c/cr5700f:7dTh|4h4s/4c7sAh/4d:-2100|2100:DeepStack|Andrew_@ThinkingPoker 
STATE:1001800032:24950|15050:300|150:cr1200f:QcKs|Qh2d:300|-300:Andrew_@ThinkingPoker|DeepStack 
STATE:1001800033:14750|25250:300|150:f:9c2h|5dTh:150|-150:DeepStack|Andrew_@ThinkingPoker 
STATE:1001800034:25100|14900:300|150:cr1200c/cc/cr2400c/cr14900f:8hAh|9sKd/6d4dTh/5h/8d:-2400|2400:Andrew_@ThinkingPoker|DeepStack 
STATE:1001800035:17300|22700:300|150:f:5c3s|8c2s:150|-150:DeepStack|Andrew_@ThinkingPoker 
STATE:1001800036:22550|17450:300|150:r900f:Jc3c|Qd7h:-300|300:Andrew_@ThinkingPoker|DeepStack 
STATE:1001800037:17750|22250:300|150:r900c/cc/cc/cr1200c:5cKd|4d3d/Qh7h5h/2h/9d:1200|-1200:DeepStack|Andrew_@ThinkingPoker 
STATE:1001800038:21050|18950:300|150:r900f:7c2s|QhJs:-300|300:Andrew_@ThinkingPoker|DeepStack 
STATE:1001800039:19250|20750:300|150:r900f:7c2h|7hKs:-300|300:DeepStack|Andrew_@ThinkingPoker 
STATE:1001800040:21050|18950:300|150:r600c/cr1800c/cr3599f:Qc2c|KdJh/QhTcAs/8d:-1800|1800:Andrew_@ThinkingPoker|DeepStack 
STATE:1001800041:20750|19250:400|200:f:3cQs|2sTd:200|-200:DeepStack|Andrew_@ThinkingPoker 
STATE:1001800042:19050|20950:400|200:r800c/cr1600f:Js7c|5dKh/8c2c4d:-800|800:Andrew_@ThinkingPoker|DeepStack 
STATE:1001800043:21750|18250:400|200:r1200r18250f:5c8h|QdTh:1200|-1200:DeepStack|Andrew_@ThinkingPoker 
STATE:1001800044:17050|22950:400|200:f:8c8s|2h5c:200|-200:Andrew_@ThinkingPoker|DeepStack 
STATE:1001800045:22750|17250:400|200:r1200f:2c3d|Qh5h:-400|400:DeepStack|Andrew_@ThinkingPoker 
STATE:1001800046:17650|22350:400|200:r800c/cc/cc/r4000f:9cTs|Kh8c/AhTd4d/Kd/Tc:800|-800:Andrew_@ThinkingPoker|DeepStack 
STATE:1001800047:21550|18450:400|200:r1200c/cr2800f:8dJc|AdQc/AcTs5c:-1200|1200:DeepStack|Andrew_@ThinkingPoker 
STATE:1001800048:19650|20350:400|200:f:5sKc|2d4s:200|-200:Andrew_@ThinkingPoker|DeepStack 
STATE:1001800049:20150|19850:400|200:f:Qd8s|5s9c:200|-200:DeepStack|Andrew_@ThinkingPoker 
STATE:1001800050:19650|20350:400|200:f:8c4h|4c3s:200|-200:Andrew_@ThinkingPoker|DeepStack 
STATE:1001800051:20150|19850:600|300:cc/cc/r1200c/cr3600r10800f:5s8d|8s4s/Ah2cJd/4c/Qs:3600|-3600:DeepStack|Andrew_@ThinkingPoker 
STATE:1001800052:16250|23750:600|300:cc/cr1200f:Ts8s|5dTc/4c9cAc:-600|600:Andrew_@ThinkingPoker|DeepStack 
STATE:1001800053:24350|15650:600|300:cc/cc/cc/r1200c:2d4h|5d7d/Qc6hAs/7c/6d:-1200|1200:DeepStack|Andrew_@ThinkingPoker 
STATE:1001800054:16850|23150:600|300:r1200c/cc/r2800c/cc:6c9c|Ac5c/Tc6hTd/5d/9d:2800|-2800:Andrew_@ThinkingPoker|DeepStack 
STATE:1001800055:20350|19650:600|300:r1500f:8s2d|8h7s:-600|600:DeepStack|Andrew_@ThinkingPoker 
STATE:1001800056:20250|19750:600|300:cc/cr1200f:Jd6h|5sTd/2d4s4h:-600|600:Andrew_@ThinkingPoker|DeepStack 
STATE:1001800057:20350|19650:600|300:r1500c/cr3100c/cc/r9300c:9cKc|Td9h/Kd5h7d/Tc/8h:9300|-9300:DeepStack|Andrew_@ThinkingPoker 
STATE:1001800058:10350|29650:600|300:cc/cc/cc/r2800f:3h5s|8d2c/9hJd5h/As/3d:600|-600:Andrew_@ThinkingPoker|DeepStack 
STATE:1001800059:29050|10950:600|300:r1500f:3cJh|JdKd:-600|600:DeepStack|Andrew_@ThinkingPoker 
STATE:1001800060:11550|28450:600|300:cc/cc/cc/cc:2s9s|Qc7h/Kd6cJd/2c/3d:600|-600:Andrew_@ThinkingPoker|DeepStack 
STATE:1001800061:27850|12150:800|400:r1600c/cc/r4800c/r9600c:Tc8d|JhJs/ThKc7c/2c/Ks:-9600|9600:DeepStack|Andrew_@ThinkingPoker 
STATE:1001800062:21750|18250:800|400:r1600f:6h9c|5s6d:-800|800:Andrew_@ThinkingPoker|DeepStack 
STATE:1001800063:19050|20950:800|400:r1600r4800f:QdQc|Kd5h:1600|-1600:DeepStack|Andrew_@ThinkingPoker 
STATE:1001800064:19350|20650:800|400:cc/cr1600c/cc/r4800f:6dJc|Tc8d/3h6hAd/Kh/Th:1600|-1600:Andrew_@ThinkingPoker|DeepStack 
STATE:1001800065:19050|20950:800|400:f:2sJc|Th2d:400|-400:DeepStack|Andrew_@ThinkingPoker 
STATE:1001800066:20550|19450:800|400:cr20550f:TsKc|5cKs:800|-800:Andrew_@ThinkingPoker|DeepStack 
STATE:1001800067:18650|21350:800|400:r2000r18650c///:7c7h|JdAh/9dAd2h/5h/3c:-18650|18650:DeepStack|Andrew_@ThinkingPoker 
