PokerStars Hand #13000200001: Tournament #3, May4_2017-at-14_39_30 Hold'em No Limit ($50/$100 USD) - 2017/05/04 16:39:30 ET
Table 'ACPC Match' 2-max Seat #2 is the button
Seat 1: DeepStack ($20000 in chips)
Seat 2: Bryan_Paris_@bparispoker ($20000 in chips)
Bryan_Paris_@bparispoker: posts small blind $50
DeepStack: posts big blind $100
*** HOLE CARDS ***
Dealt to DeepStack [As 4h]
Dealt to Bryan_Paris_@bparispoker [7d 5d]
Bryan_Paris_@bparispoker: raises $200 to $300
DeepStack: calls $200
*** FLOP **** [5s 8d Qc]
DeepStack: checks
Bryan_Paris_@bparispoker: raises $400 to $400
DeepStack: folds
Uncalled bet ($400) returned to Bryan_Paris_@bparispoker
Bryan_Paris_@bparispoker collected $600 from the pot
*** SUMMARY ***
Total pot $600 | Rake $0
Board [5s 8d Qc]
Seat 1: DeepStack (big blind) folded on the Flop
Seat 2: Bryan_Paris_@bparispoker (button) (small blind) collected ($600)

PokerStars Hand #13000200002: Tournament #3, May4_2017-at-14_39_30 Hold'em No Limit ($50/$100 USD) - 2017/05/04 16:39:31 ET
Table 'ACPC Match' 2-max Seat #1 is the button
Seat 1: DeepStack ($19700 in chips)
Seat 2: Bryan_Paris_@bparispoker ($20300 in chips)
DeepStack: posts small blind $50
Bryan_Paris_@bparispoker: posts big blind $100
*** HOLE CARDS ***
Dealt to DeepStack [Qc 7d]
Dealt to Bryan_Paris_@bparispoker [Ts Kd]
DeepStack: raises $200 to $300
Bryan_Paris_@bparispoker: calls $200
*** FLOP **** [5h 6d 6h]
Bryan_Paris_@bparispoker: checks
DeepStack: raises $300 to $300
Bryan_Paris_@bparispoker: folds
Uncalled bet ($300) returned to DeepStack
DeepStack collected $600 from the pot
*** SUMMARY ***
Total pot $600 | Rake $0
Board [5h 6d 6h]
Seat 1: DeepStack (button) (small blind) collected ($600)
Seat 2: Bryan_Paris_@bparispoker (big blind) folded on the Flop

PokerStars Hand #13000200003: Tournament #3, May4_2017-at-14_39_30 Hold'em No Limit ($50/$100 USD) - 2017/05/04 16:39:32 ET
Table 'ACPC Match' 2-max Seat #2 is the button
Seat 1: DeepStack ($20000 in chips)
Seat 2: Bryan_Paris_@bparispoker ($20000 in chips)
Bryan_Paris_@bparispoker: posts small blind $50
DeepStack: posts big blind $100
*** HOLE CARDS ***
Dealt to DeepStack [4d Ac]
Dealt to Bryan_Paris_@bparispoker [Ah 2h]
Bryan_Paris_@bparispoker: raises $200 to $300
DeepStack: calls $200
*** FLOP **** [7d 7s Ts]
DeepStack: checks
Bryan_Paris_@bparispoker: checks
*** TURN **** [9s]
DeepStack: checks
Bryan_Paris_@bparispoker: checks
*** RIVER **** [5d]
DeepStack: checks
Bryan_Paris_@bparispoker: checks
*** SHOW DOWN ***
DeepStack: shows [4d Ac] (a pair of Sevens)
Bryan_Paris_@bparispoker: shows [Ah 2h] (a pair of Sevens)
DeepStack collected $300 from pot
Bryan_Paris_@bparispoker collected $300 from pot
*** SUMMARY ***
Total pot $600 | Rake $0
Board [7d 7s Ts 9s 5d]
Seat 1: DeepStack (big blind) showed [4d Ac] and won ($300) with a pair of Sevens
Seat 2: Bryan_Paris_@bparispoker (button) (small blind) showed [Ah 2h] and won ($300) with a pair of Sevens

PokerStars Hand #13000200004: Tournament #3, May4_2017-at-14_39_30 Hold'em No Limit ($50/$100 USD) - 2017/05/04 16:39:33 ET
Table 'ACPC Match' 2-max Seat #1 is the button
Seat 1: DeepStack ($20000 in chips)
Seat 2: Bryan_Paris_@bparispoker ($20000 in chips)
DeepStack: posts small blind $50
Bryan_Paris_@bparispoker: posts big blind $100
*** HOLE CARDS ***
Dealt to DeepStack [8s Ah]
Dealt to Bryan_Paris_@bparispoker [Tc 9d]
DeepStack: raises $200 to $300
Bryan_Paris_@bparispoker: calls $200
*** FLOP **** [7c 9h 4s]
Bryan_Paris_@bparispoker: checks
DeepStack: checks
*** TURN **** [Kc]
Bryan_Paris_@bparispoker: bets $450
DeepStack: folds
Uncalled bet ($450) returned to Bryan_Paris_@bparispoker
Bryan_Paris_@bparispoker collected $600 from the pot
*** SUMMARY ***
Total pot $600 | Rake $0
Board [7c 9h 4s Kc]
Seat 1: DeepStack (button) (small blind) folded on the Turn
Seat 2: Bryan_Paris_@bparispoker (big blind) collected ($600)

PokerStars Hand #13000200005: Tournament #3, May4_2017-at-14_39_30 Hold'em No Limit ($50/$100 USD) - 2017/05/04 16:39:34 ET
Table 'ACPC Match' 2-max Seat #2 is the button
Seat 1: DeepStack ($19700 in chips)
Seat 2: Bryan_Paris_@bparispoker ($20300 in chips)
Bryan_Paris_@bparispoker: posts small blind $50
DeepStack: posts big blind $100
*** HOLE CARDS ***
Dealt to DeepStack [Kd 3s]
Dealt to Bryan_Paris_@bparispoker [4d Tc]
Bryan_Paris_@bparispoker: folds
Uncalled bet ($50) returned to DeepStack
DeepStack collected $100 from the pot
*** SUMMARY ***
Total pot $100 | Rake $0
Seat 1: DeepStack (big blind) collected ($100)
Seat 2: Bryan_Paris_@bparispoker (button) (small blind) folded before the Flop

PokerStars Hand #13000200006: Tournament #3, May4_2017-at-14_39_30 Hold'em No Limit ($50/$100 USD) - 2017/05/04 16:39:35 ET
Table 'ACPC Match' 2-max Seat #1 is the button
Seat 1: DeepStack ($19750 in chips)
Seat 2: Bryan_Paris_@bparispoker ($20250 in chips)
DeepStack: posts small blind $50
Bryan_Paris_@bparispoker: posts big blind $100
*** HOLE CARDS ***
Dealt to DeepStack [2h 6d]
Dealt to Bryan_Paris_@bparispoker [8d Qd]
DeepStack: folds
Uncalled bet ($50) returned to Bryan_Paris_@bparispoker
Bryan_Paris_@bparispoker collected $100 from the pot
*** SUMMARY ***
Total pot $100 | Rake $0
Seat 1: DeepStack (button) (small blind) folded before the Flop
Seat 2: Bryan_Paris_@bparispoker (big blind) collected ($100)

PokerStars Hand #13000200007: Tournament #3, May4_2017-at-14_39_30 Hold'em No Limit ($50/$100 USD) - 2017/05/04 16:39:36 ET
Table 'ACPC Match' 2-max Seat #2 is the button
Seat 1: DeepStack ($19700 in chips)
Seat 2: Bryan_Paris_@bparispoker ($20300 in chips)
Bryan_Paris_@bparispoker: posts small blind $50
DeepStack: posts big blind $100
*** HOLE CARDS ***
Dealt to DeepStack [Td 9h]
Dealt to Bryan_Paris_@bparispoker [7s Kc]
Bryan_Paris_@bparispoker: raises $200 to $300
DeepStack: raises $600 to $900
Bryan_Paris_@bparispoker: folds
Uncalled bet ($600) returned to DeepStack
DeepStack collected $600 from the pot
*** SUMMARY ***
Total pot $600 | Rake $0
Seat 1: DeepStack (big blind) collected ($600)
Seat 2: Bryan_Paris_@bparispoker (button) (small blind) folded before the Flop

PokerStars Hand #13000200008: Tournament #3, May4_2017-at-14_39_30 Hold'em No Limit ($50/$100 USD) - 2017/05/04 16:39:37 ET
Table 'ACPC Match' 2-max Seat #1 is the button
Seat 1: DeepStack ($20000 in chips)
Seat 2: Bryan_Paris_@bparispoker ($20000 in chips)
DeepStack: posts small blind $50
Bryan_Paris_@bparispoker: posts big blind $100
*** HOLE CARDS ***
Dealt to DeepStack [As 9c]
Dealt to Bryan_Paris_@bparispoker [Qh 3d]
DeepStack: raises $200 to $300
Bryan_Paris_@bparispoker: folds
Uncalled bet ($200) returned to DeepStack
DeepStack collected $200 from the pot
*** SUMMARY ***
Total pot $200 | Rake $0
Seat 1: DeepStack (button) (small blind) collected ($200)
Seat 2: Bryan_Paris_@bparispoker (big blind) folded before the Flop

PokerStars Hand #13000200009: Tournament #3, May4_2017-at-14_39_30 Hold'em No Limit ($50/$100 USD) - 2017/05/04 16:39:38 ET
Table 'ACPC Match' 2-max Seat #2 is the button
Seat 1: DeepStack ($20100 in chips)
Seat 2: Bryan_Paris_@bparispoker ($19900 in chips)
Bryan_Paris_@bparispoker: posts small blind $50
DeepStack: posts big blind $100
*** HOLE CARDS ***
Dealt to DeepStack [7d Ks]
Dealt to Bryan_Paris_@bparispoker [3d 9s]
Bryan_Paris_@bparispoker: folds
Uncalled bet ($50) returned to DeepStack
DeepStack collected $100 from the pot
*** SUMMARY ***
Total pot $100 | Rake $0
Seat 1: DeepStack (big blind) collected ($100)
Seat 2: Bryan_Paris_@bparispoker (button) (small blind) folded before the Flop

PokerStars Hand #13000200010: Tournament #3, May4_2017-at-14_39_30 Hold'em No Limit ($50/$100 USD) - 2017/05/04 16:39:39 ET
Table 'ACPC Match' 2-max Seat #1 is the button
Seat 1: DeepStack ($20150 in chips)
Seat 2: Bryan_Paris_@bparispoker ($19850 in chips)
DeepStack: posts small blind $50
Bryan_Paris_@bparispoker: posts big blind $100
*** HOLE CARDS ***
Dealt to DeepStack [Ts 9d]
Dealt to Bryan_Paris_@bparispoker [6s 2d]
DeepStack: calls $50
Bryan_Paris_@bparispoker: checks
*** FLOP **** [7d Tc 5s]
Bryan_Paris_@bparispoker: checks
DeepStack: checks
*** TURN **** [4s]
Bryan_Paris_@bparispoker: checks
DeepStack: raises $200 to $200
Bryan_Paris_@bparispoker: folds
Uncalled bet ($200) returned to DeepStack
DeepStack collected $200 from the pot
*** SUMMARY ***
Total pot $200 | Rake $0
Board [7d Tc 5s 4s]
Seat 1: DeepStack (button) (small blind) collected ($200)
Seat 2: Bryan_Paris_@bparispoker (big blind) folded on the Turn

PokerStars Hand #13000200011: Tournament #3, May4_2017-at-14_39_30 Hold'em No Limit ($75/$150 USD) - 2017/05/04 16:39:40 ET
Table 'ACPC Match' 2-max Seat #2 is the button
Seat 1: DeepStack ($20250 in chips)
Seat 2: Bryan_Paris_@bparispoker ($19750 in chips)
Bryan_Paris_@bparispoker: posts small blind $75
DeepStack: posts big blind $150
*** HOLE CARDS ***
Dealt to DeepStack [Qd 6c]
Dealt to Bryan_Paris_@bparispoker [6s 4h]
Bryan_Paris_@bparispoker: raises $225 to $375
DeepStack: calls $225
*** FLOP **** [Qc 3c 9d]
DeepStack: checks
Bryan_Paris_@bparispoker: checks
*** TURN **** [4s]
DeepStack: bets $375
Bryan_Paris_@bparispoker: calls $375
*** RIVER **** [7s]
DeepStack: bets $750
Bryan_Paris_@bparispoker: calls $750
*** SHOW DOWN ***
DeepStack: shows [Qd 6c] (a pair of Queens)
Bryan_Paris_@bparispoker: shows [6s 4h] (a pair of Fours)
DeepStack collected $3000 from pot
*** SUMMARY ***
Total pot $3000 | Rake $0
Board [Qc 3c 9d 4s 7s]
Seat 1: DeepStack (big blind) showed [Qd 6c] and won ($3000) with a pair of Queens
Seat 2: Bryan_Paris_@bparispoker (button) (small blind) showed [6s 4h] and lost with a pair of Fours

PokerStars Hand #13000200012: Tournament #3, May4_2017-at-14_39_30 Hold'em No Limit ($75/$150 USD) - 2017/05/04 16:39:41 ET
Table 'ACPC Match' 2-max Seat #1 is the button
Seat 1: DeepStack ($21750 in chips)
Seat 2: Bryan_Paris_@bparispoker ($18250 in chips)
DeepStack: posts small blind $75
Bryan_Paris_@bparispoker: posts big blind $150
*** HOLE CARDS ***
Dealt to DeepStack [Qc 8d]
Dealt to Bryan_Paris_@bparispoker [9c 2d]
DeepStack: raises $300 to $450
Bryan_Paris_@bparispoker: folds
Uncalled bet ($300) returned to DeepStack
DeepStack collected $300 from the pot
*** SUMMARY ***
Total pot $300 | Rake $0
Seat 1: DeepStack (button) (small blind) collected ($300)
Seat 2: Bryan_Paris_@bparispoker (big blind) folded before the Flop

PokerStars Hand #13000200013: Tournament #3, May4_2017-at-14_39_30 Hold'em No Limit ($75/$150 USD) - 2017/05/04 16:39:42 ET
Table 'ACPC Match' 2-max Seat #2 is the button
Seat 1: DeepStack ($21900 in chips)
Seat 2: Bryan_Paris_@bparispoker ($18100 in chips)
Bryan_Paris_@bparispoker: posts small blind $75
DeepStack: posts big blind $150
*** HOLE CARDS ***
Dealt to DeepStack [Td Ad]
Dealt to Bryan_Paris_@bparispoker [5c 7d]
Bryan_Paris_@bparispoker: folds
Uncalled bet ($75) returned to DeepStack
DeepStack collected $150 from the pot
*** SUMMARY ***
Total pot $150 | Rake $0
Seat 1: DeepStack (big blind) collected ($150)
Seat 2: Bryan_Paris_@bparispoker (button) (small blind) folded before the Flop

PokerStars Hand #13000200014: Tournament #3, May4_2017-at-14_39_30 Hold'em No Limit ($75/$150 USD) - 2017/05/04 16:39:43 ET
Table 'ACPC Match' 2-max Seat #1 is the button
Seat 1: DeepStack ($21975 in chips)
Seat 2: Bryan_Paris_@bparispoker ($18025 in chips)
DeepStack: posts small blind $75
Bryan_Paris_@bparispoker: posts big blind $150
*** HOLE CARDS ***
Dealt to DeepStack [7c Tc]
Dealt to Bryan_Paris_@bparispoker [Td Qs]
DeepStack: calls $75
Bryan_Paris_@bparispoker: checks
*** FLOP **** [4h 6h Jc]
Bryan_Paris_@bparispoker: checks
DeepStack: checks
*** TURN **** [9d]
Bryan_Paris_@bparispoker: bets $325
DeepStack: folds
Uncalled bet ($325) returned to Bryan_Paris_@bparispoker
Bryan_Paris_@bparispoker collected $300 from the pot
*** SUMMARY ***
Total pot $300 | Rake $0
Board [4h 6h Jc 9d]
Seat 1: DeepStack (button) (small blind) folded on the Turn
Seat 2: Bryan_Paris_@bparispoker (big blind) collected ($300)

PokerStars Hand #13000200015: Tournament #3, May4_2017-at-14_39_30 Hold'em No Limit ($75/$150 USD) - 2017/05/04 16:39:44 ET
Table 'ACPC Match' 2-max Seat #2 is the button
Seat 1: DeepStack ($21825 in chips)
Seat 2: Bryan_Paris_@bparispoker ($18175 in chips)
Bryan_Paris_@bparispoker: posts small blind $75
DeepStack: posts big blind $150
*** HOLE CARDS ***
Dealt to DeepStack [Qh 3c]
Dealt to Bryan_Paris_@bparispoker [Ah Tc]
Bryan_Paris_@bparispoker: raises $300 to $450
DeepStack: folds
Uncalled bet ($300) returned to Bryan_Paris_@bparispoker
Bryan_Paris_@bparispoker collected $300 from the pot
*** SUMMARY ***
Total pot $300 | Rake $0
Seat 1: DeepStack (big blind) folded before the Flop
Seat 2: Bryan_Paris_@bparispoker (button) (small blind) collected ($300)

PokerStars Hand #13000200016: Tournament #3, May4_2017-at-14_39_30 Hold'em No Limit ($75/$150 USD) - 2017/05/04 16:39:45 ET
Table 'ACPC Match' 2-max Seat #1 is the button
Seat 1: DeepStack ($21675 in chips)
Seat 2: Bryan_Paris_@bparispoker ($18325 in chips)
DeepStack: posts small blind $75
Bryan_Paris_@bparispoker: posts big blind $150
*** HOLE CARDS ***
Dealt to DeepStack [6c 7h]
Dealt to Bryan_Paris_@bparispoker [8c 5d]
DeepStack: raises $300 to $450
Bryan_Paris_@bparispoker: folds
Uncalled bet ($300) returned to DeepStack
DeepStack collected $300 from the pot
*** SUMMARY ***
Total pot $300 | Rake $0
Seat 1: DeepStack (button) (small blind) collected ($300)
Seat 2: Bryan_Paris_@bparispoker (big blind) folded before the Flop

PokerStars Hand #13000200017: Tournament #3, May4_2017-at-14_39_30 Hold'em No Limit ($75/$150 USD) - 2017/05/04 16:39:46 ET
Table 'ACPC Match' 2-max Seat #2 is the button
Seat 1: DeepStack ($21825 in chips)
Seat 2: Bryan_Paris_@bparispoker ($18175 in chips)
Bryan_Paris_@bparispoker: posts small blind $75
DeepStack: posts big blind $150
*** HOLE CARDS ***
Dealt to DeepStack [8h Ts]
Dealt to Bryan_Paris_@bparispoker [5d 4c]
Bryan_Paris_@bparispoker: raises $225 to $375
DeepStack: calls $225
*** FLOP **** [9c 9s 4s]
DeepStack: checks
Bryan_Paris_@bparispoker: raises $450 to $450
DeepStack: calls $450
*** TURN **** [Kd]
DeepStack: checks
Bryan_Paris_@bparispoker: checks
*** RIVER **** [Jc]
DeepStack: bets $1650
Bryan_Paris_@bparispoker: calls $1650
*** SHOW DOWN ***
DeepStack: shows [8h Ts] (a pair of Nines)
Bryan_Paris_@bparispoker: shows [5d 4c] (two pair, Nines and Fours)
Bryan_Paris_@bparispoker collected $4950 from pot
*** SUMMARY ***
Total pot $4950 | Rake $0
Board [9c 9s 4s Kd Jc]
Seat 1: DeepStack (big blind) showed [8h Ts] and lost with a pair of Nines
Seat 2: Bryan_Paris_@bparispoker (button) (small blind) showed [5d 4c] and won ($4950) with two pair, Nines and Fours

PokerStars Hand #13000200018: Tournament #3, May4_2017-at-14_39_30 Hold'em No Limit ($75/$150 USD) - 2017/05/04 16:39:47 ET
Table 'ACPC Match' 2-max Seat #1 is the button
Seat 1: DeepStack ($19350 in chips)
Seat 2: Bryan_Paris_@bparispoker ($20650 in chips)
DeepStack: posts small blind $75
Bryan_Paris_@bparispoker: posts big blind $150
*** HOLE CARDS ***
Dealt to DeepStack [2d 2s]
Dealt to Bryan_Paris_@bparispoker [2c Ad]
DeepStack: raises $300 to $450
Bryan_Paris_@bparispoker: calls $300
*** FLOP **** [Kd Ts Tc]
Bryan_Paris_@bparispoker: checks
DeepStack: checks
*** TURN **** [Qs]
Bryan_Paris_@bparispoker: checks
DeepStack: checks
*** RIVER **** [Kc]
Bryan_Paris_@bparispoker: checks
DeepStack: checks
*** SHOW DOWN ***
Bryan_Paris_@bparispoker: shows [2c Ad] (two pair, Kings and Tens)
DeepStack: shows [2d 2s] (two pair, Kings and Tens)
Bryan_Paris_@bparispoker collected $900 from pot
*** SUMMARY ***
Total pot $900 | Rake $0
Board [Kd Ts Tc Qs Kc]
Seat 1: DeepStack (button) (small blind) showed [2d 2s] and lost with two pair, Kings and Tens
Seat 2: Bryan_Paris_@bparispoker (big blind) showed [2c Ad] and won ($900) with two pair, Kings and Tens

PokerStars Hand #13000200019: Tournament #3, May4_2017-at-14_39_30 Hold'em No Limit ($75/$150 USD) - 2017/05/04 16:39:48 ET
Table 'ACPC Match' 2-max Seat #2 is the button
Seat 1: DeepStack ($18900 in chips)
Seat 2: Bryan_Paris_@bparispoker ($21100 in chips)
Bryan_Paris_@bparispoker: posts small blind $75
DeepStack: posts big blind $150
*** HOLE CARDS ***
Dealt to DeepStack [Ts 3d]
Dealt to Bryan_Paris_@bparispoker [9d Tc]
Bryan_Paris_@bparispoker: raises $225 to $375
DeepStack: folds
Uncalled bet ($225) returned to Bryan_Paris_@bparispoker
Bryan_Paris_@bparispoker collected $300 from the pot
*** SUMMARY ***
Total pot $300 | Rake $0
Seat 1: DeepStack (big blind) folded before the Flop
Seat 2: Bryan_Paris_@bparispoker (button) (small blind) collected ($300)

PokerStars Hand #13000200020: Tournament #3, May4_2017-at-14_39_30 Hold'em No Limit ($75/$150 USD) - 2017/05/04 16:39:49 ET
Table 'ACPC Match' 2-max Seat #1 is the button
Seat 1: DeepStack ($18750 in chips)
Seat 2: Bryan_Paris_@bparispoker ($21250 in chips)
DeepStack: posts small blind $75
Bryan_Paris_@bparispoker: posts big blind $150
*** HOLE CARDS ***
Dealt to DeepStack [9c 2d]
Dealt to Bryan_Paris_@bparispoker [Kd Th]
DeepStack: folds
Uncalled bet ($75) returned to Bryan_Paris_@bparispoker
Bryan_Paris_@bparispoker collected $150 from the pot
*** SUMMARY ***
Total pot $150 | Rake $0
Seat 1: DeepStack (button) (small blind) folded before the Flop
Seat 2: Bryan_Paris_@bparispoker (big blind) collected ($150)

PokerStars Hand #13000200021: Tournament #3, May4_2017-at-14_39_30 Hold'em No Limit ($100/$200 USD) - 2017/05/04 16:39:50 ET
Table 'ACPC Match' 2-max Seat #2 is the button
Seat 1: DeepStack ($18675 in chips)
Seat 2: Bryan_Paris_@bparispoker ($21325 in chips)
Bryan_Paris_@bparispoker: posts small blind $100
DeepStack: posts big blind $200
*** HOLE CARDS ***
Dealt to DeepStack [5h 3s]
Dealt to Bryan_Paris_@bparispoker [6s Ad]
Bryan_Paris_@bparispoker: raises $400 to $600
DeepStack: folds
Uncalled bet ($400) returned to Bryan_Paris_@bparispoker
Bryan_Paris_@bparispoker collected $400 from the pot
*** SUMMARY ***
Total pot $400 | Rake $0
Seat 1: DeepStack (big blind) folded before the Flop
Seat 2: Bryan_Paris_@bparispoker (button) (small blind) collected ($400)

PokerStars Hand #13000200022: Tournament #3, May4_2017-at-14_39_30 Hold'em No Limit ($100/$200 USD) - 2017/05/04 16:39:51 ET
Table 'ACPC Match' 2-max Seat #1 is the button
Seat 1: DeepStack ($18475 in chips)
Seat 2: Bryan_Paris_@bparispoker ($21525 in chips)
DeepStack: posts small blind $100
Bryan_Paris_@bparispoker: posts big blind $200
*** HOLE CARDS ***
Dealt to DeepStack [Ad 8c]
Dealt to Bryan_Paris_@bparispoker [2s Ks]
DeepStack: calls $100
Bryan_Paris_@bparispoker: checks
*** FLOP **** [7s Kh Kc]
Bryan_Paris_@bparispoker: checks
DeepStack: raises $200 to $200
Bryan_Paris_@bparispoker: raises $500 to $700
DeepStack: calls $500
*** TURN **** [8d]
Bryan_Paris_@bparispoker: checks
DeepStack: checks
*** RIVER **** [6c]
Bryan_Paris_@bparispoker: bets $1125
DeepStack: calls $1125
*** SHOW DOWN ***
Bryan_Paris_@bparispoker: shows [2s Ks] (three of a kind, Kings)
DeepStack: shows [Ad 8c] (two pair, Kings and Eights)
Bryan_Paris_@bparispoker collected $4050 from pot
*** SUMMARY ***
Total pot $4050 | Rake $0
Board [7s Kh Kc 8d 6c]
Seat 1: DeepStack (button) (small blind) showed [Ad 8c] and lost with two pair, Kings and Eights
Seat 2: Bryan_Paris_@bparispoker (big blind) showed [2s Ks] and won ($4050) with three of a kind, Kings

PokerStars Hand #13000200023: Tournament #3, May4_2017-at-14_39_30 Hold'em No Limit ($100/$200 USD) - 2017/05/04 16:39:52 ET
Table 'ACPC Match' 2-max Seat #2 is the button
Seat 1: DeepStack ($16450 in chips)
Seat 2: Bryan_Paris_@bparispoker ($23550 in chips)
Bryan_Paris_@bparispoker: posts small blind $100
DeepStack: posts big blind $200
*** HOLE CARDS ***
Dealt to DeepStack [5s Ts]
Dealt to Bryan_Paris_@bparispoker [Qh 2h]
Bryan_Paris_@bparispoker: raises $400 to $600
DeepStack: calls $400
*** FLOP **** [5h Th 2d]
DeepStack: bets $1200
Bryan_Paris_@bparispoker: calls $1200
*** TURN **** [Js]
DeepStack: checks
Bryan_Paris_@bparispoker: raises $2500 to $2500
DeepStack: raises $12150 to $14650 and is all-in
Bryan_Paris_@bparispoker: calls $12150
*** RIVER **** [Jc]
*** SHOW DOWN ***
DeepStack: shows [5s Ts] (two pair, Jacks and Tens)
Bryan_Paris_@bparispoker: shows [Qh 2h] (two pair, Jacks and Deuces)
DeepStack collected $32900 from pot
*** SUMMARY ***
Total pot $32900 | Rake $0
Board [5h Th 2d Js Jc]
Seat 1: DeepStack (big blind) showed [5s Ts] and won ($32900) with two pair, Jacks and Tens
Seat 2: Bryan_Paris_@bparispoker (button) (small blind) showed [Qh 2h] and lost with two pair, Jacks and Deuces

PokerStars Hand #13000200024: Tournament #3, May4_2017-at-14_39_30 Hold'em No Limit ($100/$200 USD) - 2017/05/04 16:39:53 ET
Table 'ACPC Match' 2-max Seat #1 is the button
Seat 1: DeepStack ($32900 in chips)
Seat 2: Bryan_Paris_@bparispoker ($7100 in chips)
DeepStack: posts small blind $100
Bryan_Paris_@bparispoker: posts big blind $200
*** HOLE CARDS ***
Dealt to DeepStack [4h 3d]
Dealt to Bryan_Paris_@bparispoker [Ts Kh]
DeepStack: calls $100
Bryan_Paris_@bparispoker: raises $500 to $700
DeepStack: folds
Uncalled bet ($500) returned to Bryan_Paris_@bparispoker
Bryan_Paris_@bparispoker collected $400 from the pot
*** SUMMARY ***
Total pot $400 | Rake $0
Seat 1: DeepStack (button) (small blind) folded before the Flop
Seat 2: Bryan_Paris_@bparispoker (big blind) collected ($400)

PokerStars Hand #13000200025: Tournament #3, May4_2017-at-14_39_30 Hold'em No Limit ($100/$200 USD) - 2017/05/04 16:39:54 ET
Table 'ACPC Match' 2-max Seat #2 is the button
Seat 1: DeepStack ($32700 in chips)
Seat 2: Bryan_Paris_@bparispoker ($7300 in chips)
Bryan_Paris_@bparispoker: posts small blind $100
DeepStack: posts big blind $200
*** HOLE CARDS ***
Dealt to DeepStack [Tc Ac]
Dealt to Bryan_Paris_@bparispoker [9c Td]
Bryan_Paris_@bparispoker: raises $250 to $450
DeepStack: raises $900 to $1350
Bryan_Paris_@bparispoker: folds
Uncalled bet ($900) returned to DeepStack
DeepStack collected $900 from the pot
*** SUMMARY ***
Total pot $900 | Rake $0
Seat 1: DeepStack (big blind) collected ($900)
Seat 2: Bryan_Paris_@bparispoker (button) (small blind) folded before the Flop

PokerStars Hand #13000200026: Tournament #3, May4_2017-at-14_39_30 Hold'em No Limit ($100/$200 USD) - 2017/05/04 16:39:55 ET
Table 'ACPC Match' 2-max Seat #1 is the button
Seat 1: DeepStack ($33150 in chips)
Seat 2: Bryan_Paris_@bparispoker ($6850 in chips)
DeepStack: posts small blind $100
Bryan_Paris_@bparispoker: posts big blind $200
*** HOLE CARDS ***
Dealt to DeepStack [3h Ac]
Dealt to Bryan_Paris_@bparispoker [Qs 9c]
DeepStack: calls $100
Bryan_Paris_@bparispoker: checks
*** FLOP **** [7c 3c Qc]
Bryan_Paris_@bparispoker: checks
DeepStack: raises $400 to $400
Bryan_Paris_@bparispoker: calls $400
*** TURN **** [5c]
Bryan_Paris_@bparispoker: checks
DeepStack: raises $600 to $600
Bryan_Paris_@bparispoker: calls $600
*** RIVER **** [8s]
Bryan_Paris_@bparispoker: checks
DeepStack: raises $4800 to $4800
Bryan_Paris_@bparispoker: folds
Uncalled bet ($4800) returned to DeepStack
DeepStack collected $2400 from the pot
*** SUMMARY ***
Total pot $2400 | Rake $0
Board [7c 3c Qc 5c 8s]
Seat 1: DeepStack (button) (small blind) collected ($2400)
Seat 2: Bryan_Paris_@bparispoker (big blind) folded on the River

PokerStars Hand #13000200027: Tournament #3, May4_2017-at-14_39_30 Hold'em No Limit ($100/$200 USD) - 2017/05/04 16:39:56 ET
Table 'ACPC Match' 2-max Seat #2 is the button
Seat 1: DeepStack ($34350 in chips)
Seat 2: Bryan_Paris_@bparispoker ($5650 in chips)
Bryan_Paris_@bparispoker: posts small blind $100
DeepStack: posts big blind $200
*** HOLE CARDS ***
Dealt to DeepStack [2s 9h]
Dealt to Bryan_Paris_@bparispoker [7d Ah]
Bryan_Paris_@bparispoker: raises $250 to $450
DeepStack: folds
Uncalled bet ($250) returned to Bryan_Paris_@bparispoker
Bryan_Paris_@bparispoker collected $400 from the pot
*** SUMMARY ***
Total pot $400 | Rake $0
Seat 1: DeepStack (big blind) folded before the Flop
Seat 2: Bryan_Paris_@bparispoker (button) (small blind) collected ($400)

PokerStars Hand #13000200028: Tournament #3, May4_2017-at-14_39_30 Hold'em No Limit ($100/$200 USD) - 2017/05/04 16:39:57 ET
Table 'ACPC Match' 2-max Seat #1 is the button
Seat 1: DeepStack ($34150 in chips)
Seat 2: Bryan_Paris_@bparispoker ($5850 in chips)
DeepStack: posts small blind $100
Bryan_Paris_@bparispoker: posts big blind $200
*** HOLE CARDS ***
Dealt to DeepStack [Th 5c]
Dealt to Bryan_Paris_@bparispoker [Td 2c]
DeepStack: calls $100
Bryan_Paris_@bparispoker: checks
*** FLOP **** [6s 3h Qd]
Bryan_Paris_@bparispoker: checks
DeepStack: raises $200 to $200
Bryan_Paris_@bparispoker: folds
Uncalled bet ($200) returned to DeepStack
DeepStack collected $400 from the pot
*** SUMMARY ***
Total pot $400 | Rake $0
Board [6s 3h Qd]
Seat 1: DeepStack (button) (small blind) collected ($400)
Seat 2: Bryan_Paris_@bparispoker (big blind) folded on the Flop

PokerStars Hand #13000200029: Tournament #3, May4_2017-at-14_39_30 Hold'em No Limit ($100/$200 USD) - 2017/05/04 16:39:58 ET
Table 'ACPC Match' 2-max Seat #2 is the button
Seat 1: DeepStack ($34350 in chips)
Seat 2: Bryan_Paris_@bparispoker ($5650 in chips)
Bryan_Paris_@bparispoker: posts small blind $100
DeepStack: posts big blind $200
*** HOLE CARDS ***
Dealt to DeepStack [8c 4c]
Dealt to Bryan_Paris_@bparispoker [9d Kc]
Bryan_Paris_@bparispoker: raises $250 to $450
DeepStack: calls $250
*** FLOP **** [Ac 9h 9c]
DeepStack: checks
Bryan_Paris_@bparispoker: raises $500 to $500
DeepStack: raises $950 to $1450
Bryan_Paris_@bparispoker: calls $950
*** TURN **** [Qd]
DeepStack: checks
Bryan_Paris_@bparispoker: checks
*** RIVER **** [4s]
DeepStack: checks
Bryan_Paris_@bparispoker: raises $3750 to $3750 and is all-in
DeepStack: folds
Uncalled bet ($3750) returned to Bryan_Paris_@bparispoker
Bryan_Paris_@bparispoker collected $3800 from the pot
*** SUMMARY ***
Total pot $3800 | Rake $0
Board [Ac 9h 9c Qd 4s]
Seat 1: DeepStack (big blind) folded on the River
Seat 2: Bryan_Paris_@bparispoker (button) (small blind) collected ($3800)

PokerStars Hand #13000200030: Tournament #3, May4_2017-at-14_39_30 Hold'em No Limit ($100/$200 USD) - 2017/05/04 16:39:59 ET
Table 'ACPC Match' 2-max Seat #1 is the button
Seat 1: DeepStack ($32450 in chips)
Seat 2: Bryan_Paris_@bparispoker ($7550 in chips)
DeepStack: posts small blind $100
Bryan_Paris_@bparispoker: posts big blind $200
*** HOLE CARDS ***
Dealt to DeepStack [6d 7c]
Dealt to Bryan_Paris_@bparispoker [Jh 9d]
DeepStack: calls $100
Bryan_Paris_@bparispoker: checks
*** FLOP **** [8c Js 3s]
Bryan_Paris_@bparispoker: checks
DeepStack: raises $200 to $200
Bryan_Paris_@bparispoker: raises $600 to $800
DeepStack: folds
Uncalled bet ($600) returned to Bryan_Paris_@bparispoker
Bryan_Paris_@bparispoker collected $800 from the pot
*** SUMMARY ***
Total pot $800 | Rake $0
Board [8c Js 3s]
Seat 1: DeepStack (button) (small blind) folded on the Flop
Seat 2: Bryan_Paris_@bparispoker (big blind) collected ($800)

PokerStars Hand #13000200031: Tournament #3, May4_2017-at-14_39_30 Hold'em No Limit ($150/$300 USD) - 2017/05/04 16:40:00 ET
Table 'ACPC Match' 2-max Seat #2 is the button
Seat 1: DeepStack ($32050 in chips)
Seat 2: Bryan_Paris_@bparispoker ($7950 in chips)
Bryan_Paris_@bparispoker: posts small blind $150
DeepStack: posts big blind $300
*** HOLE CARDS ***
Dealt to DeepStack [6s Kh]
Dealt to Bryan_Paris_@bparispoker [9h Ts]
Bryan_Paris_@bparispoker: raises $350 to $650
DeepStack: raises $7300 to $7950
Bryan_Paris_@bparispoker: folds
Uncalled bet ($7300) returned to DeepStack
DeepStack collected $1300 from the pot
*** SUMMARY ***
Total pot $1300 | Rake $0
Seat 1: DeepStack (big blind) collected ($1300)
Seat 2: Bryan_Paris_@bparispoker (button) (small blind) folded before the Flop

PokerStars Hand #13000200032: Tournament #3, May4_2017-at-14_39_30 Hold'em No Limit ($150/$300 USD) - 2017/05/04 16:40:01 ET
Table 'ACPC Match' 2-max Seat #1 is the button
Seat 1: DeepStack ($32700 in chips)
Seat 2: Bryan_Paris_@bparispoker ($7300 in chips)
DeepStack: posts small blind $150
Bryan_Paris_@bparispoker: posts big blind $300
*** HOLE CARDS ***
Dealt to DeepStack [Ks Qc]
Dealt to Bryan_Paris_@bparispoker [7c 5s]
DeepStack: raises $300 to $600
Bryan_Paris_@bparispoker: calls $300
*** FLOP **** [Jd Td 4c]
Bryan_Paris_@bparispoker: checks
DeepStack: checks
*** TURN **** [9d]
Bryan_Paris_@bparispoker: checks
DeepStack: checks
*** RIVER **** [Jc]
Bryan_Paris_@bparispoker: bets $800
DeepStack: raises $2800 to $3600
Bryan_Paris_@bparispoker: folds
Uncalled bet ($2800) returned to DeepStack
DeepStack collected $2800 from the pot
*** SUMMARY ***
Total pot $2800 | Rake $0
Board [Jd Td 4c 9d Jc]
Seat 1: DeepStack (button) (small blind) collected ($2800)
Seat 2: Bryan_Paris_@bparispoker (big blind) folded on the River

PokerStars Hand #13000200033: Tournament #3, May4_2017-at-14_39_30 Hold'em No Limit ($150/$300 USD) - 2017/05/04 16:40:02 ET
Table 'ACPC Match' 2-max Seat #2 is the button
Seat 1: DeepStack ($34100 in chips)
Seat 2: Bryan_Paris_@bparispoker ($5900 in chips)
Bryan_Paris_@bparispoker: posts small blind $150
DeepStack: posts big blind $300
*** HOLE CARDS ***
Dealt to DeepStack [2s Ad]
Dealt to Bryan_Paris_@bparispoker [Kc Jh]
Bryan_Paris_@bparispoker: raises $350 to $650
DeepStack: raises $5250 to $5900
Bryan_Paris_@bparispoker: calls $5250 and is all-in
*** FLOP **** [Ks Jd 7c]
*** TURN **** [Ac]
*** RIVER **** [9s]
*** SHOW DOWN ***
DeepStack: shows [2s Ad] (a pair of Aces)
Bryan_Paris_@bparispoker: shows [Kc Jh] (two pair, Kings and Jacks)
Bryan_Paris_@bparispoker collected $11800 from pot
*** SUMMARY ***
Total pot $11800 | Rake $0
Board [Ks Jd 7c Ac 9s]
Seat 1: DeepStack (big blind) showed [2s Ad] and lost with a pair of Aces
Seat 2: Bryan_Paris_@bparispoker (button) (small blind) showed [Kc Jh] and won ($11800) with two pair, Kings and Jacks

PokerStars Hand #13000200034: Tournament #3, May4_2017-at-14_39_30 Hold'em No Limit ($150/$300 USD) - 2017/05/04 16:40:03 ET
Table 'ACPC Match' 2-max Seat #1 is the button
Seat 1: DeepStack ($28200 in chips)
Seat 2: Bryan_Paris_@bparispoker ($11800 in chips)
DeepStack: posts small blind $150
Bryan_Paris_@bparispoker: posts big blind $300
*** HOLE CARDS ***
Dealt to DeepStack [9d Js]
Dealt to Bryan_Paris_@bparispoker [Ad Kc]
DeepStack: raises $300 to $600
Bryan_Paris_@bparispoker: raises $1450 to $2050
DeepStack: calls $1450
*** FLOP **** [5d 4c 7c]
Bryan_Paris_@bparispoker: checks
DeepStack: checks
*** TURN **** [Qd]
Bryan_Paris_@bparispoker: checks
DeepStack: raises $2050 to $2050
Bryan_Paris_@bparispoker: folds
Uncalled bet ($2050) returned to DeepStack
DeepStack collected $4100 from the pot
*** SUMMARY ***
Total pot $4100 | Rake $0
Board [5d 4c 7c Qd]
Seat 1: DeepStack (button) (small blind) collected ($4100)
Seat 2: Bryan_Paris_@bparispoker (big blind) folded on the Turn

PokerStars Hand #13000200035: Tournament #3, May4_2017-at-14_39_30 Hold'em No Limit ($150/$300 USD) - 2017/05/04 16:40:04 ET
Table 'ACPC Match' 2-max Seat #2 is the button
Seat 1: DeepStack ($30250 in chips)
Seat 2: Bryan_Paris_@bparispoker ($9750 in chips)
Bryan_Paris_@bparispoker: posts small blind $150
DeepStack: posts big blind $300
*** HOLE CARDS ***
Dealt to DeepStack [8d 9s]
Dealt to Bryan_Paris_@bparispoker [Ah 7d]
Bryan_Paris_@bparispoker: raises $375 to $675
DeepStack: calls $375
*** FLOP **** [7h 6s Td]
DeepStack: checks
Bryan_Paris_@bparispoker: raises $750 to $750
DeepStack: calls $750
*** TURN **** [9d]
DeepStack: bets $1425
Bryan_Paris_@bparispoker: folds
Uncalled bet ($1425) returned to DeepStack
DeepStack collected $2850 from the pot
*** SUMMARY ***
Total pot $2850 | Rake $0
Board [7h 6s Td 9d]
Seat 1: DeepStack (big blind) collected ($2850)
Seat 2: Bryan_Paris_@bparispoker (button) (small blind) folded on the Turn

PokerStars Hand #13000200036: Tournament #3, May4_2017-at-14_39_30 Hold'em No Limit ($150/$300 USD) - 2017/05/04 16:40:05 ET
Table 'ACPC Match' 2-max Seat #1 is the button
Seat 1: DeepStack ($31675 in chips)
Seat 2: Bryan_Paris_@bparispoker ($8325 in chips)
DeepStack: posts small blind $150
Bryan_Paris_@bparispoker: posts big blind $300
*** HOLE CARDS ***
Dealt to DeepStack [5d 2c]
Dealt to Bryan_Paris_@bparispoker [8s Td]
DeepStack: calls $150
Bryan_Paris_@bparispoker: checks
*** FLOP **** [9d Qc 2h]
Bryan_Paris_@bparispoker: checks
DeepStack: raises $300 to $300
Bryan_Paris_@bparispoker: folds
Uncalled bet ($300) returned to DeepStack
DeepStack collected $600 from the pot
*** SUMMARY ***
Total pot $600 | Rake $0
Board [9d Qc 2h]
Seat 1: DeepStack (button) (small blind) collected ($600)
Seat 2: Bryan_Paris_@bparispoker (big blind) folded on the Flop

PokerStars Hand #13000200037: Tournament #3, May4_2017-at-14_39_30 Hold'em No Limit ($150/$300 USD) - 2017/05/04 16:40:06 ET
Table 'ACPC Match' 2-max Seat #2 is the button
Seat 1: DeepStack ($31975 in chips)
Seat 2: Bryan_Paris_@bparispoker ($8025 in chips)
Bryan_Paris_@bparispoker: posts small blind $150
DeepStack: posts big blind $300
*** HOLE CARDS ***
Dealt to DeepStack [Jh Ah]
Dealt to Bryan_Paris_@bparispoker [3s Qd]
Bryan_Paris_@bparispoker: raises $400 to $700
DeepStack: raises $1400 to $2100
Bryan_Paris_@bparispoker: folds
Uncalled bet ($1400) returned to DeepStack
DeepStack collected $1400 from the pot
*** SUMMARY ***
Total pot $1400 | Rake $0
Seat 1: DeepStack (big blind) collected ($1400)
Seat 2: Bryan_Paris_@bparispoker (button) (small blind) folded before the Flop

PokerStars Hand #13000200038: Tournament #3, May4_2017-at-14_39_30 Hold'em No Limit ($150/$300 USD) - 2017/05/04 16:40:07 ET
Table 'ACPC Match' 2-max Seat #1 is the button
Seat 1: DeepStack ($32675 in chips)
Seat 2: Bryan_Paris_@bparispoker ($7325 in chips)
DeepStack: posts small blind $150
Bryan_Paris_@bparispoker: posts big blind $300
*** HOLE CARDS ***
Dealt to DeepStack [9s 6h]
Dealt to Bryan_Paris_@bparispoker [9h 5h]
DeepStack: calls $150
Bryan_Paris_@bparispoker: checks
*** FLOP **** [2d Ad Kd]
Bryan_Paris_@bparispoker: checks
DeepStack: checks
*** TURN **** [5c]
Bryan_Paris_@bparispoker: checks
DeepStack: checks
*** RIVER **** [5s]
Bryan_Paris_@bparispoker: bets $800
DeepStack: folds
Uncalled bet ($800) returned to Bryan_Paris_@bparispoker
Bryan_Paris_@bparispoker collected $600 from the pot
*** SUMMARY ***
Total pot $600 | Rake $0
Board [2d Ad Kd 5c 5s]
Seat 1: DeepStack (button) (small blind) folded on the River
Seat 2: Bryan_Paris_@bparispoker (big blind) collected ($600)

PokerStars Hand #13000200039: Tournament #3, May4_2017-at-14_39_30 Hold'em No Limit ($150/$300 USD) - 2017/05/04 16:40:08 ET
Table 'ACPC Match' 2-max Seat #2 is the button
Seat 1: DeepStack ($32375 in chips)
Seat 2: Bryan_Paris_@bparispoker ($7625 in chips)
Bryan_Paris_@bparispoker: posts small blind $150
DeepStack: posts big blind $300
*** HOLE CARDS ***
Dealt to DeepStack [2d 2c]
Dealt to Bryan_Paris_@bparispoker [Qd 7h]
Bryan_Paris_@bparispoker: raises $350 to $650
DeepStack: raises $6975 to $7625
Bryan_Paris_@bparispoker: folds
Uncalled bet ($6975) returned to DeepStack
DeepStack collected $1300 from the pot
*** SUMMARY ***
Total pot $1300 | Rake $0
Seat 1: DeepStack (big blind) collected ($1300)
Seat 2: Bryan_Paris_@bparispoker (button) (small blind) folded before the Flop

PokerStars Hand #13000200040: Tournament #3, May4_2017-at-14_39_30 Hold'em No Limit ($150/$300 USD) - 2017/05/04 16:40:09 ET
Table 'ACPC Match' 2-max Seat #1 is the button
Seat 1: DeepStack ($33025 in chips)
Seat 2: Bryan_Paris_@bparispoker ($6975 in chips)
DeepStack: posts small blind $150
Bryan_Paris_@bparispoker: posts big blind $300
*** HOLE CARDS ***
Dealt to DeepStack [9s 5h]
Dealt to Bryan_Paris_@bparispoker [2c 2d]
DeepStack: calls $150
Bryan_Paris_@bparispoker: raises $6675 to $6975 and is all-in
DeepStack: folds
Uncalled bet ($6675) returned to Bryan_Paris_@bparispoker
Bryan_Paris_@bparispoker collected $600 from the pot
*** SUMMARY ***
Total pot $600 | Rake $0
Seat 1: DeepStack (button) (small blind) folded before the Flop
Seat 2: Bryan_Paris_@bparispoker (big blind) collected ($600)

PokerStars Hand #13000200041: Tournament #3, May4_2017-at-14_39_30 Hold'em No Limit ($200/$400 USD) - 2017/05/04 16:40:10 ET
Table 'ACPC Match' 2-max Seat #2 is the button
Seat 1: DeepStack ($32725 in chips)
Seat 2: Bryan_Paris_@bparispoker ($7275 in chips)
Bryan_Paris_@bparispoker: posts small blind $200
DeepStack: posts big blind $400
*** HOLE CARDS ***
Dealt to DeepStack [Ts 6h]
Dealt to Bryan_Paris_@bparispoker [5d Qd]
Bryan_Paris_@bparispoker: calls $200
DeepStack: checks
*** FLOP **** [4c Td Qc]
DeepStack: checks
Bryan_Paris_@bparispoker: raises $550 to $550
DeepStack: calls $550
*** TURN **** [2s]
DeepStack: checks
Bryan_Paris_@bparispoker: raises $1325 to $1325
DeepStack: calls $1325
*** RIVER **** [Th]
DeepStack: checks
Bryan_Paris_@bparispoker: checks
*** SHOW DOWN ***
DeepStack: shows [Ts 6h] (three of a kind, Tens)
Bryan_Paris_@bparispoker: shows [5d Qd] (two pair, Queens and Tens)
DeepStack collected $4550 from pot
*** SUMMARY ***
Total pot $4550 | Rake $0
Board [4c Td Qc 2s Th]
Seat 1: DeepStack (big blind) showed [Ts 6h] and won ($4550) with three of a kind, Tens
Seat 2: Bryan_Paris_@bparispoker (button) (small blind) showed [5d Qd] and lost with two pair, Queens and Tens

PokerStars Hand #13000200042: Tournament #3, May4_2017-at-14_39_30 Hold'em No Limit ($200/$400 USD) - 2017/05/04 16:40:11 ET
Table 'ACPC Match' 2-max Seat #1 is the button
Seat 1: DeepStack ($35000 in chips)
Seat 2: Bryan_Paris_@bparispoker ($5000 in chips)
DeepStack: posts small blind $200
Bryan_Paris_@bparispoker: posts big blind $400
*** HOLE CARDS ***
Dealt to DeepStack [2s 5s]
Dealt to Bryan_Paris_@bparispoker [Jd 4d]
DeepStack: calls $200
Bryan_Paris_@bparispoker: checks
*** FLOP **** [8c Qs 9c]
Bryan_Paris_@bparispoker: checks
DeepStack: checks
*** TURN **** [Kc]
Bryan_Paris_@bparispoker: checks
DeepStack: raises $400 to $400
Bryan_Paris_@bparispoker: folds
Uncalled bet ($400) returned to DeepStack
DeepStack collected $800 from the pot
*** SUMMARY ***
Total pot $800 | Rake $0
Board [8c Qs 9c Kc]
Seat 1: DeepStack (button) (small blind) collected ($800)
Seat 2: Bryan_Paris_@bparispoker (big blind) folded on the Turn

PokerStars Hand #13000200043: Tournament #3, May4_2017-at-14_39_30 Hold'em No Limit ($200/$400 USD) - 2017/05/04 16:40:12 ET
Table 'ACPC Match' 2-max Seat #2 is the button
Seat 1: DeepStack ($35400 in chips)
Seat 2: Bryan_Paris_@bparispoker ($4600 in chips)
Bryan_Paris_@bparispoker: posts small blind $200
DeepStack: posts big blind $400
*** HOLE CARDS ***
Dealt to DeepStack [3s Kc]
Dealt to Bryan_Paris_@bparispoker [Qh 5s]
Bryan_Paris_@bparispoker: calls $200
DeepStack: raises $4200 to $4600
Bryan_Paris_@bparispoker: folds
Uncalled bet ($4200) returned to DeepStack
DeepStack collected $800 from the pot
*** SUMMARY ***
Total pot $800 | Rake $0
Seat 1: DeepStack (big blind) collected ($800)
Seat 2: Bryan_Paris_@bparispoker (button) (small blind) folded before the Flop

PokerStars Hand #13000200044: Tournament #3, May4_2017-at-14_39_30 Hold'em No Limit ($200/$400 USD) - 2017/05/04 16:40:13 ET
Table 'ACPC Match' 2-max Seat #1 is the button
Seat 1: DeepStack ($35800 in chips)
Seat 2: Bryan_Paris_@bparispoker ($4200 in chips)
DeepStack: posts small blind $200
Bryan_Paris_@bparispoker: posts big blind $400
*** HOLE CARDS ***
Dealt to DeepStack [7s 7d]
Dealt to Bryan_Paris_@bparispoker [2d 6h]
DeepStack: calls $200
Bryan_Paris_@bparispoker: checks
*** FLOP **** [7h 6c 3s]
Bryan_Paris_@bparispoker: checks
DeepStack: checks
*** TURN **** [9d]
Bryan_Paris_@bparispoker: checks
DeepStack: raises $800 to $800
Bryan_Paris_@bparispoker: folds
Uncalled bet ($800) returned to DeepStack
DeepStack collected $800 from the pot
*** SUMMARY ***
Total pot $800 | Rake $0
Board [7h 6c 3s 9d]
Seat 1: DeepStack (button) (small blind) collected ($800)
Seat 2: Bryan_Paris_@bparispoker (big blind) folded on the Turn

PokerStars Hand #13000200045: Tournament #3, May4_2017-at-14_39_30 Hold'em No Limit ($200/$400 USD) - 2017/05/04 16:40:14 ET
Table 'ACPC Match' 2-max Seat #2 is the button
Seat 1: DeepStack ($36200 in chips)
Seat 2: Bryan_Paris_@bparispoker ($3800 in chips)
Bryan_Paris_@bparispoker: posts small blind $200
DeepStack: posts big blind $400
*** HOLE CARDS ***
Dealt to DeepStack [Ac Jc]
Dealt to Bryan_Paris_@bparispoker [8d Ts]
Bryan_Paris_@bparispoker: calls $200
DeepStack: raises $800 to $1200
Bryan_Paris_@bparispoker: folds
Uncalled bet ($800) returned to DeepStack
DeepStack collected $800 from the pot
*** SUMMARY ***
Total pot $800 | Rake $0
Seat 1: DeepStack (big blind) collected ($800)
Seat 2: Bryan_Paris_@bparispoker (button) (small blind) folded before the Flop

PokerStars Hand #13000200046: Tournament #3, May4_2017-at-14_39_30 Hold'em No Limit ($200/$400 USD) - 2017/05/04 16:40:15 ET
Table 'ACPC Match' 2-max Seat #1 is the button
Seat 1: DeepStack ($36600 in chips)
Seat 2: Bryan_Paris_@bparispoker ($3400 in chips)
DeepStack: posts small blind $200
Bryan_Paris_@bparispoker: posts big blind $400
*** HOLE CARDS ***
Dealt to DeepStack [3h Jh]
Dealt to Bryan_Paris_@bparispoker [4c 5c]
DeepStack: calls $200
Bryan_Paris_@bparispoker: checks
*** FLOP **** [5s 4d Ad]
Bryan_Paris_@bparispoker: checks
DeepStack: raises $400 to $400
Bryan_Paris_@bparispoker: raises $2600 to $3000 and is all-in
DeepStack: folds
Uncalled bet ($2600) returned to Bryan_Paris_@bparispoker
Bryan_Paris_@bparispoker collected $1600 from the pot
*** SUMMARY ***
Total pot $1600 | Rake $0
Board [5s 4d Ad]
Seat 1: DeepStack (button) (small blind) folded on the Flop
Seat 2: Bryan_Paris_@bparispoker (big blind) collected ($1600)

PokerStars Hand #13000200047: Tournament #3, May4_2017-at-14_39_30 Hold'em No Limit ($200/$400 USD) - 2017/05/04 16:40:16 ET
Table 'ACPC Match' 2-max Seat #2 is the button
Seat 1: DeepStack ($35800 in chips)
Seat 2: Bryan_Paris_@bparispoker ($4200 in chips)
Bryan_Paris_@bparispoker: posts small blind $200
DeepStack: posts big blind $400
*** HOLE CARDS ***
Dealt to DeepStack [5c 9h]
Dealt to Bryan_Paris_@bparispoker [6h Js]
Bryan_Paris_@bparispoker: calls $200
DeepStack: raises $800 to $1200
Bryan_Paris_@bparispoker: folds
Uncalled bet ($800) returned to DeepStack
DeepStack collected $800 from the pot
*** SUMMARY ***
Total pot $800 | Rake $0
Seat 1: DeepStack (big blind) collected ($800)
Seat 2: Bryan_Paris_@bparispoker (button) (small blind) folded before the Flop

PokerStars Hand #13000200048: Tournament #3, May4_2017-at-14_39_30 Hold'em No Limit ($200/$400 USD) - 2017/05/04 16:40:17 ET
Table 'ACPC Match' 2-max Seat #1 is the button
Seat 1: DeepStack ($36200 in chips)
Seat 2: Bryan_Paris_@bparispoker ($3800 in chips)
DeepStack: posts small blind $200
Bryan_Paris_@bparispoker: posts big blind $400
*** HOLE CARDS ***
Dealt to DeepStack [4c 9c]
Dealt to Bryan_Paris_@bparispoker [Qh 8d]
DeepStack: calls $200
Bryan_Paris_@bparispoker: raises $3400 to $3800 and is all-in
DeepStack: folds
Uncalled bet ($3400) returned to Bryan_Paris_@bparispoker
Bryan_Paris_@bparispoker collected $800 from the pot
*** SUMMARY ***
Total pot $800 | Rake $0
Seat 1: DeepStack (button) (small blind) folded before the Flop
Seat 2: Bryan_Paris_@bparispoker (big blind) collected ($800)

PokerStars Hand #13000200049: Tournament #3, May4_2017-at-14_39_30 Hold'em No Limit ($200/$400 USD) - 2017/05/04 16:40:18 ET
Table 'ACPC Match' 2-max Seat #2 is the button
Seat 1: DeepStack ($35800 in chips)
Seat 2: Bryan_Paris_@bparispoker ($4200 in chips)
Bryan_Paris_@bparispoker: posts small blind $200
DeepStack: posts big blind $400
*** HOLE CARDS ***
Dealt to DeepStack [9s 3c]
Dealt to Bryan_Paris_@bparispoker [Qh 2s]
Bryan_Paris_@bparispoker: folds
Uncalled bet ($200) returned to DeepStack
DeepStack collected $400 from the pot
*** SUMMARY ***
Total pot $400 | Rake $0
Seat 1: DeepStack (big blind) collected ($400)
Seat 2: Bryan_Paris_@bparispoker (button) (small blind) folded before the Flop

PokerStars Hand #13000200050: Tournament #3, May4_2017-at-14_39_30 Hold'em No Limit ($200/$400 USD) - 2017/05/04 16:40:19 ET
Table 'ACPC Match' 2-max Seat #1 is the button
Seat 1: DeepStack ($36000 in chips)
Seat 2: Bryan_Paris_@bparispoker ($4000 in chips)
DeepStack: posts small blind $200
Bryan_Paris_@bparispoker: posts big blind $400
*** HOLE CARDS ***
Dealt to DeepStack [6d 3s]
Dealt to Bryan_Paris_@bparispoker [6s 3d]
DeepStack: folds
Uncalled bet ($200) returned to Bryan_Paris_@bparispoker
Bryan_Paris_@bparispoker collected $400 from the pot
*** SUMMARY ***
Total pot $400 | Rake $0
Seat 1: DeepStack (button) (small blind) folded before the Flop
Seat 2: Bryan_Paris_@bparispoker (big blind) collected ($400)

PokerStars Hand #13000200051: Tournament #3, May4_2017-at-14_39_30 Hold'em No Limit ($300/$600 USD) - 2017/05/04 16:40:20 ET
Table 'ACPC Match' 2-max Seat #2 is the button
Seat 1: DeepStack ($35800 in chips)
Seat 2: Bryan_Paris_@bparispoker ($4200 in chips)
Bryan_Paris_@bparispoker: posts small blind $300
DeepStack: posts big blind $600
*** HOLE CARDS ***
Dealt to DeepStack [8s Ac]
Dealt to Bryan_Paris_@bparispoker [6s 4s]
Bryan_Paris_@bparispoker: raises $3600 to $4200 and is all-in
DeepStack: calls $3600
*** FLOP **** [Kc 9h 9d]
*** TURN **** [8d]
*** RIVER **** [5d]
*** SHOW DOWN ***
Bryan_Paris_@bparispoker: shows [6s 4s] (a pair of Nines)
DeepStack: shows [8s Ac] (two pair, Nines and Eights)
DeepStack collected $8400 from pot
*** SUMMARY ***
Total pot $8400 | Rake $0
Board [Kc 9h 9d 8d 5d]
Seat 1: DeepStack (big blind) showed [8s Ac] and won ($8400) with two pair, Nines and Eights
Seat 2: Bryan_Paris_@bparispoker (button) (small blind) showed [6s 4s] and lost with a pair of Nines
