PokerStars Hand #9000100001: Tournament #2, Apr19_2017-at-16_48_41 Hold'em No Limit ($50/$100 USD) - 2017/04/19 18:48:41 ET
Table 'ACPC Match' 2-max Seat #2 is the button
Seat 1: DeepStack ($20000 in chips)
Seat 2: Taylor_@TaylorvonK ($20000 in chips)
Taylor_@TaylorvonK: posts small blind $50
DeepStack: posts big blind $100
*** HOLE CARDS ***
Dealt to DeepStack [Td 3d]
Dealt to Taylor_@TaylorvonK [2d Kd]
Taylor_@TaylorvonK: raises $677 to $777
DeepStack: folds
Uncalled bet ($677) returned to Taylor_@TaylorvonK
Taylor_@TaylorvonK collected $200 from the pot
*** SUMMARY ***
Total pot $200 | Rake $0
Seat 1: DeepStack (big blind) folded before the Flop
Seat 2: Taylor_@TaylorvonK (button) (small blind) collected ($200)

PokerStars Hand #9000100002: Tournament #2, Apr19_2017-at-16_48_41 Hold'em No Limit ($50/$100 USD) - 2017/04/19 18:48:42 ET
Table 'ACPC Match' 2-max Seat #1 is the button
Seat 1: DeepStack ($19900 in chips)
Seat 2: Taylor_@TaylorvonK ($20100 in chips)
DeepStack: posts small blind $50
Taylor_@TaylorvonK: posts big blind $100
*** HOLE CARDS ***
Dealt to DeepStack [Kd Jh]
Dealt to Taylor_@TaylorvonK [4c Jc]
DeepStack: calls $50
Taylor_@TaylorvonK: checks
*** FLOP **** [Th Ad 8s]
Taylor_@TaylorvonK: checks
DeepStack: raises $100 to $100
Taylor_@TaylorvonK: folds
Uncalled bet ($100) returned to DeepStack
DeepStack collected $200 from the pot
*** SUMMARY ***
Total pot $200 | Rake $0
Board [Th Ad 8s]
Seat 1: DeepStack (button) (small blind) collected ($200)
Seat 2: Taylor_@TaylorvonK (big blind) folded on the Flop

PokerStars Hand #9000100003: Tournament #2, Apr19_2017-at-16_48_41 Hold'em No Limit ($50/$100 USD) - 2017/04/19 18:48:43 ET
Table 'ACPC Match' 2-max Seat #2 is the button
Seat 1: DeepStack ($20000 in chips)
Seat 2: Taylor_@TaylorvonK ($20000 in chips)
Taylor_@TaylorvonK: posts small blind $50
DeepStack: posts big blind $100
*** HOLE CARDS ***
Dealt to DeepStack [9s 8d]
Dealt to Taylor_@TaylorvonK [9c 7d]
Taylor_@TaylorvonK: raises $455 to $555
DeepStack: calls $455
*** FLOP **** [6h 5c 3c]
DeepStack: checks
Taylor_@TaylorvonK: raises $2345 to $2345
DeepStack: folds
Uncalled bet ($2345) returned to Taylor_@TaylorvonK
Taylor_@TaylorvonK collected $1110 from the pot
*** SUMMARY ***
Total pot $1110 | Rake $0
Board [6h 5c 3c]
Seat 1: DeepStack (big blind) folded on the Flop
Seat 2: Taylor_@TaylorvonK (button) (small blind) collected ($1110)

PokerStars Hand #9000100004: Tournament #2, Apr19_2017-at-16_48_41 Hold'em No Limit ($50/$100 USD) - 2017/04/19 18:48:44 ET
Table 'ACPC Match' 2-max Seat #1 is the button
Seat 1: DeepStack ($19445 in chips)
Seat 2: Taylor_@TaylorvonK ($20555 in chips)
DeepStack: posts small blind $50
Taylor_@TaylorvonK: posts big blind $100
*** HOLE CARDS ***
Dealt to DeepStack [4s Kd]
Dealt to Taylor_@TaylorvonK [Ac Qc]
DeepStack: raises $100 to $200
Taylor_@TaylorvonK: raises $1466 to $1666
DeepStack: folds
Uncalled bet ($1466) returned to Taylor_@TaylorvonK
Taylor_@TaylorvonK collected $400 from the pot
*** SUMMARY ***
Total pot $400 | Rake $0
Seat 1: DeepStack (button) (small blind) folded before the Flop
Seat 2: Taylor_@TaylorvonK (big blind) collected ($400)

PokerStars Hand #9000100005: Tournament #2, Apr19_2017-at-16_48_41 Hold'em No Limit ($50/$100 USD) - 2017/04/19 18:48:45 ET
Table 'ACPC Match' 2-max Seat #2 is the button
Seat 1: DeepStack ($19245 in chips)
Seat 2: Taylor_@TaylorvonK ($20755 in chips)
Taylor_@TaylorvonK: posts small blind $50
DeepStack: posts big blind $100
*** HOLE CARDS ***
Dealt to DeepStack [8d 2c]
Dealt to Taylor_@TaylorvonK [Ac Ad]
Taylor_@TaylorvonK: raises $677 to $777
DeepStack: folds
Uncalled bet ($677) returned to Taylor_@TaylorvonK
Taylor_@TaylorvonK collected $200 from the pot
*** SUMMARY ***
Total pot $200 | Rake $0
Seat 1: DeepStack (big blind) folded before the Flop
Seat 2: Taylor_@TaylorvonK (button) (small blind) collected ($200)

PokerStars Hand #9000100006: Tournament #2, Apr19_2017-at-16_48_41 Hold'em No Limit ($50/$100 USD) - 2017/04/19 18:48:46 ET
Table 'ACPC Match' 2-max Seat #1 is the button
Seat 1: DeepStack ($19145 in chips)
Seat 2: Taylor_@TaylorvonK ($20855 in chips)
DeepStack: posts small blind $50
Taylor_@TaylorvonK: posts big blind $100
*** HOLE CARDS ***
Dealt to DeepStack [6h Tc]
Dealt to Taylor_@TaylorvonK [Th Jh]
DeepStack: raises $200 to $300
Taylor_@TaylorvonK: calls $200
*** FLOP **** [Qd Jc 2d]
Taylor_@TaylorvonK: checks
DeepStack: raises $300 to $300
Taylor_@TaylorvonK: calls $300
*** TURN **** [8s]
Taylor_@TaylorvonK: checks
DeepStack: checks
*** RIVER **** [7h]
Taylor_@TaylorvonK: checks
DeepStack: raises $1200 to $1200
Taylor_@TaylorvonK: raises $19055 to $20255 and is all-in
DeepStack: folds
Uncalled bet ($19055) returned to Taylor_@TaylorvonK
Taylor_@TaylorvonK collected $3600 from the pot
*** SUMMARY ***
Total pot $3600 | Rake $0
Board [Qd Jc 2d 8s 7h]
Seat 1: DeepStack (button) (small blind) folded on the River
Seat 2: Taylor_@TaylorvonK (big blind) collected ($3600)

PokerStars Hand #9000100007: Tournament #2, Apr19_2017-at-16_48_41 Hold'em No Limit ($50/$100 USD) - 2017/04/19 18:48:47 ET
Table 'ACPC Match' 2-max Seat #2 is the button
Seat 1: DeepStack ($17345 in chips)
Seat 2: Taylor_@TaylorvonK ($22655 in chips)
Taylor_@TaylorvonK: posts small blind $50
DeepStack: posts big blind $100
*** HOLE CARDS ***
Dealt to DeepStack [Td 5d]
Dealt to Taylor_@TaylorvonK [Ks 3s]
Taylor_@TaylorvonK: raises $344 to $444
DeepStack: calls $344
*** FLOP **** [2d 9c 4d]
DeepStack: checks
Taylor_@TaylorvonK: raises $666 to $666
DeepStack: calls $666
*** TURN **** [Ts]
DeepStack: checks
Taylor_@TaylorvonK: checks
*** RIVER **** [4s]
DeepStack: bets $2220
Taylor_@TaylorvonK: calls $2220
*** SHOW DOWN ***
DeepStack: shows [Td 5d] (two pair, Tens and Fours)
Taylor_@TaylorvonK: shows [Ks 3s] (a pair of Fours)
DeepStack collected $6660 from pot
*** SUMMARY ***
Total pot $6660 | Rake $0
Board [2d 9c 4d Ts 4s]
Seat 1: DeepStack (big blind) showed [Td 5d] and won ($6660) with two pair, Tens and Fours
Seat 2: Taylor_@TaylorvonK (button) (small blind) showed [Ks 3s] and lost with a pair of Fours

PokerStars Hand #9000100008: Tournament #2, Apr19_2017-at-16_48_41 Hold'em No Limit ($50/$100 USD) - 2017/04/19 18:48:48 ET
Table 'ACPC Match' 2-max Seat #1 is the button
Seat 1: DeepStack ($20675 in chips)
Seat 2: Taylor_@TaylorvonK ($19325 in chips)
DeepStack: posts small blind $50
Taylor_@TaylorvonK: posts big blind $100
*** HOLE CARDS ***
Dealt to DeepStack [Qc 3d]
Dealt to Taylor_@TaylorvonK [6c As]
DeepStack: calls $50
Taylor_@TaylorvonK: checks
*** FLOP **** [8d Ts 7s]
Taylor_@TaylorvonK: checks
DeepStack: checks
*** TURN **** [9c]
Taylor_@TaylorvonK: checks
DeepStack: raises $100 to $100
Taylor_@TaylorvonK: calls $100
*** RIVER **** [Qs]
Taylor_@TaylorvonK: checks
DeepStack: checks
*** SHOW DOWN ***
Taylor_@TaylorvonK: shows [6c As] (straight, Ten high)
DeepStack: shows [Qc 3d] (a pair of Queens)
Taylor_@TaylorvonK collected $400 from pot
*** SUMMARY ***
Total pot $400 | Rake $0
Board [8d Ts 7s 9c Qs]
Seat 1: DeepStack (button) (small blind) showed [Qc 3d] and lost with a pair of Queens
Seat 2: Taylor_@TaylorvonK (big blind) showed [6c As] and won ($400) with straight, Ten high

PokerStars Hand #9000100009: Tournament #2, Apr19_2017-at-16_48_41 Hold'em No Limit ($50/$100 USD) - 2017/04/19 18:48:49 ET
Table 'ACPC Match' 2-max Seat #2 is the button
Seat 1: DeepStack ($20475 in chips)
Seat 2: Taylor_@TaylorvonK ($19525 in chips)
Taylor_@TaylorvonK: posts small blind $50
DeepStack: posts big blind $100
*** HOLE CARDS ***
Dealt to DeepStack [Jc Kd]
Dealt to Taylor_@TaylorvonK [4h Qc]
Taylor_@TaylorvonK: raises $788 to $888
DeepStack: calls $788
*** FLOP **** [Td Js 8c]
DeepStack: checks
Taylor_@TaylorvonK: checks
*** TURN **** [8d]
DeepStack: checks
Taylor_@TaylorvonK: checks
*** RIVER **** [4c]
DeepStack: bets $1776
Taylor_@TaylorvonK: folds
Uncalled bet ($1776) returned to DeepStack
DeepStack collected $1776 from the pot
*** SUMMARY ***
Total pot $1776 | Rake $0
Board [Td Js 8c 8d 4c]
Seat 1: DeepStack (big blind) collected ($1776)
Seat 2: Taylor_@TaylorvonK (button) (small blind) folded on the River

PokerStars Hand #9000100010: Tournament #2, Apr19_2017-at-16_48_41 Hold'em No Limit ($50/$100 USD) - 2017/04/19 18:48:50 ET
Table 'ACPC Match' 2-max Seat #1 is the button
Seat 1: DeepStack ($21363 in chips)
Seat 2: Taylor_@TaylorvonK ($18637 in chips)
DeepStack: posts small blind $50
Taylor_@TaylorvonK: posts big blind $100
*** HOLE CARDS ***
Dealt to DeepStack [Qd As]
Dealt to Taylor_@TaylorvonK [4h 5d]
DeepStack: raises $200 to $300
Taylor_@TaylorvonK: calls $200
*** FLOP **** [2s 7c 5h]
Taylor_@TaylorvonK: checks
DeepStack: raises $300 to $300
Taylor_@TaylorvonK: calls $300
*** TURN **** [6c]
Taylor_@TaylorvonK: checks
DeepStack: checks
*** RIVER **** [Qc]
Taylor_@TaylorvonK: checks
DeepStack: raises $1200 to $1200
Taylor_@TaylorvonK: raises $4800 to $6000
DeepStack: folds
Uncalled bet ($4800) returned to Taylor_@TaylorvonK
Taylor_@TaylorvonK collected $3600 from the pot
*** SUMMARY ***
Total pot $3600 | Rake $0
Board [2s 7c 5h 6c Qc]
Seat 1: DeepStack (button) (small blind) folded on the River
Seat 2: Taylor_@TaylorvonK (big blind) collected ($3600)

PokerStars Hand #9000100011: Tournament #2, Apr19_2017-at-16_48_41 Hold'em No Limit ($75/$150 USD) - 2017/04/19 18:48:51 ET
Table 'ACPC Match' 2-max Seat #2 is the button
Seat 1: DeepStack ($19563 in chips)
Seat 2: Taylor_@TaylorvonK ($20437 in chips)
Taylor_@TaylorvonK: posts small blind $75
DeepStack: posts big blind $150
*** HOLE CARDS ***
Dealt to DeepStack [2d 6c]
Dealt to Taylor_@TaylorvonK [Jc 8s]
Taylor_@TaylorvonK: raises $405 to $555
DeepStack: folds
Uncalled bet ($405) returned to Taylor_@TaylorvonK
Taylor_@TaylorvonK collected $300 from the pot
*** SUMMARY ***
Total pot $300 | Rake $0
Seat 1: DeepStack (big blind) folded before the Flop
Seat 2: Taylor_@TaylorvonK (button) (small blind) collected ($300)

PokerStars Hand #9000100012: Tournament #2, Apr19_2017-at-16_48_41 Hold'em No Limit ($75/$150 USD) - 2017/04/19 18:48:52 ET
Table 'ACPC Match' 2-max Seat #1 is the button
Seat 1: DeepStack ($19413 in chips)
Seat 2: Taylor_@TaylorvonK ($20587 in chips)
DeepStack: posts small blind $75
Taylor_@TaylorvonK: posts big blind $150
*** HOLE CARDS ***
Dealt to DeepStack [6s 5d]
Dealt to Taylor_@TaylorvonK [Kh 5c]
DeepStack: raises $150 to $300
Taylor_@TaylorvonK: raises $1699 to $1999
DeepStack: folds
Uncalled bet ($1699) returned to Taylor_@TaylorvonK
Taylor_@TaylorvonK collected $600 from the pot
*** SUMMARY ***
Total pot $600 | Rake $0
Seat 1: DeepStack (button) (small blind) folded before the Flop
Seat 2: Taylor_@TaylorvonK (big blind) collected ($600)

PokerStars Hand #9000100013: Tournament #2, Apr19_2017-at-16_48_41 Hold'em No Limit ($75/$150 USD) - 2017/04/19 18:48:53 ET
Table 'ACPC Match' 2-max Seat #2 is the button
Seat 1: DeepStack ($19113 in chips)
Seat 2: Taylor_@TaylorvonK ($20887 in chips)
Taylor_@TaylorvonK: posts small blind $75
DeepStack: posts big blind $150
*** HOLE CARDS ***
Dealt to DeepStack [4h Kc]
Dealt to Taylor_@TaylorvonK [3s 9c]
Taylor_@TaylorvonK: folds
Uncalled bet ($75) returned to DeepStack
DeepStack collected $150 from the pot
*** SUMMARY ***
Total pot $150 | Rake $0
Seat 1: DeepStack (big blind) collected ($150)
Seat 2: Taylor_@TaylorvonK (button) (small blind) folded before the Flop

PokerStars Hand #9000100014: Tournament #2, Apr19_2017-at-16_48_41 Hold'em No Limit ($75/$150 USD) - 2017/04/19 18:48:54 ET
Table 'ACPC Match' 2-max Seat #1 is the button
Seat 1: DeepStack ($19188 in chips)
Seat 2: Taylor_@TaylorvonK ($20812 in chips)
DeepStack: posts small blind $75
Taylor_@TaylorvonK: posts big blind $150
*** HOLE CARDS ***
Dealt to DeepStack [3c 7h]
Dealt to Taylor_@TaylorvonK [7d Th]
DeepStack: calls $75
Taylor_@TaylorvonK: checks
*** FLOP **** [2c 8h 7c]
Taylor_@TaylorvonK: checks
DeepStack: checks
*** TURN **** [5s]
Taylor_@TaylorvonK: bets $222
DeepStack: calls $222
*** RIVER **** [4h]
Taylor_@TaylorvonK: checks
DeepStack: checks
*** SHOW DOWN ***
Taylor_@TaylorvonK: shows [7d Th] (a pair of Sevens)
DeepStack: shows [3c 7h] (a pair of Sevens)
Taylor_@TaylorvonK collected $744 from pot
*** SUMMARY ***
Total pot $744 | Rake $0
Board [2c 8h 7c 5s 4h]
Seat 1: DeepStack (button) (small blind) showed [3c 7h] and lost with a pair of Sevens
Seat 2: Taylor_@TaylorvonK (big blind) showed [7d Th] and won ($744) with a pair of Sevens

PokerStars Hand #9000100015: Tournament #2, Apr19_2017-at-16_48_41 Hold'em No Limit ($75/$150 USD) - 2017/04/19 18:48:55 ET
Table 'ACPC Match' 2-max Seat #2 is the button
Seat 1: DeepStack ($18816 in chips)
Seat 2: Taylor_@TaylorvonK ($21184 in chips)
Taylor_@TaylorvonK: posts small blind $75
DeepStack: posts big blind $150
*** HOLE CARDS ***
Dealt to DeepStack [4d Ac]
Dealt to Taylor_@TaylorvonK [6s Qd]
Taylor_@TaylorvonK: raises $627 to $777
DeepStack: folds
Uncalled bet ($627) returned to Taylor_@TaylorvonK
Taylor_@TaylorvonK collected $300 from the pot
*** SUMMARY ***
Total pot $300 | Rake $0
Seat 1: DeepStack (big blind) folded before the Flop
Seat 2: Taylor_@TaylorvonK (button) (small blind) collected ($300)

PokerStars Hand #9000100016: Tournament #2, Apr19_2017-at-16_48_41 Hold'em No Limit ($75/$150 USD) - 2017/04/19 18:48:56 ET
Table 'ACPC Match' 2-max Seat #1 is the button
Seat 1: DeepStack ($18666 in chips)
Seat 2: Taylor_@TaylorvonK ($21334 in chips)
DeepStack: posts small blind $75
Taylor_@TaylorvonK: posts big blind $150
*** HOLE CARDS ***
Dealt to DeepStack [9d Ts]
Dealt to Taylor_@TaylorvonK [Jd Qh]
DeepStack: raises $300 to $450
Taylor_@TaylorvonK: calls $300
*** FLOP **** [7h 4d 4s]
Taylor_@TaylorvonK: checks
DeepStack: raises $900 to $900
Taylor_@TaylorvonK: folds
Uncalled bet ($900) returned to DeepStack
DeepStack collected $900 from the pot
*** SUMMARY ***
Total pot $900 | Rake $0
Board [7h 4d 4s]
Seat 1: DeepStack (button) (small blind) collected ($900)
Seat 2: Taylor_@TaylorvonK (big blind) folded on the Flop

PokerStars Hand #9000100017: Tournament #2, Apr19_2017-at-16_48_41 Hold'em No Limit ($75/$150 USD) - 2017/04/19 18:48:57 ET
Table 'ACPC Match' 2-max Seat #2 is the button
Seat 1: DeepStack ($19116 in chips)
Seat 2: Taylor_@TaylorvonK ($20884 in chips)
Taylor_@TaylorvonK: posts small blind $75
DeepStack: posts big blind $150
*** HOLE CARDS ***
Dealt to DeepStack [7d 6s]
Dealt to Taylor_@TaylorvonK [9d 4s]
Taylor_@TaylorvonK: folds
Uncalled bet ($75) returned to DeepStack
DeepStack collected $150 from the pot
*** SUMMARY ***
Total pot $150 | Rake $0
Seat 1: DeepStack (big blind) collected ($150)
Seat 2: Taylor_@TaylorvonK (button) (small blind) folded before the Flop

PokerStars Hand #9000100018: Tournament #2, Apr19_2017-at-16_48_41 Hold'em No Limit ($75/$150 USD) - 2017/04/19 18:48:58 ET
Table 'ACPC Match' 2-max Seat #1 is the button
Seat 1: DeepStack ($19191 in chips)
Seat 2: Taylor_@TaylorvonK ($20809 in chips)
DeepStack: posts small blind $75
Taylor_@TaylorvonK: posts big blind $150
*** HOLE CARDS ***
Dealt to DeepStack [4h 9h]
Dealt to Taylor_@TaylorvonK [Ts 6c]
DeepStack: raises $300 to $450
Taylor_@TaylorvonK: folds
Uncalled bet ($300) returned to DeepStack
DeepStack collected $300 from the pot
*** SUMMARY ***
Total pot $300 | Rake $0
Seat 1: DeepStack (button) (small blind) collected ($300)
Seat 2: Taylor_@TaylorvonK (big blind) folded before the Flop

PokerStars Hand #9000100019: Tournament #2, Apr19_2017-at-16_48_41 Hold'em No Limit ($75/$150 USD) - 2017/04/19 18:48:59 ET
Table 'ACPC Match' 2-max Seat #2 is the button
Seat 1: DeepStack ($19341 in chips)
Seat 2: Taylor_@TaylorvonK ($20659 in chips)
Taylor_@TaylorvonK: posts small blind $75
DeepStack: posts big blind $150
*** HOLE CARDS ***
Dealt to DeepStack [Js 8s]
Dealt to Taylor_@TaylorvonK [9h 7d]
Taylor_@TaylorvonK: raises $738 to $888
DeepStack: raises $1776 to $2664
Taylor_@TaylorvonK: folds
Uncalled bet ($1776) returned to DeepStack
DeepStack collected $1776 from the pot
*** SUMMARY ***
Total pot $1776 | Rake $0
Seat 1: DeepStack (big blind) collected ($1776)
Seat 2: Taylor_@TaylorvonK (button) (small blind) folded before the Flop

PokerStars Hand #9000100020: Tournament #2, Apr19_2017-at-16_48_41 Hold'em No Limit ($75/$150 USD) - 2017/04/19 18:49:00 ET
Table 'ACPC Match' 2-max Seat #1 is the button
Seat 1: DeepStack ($20229 in chips)
Seat 2: Taylor_@TaylorvonK ($19771 in chips)
DeepStack: posts small blind $75
Taylor_@TaylorvonK: posts big blind $150
*** HOLE CARDS ***
Dealt to DeepStack [Js 9h]
Dealt to Taylor_@TaylorvonK [Ks Th]
DeepStack: calls $75
Taylor_@TaylorvonK: raises $738 to $888
DeepStack: calls $738
*** FLOP **** [2d 5c 8c]
Taylor_@TaylorvonK: bets $2222
DeepStack: folds
Uncalled bet ($2222) returned to Taylor_@TaylorvonK
Taylor_@TaylorvonK collected $1776 from the pot
*** SUMMARY ***
Total pot $1776 | Rake $0
Board [2d 5c 8c]
Seat 1: DeepStack (button) (small blind) folded on the Flop
Seat 2: Taylor_@TaylorvonK (big blind) collected ($1776)

PokerStars Hand #9000100021: Tournament #2, Apr19_2017-at-16_48_41 Hold'em No Limit ($100/$200 USD) - 2017/04/19 18:49:01 ET
Table 'ACPC Match' 2-max Seat #2 is the button
Seat 1: DeepStack ($19341 in chips)
Seat 2: Taylor_@TaylorvonK ($20659 in chips)
Taylor_@TaylorvonK: posts small blind $100
DeepStack: posts big blind $200
*** HOLE CARDS ***
Dealt to DeepStack [Qd 9d]
Dealt to Taylor_@TaylorvonK [Kd 5h]
Taylor_@TaylorvonK: raises $799 to $999
DeepStack: calls $799
*** FLOP **** [Qh 2c 4h]
DeepStack: checks
Taylor_@TaylorvonK: raises $2555 to $2555
DeepStack: calls $2555
*** TURN **** [Kh]
DeepStack: checks
Taylor_@TaylorvonK: checks
*** RIVER **** [3c]
DeepStack: checks
Taylor_@TaylorvonK: checks
*** SHOW DOWN ***
DeepStack: shows [Qd 9d] (a pair of Queens)
Taylor_@TaylorvonK: shows [Kd 5h] (a pair of Kings)
Taylor_@TaylorvonK collected $7108 from pot
*** SUMMARY ***
Total pot $7108 | Rake $0
Board [Qh 2c 4h Kh 3c]
Seat 1: DeepStack (big blind) showed [Qd 9d] and lost with a pair of Queens
Seat 2: Taylor_@TaylorvonK (button) (small blind) showed [Kd 5h] and won ($7108) with a pair of Kings

PokerStars Hand #9000100022: Tournament #2, Apr19_2017-at-16_48_41 Hold'em No Limit ($100/$200 USD) - 2017/04/19 18:49:02 ET
Table 'ACPC Match' 2-max Seat #1 is the button
Seat 1: DeepStack ($15787 in chips)
Seat 2: Taylor_@TaylorvonK ($24213 in chips)
DeepStack: posts small blind $100
Taylor_@TaylorvonK: posts big blind $200
*** HOLE CARDS ***
Dealt to DeepStack [9c Ks]
Dealt to Taylor_@TaylorvonK [Ad Js]
DeepStack: calls $100
Taylor_@TaylorvonK: raises $799 to $999
DeepStack: calls $799
*** FLOP **** [6h 3c 2d]
Taylor_@TaylorvonK: checks
DeepStack: checks
*** TURN **** [Jc]
Taylor_@TaylorvonK: checks
DeepStack: checks
*** RIVER **** [9s]
Taylor_@TaylorvonK: bets $2555
DeepStack: calls $2555
*** SHOW DOWN ***
Taylor_@TaylorvonK: shows [Ad Js] (a pair of Jacks)
DeepStack: shows [9c Ks] (a pair of Nines)
Taylor_@TaylorvonK collected $7108 from pot
*** SUMMARY ***
Total pot $7108 | Rake $0
Board [6h 3c 2d Jc 9s]
Seat 1: DeepStack (button) (small blind) showed [9c Ks] and lost with a pair of Nines
Seat 2: Taylor_@TaylorvonK (big blind) showed [Ad Js] and won ($7108) with a pair of Jacks

PokerStars Hand #9000100023: Tournament #2, Apr19_2017-at-16_48_41 Hold'em No Limit ($100/$200 USD) - 2017/04/19 18:49:03 ET
Table 'ACPC Match' 2-max Seat #2 is the button
Seat 1: DeepStack ($12233 in chips)
Seat 2: Taylor_@TaylorvonK ($27767 in chips)
Taylor_@TaylorvonK: posts small blind $100
DeepStack: posts big blind $200
*** HOLE CARDS ***
Dealt to DeepStack [8d Jd]
Dealt to Taylor_@TaylorvonK [5d 4d]
Taylor_@TaylorvonK: raises $244 to $444
DeepStack: raises $888 to $1332
Taylor_@TaylorvonK: calls $888
*** FLOP **** [4h Qh Ks]
DeepStack: checks
Taylor_@TaylorvonK: raises $888 to $888
DeepStack: folds
Uncalled bet ($888) returned to Taylor_@TaylorvonK
Taylor_@TaylorvonK collected $2664 from the pot
*** SUMMARY ***
Total pot $2664 | Rake $0
Board [4h Qh Ks]
Seat 1: DeepStack (big blind) folded on the Flop
Seat 2: Taylor_@TaylorvonK (button) (small blind) collected ($2664)

PokerStars Hand #9000100024: Tournament #2, Apr19_2017-at-16_48_41 Hold'em No Limit ($100/$200 USD) - 2017/04/19 18:49:04 ET
Table 'ACPC Match' 2-max Seat #1 is the button
Seat 1: DeepStack ($10901 in chips)
Seat 2: Taylor_@TaylorvonK ($29099 in chips)
DeepStack: posts small blind $100
Taylor_@TaylorvonK: posts big blind $200
*** HOLE CARDS ***
Dealt to DeepStack [Kd Tc]
Dealt to Taylor_@TaylorvonK [4s 7s]
DeepStack: raises $200 to $400
Taylor_@TaylorvonK: calls $200
*** FLOP **** [8h Kh 4c]
Taylor_@TaylorvonK: checks
DeepStack: raises $400 to $400
Taylor_@TaylorvonK: raises $1599 to $1999
DeepStack: calls $1599
*** TURN **** [5s]
Taylor_@TaylorvonK: checks
DeepStack: checks
*** RIVER **** [6h]
Taylor_@TaylorvonK: bets $888
DeepStack: calls $888
*** SHOW DOWN ***
Taylor_@TaylorvonK: shows [4s 7s] (straight, Eight high)
DeepStack: shows [Kd Tc] (a pair of Kings)
Taylor_@TaylorvonK collected $6574 from pot
*** SUMMARY ***
Total pot $6574 | Rake $0
Board [8h Kh 4c 5s 6h]
Seat 1: DeepStack (button) (small blind) showed [Kd Tc] and lost with a pair of Kings
Seat 2: Taylor_@TaylorvonK (big blind) showed [4s 7s] and won ($6574) with straight, Eight high

PokerStars Hand #9000100025: Tournament #2, Apr19_2017-at-16_48_41 Hold'em No Limit ($100/$200 USD) - 2017/04/19 18:49:05 ET
Table 'ACPC Match' 2-max Seat #2 is the button
Seat 1: DeepStack ($7614 in chips)
Seat 2: Taylor_@TaylorvonK ($32386 in chips)
Taylor_@TaylorvonK: posts small blind $100
DeepStack: posts big blind $200
*** HOLE CARDS ***
Dealt to DeepStack [Td 9s]
Dealt to Taylor_@TaylorvonK [Th 9c]
Taylor_@TaylorvonK: raises $367 to $567
DeepStack: calls $367
*** FLOP **** [8c 3s Ad]
DeepStack: checks
Taylor_@TaylorvonK: raises $1234 to $1234
DeepStack: folds
Uncalled bet ($1234) returned to Taylor_@TaylorvonK
Taylor_@TaylorvonK collected $1134 from the pot
*** SUMMARY ***
Total pot $1134 | Rake $0
Board [8c 3s Ad]
Seat 1: DeepStack (big blind) folded on the Flop
Seat 2: Taylor_@TaylorvonK (button) (small blind) collected ($1134)

PokerStars Hand #9000100026: Tournament #2, Apr19_2017-at-16_48_41 Hold'em No Limit ($100/$200 USD) - 2017/04/19 18:49:06 ET
Table 'ACPC Match' 2-max Seat #1 is the button
Seat 1: DeepStack ($7047 in chips)
Seat 2: Taylor_@TaylorvonK ($32953 in chips)
DeepStack: posts small blind $100
Taylor_@TaylorvonK: posts big blind $200
*** HOLE CARDS ***
Dealt to DeepStack [6h 6c]
Dealt to Taylor_@TaylorvonK [2h 3s]
DeepStack: calls $100
Taylor_@TaylorvonK: checks
*** FLOP **** [2c As Tc]
Taylor_@TaylorvonK: checks
DeepStack: raises $200 to $200
Taylor_@TaylorvonK: folds
Uncalled bet ($200) returned to DeepStack
DeepStack collected $400 from the pot
*** SUMMARY ***
Total pot $400 | Rake $0
Board [2c As Tc]
Seat 1: DeepStack (button) (small blind) collected ($400)
Seat 2: Taylor_@TaylorvonK (big blind) folded on the Flop

PokerStars Hand #9000100027: Tournament #2, Apr19_2017-at-16_48_41 Hold'em No Limit ($100/$200 USD) - 2017/04/19 18:49:07 ET
Table 'ACPC Match' 2-max Seat #2 is the button
Seat 1: DeepStack ($7247 in chips)
Seat 2: Taylor_@TaylorvonK ($32753 in chips)
Taylor_@TaylorvonK: posts small blind $100
DeepStack: posts big blind $200
*** HOLE CARDS ***
Dealt to DeepStack [3s 3h]
Dealt to Taylor_@TaylorvonK [9s 5c]
Taylor_@TaylorvonK: folds
Uncalled bet ($100) returned to DeepStack
DeepStack collected $200 from the pot
*** SUMMARY ***
Total pot $200 | Rake $0
Seat 1: DeepStack (big blind) collected ($200)
Seat 2: Taylor_@TaylorvonK (button) (small blind) folded before the Flop

PokerStars Hand #9000100028: Tournament #2, Apr19_2017-at-16_48_41 Hold'em No Limit ($100/$200 USD) - 2017/04/19 18:49:08 ET
Table 'ACPC Match' 2-max Seat #1 is the button
Seat 1: DeepStack ($7347 in chips)
Seat 2: Taylor_@TaylorvonK ($32653 in chips)
DeepStack: posts small blind $100
Taylor_@TaylorvonK: posts big blind $200
*** HOLE CARDS ***
Dealt to DeepStack [8h Td]
Dealt to Taylor_@TaylorvonK [8d 5s]
DeepStack: raises $200 to $400
Taylor_@TaylorvonK: folds
Uncalled bet ($200) returned to DeepStack
DeepStack collected $400 from the pot
*** SUMMARY ***
Total pot $400 | Rake $0
Seat 1: DeepStack (button) (small blind) collected ($400)
Seat 2: Taylor_@TaylorvonK (big blind) folded before the Flop

PokerStars Hand #9000100029: Tournament #2, Apr19_2017-at-16_48_41 Hold'em No Limit ($100/$200 USD) - 2017/04/19 18:49:09 ET
Table 'ACPC Match' 2-max Seat #2 is the button
Seat 1: DeepStack ($7547 in chips)
Seat 2: Taylor_@TaylorvonK ($32453 in chips)
Taylor_@TaylorvonK: posts small blind $100
DeepStack: posts big blind $200
*** HOLE CARDS ***
Dealt to DeepStack [Qs 3s]
Dealt to Taylor_@TaylorvonK [4h 7h]
Taylor_@TaylorvonK: raises $577 to $777
DeepStack: calls $577
*** FLOP **** [9h 8d 6c]
DeepStack: checks
Taylor_@TaylorvonK: checks
*** TURN **** [Kc]
DeepStack: checks
Taylor_@TaylorvonK: raises $2222 to $2222
DeepStack: folds
Uncalled bet ($2222) returned to Taylor_@TaylorvonK
Taylor_@TaylorvonK collected $1554 from the pot
*** SUMMARY ***
Total pot $1554 | Rake $0
Board [9h 8d 6c Kc]
Seat 1: DeepStack (big blind) folded on the Turn
Seat 2: Taylor_@TaylorvonK (button) (small blind) collected ($1554)

PokerStars Hand #9000100030: Tournament #2, Apr19_2017-at-16_48_41 Hold'em No Limit ($100/$200 USD) - 2017/04/19 18:49:10 ET
Table 'ACPC Match' 2-max Seat #1 is the button
Seat 1: DeepStack ($6770 in chips)
Seat 2: Taylor_@TaylorvonK ($33230 in chips)
DeepStack: posts small blind $100
Taylor_@TaylorvonK: posts big blind $200
*** HOLE CARDS ***
Dealt to DeepStack [5c Ah]
Dealt to Taylor_@TaylorvonK [2d 9c]
DeepStack: calls $100
Taylor_@TaylorvonK: checks
*** FLOP **** [7s 6c 6h]
Taylor_@TaylorvonK: checks
DeepStack: raises $200 to $200
Taylor_@TaylorvonK: raises $799 to $999
DeepStack: folds
Uncalled bet ($799) returned to Taylor_@TaylorvonK
Taylor_@TaylorvonK collected $800 from the pot
*** SUMMARY ***
Total pot $800 | Rake $0
Board [7s 6c 6h]
Seat 1: DeepStack (button) (small blind) folded on the Flop
Seat 2: Taylor_@TaylorvonK (big blind) collected ($800)

PokerStars Hand #9000100031: Tournament #2, Apr19_2017-at-16_48_41 Hold'em No Limit ($150/$300 USD) - 2017/04/19 18:49:11 ET
Table 'ACPC Match' 2-max Seat #2 is the button
Seat 1: DeepStack ($6370 in chips)
Seat 2: Taylor_@TaylorvonK ($33630 in chips)
Taylor_@TaylorvonK: posts small blind $150
DeepStack: posts big blind $300
*** HOLE CARDS ***
Dealt to DeepStack [4d As]
Dealt to Taylor_@TaylorvonK [9d 4c]
Taylor_@TaylorvonK: folds
Uncalled bet ($150) returned to DeepStack
DeepStack collected $300 from the pot
*** SUMMARY ***
Total pot $300 | Rake $0
Seat 1: DeepStack (big blind) collected ($300)
Seat 2: Taylor_@TaylorvonK (button) (small blind) folded before the Flop

PokerStars Hand #9000100032: Tournament #2, Apr19_2017-at-16_48_41 Hold'em No Limit ($150/$300 USD) - 2017/04/19 18:49:12 ET
Table 'ACPC Match' 2-max Seat #1 is the button
Seat 1: DeepStack ($6520 in chips)
Seat 2: Taylor_@TaylorvonK ($33480 in chips)
DeepStack: posts small blind $150
Taylor_@TaylorvonK: posts big blind $300
*** HOLE CARDS ***
Dealt to DeepStack [9c Ah]
Dealt to Taylor_@TaylorvonK [2d 2c]
DeepStack: calls $150
Taylor_@TaylorvonK: raises $33180 to $33480 and is all-in
DeepStack: calls $6220 and is all-in
Uncalled bet ($26960) returned to Taylor_@TaylorvonK
*** FLOP **** [7h 9d 8h]
*** TURN **** [Tc]
*** RIVER **** [3d]
*** SHOW DOWN ***
Taylor_@TaylorvonK: shows [2d 2c] (a pair of Deuces)
DeepStack: shows [9c Ah] (a pair of Nines)
DeepStack collected $13040 from pot
*** SUMMARY ***
Total pot $13040 | Rake $0
Board [7h 9d 8h Tc 3d]
Seat 1: DeepStack (button) (small blind) showed [9c Ah] and won ($13040) with a pair of Nines
Seat 2: Taylor_@TaylorvonK (big blind) showed [2d 2c] and lost with a pair of Deuces

PokerStars Hand #9000100033: Tournament #2, Apr19_2017-at-16_48_41 Hold'em No Limit ($150/$300 USD) - 2017/04/19 18:49:13 ET
Table 'ACPC Match' 2-max Seat #2 is the button
Seat 1: DeepStack ($13040 in chips)
Seat 2: Taylor_@TaylorvonK ($26960 in chips)
Taylor_@TaylorvonK: posts small blind $150
DeepStack: posts big blind $300
*** HOLE CARDS ***
Dealt to DeepStack [Qs 9h]
Dealt to Taylor_@TaylorvonK [6c 4h]
Taylor_@TaylorvonK: raises $699 to $999
DeepStack: calls $699
*** FLOP **** [2s 3c 7h]
DeepStack: checks
Taylor_@TaylorvonK: raises $2345 to $2345
DeepStack: folds
Uncalled bet ($2345) returned to Taylor_@TaylorvonK
Taylor_@TaylorvonK collected $1998 from the pot
*** SUMMARY ***
Total pot $1998 | Rake $0
Board [2s 3c 7h]
Seat 1: DeepStack (big blind) folded on the Flop
Seat 2: Taylor_@TaylorvonK (button) (small blind) collected ($1998)

PokerStars Hand #9000100034: Tournament #2, Apr19_2017-at-16_48_41 Hold'em No Limit ($150/$300 USD) - 2017/04/19 18:49:14 ET
Table 'ACPC Match' 2-max Seat #1 is the button
Seat 1: DeepStack ($12041 in chips)
Seat 2: Taylor_@TaylorvonK ($27959 in chips)
DeepStack: posts small blind $150
Taylor_@TaylorvonK: posts big blind $300
*** HOLE CARDS ***
Dealt to DeepStack [3d 4c]
Dealt to Taylor_@TaylorvonK [5c Ah]
DeepStack: raises $300 to $600
Taylor_@TaylorvonK: raises $1622 to $2222
DeepStack: folds
Uncalled bet ($1622) returned to Taylor_@TaylorvonK
Taylor_@TaylorvonK collected $1200 from the pot
*** SUMMARY ***
Total pot $1200 | Rake $0
Seat 1: DeepStack (button) (small blind) folded before the Flop
Seat 2: Taylor_@TaylorvonK (big blind) collected ($1200)

PokerStars Hand #9000100035: Tournament #2, Apr19_2017-at-16_48_41 Hold'em No Limit ($150/$300 USD) - 2017/04/19 18:49:15 ET
Table 'ACPC Match' 2-max Seat #2 is the button
Seat 1: DeepStack ($11441 in chips)
Seat 2: Taylor_@TaylorvonK ($28559 in chips)
Taylor_@TaylorvonK: posts small blind $150
DeepStack: posts big blind $300
*** HOLE CARDS ***
Dealt to DeepStack [7h Kc]
Dealt to Taylor_@TaylorvonK [7d As]
Taylor_@TaylorvonK: raises $699 to $999
DeepStack: calls $699
*** FLOP **** [9c 6h Qc]
DeepStack: checks
Taylor_@TaylorvonK: checks
*** TURN **** [4s]
DeepStack: checks
Taylor_@TaylorvonK: checks
*** RIVER **** [6d]
DeepStack: checks
Taylor_@TaylorvonK: checks
*** SHOW DOWN ***
DeepStack: shows [7h Kc] (a pair of Sixes)
Taylor_@TaylorvonK: shows [7d As] (a pair of Sixes)
Taylor_@TaylorvonK collected $1998 from pot
*** SUMMARY ***
Total pot $1998 | Rake $0
Board [9c 6h Qc 4s 6d]
Seat 1: DeepStack (big blind) showed [7h Kc] and lost with a pair of Sixes
Seat 2: Taylor_@TaylorvonK (button) (small blind) showed [7d As] and won ($1998) with a pair of Sixes

PokerStars Hand #9000100036: Tournament #2, Apr19_2017-at-16_48_41 Hold'em No Limit ($150/$300 USD) - 2017/04/19 18:49:16 ET
Table 'ACPC Match' 2-max Seat #1 is the button
Seat 1: DeepStack ($10442 in chips)
Seat 2: Taylor_@TaylorvonK ($29558 in chips)
DeepStack: posts small blind $150
Taylor_@TaylorvonK: posts big blind $300
*** HOLE CARDS ***
Dealt to DeepStack [9d Th]
Dealt to Taylor_@TaylorvonK [Qs Tc]
DeepStack: calls $150
Taylor_@TaylorvonK: checks
*** FLOP **** [9c 9h 8s]
Taylor_@TaylorvonK: checks
DeepStack: raises $300 to $300
Taylor_@TaylorvonK: raises $1588 to $1888
DeepStack: calls $1588
*** TURN **** [Qd]
Taylor_@TaylorvonK: checks
DeepStack: raises $2188 to $2188
Taylor_@TaylorvonK: folds
Uncalled bet ($2188) returned to DeepStack
DeepStack collected $4376 from the pot
*** SUMMARY ***
Total pot $4376 | Rake $0
Board [9c 9h 8s Qd]
Seat 1: DeepStack (button) (small blind) collected ($4376)
Seat 2: Taylor_@TaylorvonK (big blind) folded on the Turn

PokerStars Hand #9000100037: Tournament #2, Apr19_2017-at-16_48_41 Hold'em No Limit ($150/$300 USD) - 2017/04/19 18:49:17 ET
Table 'ACPC Match' 2-max Seat #2 is the button
Seat 1: DeepStack ($12630 in chips)
Seat 2: Taylor_@TaylorvonK ($27370 in chips)
Taylor_@TaylorvonK: posts small blind $150
DeepStack: posts big blind $300
*** HOLE CARDS ***
Dealt to DeepStack [6h As]
Dealt to Taylor_@TaylorvonK [Qd 9h]
Taylor_@TaylorvonK: raises $699 to $999
DeepStack: raises $1998 to $2997
Taylor_@TaylorvonK: folds
Uncalled bet ($1998) returned to DeepStack
DeepStack collected $1998 from the pot
*** SUMMARY ***
Total pot $1998 | Rake $0
Seat 1: DeepStack (big blind) collected ($1998)
Seat 2: Taylor_@TaylorvonK (button) (small blind) folded before the Flop

PokerStars Hand #9000100038: Tournament #2, Apr19_2017-at-16_48_41 Hold'em No Limit ($150/$300 USD) - 2017/04/19 18:49:18 ET
Table 'ACPC Match' 2-max Seat #1 is the button
Seat 1: DeepStack ($13629 in chips)
Seat 2: Taylor_@TaylorvonK ($26371 in chips)
DeepStack: posts small blind $150
Taylor_@TaylorvonK: posts big blind $300
*** HOLE CARDS ***
Dealt to DeepStack [8h Td]
Dealt to Taylor_@TaylorvonK [Jc Ks]
DeepStack: raises $300 to $600
Taylor_@TaylorvonK: calls $300
*** FLOP **** [Kc 2d Qs]
Taylor_@TaylorvonK: checks
DeepStack: checks
*** TURN **** [5c]
Taylor_@TaylorvonK: bets $2222
DeepStack: folds
Uncalled bet ($2222) returned to Taylor_@TaylorvonK
Taylor_@TaylorvonK collected $1200 from the pot
*** SUMMARY ***
Total pot $1200 | Rake $0
Board [Kc 2d Qs 5c]
Seat 1: DeepStack (button) (small blind) folded on the Turn
Seat 2: Taylor_@TaylorvonK (big blind) collected ($1200)

PokerStars Hand #9000100039: Tournament #2, Apr19_2017-at-16_48_41 Hold'em No Limit ($150/$300 USD) - 2017/04/19 18:49:19 ET
Table 'ACPC Match' 2-max Seat #2 is the button
Seat 1: DeepStack ($13029 in chips)
Seat 2: Taylor_@TaylorvonK ($26971 in chips)
Taylor_@TaylorvonK: posts small blind $150
DeepStack: posts big blind $300
*** HOLE CARDS ***
Dealt to DeepStack [9h 2h]
Dealt to Taylor_@TaylorvonK [7h 3s]
Taylor_@TaylorvonK: folds
Uncalled bet ($150) returned to DeepStack
DeepStack collected $300 from the pot
*** SUMMARY ***
Total pot $300 | Rake $0
Seat 1: DeepStack (big blind) collected ($300)
Seat 2: Taylor_@TaylorvonK (button) (small blind) folded before the Flop

PokerStars Hand #9000100040: Tournament #2, Apr19_2017-at-16_48_41 Hold'em No Limit ($150/$300 USD) - 2017/04/19 18:49:20 ET
Table 'ACPC Match' 2-max Seat #1 is the button
Seat 1: DeepStack ($13179 in chips)
Seat 2: Taylor_@TaylorvonK ($26821 in chips)
DeepStack: posts small blind $150
Taylor_@TaylorvonK: posts big blind $300
*** HOLE CARDS ***
Dealt to DeepStack [Kc Th]
Dealt to Taylor_@TaylorvonK [4s 7c]
DeepStack: raises $300 to $600
Taylor_@TaylorvonK: folds
Uncalled bet ($300) returned to DeepStack
DeepStack collected $600 from the pot
*** SUMMARY ***
Total pot $600 | Rake $0
Seat 1: DeepStack (button) (small blind) collected ($600)
Seat 2: Taylor_@TaylorvonK (big blind) folded before the Flop

PokerStars Hand #9000100041: Tournament #2, Apr19_2017-at-16_48_41 Hold'em No Limit ($200/$400 USD) - 2017/04/19 18:49:21 ET
Table 'ACPC Match' 2-max Seat #2 is the button
Seat 1: DeepStack ($13479 in chips)
Seat 2: Taylor_@TaylorvonK ($26521 in chips)
Taylor_@TaylorvonK: posts small blind $200
DeepStack: posts big blind $400
*** HOLE CARDS ***
Dealt to DeepStack [Qs 5s]
Dealt to Taylor_@TaylorvonK [8d Qc]
Taylor_@TaylorvonK: raises $834 to $1234
DeepStack: calls $834
*** FLOP **** [Ac 3d Jd]
DeepStack: checks
Taylor_@TaylorvonK: checks
*** TURN **** [4s]
DeepStack: checks
Taylor_@TaylorvonK: checks
*** RIVER **** [9d]
DeepStack: bets $2468
Taylor_@TaylorvonK: folds
Uncalled bet ($2468) returned to DeepStack
DeepStack collected $2468 from the pot
*** SUMMARY ***
Total pot $2468 | Rake $0
Board [Ac 3d Jd 4s 9d]
Seat 1: DeepStack (big blind) collected ($2468)
Seat 2: Taylor_@TaylorvonK (button) (small blind) folded on the River

PokerStars Hand #9000100042: Tournament #2, Apr19_2017-at-16_48_41 Hold'em No Limit ($200/$400 USD) - 2017/04/19 18:49:22 ET
Table 'ACPC Match' 2-max Seat #1 is the button
Seat 1: DeepStack ($14713 in chips)
Seat 2: Taylor_@TaylorvonK ($25287 in chips)
DeepStack: posts small blind $200
Taylor_@TaylorvonK: posts big blind $400
*** HOLE CARDS ***
Dealt to DeepStack [Kc 6d]
Dealt to Taylor_@TaylorvonK [8d 3d]
DeepStack: calls $200
Taylor_@TaylorvonK: checks
*** FLOP **** [4s Jh 5c]
Taylor_@TaylorvonK: checks
DeepStack: raises $400 to $400
Taylor_@TaylorvonK: folds
Uncalled bet ($400) returned to DeepStack
DeepStack collected $800 from the pot
*** SUMMARY ***
Total pot $800 | Rake $0
Board [4s Jh 5c]
Seat 1: DeepStack (button) (small blind) collected ($800)
Seat 2: Taylor_@TaylorvonK (big blind) folded on the Flop

PokerStars Hand #9000100043: Tournament #2, Apr19_2017-at-16_48_41 Hold'em No Limit ($200/$400 USD) - 2017/04/19 18:49:23 ET
Table 'ACPC Match' 2-max Seat #2 is the button
Seat 1: DeepStack ($15113 in chips)
Seat 2: Taylor_@TaylorvonK ($24887 in chips)
Taylor_@TaylorvonK: posts small blind $200
DeepStack: posts big blind $400
*** HOLE CARDS ***
Dealt to DeepStack [7s Ac]
Dealt to Taylor_@TaylorvonK [4s 9c]
Taylor_@TaylorvonK: folds
Uncalled bet ($200) returned to DeepStack
DeepStack collected $400 from the pot
*** SUMMARY ***
Total pot $400 | Rake $0
Seat 1: DeepStack (big blind) collected ($400)
Seat 2: Taylor_@TaylorvonK (button) (small blind) folded before the Flop

PokerStars Hand #9000100044: Tournament #2, Apr19_2017-at-16_48_41 Hold'em No Limit ($200/$400 USD) - 2017/04/19 18:49:24 ET
Table 'ACPC Match' 2-max Seat #1 is the button
Seat 1: DeepStack ($15313 in chips)
Seat 2: Taylor_@TaylorvonK ($24687 in chips)
DeepStack: posts small blind $200
Taylor_@TaylorvonK: posts big blind $400
*** HOLE CARDS ***
Dealt to DeepStack [3c As]
Dealt to Taylor_@TaylorvonK [2h 5d]
DeepStack: raises $400 to $800
Taylor_@TaylorvonK: folds
Uncalled bet ($400) returned to DeepStack
DeepStack collected $800 from the pot
*** SUMMARY ***
Total pot $800 | Rake $0
Seat 1: DeepStack (button) (small blind) collected ($800)
Seat 2: Taylor_@TaylorvonK (big blind) folded before the Flop

PokerStars Hand #9000100045: Tournament #2, Apr19_2017-at-16_48_41 Hold'em No Limit ($200/$400 USD) - 2017/04/19 18:49:25 ET
Table 'ACPC Match' 2-max Seat #2 is the button
Seat 1: DeepStack ($15713 in chips)
Seat 2: Taylor_@TaylorvonK ($24287 in chips)
Taylor_@TaylorvonK: posts small blind $200
DeepStack: posts big blind $400
*** HOLE CARDS ***
Dealt to DeepStack [Qh 6c]
Dealt to Taylor_@TaylorvonK [2d Ah]
Taylor_@TaylorvonK: raises $834 to $1234
DeepStack: calls $834
*** FLOP **** [As 4c 8c]
DeepStack: checks
Taylor_@TaylorvonK: checks
*** TURN **** [Ad]
DeepStack: checks
Taylor_@TaylorvonK: checks
*** RIVER **** [9c]
DeepStack: bets $1234
Taylor_@TaylorvonK: calls $1234
*** SHOW DOWN ***
DeepStack: shows [Qh 6c] (a pair of Aces)
Taylor_@TaylorvonK: shows [2d Ah] (three of a kind, Aces)
Taylor_@TaylorvonK collected $4936 from pot
*** SUMMARY ***
Total pot $4936 | Rake $0
Board [As 4c 8c Ad 9c]
Seat 1: DeepStack (big blind) showed [Qh 6c] and lost with a pair of Aces
Seat 2: Taylor_@TaylorvonK (button) (small blind) showed [2d Ah] and won ($4936) with three of a kind, Aces

PokerStars Hand #9000100046: Tournament #2, Apr19_2017-at-16_48_41 Hold'em No Limit ($200/$400 USD) - 2017/04/19 18:49:26 ET
Table 'ACPC Match' 2-max Seat #1 is the button
Seat 1: DeepStack ($13245 in chips)
Seat 2: Taylor_@TaylorvonK ($26755 in chips)
DeepStack: posts small blind $200
Taylor_@TaylorvonK: posts big blind $400
*** HOLE CARDS ***
Dealt to DeepStack [8c 9h]
Dealt to Taylor_@TaylorvonK [Th 8h]
DeepStack: calls $200
Taylor_@TaylorvonK: checks
*** FLOP **** [Ks As Ac]
Taylor_@TaylorvonK: checks
DeepStack: checks
*** TURN **** [3h]
Taylor_@TaylorvonK: checks
DeepStack: raises $400 to $400
Taylor_@TaylorvonK: folds
Uncalled bet ($400) returned to DeepStack
DeepStack collected $800 from the pot
*** SUMMARY ***
Total pot $800 | Rake $0
Board [Ks As Ac 3h]
Seat 1: DeepStack (button) (small blind) collected ($800)
Seat 2: Taylor_@TaylorvonK (big blind) folded on the Turn

PokerStars Hand #9000100047: Tournament #2, Apr19_2017-at-16_48_41 Hold'em No Limit ($200/$400 USD) - 2017/04/19 18:49:27 ET
Table 'ACPC Match' 2-max Seat #2 is the button
Seat 1: DeepStack ($13645 in chips)
Seat 2: Taylor_@TaylorvonK ($26355 in chips)
Taylor_@TaylorvonK: posts small blind $200
DeepStack: posts big blind $400
*** HOLE CARDS ***
Dealt to DeepStack [7c 8d]
Dealt to Taylor_@TaylorvonK [7h 4d]
Taylor_@TaylorvonK: folds
Uncalled bet ($200) returned to DeepStack
DeepStack collected $400 from the pot
*** SUMMARY ***
Total pot $400 | Rake $0
Seat 1: DeepStack (big blind) collected ($400)
Seat 2: Taylor_@TaylorvonK (button) (small blind) folded before the Flop

PokerStars Hand #9000100048: Tournament #2, Apr19_2017-at-16_48_41 Hold'em No Limit ($200/$400 USD) - 2017/04/19 18:49:28 ET
Table 'ACPC Match' 2-max Seat #1 is the button
Seat 1: DeepStack ($13845 in chips)
Seat 2: Taylor_@TaylorvonK ($26155 in chips)
DeepStack: posts small blind $200
Taylor_@TaylorvonK: posts big blind $400
*** HOLE CARDS ***
Dealt to DeepStack [3c 9c]
Dealt to Taylor_@TaylorvonK [Ad Th]
DeepStack: raises $400 to $800
Taylor_@TaylorvonK: calls $400
*** FLOP **** [6s 4d Ah]
Taylor_@TaylorvonK: checks
DeepStack: raises $1600 to $1600
Taylor_@TaylorvonK: calls $1600
*** TURN **** [Jd]
Taylor_@TaylorvonK: checks
DeepStack: checks
*** RIVER **** [Qs]
Taylor_@TaylorvonK: bets $3456
DeepStack: folds
Uncalled bet ($3456) returned to Taylor_@TaylorvonK
Taylor_@TaylorvonK collected $4800 from the pot
*** SUMMARY ***
Total pot $4800 | Rake $0
Board [6s 4d Ah Jd Qs]
Seat 1: DeepStack (button) (small blind) folded on the River
Seat 2: Taylor_@TaylorvonK (big blind) collected ($4800)

PokerStars Hand #9000100049: Tournament #2, Apr19_2017-at-16_48_41 Hold'em No Limit ($200/$400 USD) - 2017/04/19 18:49:29 ET
Table 'ACPC Match' 2-max Seat #2 is the button
Seat 1: DeepStack ($11445 in chips)
Seat 2: Taylor_@TaylorvonK ($28555 in chips)
Taylor_@TaylorvonK: posts small blind $200
DeepStack: posts big blind $400
*** HOLE CARDS ***
Dealt to DeepStack [As 4s]
Dealt to Taylor_@TaylorvonK [Ah 9c]
Taylor_@TaylorvonK: raises $400 to $800
DeepStack: calls $400
*** FLOP **** [6d 8h Ts]
DeepStack: checks
Taylor_@TaylorvonK: checks
*** TURN **** [9s]
DeepStack: checks
Taylor_@TaylorvonK: raises $777 to $777
DeepStack: calls $777
*** RIVER **** [3h]
DeepStack: checks
Taylor_@TaylorvonK: checks
*** SHOW DOWN ***
DeepStack: shows [As 4s] (Ace high)
Taylor_@TaylorvonK: shows [Ah 9c] (a pair of Nines)
Taylor_@TaylorvonK collected $3154 from pot
*** SUMMARY ***
Total pot $3154 | Rake $0
Board [6d 8h Ts 9s 3h]
Seat 1: DeepStack (big blind) showed [As 4s] and lost with Ace high
Seat 2: Taylor_@TaylorvonK (button) (small blind) showed [Ah 9c] and won ($3154) with a pair of Nines

PokerStars Hand #9000100050: Tournament #2, Apr19_2017-at-16_48_41 Hold'em No Limit ($200/$400 USD) - 2017/04/19 18:49:30 ET
Table 'ACPC Match' 2-max Seat #1 is the button
Seat 1: DeepStack ($9868 in chips)
Seat 2: Taylor_@TaylorvonK ($30132 in chips)
DeepStack: posts small blind $200
Taylor_@TaylorvonK: posts big blind $400
*** HOLE CARDS ***
Dealt to DeepStack [4s Qd]
Dealt to Taylor_@TaylorvonK [3c 6h]
DeepStack: raises $400 to $800
Taylor_@TaylorvonK: folds
Uncalled bet ($400) returned to DeepStack
DeepStack collected $800 from the pot
*** SUMMARY ***
Total pot $800 | Rake $0
Seat 1: DeepStack (button) (small blind) collected ($800)
Seat 2: Taylor_@TaylorvonK (big blind) folded before the Flop

PokerStars Hand #9000100051: Tournament #2, Apr19_2017-at-16_48_41 Hold'em No Limit ($300/$600 USD) - 2017/04/19 18:49:31 ET
Table 'ACPC Match' 2-max Seat #2 is the button
Seat 1: DeepStack ($10268 in chips)
Seat 2: Taylor_@TaylorvonK ($29732 in chips)
Taylor_@TaylorvonK: posts small blind $300
DeepStack: posts big blind $600
*** HOLE CARDS ***
Dealt to DeepStack [6c 8d]
Dealt to Taylor_@TaylorvonK [Qh Js]
Taylor_@TaylorvonK: raises $600 to $1200
DeepStack: calls $600
*** FLOP **** [2c 4c 3c]
DeepStack: checks
Taylor_@TaylorvonK: raises $1888 to $1888
DeepStack: calls $1888
*** TURN **** [3d]
DeepStack: checks
Taylor_@TaylorvonK: checks
*** RIVER **** [8h]
DeepStack: checks
Taylor_@TaylorvonK: checks
*** SHOW DOWN ***
DeepStack: shows [6c 8d] (two pair, Eights and Threes)
Taylor_@TaylorvonK: shows [Qh Js] (a pair of Threes)
DeepStack collected $6176 from pot
*** SUMMARY ***
Total pot $6176 | Rake $0
Board [2c 4c 3c 3d 8h]
Seat 1: DeepStack (big blind) showed [6c 8d] and won ($6176) with two pair, Eights and Threes
Seat 2: Taylor_@TaylorvonK (button) (small blind) showed [Qh Js] and lost with a pair of Threes

PokerStars Hand #9000100052: Tournament #2, Apr19_2017-at-16_48_41 Hold'em No Limit ($300/$600 USD) - 2017/04/19 18:49:32 ET
Table 'ACPC Match' 2-max Seat #1 is the button
Seat 1: DeepStack ($13356 in chips)
Seat 2: Taylor_@TaylorvonK ($26644 in chips)
DeepStack: posts small blind $300
Taylor_@TaylorvonK: posts big blind $600
*** HOLE CARDS ***
Dealt to DeepStack [8d 2d]
Dealt to Taylor_@TaylorvonK [9c 3h]
DeepStack: calls $300
Taylor_@TaylorvonK: checks
*** FLOP **** [9d Ac 5d]
Taylor_@TaylorvonK: checks
DeepStack: raises $600 to $600
Taylor_@TaylorvonK: calls $600
*** TURN **** [2h]
Taylor_@TaylorvonK: checks
DeepStack: raises $2400 to $2400
Taylor_@TaylorvonK: folds
Uncalled bet ($2400) returned to DeepStack
DeepStack collected $2400 from the pot
*** SUMMARY ***
Total pot $2400 | Rake $0
Board [9d Ac 5d 2h]
Seat 1: DeepStack (button) (small blind) collected ($2400)
Seat 2: Taylor_@TaylorvonK (big blind) folded on the Turn

PokerStars Hand #9000100053: Tournament #2, Apr19_2017-at-16_48_41 Hold'em No Limit ($300/$600 USD) - 2017/04/19 18:49:33 ET
Table 'ACPC Match' 2-max Seat #2 is the button
Seat 1: DeepStack ($14556 in chips)
Seat 2: Taylor_@TaylorvonK ($25444 in chips)
Taylor_@TaylorvonK: posts small blind $300
DeepStack: posts big blind $600
*** HOLE CARDS ***
Dealt to DeepStack [3c Kd]
Dealt to Taylor_@TaylorvonK [Kh Jc]
Taylor_@TaylorvonK: raises $600 to $1200
DeepStack: calls $600
*** FLOP **** [Kc 8s Td]
DeepStack: checks
Taylor_@TaylorvonK: raises $2888 to $2888
DeepStack: calls $2888
*** TURN **** [Jd]
DeepStack: checks
Taylor_@TaylorvonK: raises $3333 to $3333
DeepStack: folds
Uncalled bet ($3333) returned to Taylor_@TaylorvonK
Taylor_@TaylorvonK collected $8176 from the pot
*** SUMMARY ***
Total pot $8176 | Rake $0
Board [Kc 8s Td Jd]
Seat 1: DeepStack (big blind) folded on the Turn
Seat 2: Taylor_@TaylorvonK (button) (small blind) collected ($8176)

PokerStars Hand #9000100054: Tournament #2, Apr19_2017-at-16_48_41 Hold'em No Limit ($300/$600 USD) - 2017/04/19 18:49:34 ET
Table 'ACPC Match' 2-max Seat #1 is the button
Seat 1: DeepStack ($10468 in chips)
Seat 2: Taylor_@TaylorvonK ($29532 in chips)
DeepStack: posts small blind $300
Taylor_@TaylorvonK: posts big blind $600
*** HOLE CARDS ***
Dealt to DeepStack [6s Qc]
Dealt to Taylor_@TaylorvonK [8c 2h]
DeepStack: calls $300
Taylor_@TaylorvonK: checks
*** FLOP **** [6d Jh 7d]
Taylor_@TaylorvonK: checks
DeepStack: raises $600 to $600
Taylor_@TaylorvonK: folds
Uncalled bet ($600) returned to DeepStack
DeepStack collected $1200 from the pot
*** SUMMARY ***
Total pot $1200 | Rake $0
Board [6d Jh 7d]
Seat 1: DeepStack (button) (small blind) collected ($1200)
Seat 2: Taylor_@TaylorvonK (big blind) folded on the Flop

PokerStars Hand #9000100055: Tournament #2, Apr19_2017-at-16_48_41 Hold'em No Limit ($300/$600 USD) - 2017/04/19 18:49:35 ET
Table 'ACPC Match' 2-max Seat #2 is the button
Seat 1: DeepStack ($11068 in chips)
Seat 2: Taylor_@TaylorvonK ($28932 in chips)
Taylor_@TaylorvonK: posts small blind $300
DeepStack: posts big blind $600
*** HOLE CARDS ***
Dealt to DeepStack [9c 2d]
Dealt to Taylor_@TaylorvonK [6c Kd]
Taylor_@TaylorvonK: raises $1177 to $1777
DeepStack: folds
Uncalled bet ($1177) returned to Taylor_@TaylorvonK
Taylor_@TaylorvonK collected $1200 from the pot
*** SUMMARY ***
Total pot $1200 | Rake $0
Seat 1: DeepStack (big blind) folded before the Flop
Seat 2: Taylor_@TaylorvonK (button) (small blind) collected ($1200)

PokerStars Hand #9000100056: Tournament #2, Apr19_2017-at-16_48_41 Hold'em No Limit ($300/$600 USD) - 2017/04/19 18:49:36 ET
Table 'ACPC Match' 2-max Seat #1 is the button
Seat 1: DeepStack ($10468 in chips)
Seat 2: Taylor_@TaylorvonK ($29532 in chips)
DeepStack: posts small blind $300
Taylor_@TaylorvonK: posts big blind $600
*** HOLE CARDS ***
Dealt to DeepStack [9s Ah]
Dealt to Taylor_@TaylorvonK [7h Kd]
DeepStack: calls $300
Taylor_@TaylorvonK: raises $1622 to $2222
DeepStack: raises $8246 to $10468 and is all-in
Taylor_@TaylorvonK: folds
Uncalled bet ($8246) returned to DeepStack
DeepStack collected $4444 from the pot
*** SUMMARY ***
Total pot $4444 | Rake $0
Seat 1: DeepStack (button) (small blind) collected ($4444)
Seat 2: Taylor_@TaylorvonK (big blind) folded before the Flop

PokerStars Hand #9000100057: Tournament #2, Apr19_2017-at-16_48_41 Hold'em No Limit ($300/$600 USD) - 2017/04/19 18:49:37 ET
Table 'ACPC Match' 2-max Seat #2 is the button
Seat 1: DeepStack ($12690 in chips)
Seat 2: Taylor_@TaylorvonK ($27310 in chips)
Taylor_@TaylorvonK: posts small blind $300
DeepStack: posts big blind $600
*** HOLE CARDS ***
Dealt to DeepStack [Jd Qh]
Dealt to Taylor_@TaylorvonK [Ac Ts]
Taylor_@TaylorvonK: raises $600 to $1200
DeepStack: calls $600
*** FLOP **** [6h 8c 9d]
DeepStack: bets $2400
Taylor_@TaylorvonK: folds
Uncalled bet ($2400) returned to DeepStack
DeepStack collected $2400 from the pot
*** SUMMARY ***
Total pot $2400 | Rake $0
Board [6h 8c 9d]
Seat 1: DeepStack (big blind) collected ($2400)
Seat 2: Taylor_@TaylorvonK (button) (small blind) folded on the Flop

PokerStars Hand #9000100058: Tournament #2, Apr19_2017-at-16_48_41 Hold'em No Limit ($300/$600 USD) - 2017/04/19 18:49:38 ET
Table 'ACPC Match' 2-max Seat #1 is the button
Seat 1: DeepStack ($13890 in chips)
Seat 2: Taylor_@TaylorvonK ($26110 in chips)
DeepStack: posts small blind $300
Taylor_@TaylorvonK: posts big blind $600
*** HOLE CARDS ***
Dealt to DeepStack [8h 6c]
Dealt to Taylor_@TaylorvonK [7s 8c]
DeepStack: calls $300
Taylor_@TaylorvonK: checks
*** FLOP **** [Jh Qc 5s]
Taylor_@TaylorvonK: checks
DeepStack: raises $600 to $600
Taylor_@TaylorvonK: folds
Uncalled bet ($600) returned to DeepStack
DeepStack collected $1200 from the pot
*** SUMMARY ***
Total pot $1200 | Rake $0
Board [Jh Qc 5s]
Seat 1: DeepStack (button) (small blind) collected ($1200)
Seat 2: Taylor_@TaylorvonK (big blind) folded on the Flop

PokerStars Hand #9000100059: Tournament #2, Apr19_2017-at-16_48_41 Hold'em No Limit ($300/$600 USD) - 2017/04/19 18:49:39 ET
Table 'ACPC Match' 2-max Seat #2 is the button
Seat 1: DeepStack ($14490 in chips)
Seat 2: Taylor_@TaylorvonK ($25510 in chips)
Taylor_@TaylorvonK: posts small blind $300
DeepStack: posts big blind $600
*** HOLE CARDS ***
Dealt to DeepStack [Js 2s]
Dealt to Taylor_@TaylorvonK [7s Th]
Taylor_@TaylorvonK: raises $600 to $1200
DeepStack: calls $600
*** FLOP **** [Qd Qh 4c]
DeepStack: checks
Taylor_@TaylorvonK: raises $789 to $789
DeepStack: folds
Uncalled bet ($789) returned to Taylor_@TaylorvonK
Taylor_@TaylorvonK collected $2400 from the pot
*** SUMMARY ***
Total pot $2400 | Rake $0
Board [Qd Qh 4c]
Seat 1: DeepStack (big blind) folded on the Flop
Seat 2: Taylor_@TaylorvonK (button) (small blind) collected ($2400)

PokerStars Hand #9000100060: Tournament #2, Apr19_2017-at-16_48_41 Hold'em No Limit ($300/$600 USD) - 2017/04/19 18:49:40 ET
Table 'ACPC Match' 2-max Seat #1 is the button
Seat 1: DeepStack ($13290 in chips)
Seat 2: Taylor_@TaylorvonK ($26710 in chips)
DeepStack: posts small blind $300
Taylor_@TaylorvonK: posts big blind $600
*** HOLE CARDS ***
Dealt to DeepStack [5d Jc]
Dealt to Taylor_@TaylorvonK [3c Th]
DeepStack: raises $600 to $1200
Taylor_@TaylorvonK: folds
Uncalled bet ($600) returned to DeepStack
DeepStack collected $1200 from the pot
*** SUMMARY ***
Total pot $1200 | Rake $0
Seat 1: DeepStack (button) (small blind) collected ($1200)
Seat 2: Taylor_@TaylorvonK (big blind) folded before the Flop

PokerStars Hand #9000100061: Tournament #2, Apr19_2017-at-16_48_41 Hold'em No Limit ($400/$800 USD) - 2017/04/19 18:49:41 ET
Table 'ACPC Match' 2-max Seat #2 is the button
Seat 1: DeepStack ($13890 in chips)
Seat 2: Taylor_@TaylorvonK ($26110 in chips)
Taylor_@TaylorvonK: posts small blind $400
DeepStack: posts big blind $800
*** HOLE CARDS ***
Dealt to DeepStack [Qd 2c]
Dealt to Taylor_@TaylorvonK [8c Td]
Taylor_@TaylorvonK: raises $800 to $1600
DeepStack: calls $800
*** FLOP **** [7c 7s 5s]
DeepStack: checks
Taylor_@TaylorvonK: raises $1050 to $1050
DeepStack: folds
Uncalled bet ($1050) returned to Taylor_@TaylorvonK
Taylor_@TaylorvonK collected $3200 from the pot
*** SUMMARY ***
Total pot $3200 | Rake $0
Board [7c 7s 5s]
Seat 1: DeepStack (big blind) folded on the Flop
Seat 2: Taylor_@TaylorvonK (button) (small blind) collected ($3200)

PokerStars Hand #9000100062: Tournament #2, Apr19_2017-at-16_48_41 Hold'em No Limit ($400/$800 USD) - 2017/04/19 18:49:42 ET
Table 'ACPC Match' 2-max Seat #1 is the button
Seat 1: DeepStack ($12290 in chips)
Seat 2: Taylor_@TaylorvonK ($27710 in chips)
DeepStack: posts small blind $400
Taylor_@TaylorvonK: posts big blind $800
*** HOLE CARDS ***
Dealt to DeepStack [3h Kd]
Dealt to Taylor_@TaylorvonK [6h Qd]
DeepStack: calls $400
Taylor_@TaylorvonK: checks
*** FLOP **** [5d 4s 9c]
Taylor_@TaylorvonK: checks
DeepStack: checks
*** TURN **** [8s]
Taylor_@TaylorvonK: checks
DeepStack: checks
*** RIVER **** [2c]
Taylor_@TaylorvonK: checks
DeepStack: raises $1600 to $1600
Taylor_@TaylorvonK: folds
Uncalled bet ($1600) returned to DeepStack
DeepStack collected $1600 from the pot
*** SUMMARY ***
Total pot $1600 | Rake $0
Board [5d 4s 9c 8s 2c]
Seat 1: DeepStack (button) (small blind) collected ($1600)
Seat 2: Taylor_@TaylorvonK (big blind) folded on the River

PokerStars Hand #9000100063: Tournament #2, Apr19_2017-at-16_48_41 Hold'em No Limit ($400/$800 USD) - 2017/04/19 18:49:43 ET
Table 'ACPC Match' 2-max Seat #2 is the button
Seat 1: DeepStack ($13090 in chips)
Seat 2: Taylor_@TaylorvonK ($26910 in chips)
Taylor_@TaylorvonK: posts small blind $400
DeepStack: posts big blind $800
*** HOLE CARDS ***
Dealt to DeepStack [Js Td]
Dealt to Taylor_@TaylorvonK [6h As]
Taylor_@TaylorvonK: raises $800 to $1600
DeepStack: calls $800
*** FLOP **** [7d Ks 7s]
DeepStack: checks
Taylor_@TaylorvonK: raises $1050 to $1050
DeepStack: raises $2650 to $3700
Taylor_@TaylorvonK: folds
Uncalled bet ($2650) returned to DeepStack
DeepStack collected $5300 from the pot
*** SUMMARY ***
Total pot $5300 | Rake $0
Board [7d Ks 7s]
Seat 1: DeepStack (big blind) collected ($5300)
Seat 2: Taylor_@TaylorvonK (button) (small blind) folded on the Flop

PokerStars Hand #9000100064: Tournament #2, Apr19_2017-at-16_48_41 Hold'em No Limit ($400/$800 USD) - 2017/04/19 18:49:44 ET
Table 'ACPC Match' 2-max Seat #1 is the button
Seat 1: DeepStack ($15740 in chips)
Seat 2: Taylor_@TaylorvonK ($24260 in chips)
DeepStack: posts small blind $400
Taylor_@TaylorvonK: posts big blind $800
*** HOLE CARDS ***
Dealt to DeepStack [Tc Kh]
Dealt to Taylor_@TaylorvonK [2h Kc]
DeepStack: calls $400
Taylor_@TaylorvonK: checks
*** FLOP **** [Th 2s 6s]
Taylor_@TaylorvonK: checks
DeepStack: raises $1600 to $1600
Taylor_@TaylorvonK: folds
Uncalled bet ($1600) returned to DeepStack
DeepStack collected $1600 from the pot
*** SUMMARY ***
Total pot $1600 | Rake $0
Board [Th 2s 6s]
Seat 1: DeepStack (button) (small blind) collected ($1600)
Seat 2: Taylor_@TaylorvonK (big blind) folded on the Flop

PokerStars Hand #9000100065: Tournament #2, Apr19_2017-at-16_48_41 Hold'em No Limit ($400/$800 USD) - 2017/04/19 18:49:45 ET
Table 'ACPC Match' 2-max Seat #2 is the button
Seat 1: DeepStack ($16540 in chips)
Seat 2: Taylor_@TaylorvonK ($23460 in chips)
Taylor_@TaylorvonK: posts small blind $400
DeepStack: posts big blind $800
*** HOLE CARDS ***
Dealt to DeepStack [7s 2s]
Dealt to Taylor_@TaylorvonK [Tc 9d]
Taylor_@TaylorvonK: raises $800 to $1600
DeepStack: calls $800
*** FLOP **** [Jc 6d Qd]
DeepStack: checks
Taylor_@TaylorvonK: checks
*** TURN **** [Th]
DeepStack: checks
Taylor_@TaylorvonK: checks
*** RIVER **** [4h]
DeepStack: bets $1600
Taylor_@TaylorvonK: calls $1600
*** SHOW DOWN ***
DeepStack: shows [7s 2s] (Queen high)
Taylor_@TaylorvonK: shows [Tc 9d] (a pair of Tens)
Taylor_@TaylorvonK collected $6400 from pot
*** SUMMARY ***
Total pot $6400 | Rake $0
Board [Jc 6d Qd Th 4h]
Seat 1: DeepStack (big blind) showed [7s 2s] and lost with Queen high
Seat 2: Taylor_@TaylorvonK (button) (small blind) showed [Tc 9d] and won ($6400) with a pair of Tens

PokerStars Hand #9000100066: Tournament #2, Apr19_2017-at-16_48_41 Hold'em No Limit ($400/$800 USD) - 2017/04/19 18:49:46 ET
Table 'ACPC Match' 2-max Seat #1 is the button
Seat 1: DeepStack ($13340 in chips)
Seat 2: Taylor_@TaylorvonK ($26660 in chips)
DeepStack: posts small blind $400
Taylor_@TaylorvonK: posts big blind $800
*** HOLE CARDS ***
Dealt to DeepStack [7h Kh]
Dealt to Taylor_@TaylorvonK [9s 8h]
DeepStack: calls $400
Taylor_@TaylorvonK: checks
*** FLOP **** [6d Jd As]
Taylor_@TaylorvonK: checks
DeepStack: raises $800 to $800
Taylor_@TaylorvonK: folds
Uncalled bet ($800) returned to DeepStack
DeepStack collected $1600 from the pot
*** SUMMARY ***
Total pot $1600 | Rake $0
Board [6d Jd As]
Seat 1: DeepStack (button) (small blind) collected ($1600)
Seat 2: Taylor_@TaylorvonK (big blind) folded on the Flop

PokerStars Hand #9000100067: Tournament #2, Apr19_2017-at-16_48_41 Hold'em No Limit ($400/$800 USD) - 2017/04/19 18:49:47 ET
Table 'ACPC Match' 2-max Seat #2 is the button
Seat 1: DeepStack ($14140 in chips)
Seat 2: Taylor_@TaylorvonK ($25860 in chips)
Taylor_@TaylorvonK: posts small blind $400
DeepStack: posts big blind $800
*** HOLE CARDS ***
Dealt to DeepStack [Tc Kh]
Dealt to Taylor_@TaylorvonK [5s Jd]
Taylor_@TaylorvonK: raises $800 to $1600
DeepStack: calls $800
*** FLOP **** [3s 2c 6d]
DeepStack: checks
Taylor_@TaylorvonK: raises $3333 to $3333
DeepStack: folds
Uncalled bet ($3333) returned to Taylor_@TaylorvonK
Taylor_@TaylorvonK collected $3200 from the pot
*** SUMMARY ***
Total pot $3200 | Rake $0
Board [3s 2c 6d]
Seat 1: DeepStack (big blind) folded on the Flop
Seat 2: Taylor_@TaylorvonK (button) (small blind) collected ($3200)

PokerStars Hand #9000100068: Tournament #2, Apr19_2017-at-16_48_41 Hold'em No Limit ($400/$800 USD) - 2017/04/19 18:49:48 ET
Table 'ACPC Match' 2-max Seat #1 is the button
Seat 1: DeepStack ($12540 in chips)
Seat 2: Taylor_@TaylorvonK ($27460 in chips)
DeepStack: posts small blind $400
Taylor_@TaylorvonK: posts big blind $800
*** HOLE CARDS ***
Dealt to DeepStack [9s 6c]
Dealt to Taylor_@TaylorvonK [4d Ts]
DeepStack: calls $400
Taylor_@TaylorvonK: checks
*** FLOP **** [Jd Qs Js]
Taylor_@TaylorvonK: checks
DeepStack: checks
*** TURN **** [2s]
Taylor_@TaylorvonK: bets $888
DeepStack: calls $888
*** RIVER **** [6s]
Taylor_@TaylorvonK: bets $2222
DeepStack: calls $2222
*** SHOW DOWN ***
Taylor_@TaylorvonK: shows [4d Ts] (flush, Queen high)
DeepStack: shows [9s 6c] (flush, Queen high)
Taylor_@TaylorvonK collected $7820 from pot
*** SUMMARY ***
Total pot $7820 | Rake $0
Board [Jd Qs Js 2s 6s]
Seat 1: DeepStack (button) (small blind) showed [9s 6c] and lost with flush, Queen high
Seat 2: Taylor_@TaylorvonK (big blind) showed [4d Ts] and won ($7820) with flush, Queen high

PokerStars Hand #9000100069: Tournament #2, Apr19_2017-at-16_48_41 Hold'em No Limit ($400/$800 USD) - 2017/04/19 18:49:49 ET
Table 'ACPC Match' 2-max Seat #2 is the button
Seat 1: DeepStack ($8630 in chips)
Seat 2: Taylor_@TaylorvonK ($31370 in chips)
Taylor_@TaylorvonK: posts small blind $400
DeepStack: posts big blind $800
*** HOLE CARDS ***
Dealt to DeepStack [7s 9d]
Dealt to Taylor_@TaylorvonK [3c Jh]
Taylor_@TaylorvonK: folds
Uncalled bet ($400) returned to DeepStack
DeepStack collected $800 from the pot
*** SUMMARY ***
Total pot $800 | Rake $0
Seat 1: DeepStack (big blind) collected ($800)
Seat 2: Taylor_@TaylorvonK (button) (small blind) folded before the Flop

PokerStars Hand #9000100070: Tournament #2, Apr19_2017-at-16_48_41 Hold'em No Limit ($400/$800 USD) - 2017/04/19 18:49:50 ET
Table 'ACPC Match' 2-max Seat #1 is the button
Seat 1: DeepStack ($9030 in chips)
Seat 2: Taylor_@TaylorvonK ($30970 in chips)
DeepStack: posts small blind $400
Taylor_@TaylorvonK: posts big blind $800
*** HOLE CARDS ***
Dealt to DeepStack [6c 9h]
Dealt to Taylor_@TaylorvonK [Ah Qh]
DeepStack: calls $400
Taylor_@TaylorvonK: raises $30170 to $30970 and is all-in
DeepStack: folds
Uncalled bet ($30170) returned to Taylor_@TaylorvonK
Taylor_@TaylorvonK collected $1600 from the pot
*** SUMMARY ***
Total pot $1600 | Rake $0
Seat 1: DeepStack (button) (small blind) folded before the Flop
Seat 2: Taylor_@TaylorvonK (big blind) collected ($1600)

PokerStars Hand #9000100071: Tournament #2, Apr19_2017-at-16_48_41 Hold'em No Limit ($500/$1000 USD) - 2017/04/19 18:49:51 ET
Table 'ACPC Match' 2-max Seat #2 is the button
Seat 1: DeepStack ($8230 in chips)
Seat 2: Taylor_@TaylorvonK ($31770 in chips)
Taylor_@TaylorvonK: posts small blind $500
DeepStack: posts big blind $1000
*** HOLE CARDS ***
Dealt to DeepStack [4h 8d]
Dealt to Taylor_@TaylorvonK [3d Qs]
Taylor_@TaylorvonK: raises $30770 to $31770 and is all-in
DeepStack: folds
Uncalled bet ($30770) returned to Taylor_@TaylorvonK
Taylor_@TaylorvonK collected $2000 from the pot
*** SUMMARY ***
Total pot $2000 | Rake $0
Seat 1: DeepStack (big blind) folded before the Flop
Seat 2: Taylor_@TaylorvonK (button) (small blind) collected ($2000)

PokerStars Hand #9000100072: Tournament #2, Apr19_2017-at-16_48_41 Hold'em No Limit ($500/$1000 USD) - 2017/04/19 18:49:52 ET
Table 'ACPC Match' 2-max Seat #1 is the button
Seat 1: DeepStack ($7230 in chips)
Seat 2: Taylor_@TaylorvonK ($32770 in chips)
DeepStack: posts small blind $500
Taylor_@TaylorvonK: posts big blind $1000
*** HOLE CARDS ***
Dealt to DeepStack [7h Js]
Dealt to Taylor_@TaylorvonK [Kd 3s]
DeepStack: calls $500
Taylor_@TaylorvonK: raises $31770 to $32770 and is all-in
DeepStack: folds
Uncalled bet ($31770) returned to Taylor_@TaylorvonK
Taylor_@TaylorvonK collected $2000 from the pot
*** SUMMARY ***
Total pot $2000 | Rake $0
Seat 1: DeepStack (button) (small blind) folded before the Flop
Seat 2: Taylor_@TaylorvonK (big blind) collected ($2000)

PokerStars Hand #9000100073: Tournament #2, Apr19_2017-at-16_48_41 Hold'em No Limit ($500/$1000 USD) - 2017/04/19 18:49:53 ET
Table 'ACPC Match' 2-max Seat #2 is the button
Seat 1: DeepStack ($6230 in chips)
Seat 2: Taylor_@TaylorvonK ($33770 in chips)
Taylor_@TaylorvonK: posts small blind $500
DeepStack: posts big blind $1000
*** HOLE CARDS ***
Dealt to DeepStack [6h 7s]
Dealt to Taylor_@TaylorvonK [5h Kh]
Taylor_@TaylorvonK: raises $32770 to $33770 and is all-in
DeepStack: folds
Uncalled bet ($32770) returned to Taylor_@TaylorvonK
Taylor_@TaylorvonK collected $2000 from the pot
*** SUMMARY ***
Total pot $2000 | Rake $0
Seat 1: DeepStack (big blind) folded before the Flop
Seat 2: Taylor_@TaylorvonK (button) (small blind) collected ($2000)

PokerStars Hand #9000100074: Tournament #2, Apr19_2017-at-16_48_41 Hold'em No Limit ($500/$1000 USD) - 2017/04/19 18:49:54 ET
Table 'ACPC Match' 2-max Seat #1 is the button
Seat 1: DeepStack ($5230 in chips)
Seat 2: Taylor_@TaylorvonK ($34770 in chips)
DeepStack: posts small blind $500
Taylor_@TaylorvonK: posts big blind $1000
*** HOLE CARDS ***
Dealt to DeepStack [7c 5c]
Dealt to Taylor_@TaylorvonK [2c 6h]
DeepStack: raises $1999 to $2999
Taylor_@TaylorvonK: folds
Uncalled bet ($1999) returned to DeepStack
DeepStack collected $2000 from the pot
*** SUMMARY ***
Total pot $2000 | Rake $0
Seat 1: DeepStack (button) (small blind) collected ($2000)
Seat 2: Taylor_@TaylorvonK (big blind) folded before the Flop

PokerStars Hand #9000100075: Tournament #2, Apr19_2017-at-16_48_41 Hold'em No Limit ($500/$1000 USD) - 2017/04/19 18:49:55 ET
Table 'ACPC Match' 2-max Seat #2 is the button
Seat 1: DeepStack ($6230 in chips)
Seat 2: Taylor_@TaylorvonK ($33770 in chips)
Taylor_@TaylorvonK: posts small blind $500
DeepStack: posts big blind $1000
*** HOLE CARDS ***
Dealt to DeepStack [7h 4s]
Dealt to Taylor_@TaylorvonK [2h 2s]
Taylor_@TaylorvonK: raises $32770 to $33770 and is all-in
DeepStack: folds
Uncalled bet ($32770) returned to Taylor_@TaylorvonK
Taylor_@TaylorvonK collected $2000 from the pot
*** SUMMARY ***
Total pot $2000 | Rake $0
Seat 1: DeepStack (big blind) folded before the Flop
Seat 2: Taylor_@TaylorvonK (button) (small blind) collected ($2000)

PokerStars Hand #9000100076: Tournament #2, Apr19_2017-at-16_48_41 Hold'em No Limit ($500/$1000 USD) - 2017/04/19 18:49:56 ET
Table 'ACPC Match' 2-max Seat #1 is the button
Seat 1: DeepStack ($5230 in chips)
Seat 2: Taylor_@TaylorvonK ($34770 in chips)
DeepStack: posts small blind $500
Taylor_@TaylorvonK: posts big blind $1000
*** HOLE CARDS ***
Dealt to DeepStack [Qh 5c]
Dealt to Taylor_@TaylorvonK [5s 6c]
DeepStack: raises $1999 to $2999
Taylor_@TaylorvonK: folds
Uncalled bet ($1999) returned to DeepStack
DeepStack collected $2000 from the pot
*** SUMMARY ***
Total pot $2000 | Rake $0
Seat 1: DeepStack (button) (small blind) collected ($2000)
Seat 2: Taylor_@TaylorvonK (big blind) folded before the Flop

PokerStars Hand #9000100077: Tournament #2, Apr19_2017-at-16_48_41 Hold'em No Limit ($500/$1000 USD) - 2017/04/19 18:49:57 ET
Table 'ACPC Match' 2-max Seat #2 is the button
Seat 1: DeepStack ($6230 in chips)
Seat 2: Taylor_@TaylorvonK ($33770 in chips)
Taylor_@TaylorvonK: posts small blind $500
DeepStack: posts big blind $1000
*** HOLE CARDS ***
Dealt to DeepStack [5h 5d]
Dealt to Taylor_@TaylorvonK [2h 7s]
Taylor_@TaylorvonK: folds
Uncalled bet ($500) returned to DeepStack
DeepStack collected $1000 from the pot
*** SUMMARY ***
Total pot $1000 | Rake $0
Seat 1: DeepStack (big blind) collected ($1000)
Seat 2: Taylor_@TaylorvonK (button) (small blind) folded before the Flop

PokerStars Hand #9000100078: Tournament #2, Apr19_2017-at-16_48_41 Hold'em No Limit ($500/$1000 USD) - 2017/04/19 18:49:58 ET
Table 'ACPC Match' 2-max Seat #1 is the button
Seat 1: DeepStack ($6730 in chips)
Seat 2: Taylor_@TaylorvonK ($33270 in chips)
DeepStack: posts small blind $500
Taylor_@TaylorvonK: posts big blind $1000
*** HOLE CARDS ***
Dealt to DeepStack [6c 5h]
Dealt to Taylor_@TaylorvonK [5d Qh]
DeepStack: folds
Uncalled bet ($500) returned to Taylor_@TaylorvonK
Taylor_@TaylorvonK collected $1000 from the pot
*** SUMMARY ***
Total pot $1000 | Rake $0
Seat 1: DeepStack (button) (small blind) folded before the Flop
Seat 2: Taylor_@TaylorvonK (big blind) collected ($1000)

PokerStars Hand #9000100079: Tournament #2, Apr19_2017-at-16_48_41 Hold'em No Limit ($500/$1000 USD) - 2017/04/19 18:49:59 ET
Table 'ACPC Match' 2-max Seat #2 is the button
Seat 1: DeepStack ($6230 in chips)
Seat 2: Taylor_@TaylorvonK ($33770 in chips)
Taylor_@TaylorvonK: posts small blind $500
DeepStack: posts big blind $1000
*** HOLE CARDS ***
Dealt to DeepStack [Ad 6s]
Dealt to Taylor_@TaylorvonK [8h Qc]
Taylor_@TaylorvonK: raises $32770 to $33770 and is all-in
DeepStack: calls $5230 and is all-in
Uncalled bet ($27540) returned to Taylor_@TaylorvonK
*** FLOP **** [5c 9s 7h]
*** TURN **** [2s]
*** RIVER **** [8c]
*** SHOW DOWN ***
Taylor_@TaylorvonK: shows [8h Qc] (a pair of Eights)
DeepStack: shows [Ad 6s] (straight, Nine high)
DeepStack collected $12460 from pot
*** SUMMARY ***
Total pot $12460 | Rake $0
Board [5c 9s 7h 2s 8c]
Seat 1: DeepStack (big blind) showed [Ad 6s] and won ($12460) with straight, Nine high
Seat 2: Taylor_@TaylorvonK (button) (small blind) showed [8h Qc] and lost with a pair of Eights

PokerStars Hand #9000100080: Tournament #2, Apr19_2017-at-16_48_41 Hold'em No Limit ($500/$1000 USD) - 2017/04/19 18:50:00 ET
Table 'ACPC Match' 2-max Seat #1 is the button
Seat 1: DeepStack ($12460 in chips)
Seat 2: Taylor_@TaylorvonK ($27540 in chips)
DeepStack: posts small blind $500
Taylor_@TaylorvonK: posts big blind $1000
*** HOLE CARDS ***
Dealt to DeepStack [6d As]
Dealt to Taylor_@TaylorvonK [9h 5h]
DeepStack: raises $11460 to $12460 and is all-in
Taylor_@TaylorvonK: folds
Uncalled bet ($11460) returned to DeepStack
DeepStack collected $2000 from the pot
*** SUMMARY ***
Total pot $2000 | Rake $0
Seat 1: DeepStack (button) (small blind) collected ($2000)
Seat 2: Taylor_@TaylorvonK (big blind) folded before the Flop

PokerStars Hand #9000100081: Tournament #2, Apr19_2017-at-16_48_41 Hold'em No Limit ($750/$1500 USD) - 2017/04/19 18:50:01 ET
Table 'ACPC Match' 2-max Seat #2 is the button
Seat 1: DeepStack ($13460 in chips)
Seat 2: Taylor_@TaylorvonK ($26540 in chips)
Taylor_@TaylorvonK: posts small blind $750
DeepStack: posts big blind $1500
*** HOLE CARDS ***
Dealt to DeepStack [3d As]
Dealt to Taylor_@TaylorvonK [Ts 6s]
Taylor_@TaylorvonK: raises $25040 to $26540 and is all-in
DeepStack: calls $11960 and is all-in
Uncalled bet ($13080) returned to Taylor_@TaylorvonK
*** FLOP **** [5h 7c 2h]
*** TURN **** [7s]
*** RIVER **** [9c]
*** SHOW DOWN ***
Taylor_@TaylorvonK: shows [Ts 6s] (a pair of Sevens)
DeepStack: shows [3d As] (a pair of Sevens)
DeepStack collected $26920 from pot
*** SUMMARY ***
Total pot $26920 | Rake $0
Board [5h 7c 2h 7s 9c]
Seat 1: DeepStack (big blind) showed [3d As] and won ($26920) with a pair of Sevens
Seat 2: Taylor_@TaylorvonK (button) (small blind) showed [Ts 6s] and lost with a pair of Sevens

PokerStars Hand #9000100082: Tournament #2, Apr19_2017-at-16_48_41 Hold'em No Limit ($750/$1500 USD) - 2017/04/19 18:50:02 ET
Table 'ACPC Match' 2-max Seat #1 is the button
Seat 1: DeepStack ($26920 in chips)
Seat 2: Taylor_@TaylorvonK ($13080 in chips)
DeepStack: posts small blind $750
Taylor_@TaylorvonK: posts big blind $1500
*** HOLE CARDS ***
Dealt to DeepStack [6s 5d]
Dealt to Taylor_@TaylorvonK [Kd 9s]
DeepStack: calls $750
Taylor_@TaylorvonK: raises $11580 to $13080 and is all-in
DeepStack: folds
Uncalled bet ($11580) returned to Taylor_@TaylorvonK
Taylor_@TaylorvonK collected $3000 from the pot
*** SUMMARY ***
Total pot $3000 | Rake $0
Seat 1: DeepStack (button) (small blind) folded before the Flop
Seat 2: Taylor_@TaylorvonK (big blind) collected ($3000)

PokerStars Hand #9000100083: Tournament #2, Apr19_2017-at-16_48_41 Hold'em No Limit ($750/$1500 USD) - 2017/04/19 18:50:03 ET
Table 'ACPC Match' 2-max Seat #2 is the button
Seat 1: DeepStack ($25420 in chips)
Seat 2: Taylor_@TaylorvonK ($14580 in chips)
Taylor_@TaylorvonK: posts small blind $750
DeepStack: posts big blind $1500
*** HOLE CARDS ***
Dealt to DeepStack [5s Jd]
Dealt to Taylor_@TaylorvonK [6d Qs]
Taylor_@TaylorvonK: raises $13080 to $14580 and is all-in
DeepStack: folds
Uncalled bet ($13080) returned to Taylor_@TaylorvonK
Taylor_@TaylorvonK collected $3000 from the pot
*** SUMMARY ***
Total pot $3000 | Rake $0
Seat 1: DeepStack (big blind) folded before the Flop
Seat 2: Taylor_@TaylorvonK (button) (small blind) collected ($3000)

PokerStars Hand #9000100084: Tournament #2, Apr19_2017-at-16_48_41 Hold'em No Limit ($750/$1500 USD) - 2017/04/19 18:50:04 ET
Table 'ACPC Match' 2-max Seat #1 is the button
Seat 1: DeepStack ($23920 in chips)
Seat 2: Taylor_@TaylorvonK ($16080 in chips)
DeepStack: posts small blind $750
Taylor_@TaylorvonK: posts big blind $1500
*** HOLE CARDS ***
Dealt to DeepStack [8c Td]
Dealt to Taylor_@TaylorvonK [Ac 6d]
DeepStack: calls $750
Taylor_@TaylorvonK: raises $14580 to $16080 and is all-in
DeepStack: folds
Uncalled bet ($14580) returned to Taylor_@TaylorvonK
Taylor_@TaylorvonK collected $3000 from the pot
*** SUMMARY ***
Total pot $3000 | Rake $0
Seat 1: DeepStack (button) (small blind) folded before the Flop
Seat 2: Taylor_@TaylorvonK (big blind) collected ($3000)

PokerStars Hand #9000100085: Tournament #2, Apr19_2017-at-16_48_41 Hold'em No Limit ($750/$1500 USD) - 2017/04/19 18:50:05 ET
Table 'ACPC Match' 2-max Seat #2 is the button
Seat 1: DeepStack ($22420 in chips)
Seat 2: Taylor_@TaylorvonK ($17580 in chips)
Taylor_@TaylorvonK: posts small blind $750
DeepStack: posts big blind $1500
*** HOLE CARDS ***
Dealt to DeepStack [6c Kd]
Dealt to Taylor_@TaylorvonK [2d 2c]
Taylor_@TaylorvonK: raises $16080 to $17580 and is all-in
DeepStack: folds
Uncalled bet ($16080) returned to Taylor_@TaylorvonK
Taylor_@TaylorvonK collected $3000 from the pot
*** SUMMARY ***
Total pot $3000 | Rake $0
Seat 1: DeepStack (big blind) folded before the Flop
Seat 2: Taylor_@TaylorvonK (button) (small blind) collected ($3000)

PokerStars Hand #9000100086: Tournament #2, Apr19_2017-at-16_48_41 Hold'em No Limit ($750/$1500 USD) - 2017/04/19 18:50:06 ET
Table 'ACPC Match' 2-max Seat #1 is the button
Seat 1: DeepStack ($20920 in chips)
Seat 2: Taylor_@TaylorvonK ($19080 in chips)
DeepStack: posts small blind $750
Taylor_@TaylorvonK: posts big blind $1500
*** HOLE CARDS ***
Dealt to DeepStack [4d 5s]
Dealt to Taylor_@TaylorvonK [7h 6h]
DeepStack: calls $750
Taylor_@TaylorvonK: raises $17580 to $19080 and is all-in
DeepStack: folds
Uncalled bet ($17580) returned to Taylor_@TaylorvonK
Taylor_@TaylorvonK collected $3000 from the pot
*** SUMMARY ***
Total pot $3000 | Rake $0
Seat 1: DeepStack (button) (small blind) folded before the Flop
Seat 2: Taylor_@TaylorvonK (big blind) collected ($3000)

PokerStars Hand #9000100087: Tournament #2, Apr19_2017-at-16_48_41 Hold'em No Limit ($750/$1500 USD) - 2017/04/19 18:50:07 ET
Table 'ACPC Match' 2-max Seat #2 is the button
Seat 1: DeepStack ($19420 in chips)
Seat 2: Taylor_@TaylorvonK ($20580 in chips)
Taylor_@TaylorvonK: posts small blind $750
DeepStack: posts big blind $1500
*** HOLE CARDS ***
Dealt to DeepStack [Qs 2s]
Dealt to Taylor_@TaylorvonK [9d 3c]
Taylor_@TaylorvonK: folds
Uncalled bet ($750) returned to DeepStack
DeepStack collected $1500 from the pot
*** SUMMARY ***
Total pot $1500 | Rake $0
Seat 1: DeepStack (big blind) collected ($1500)
Seat 2: Taylor_@TaylorvonK (button) (small blind) folded before the Flop

PokerStars Hand #9000100088: Tournament #2, Apr19_2017-at-16_48_41 Hold'em No Limit ($750/$1500 USD) - 2017/04/19 18:50:08 ET
Table 'ACPC Match' 2-max Seat #1 is the button
Seat 1: DeepStack ($20170 in chips)
Seat 2: Taylor_@TaylorvonK ($19830 in chips)
DeepStack: posts small blind $750
Taylor_@TaylorvonK: posts big blind $1500
*** HOLE CARDS ***
Dealt to DeepStack [7h 5c]
Dealt to Taylor_@TaylorvonK [5h Ts]
DeepStack: calls $750
Taylor_@TaylorvonK: checks
*** FLOP **** [Kd 3s 6s]
Taylor_@TaylorvonK: checks
DeepStack: checks
*** TURN **** [9s]
Taylor_@TaylorvonK: checks
DeepStack: checks
*** RIVER **** [Tc]
Taylor_@TaylorvonK: checks
DeepStack: raises $3000 to $3000
Taylor_@TaylorvonK: calls $3000
*** SHOW DOWN ***
DeepStack: shows [7h 5c] (King high)
Taylor_@TaylorvonK: shows [5h Ts] (a pair of Tens)
Taylor_@TaylorvonK collected $9000 from pot
*** SUMMARY ***
Total pot $9000 | Rake $0
Board [Kd 3s 6s 9s Tc]
Seat 1: DeepStack (button) (small blind) showed [7h 5c] and lost with King high
Seat 2: Taylor_@TaylorvonK (big blind) showed [5h Ts] and won ($9000) with a pair of Tens

PokerStars Hand #9000100089: Tournament #2, Apr19_2017-at-16_48_41 Hold'em No Limit ($750/$1500 USD) - 2017/04/19 18:50:09 ET
Table 'ACPC Match' 2-max Seat #2 is the button
Seat 1: DeepStack ($15670 in chips)
Seat 2: Taylor_@TaylorvonK ($24330 in chips)
Taylor_@TaylorvonK: posts small blind $750
DeepStack: posts big blind $1500
*** HOLE CARDS ***
Dealt to DeepStack [9c Td]
Dealt to Taylor_@TaylorvonK [5h 7c]
Taylor_@TaylorvonK: folds
Uncalled bet ($750) returned to DeepStack
DeepStack collected $1500 from the pot
*** SUMMARY ***
Total pot $1500 | Rake $0
Seat 1: DeepStack (big blind) collected ($1500)
Seat 2: Taylor_@TaylorvonK (button) (small blind) folded before the Flop

PokerStars Hand #9000100090: Tournament #2, Apr19_2017-at-16_48_41 Hold'em No Limit ($750/$1500 USD) - 2017/04/19 18:50:10 ET
Table 'ACPC Match' 2-max Seat #1 is the button
Seat 1: DeepStack ($16420 in chips)
Seat 2: Taylor_@TaylorvonK ($23580 in chips)
DeepStack: posts small blind $750
Taylor_@TaylorvonK: posts big blind $1500
*** HOLE CARDS ***
Dealt to DeepStack [9c Th]
Dealt to Taylor_@TaylorvonK [3d Jc]
DeepStack: calls $750
Taylor_@TaylorvonK: checks
*** FLOP **** [Ac 6d Jh]
Taylor_@TaylorvonK: checks
DeepStack: raises $1500 to $1500
Taylor_@TaylorvonK: calls $1500
*** TURN **** [4s]
Taylor_@TaylorvonK: checks
DeepStack: checks
*** RIVER **** [4h]
Taylor_@TaylorvonK: checks
DeepStack: raises $13420 to $13420 and is all-in
Taylor_@TaylorvonK: folds
Uncalled bet ($13420) returned to DeepStack
DeepStack collected $6000 from the pot
*** SUMMARY ***
Total pot $6000 | Rake $0
Board [Ac 6d Jh 4s 4h]
Seat 1: DeepStack (button) (small blind) collected ($6000)
Seat 2: Taylor_@TaylorvonK (big blind) folded on the River

PokerStars Hand #9000100091: Tournament #2, Apr19_2017-at-16_48_41 Hold'em No Limit ($1000/$2000 USD) - 2017/04/19 18:50:11 ET
Table 'ACPC Match' 2-max Seat #2 is the button
Seat 1: DeepStack ($19420 in chips)
Seat 2: Taylor_@TaylorvonK ($20580 in chips)
Taylor_@TaylorvonK: posts small blind $1000
DeepStack: posts big blind $2000
*** HOLE CARDS ***
Dealt to DeepStack [2c 9h]
Dealt to Taylor_@TaylorvonK [Ad As]
Taylor_@TaylorvonK: calls $1000
DeepStack: checks
*** FLOP **** [Kh 5d 2s]
DeepStack: checks
Taylor_@TaylorvonK: raises $2000 to $2000
DeepStack: calls $2000
*** TURN **** [Jc]
DeepStack: checks
Taylor_@TaylorvonK: checks
*** RIVER **** [Td]
DeepStack: checks
Taylor_@TaylorvonK: raises $2000 to $2000
DeepStack: calls $2000
*** SHOW DOWN ***
Taylor_@TaylorvonK: shows [Ad As] (a pair of Aces)
DeepStack: shows [2c 9h] (a pair of Deuces)
Taylor_@TaylorvonK collected $12000 from pot
*** SUMMARY ***
Total pot $12000 | Rake $0
Board [Kh 5d 2s Jc Td]
Seat 1: DeepStack (big blind) showed [2c 9h] and lost with a pair of Deuces
Seat 2: Taylor_@TaylorvonK (button) (small blind) showed [Ad As] and won ($12000) with a pair of Aces

PokerStars Hand #9000100092: Tournament #2, Apr19_2017-at-16_48_41 Hold'em No Limit ($1000/$2000 USD) - 2017/04/19 18:50:12 ET
Table 'ACPC Match' 2-max Seat #1 is the button
Seat 1: DeepStack ($13420 in chips)
Seat 2: Taylor_@TaylorvonK ($26580 in chips)
DeepStack: posts small blind $1000
Taylor_@TaylorvonK: posts big blind $2000
*** HOLE CARDS ***
Dealt to DeepStack [4h As]
Dealt to Taylor_@TaylorvonK [5s 9d]
DeepStack: raises $11420 to $13420 and is all-in
Taylor_@TaylorvonK: folds
Uncalled bet ($11420) returned to DeepStack
DeepStack collected $4000 from the pot
*** SUMMARY ***
Total pot $4000 | Rake $0
Seat 1: DeepStack (button) (small blind) collected ($4000)
Seat 2: Taylor_@TaylorvonK (big blind) folded before the Flop

PokerStars Hand #9000100093: Tournament #2, Apr19_2017-at-16_48_41 Hold'em No Limit ($1000/$2000 USD) - 2017/04/19 18:50:13 ET
Table 'ACPC Match' 2-max Seat #2 is the button
Seat 1: DeepStack ($15420 in chips)
Seat 2: Taylor_@TaylorvonK ($24580 in chips)
Taylor_@TaylorvonK: posts small blind $1000
DeepStack: posts big blind $2000
*** HOLE CARDS ***
Dealt to DeepStack [8c 7c]
Dealt to Taylor_@TaylorvonK [6d 9h]
Taylor_@TaylorvonK: folds
Uncalled bet ($1000) returned to DeepStack
DeepStack collected $2000 from the pot
*** SUMMARY ***
Total pot $2000 | Rake $0
Seat 1: DeepStack (big blind) collected ($2000)
Seat 2: Taylor_@TaylorvonK (button) (small blind) folded before the Flop

PokerStars Hand #9000100094: Tournament #2, Apr19_2017-at-16_48_41 Hold'em No Limit ($1000/$2000 USD) - 2017/04/19 18:50:14 ET
Table 'ACPC Match' 2-max Seat #1 is the button
Seat 1: DeepStack ($16420 in chips)
Seat 2: Taylor_@TaylorvonK ($23580 in chips)
DeepStack: posts small blind $1000
Taylor_@TaylorvonK: posts big blind $2000
*** HOLE CARDS ***
Dealt to DeepStack [9s 6h]
Dealt to Taylor_@TaylorvonK [8h Th]
DeepStack: calls $1000
Taylor_@TaylorvonK: checks
*** FLOP **** [5h Jh 7h]
Taylor_@TaylorvonK: checks
DeepStack: raises $2000 to $2000
Taylor_@TaylorvonK: calls $2000
*** TURN **** [7s]
Taylor_@TaylorvonK: checks
DeepStack: checks
*** RIVER **** [8s]
Taylor_@TaylorvonK: bets $4444
DeepStack: raises $7976 to $12420 and is all-in
Taylor_@TaylorvonK: calls $7976
*** SHOW DOWN ***
DeepStack: shows [9s 6h] (straight, Nine high)
Taylor_@TaylorvonK: shows [8h Th] (flush, Jack high)
Taylor_@TaylorvonK collected $32840 from pot
*** SUMMARY ***
Total pot $32840 | Rake $0
Board [5h Jh 7h 7s 8s]
Seat 1: DeepStack (button) (small blind) showed [9s 6h] and lost with straight, Nine high
Seat 2: Taylor_@TaylorvonK (big blind) showed [8h Th] and won ($32840) with flush, Jack high
