PokerStars Hand #4000200001: Tournament #3, Apr5_2017-at-17_20_0 Hold'em No Limit ($50/$100 USD) - 2017/04/05 19:20:00 ET
Table 'ACPC Match' 2-max Seat #2 is the button
Seat 1: DeepStack ($20000 in chips)
Seat 2: Terrence_@tchanpoker ($20000 in chips)
Terrence_@tchanpoker: posts small blind $50
DeepStack: posts big blind $100
*** HOLE CARDS ***
Dealt to DeepStack [Qd Ad]
Dealt to Terrence_@tchanpoker [8h 6h]
Terrence_@tchanpoker: raises $200 to $300
DeepStack: raises $600 to $900
Terrence_@tchanpoker: calls $600
*** FLOP **** [7c 9s Jc]
DeepStack: checks
Terrence_@tchanpoker: checks
*** TURN **** [6d]
DeepStack: checks
Terrence_@tchanpoker: checks
*** RIVER **** [5c]
DeepStack: checks
Terrence_@tchanpoker: raises $1000 to $1000
DeepStack: folds
Uncalled bet ($1000) returned to Terrence_@tchanpoker
Terrence_@tchanpoker collected $1800 from the pot
*** SUMMARY ***
Total pot $1800 | Rake $0
Board [7c 9s Jc 6d 5c]
Seat 1: DeepStack (big blind) folded on the River
Seat 2: Terrence_@tchanpoker (button) (small blind) collected ($1800)

PokerStars Hand #4000200002: Tournament #3, Apr5_2017-at-17_20_0 Hold'em No Limit ($50/$100 USD) - 2017/04/05 19:20:01 ET
Table 'ACPC Match' 2-max Seat #1 is the button
Seat 1: DeepStack ($19100 in chips)
Seat 2: Terrence_@tchanpoker ($20900 in chips)
DeepStack: posts small blind $50
Terrence_@tchanpoker: posts big blind $100
*** HOLE CARDS ***
Dealt to DeepStack [9s 2h]
Dealt to Terrence_@tchanpoker [4d 2c]
DeepStack: folds
Uncalled bet ($50) returned to Terrence_@tchanpoker
Terrence_@tchanpoker collected $100 from the pot
*** SUMMARY ***
Total pot $100 | Rake $0
Seat 1: DeepStack (button) (small blind) folded before the Flop
Seat 2: Terrence_@tchanpoker (big blind) collected ($100)

PokerStars Hand #4000200003: Tournament #3, Apr5_2017-at-17_20_0 Hold'em No Limit ($50/$100 USD) - 2017/04/05 19:20:02 ET
Table 'ACPC Match' 2-max Seat #2 is the button
Seat 1: DeepStack ($19050 in chips)
Seat 2: Terrence_@tchanpoker ($20950 in chips)
Terrence_@tchanpoker: posts small blind $50
DeepStack: posts big blind $100
*** HOLE CARDS ***
Dealt to DeepStack [Jd 7c]
Dealt to Terrence_@tchanpoker [9d 5c]
Terrence_@tchanpoker: raises $200 to $300
DeepStack: calls $200
*** FLOP **** [Ah 2h Jc]
DeepStack: checks
Terrence_@tchanpoker: raises $450 to $450
DeepStack: calls $450
*** TURN **** [Qh]
DeepStack: checks
Terrence_@tchanpoker: checks
*** RIVER **** [Td]
DeepStack: checks
Terrence_@tchanpoker: checks
*** SHOW DOWN ***
DeepStack: shows [Jd 7c] (a pair of Jacks)
Terrence_@tchanpoker: shows [9d 5c] (Ace high)
DeepStack collected $1500 from pot
*** SUMMARY ***
Total pot $1500 | Rake $0
Board [Ah 2h Jc Qh Td]
Seat 1: DeepStack (big blind) showed [Jd 7c] and won ($1500) with a pair of Jacks
Seat 2: Terrence_@tchanpoker (button) (small blind) showed [9d 5c] and lost with Ace high

PokerStars Hand #4000200004: Tournament #3, Apr5_2017-at-17_20_0 Hold'em No Limit ($50/$100 USD) - 2017/04/05 19:20:03 ET
Table 'ACPC Match' 2-max Seat #1 is the button
Seat 1: DeepStack ($19800 in chips)
Seat 2: Terrence_@tchanpoker ($20200 in chips)
DeepStack: posts small blind $50
Terrence_@tchanpoker: posts big blind $100
*** HOLE CARDS ***
Dealt to DeepStack [9c Ts]
Dealt to Terrence_@tchanpoker [Qh Kc]
DeepStack: raises $200 to $300
Terrence_@tchanpoker: raises $600 to $900
DeepStack: calls $600
*** FLOP **** [8c 3d 2s]
Terrence_@tchanpoker: bets $800
DeepStack: calls $800
*** TURN **** [Th]
Terrence_@tchanpoker: checks
DeepStack: raises $3400 to $3400
Terrence_@tchanpoker: folds
Uncalled bet ($3400) returned to DeepStack
DeepStack collected $3400 from the pot
*** SUMMARY ***
Total pot $3400 | Rake $0
Board [8c 3d 2s Th]
Seat 1: DeepStack (button) (small blind) collected ($3400)
Seat 2: Terrence_@tchanpoker (big blind) folded on the Turn

PokerStars Hand #4000200005: Tournament #3, Apr5_2017-at-17_20_0 Hold'em No Limit ($50/$100 USD) - 2017/04/05 19:20:04 ET
Table 'ACPC Match' 2-max Seat #2 is the button
Seat 1: DeepStack ($21500 in chips)
Seat 2: Terrence_@tchanpoker ($18500 in chips)
Terrence_@tchanpoker: posts small blind $50
DeepStack: posts big blind $100
*** HOLE CARDS ***
Dealt to DeepStack [7d Tc]
Dealt to Terrence_@tchanpoker [8s Jc]
Terrence_@tchanpoker: raises $200 to $300
DeepStack: folds
Uncalled bet ($200) returned to Terrence_@tchanpoker
Terrence_@tchanpoker collected $200 from the pot
*** SUMMARY ***
Total pot $200 | Rake $0
Seat 1: DeepStack (big blind) folded before the Flop
Seat 2: Terrence_@tchanpoker (button) (small blind) collected ($200)

PokerStars Hand #4000200006: Tournament #3, Apr5_2017-at-17_20_0 Hold'em No Limit ($50/$100 USD) - 2017/04/05 19:20:05 ET
Table 'ACPC Match' 2-max Seat #1 is the button
Seat 1: DeepStack ($21400 in chips)
Seat 2: Terrence_@tchanpoker ($18600 in chips)
DeepStack: posts small blind $50
Terrence_@tchanpoker: posts big blind $100
*** HOLE CARDS ***
Dealt to DeepStack [2d 4c]
Dealt to Terrence_@tchanpoker [Kc Ac]
DeepStack: folds
Uncalled bet ($50) returned to Terrence_@tchanpoker
Terrence_@tchanpoker collected $100 from the pot
*** SUMMARY ***
Total pot $100 | Rake $0
Seat 1: DeepStack (button) (small blind) folded before the Flop
Seat 2: Terrence_@tchanpoker (big blind) collected ($100)

PokerStars Hand #4000200007: Tournament #3, Apr5_2017-at-17_20_0 Hold'em No Limit ($50/$100 USD) - 2017/04/05 19:20:06 ET
Table 'ACPC Match' 2-max Seat #2 is the button
Seat 1: DeepStack ($21350 in chips)
Seat 2: Terrence_@tchanpoker ($18650 in chips)
Terrence_@tchanpoker: posts small blind $50
DeepStack: posts big blind $100
*** HOLE CARDS ***
Dealt to DeepStack [7h Qc]
Dealt to Terrence_@tchanpoker [Jd Qs]
Terrence_@tchanpoker: raises $200 to $300
DeepStack: folds
Uncalled bet ($200) returned to Terrence_@tchanpoker
Terrence_@tchanpoker collected $200 from the pot
*** SUMMARY ***
Total pot $200 | Rake $0
Seat 1: DeepStack (big blind) folded before the Flop
Seat 2: Terrence_@tchanpoker (button) (small blind) collected ($200)

PokerStars Hand #4000200008: Tournament #3, Apr5_2017-at-17_20_0 Hold'em No Limit ($50/$100 USD) - 2017/04/05 19:20:07 ET
Table 'ACPC Match' 2-max Seat #1 is the button
Seat 1: DeepStack ($21250 in chips)
Seat 2: Terrence_@tchanpoker ($18750 in chips)
DeepStack: posts small blind $50
Terrence_@tchanpoker: posts big blind $100
*** HOLE CARDS ***
Dealt to DeepStack [Th Jc]
Dealt to Terrence_@tchanpoker [Tc Kd]
DeepStack: raises $100 to $200
Terrence_@tchanpoker: calls $100
*** FLOP **** [5s Ts 8d]
Terrence_@tchanpoker: checks
DeepStack: checks
*** TURN **** [2s]
Terrence_@tchanpoker: bets $300
DeepStack: calls $300
*** RIVER **** [Kc]
Terrence_@tchanpoker: bets $700
DeepStack: calls $700
*** SHOW DOWN ***
Terrence_@tchanpoker: shows [Tc Kd] (two pair, Kings and Tens)
DeepStack: shows [Th Jc] (a pair of Tens)
Terrence_@tchanpoker collected $2400 from pot
*** SUMMARY ***
Total pot $2400 | Rake $0
Board [5s Ts 8d 2s Kc]
Seat 1: DeepStack (button) (small blind) showed [Th Jc] and lost with a pair of Tens
Seat 2: Terrence_@tchanpoker (big blind) showed [Tc Kd] and won ($2400) with two pair, Kings and Tens

PokerStars Hand #4000200009: Tournament #3, Apr5_2017-at-17_20_0 Hold'em No Limit ($50/$100 USD) - 2017/04/05 19:20:08 ET
Table 'ACPC Match' 2-max Seat #2 is the button
Seat 1: DeepStack ($20050 in chips)
Seat 2: Terrence_@tchanpoker ($19950 in chips)
Terrence_@tchanpoker: posts small blind $50
DeepStack: posts big blind $100
*** HOLE CARDS ***
Dealt to DeepStack [6c 7h]
Dealt to Terrence_@tchanpoker [8c Ad]
Terrence_@tchanpoker: raises $200 to $300
DeepStack: calls $200
*** FLOP **** [3d Qd 8h]
DeepStack: checks
Terrence_@tchanpoker: raises $300 to $300
DeepStack: folds
Uncalled bet ($300) returned to Terrence_@tchanpoker
Terrence_@tchanpoker collected $600 from the pot
*** SUMMARY ***
Total pot $600 | Rake $0
Board [3d Qd 8h]
Seat 1: DeepStack (big blind) folded on the Flop
Seat 2: Terrence_@tchanpoker (button) (small blind) collected ($600)

PokerStars Hand #4000200010: Tournament #3, Apr5_2017-at-17_20_0 Hold'em No Limit ($50/$100 USD) - 2017/04/05 19:20:09 ET
Table 'ACPC Match' 2-max Seat #1 is the button
Seat 1: DeepStack ($19750 in chips)
Seat 2: Terrence_@tchanpoker ($20250 in chips)
DeepStack: posts small blind $50
Terrence_@tchanpoker: posts big blind $100
*** HOLE CARDS ***
Dealt to DeepStack [4d 5h]
Dealt to Terrence_@tchanpoker [6c Js]
DeepStack: raises $200 to $300
Terrence_@tchanpoker: raises $600 to $900
DeepStack: folds
Uncalled bet ($600) returned to Terrence_@tchanpoker
Terrence_@tchanpoker collected $600 from the pot
*** SUMMARY ***
Total pot $600 | Rake $0
Seat 1: DeepStack (button) (small blind) folded before the Flop
Seat 2: Terrence_@tchanpoker (big blind) collected ($600)

PokerStars Hand #4000200011: Tournament #3, Apr5_2017-at-17_20_0 Hold'em No Limit ($75/$150 USD) - 2017/04/05 19:20:10 ET
Table 'ACPC Match' 2-max Seat #2 is the button
Seat 1: DeepStack ($19450 in chips)
Seat 2: Terrence_@tchanpoker ($20550 in chips)
Terrence_@tchanpoker: posts small blind $75
DeepStack: posts big blind $150
*** HOLE CARDS ***
Dealt to DeepStack [4d 3h]
Dealt to Terrence_@tchanpoker [6h Jc]
Terrence_@tchanpoker: raises $300 to $450
DeepStack: folds
Uncalled bet ($300) returned to Terrence_@tchanpoker
Terrence_@tchanpoker collected $300 from the pot
*** SUMMARY ***
Total pot $300 | Rake $0
Seat 1: DeepStack (big blind) folded before the Flop
Seat 2: Terrence_@tchanpoker (button) (small blind) collected ($300)

PokerStars Hand #4000200012: Tournament #3, Apr5_2017-at-17_20_0 Hold'em No Limit ($75/$150 USD) - 2017/04/05 19:20:11 ET
Table 'ACPC Match' 2-max Seat #1 is the button
Seat 1: DeepStack ($19300 in chips)
Seat 2: Terrence_@tchanpoker ($20700 in chips)
DeepStack: posts small blind $75
Terrence_@tchanpoker: posts big blind $150
*** HOLE CARDS ***
Dealt to DeepStack [Qh 3s]
Dealt to Terrence_@tchanpoker [8c Ts]
DeepStack: calls $75
Terrence_@tchanpoker: raises $300 to $450
DeepStack: calls $300
*** FLOP **** [2h 9d 7c]
Terrence_@tchanpoker: bets $750
DeepStack: folds
Uncalled bet ($750) returned to Terrence_@tchanpoker
Terrence_@tchanpoker collected $900 from the pot
*** SUMMARY ***
Total pot $900 | Rake $0
Board [2h 9d 7c]
Seat 1: DeepStack (button) (small blind) folded on the Flop
Seat 2: Terrence_@tchanpoker (big blind) collected ($900)

PokerStars Hand #4000200013: Tournament #3, Apr5_2017-at-17_20_0 Hold'em No Limit ($75/$150 USD) - 2017/04/05 19:20:12 ET
Table 'ACPC Match' 2-max Seat #2 is the button
Seat 1: DeepStack ($18850 in chips)
Seat 2: Terrence_@tchanpoker ($21150 in chips)
Terrence_@tchanpoker: posts small blind $75
DeepStack: posts big blind $150
*** HOLE CARDS ***
Dealt to DeepStack [2h Jh]
Dealt to Terrence_@tchanpoker [As 5c]
Terrence_@tchanpoker: raises $300 to $450
DeepStack: calls $300
*** FLOP **** [9s 6d 7c]
DeepStack: checks
Terrence_@tchanpoker: checks
*** TURN **** [Qd]
DeepStack: checks
Terrence_@tchanpoker: checks
*** RIVER **** [4h]
DeepStack: checks
Terrence_@tchanpoker: checks
*** SHOW DOWN ***
DeepStack: shows [2h Jh] (Queen high)
Terrence_@tchanpoker: shows [As 5c] (Ace high)
Terrence_@tchanpoker collected $900 from pot
*** SUMMARY ***
Total pot $900 | Rake $0
Board [9s 6d 7c Qd 4h]
Seat 1: DeepStack (big blind) showed [2h Jh] and lost with Queen high
Seat 2: Terrence_@tchanpoker (button) (small blind) showed [As 5c] and won ($900) with Ace high

PokerStars Hand #4000200014: Tournament #3, Apr5_2017-at-17_20_0 Hold'em No Limit ($75/$150 USD) - 2017/04/05 19:20:13 ET
Table 'ACPC Match' 2-max Seat #1 is the button
Seat 1: DeepStack ($18400 in chips)
Seat 2: Terrence_@tchanpoker ($21600 in chips)
DeepStack: posts small blind $75
Terrence_@tchanpoker: posts big blind $150
*** HOLE CARDS ***
Dealt to DeepStack [9h 3h]
Dealt to Terrence_@tchanpoker [3s Qh]
DeepStack: raises $150 to $300
Terrence_@tchanpoker: calls $150
*** FLOP **** [8c 6h Jd]
Terrence_@tchanpoker: checks
DeepStack: raises $600 to $600
Terrence_@tchanpoker: folds
Uncalled bet ($600) returned to DeepStack
DeepStack collected $600 from the pot
*** SUMMARY ***
Total pot $600 | Rake $0
Board [8c 6h Jd]
Seat 1: DeepStack (button) (small blind) collected ($600)
Seat 2: Terrence_@tchanpoker (big blind) folded on the Flop

PokerStars Hand #4000200015: Tournament #3, Apr5_2017-at-17_20_0 Hold'em No Limit ($75/$150 USD) - 2017/04/05 19:20:14 ET
Table 'ACPC Match' 2-max Seat #2 is the button
Seat 1: DeepStack ($18700 in chips)
Seat 2: Terrence_@tchanpoker ($21300 in chips)
Terrence_@tchanpoker: posts small blind $75
DeepStack: posts big blind $150
*** HOLE CARDS ***
Dealt to DeepStack [3h 5s]
Dealt to Terrence_@tchanpoker [Ac Ts]
Terrence_@tchanpoker: raises $300 to $450
DeepStack: folds
Uncalled bet ($300) returned to Terrence_@tchanpoker
Terrence_@tchanpoker collected $300 from the pot
*** SUMMARY ***
Total pot $300 | Rake $0
Seat 1: DeepStack (big blind) folded before the Flop
Seat 2: Terrence_@tchanpoker (button) (small blind) collected ($300)

PokerStars Hand #4000200016: Tournament #3, Apr5_2017-at-17_20_0 Hold'em No Limit ($75/$150 USD) - 2017/04/05 19:20:15 ET
Table 'ACPC Match' 2-max Seat #1 is the button
Seat 1: DeepStack ($18550 in chips)
Seat 2: Terrence_@tchanpoker ($21450 in chips)
DeepStack: posts small blind $75
Terrence_@tchanpoker: posts big blind $150
*** HOLE CARDS ***
Dealt to DeepStack [6d Tc]
Dealt to Terrence_@tchanpoker [Ts 3h]
DeepStack: raises $300 to $450
Terrence_@tchanpoker: folds
Uncalled bet ($300) returned to DeepStack
DeepStack collected $300 from the pot
*** SUMMARY ***
Total pot $300 | Rake $0
Seat 1: DeepStack (button) (small blind) collected ($300)
Seat 2: Terrence_@tchanpoker (big blind) folded before the Flop

PokerStars Hand #4000200017: Tournament #3, Apr5_2017-at-17_20_0 Hold'em No Limit ($75/$150 USD) - 2017/04/05 19:20:16 ET
Table 'ACPC Match' 2-max Seat #2 is the button
Seat 1: DeepStack ($18700 in chips)
Seat 2: Terrence_@tchanpoker ($21300 in chips)
Terrence_@tchanpoker: posts small blind $75
DeepStack: posts big blind $150
*** HOLE CARDS ***
Dealt to DeepStack [6c 3d]
Dealt to Terrence_@tchanpoker [6s 5d]
Terrence_@tchanpoker: raises $300 to $450
DeepStack: folds
Uncalled bet ($300) returned to Terrence_@tchanpoker
Terrence_@tchanpoker collected $300 from the pot
*** SUMMARY ***
Total pot $300 | Rake $0
Seat 1: DeepStack (big blind) folded before the Flop
Seat 2: Terrence_@tchanpoker (button) (small blind) collected ($300)

PokerStars Hand #4000200018: Tournament #3, Apr5_2017-at-17_20_0 Hold'em No Limit ($75/$150 USD) - 2017/04/05 19:20:17 ET
Table 'ACPC Match' 2-max Seat #1 is the button
Seat 1: DeepStack ($18550 in chips)
Seat 2: Terrence_@tchanpoker ($21450 in chips)
DeepStack: posts small blind $75
Terrence_@tchanpoker: posts big blind $150
*** HOLE CARDS ***
Dealt to DeepStack [5d 8d]
Dealt to Terrence_@tchanpoker [8c Kc]
DeepStack: calls $75
Terrence_@tchanpoker: raises $300 to $450
DeepStack: calls $300
*** FLOP **** [Th Kd 3d]
Terrence_@tchanpoker: bets $675
DeepStack: calls $675
*** TURN **** [5s]
Terrence_@tchanpoker: checks
DeepStack: raises $1125 to $1125
Terrence_@tchanpoker: calls $1125
*** RIVER **** [5c]
Terrence_@tchanpoker: checks
DeepStack: raises $9000 to $9000
Terrence_@tchanpoker: calls $9000
*** SHOW DOWN ***
DeepStack: shows [5d 8d] (three of a kind, Fives)
Terrence_@tchanpoker: shows [8c Kc] (two pair, Kings and Fives)
DeepStack collected $22500 from pot
*** SUMMARY ***
Total pot $22500 | Rake $0
Board [Th Kd 3d 5s 5c]
Seat 1: DeepStack (button) (small blind) showed [5d 8d] and won ($22500) with three of a kind, Fives
Seat 2: Terrence_@tchanpoker (big blind) showed [8c Kc] and lost with two pair, Kings and Fives

PokerStars Hand #4000200019: Tournament #3, Apr5_2017-at-17_20_0 Hold'em No Limit ($75/$150 USD) - 2017/04/05 19:20:18 ET
Table 'ACPC Match' 2-max Seat #2 is the button
Seat 1: DeepStack ($29800 in chips)
Seat 2: Terrence_@tchanpoker ($10200 in chips)
Terrence_@tchanpoker: posts small blind $75
DeepStack: posts big blind $150
*** HOLE CARDS ***
Dealt to DeepStack [8h 3h]
Dealt to Terrence_@tchanpoker [2d 4d]
Terrence_@tchanpoker: raises $225 to $375
DeepStack: calls $225
*** FLOP **** [Ac Qc 6h]
DeepStack: checks
Terrence_@tchanpoker: raises $375 to $375
DeepStack: folds
Uncalled bet ($375) returned to Terrence_@tchanpoker
Terrence_@tchanpoker collected $750 from the pot
*** SUMMARY ***
Total pot $750 | Rake $0
Board [Ac Qc 6h]
Seat 1: DeepStack (big blind) folded on the Flop
Seat 2: Terrence_@tchanpoker (button) (small blind) collected ($750)

PokerStars Hand #4000200020: Tournament #3, Apr5_2017-at-17_20_0 Hold'em No Limit ($75/$150 USD) - 2017/04/05 19:20:19 ET
Table 'ACPC Match' 2-max Seat #1 is the button
Seat 1: DeepStack ($29425 in chips)
Seat 2: Terrence_@tchanpoker ($10575 in chips)
DeepStack: posts small blind $75
Terrence_@tchanpoker: posts big blind $150
*** HOLE CARDS ***
Dealt to DeepStack [3s 2d]
Dealt to Terrence_@tchanpoker [Kh Ah]
DeepStack: folds
Uncalled bet ($75) returned to Terrence_@tchanpoker
Terrence_@tchanpoker collected $150 from the pot
*** SUMMARY ***
Total pot $150 | Rake $0
Seat 1: DeepStack (button) (small blind) folded before the Flop
Seat 2: Terrence_@tchanpoker (big blind) collected ($150)

PokerStars Hand #4000200021: Tournament #3, Apr5_2017-at-17_20_0 Hold'em No Limit ($100/$200 USD) - 2017/04/05 19:20:20 ET
Table 'ACPC Match' 2-max Seat #2 is the button
Seat 1: DeepStack ($29350 in chips)
Seat 2: Terrence_@tchanpoker ($10650 in chips)
Terrence_@tchanpoker: posts small blind $100
DeepStack: posts big blind $200
*** HOLE CARDS ***
Dealt to DeepStack [5s As]
Dealt to Terrence_@tchanpoker [Kc 8c]
Terrence_@tchanpoker: raises $300 to $500
DeepStack: raises $1000 to $1500
Terrence_@tchanpoker: calls $1000
*** FLOP **** [3c 8h 5c]
DeepStack: bets $1500
Terrence_@tchanpoker: raises $7650 to $9150 and is all-in
DeepStack: calls $7650
*** TURN **** [Ah]
*** RIVER **** [Jc]
*** SHOW DOWN ***
Terrence_@tchanpoker: shows [Kc 8c] (flush, King high)
DeepStack: shows [5s As] (two pair, Aces and Fives)
Terrence_@tchanpoker collected $21300 from pot
*** SUMMARY ***
Total pot $21300 | Rake $0
Board [3c 8h 5c Ah Jc]
Seat 1: DeepStack (big blind) showed [5s As] and lost with two pair, Aces and Fives
Seat 2: Terrence_@tchanpoker (button) (small blind) showed [Kc 8c] and won ($21300) with flush, King high

PokerStars Hand #4000200022: Tournament #3, Apr5_2017-at-17_20_0 Hold'em No Limit ($100/$200 USD) - 2017/04/05 19:20:21 ET
Table 'ACPC Match' 2-max Seat #1 is the button
Seat 1: DeepStack ($18700 in chips)
Seat 2: Terrence_@tchanpoker ($21300 in chips)
DeepStack: posts small blind $100
Terrence_@tchanpoker: posts big blind $200
*** HOLE CARDS ***
Dealt to DeepStack [Th 7h]
Dealt to Terrence_@tchanpoker [Js Kd]
DeepStack: raises $400 to $600
Terrence_@tchanpoker: calls $400
*** FLOP **** [Ad Kc Ts]
Terrence_@tchanpoker: checks
DeepStack: checks
*** TURN **** [2s]
Terrence_@tchanpoker: checks
DeepStack: checks
*** RIVER **** [4h]
Terrence_@tchanpoker: bets $600
DeepStack: calls $600
*** SHOW DOWN ***
Terrence_@tchanpoker: shows [Js Kd] (a pair of Kings)
DeepStack: shows [Th 7h] (a pair of Tens)
Terrence_@tchanpoker collected $2400 from pot
*** SUMMARY ***
Total pot $2400 | Rake $0
Board [Ad Kc Ts 2s 4h]
Seat 1: DeepStack (button) (small blind) showed [Th 7h] and lost with a pair of Tens
Seat 2: Terrence_@tchanpoker (big blind) showed [Js Kd] and won ($2400) with a pair of Kings

PokerStars Hand #4000200023: Tournament #3, Apr5_2017-at-17_20_0 Hold'em No Limit ($100/$200 USD) - 2017/04/05 19:20:22 ET
Table 'ACPC Match' 2-max Seat #2 is the button
Seat 1: DeepStack ($17500 in chips)
Seat 2: Terrence_@tchanpoker ($22500 in chips)
Terrence_@tchanpoker: posts small blind $100
DeepStack: posts big blind $200
*** HOLE CARDS ***
Dealt to DeepStack [8d 8h]
Dealt to Terrence_@tchanpoker [Qc 7c]
Terrence_@tchanpoker: raises $300 to $500
DeepStack: raises $500 to $1000
Terrence_@tchanpoker: calls $500
*** FLOP **** [5c 3s Th]
DeepStack: bets $1000
Terrence_@tchanpoker: folds
Uncalled bet ($1000) returned to DeepStack
DeepStack collected $2000 from the pot
*** SUMMARY ***
Total pot $2000 | Rake $0
Board [5c 3s Th]
Seat 1: DeepStack (big blind) collected ($2000)
Seat 2: Terrence_@tchanpoker (button) (small blind) folded on the Flop

PokerStars Hand #4000200024: Tournament #3, Apr5_2017-at-17_20_0 Hold'em No Limit ($100/$200 USD) - 2017/04/05 19:20:23 ET
Table 'ACPC Match' 2-max Seat #1 is the button
Seat 1: DeepStack ($18500 in chips)
Seat 2: Terrence_@tchanpoker ($21500 in chips)
DeepStack: posts small blind $100
Terrence_@tchanpoker: posts big blind $200
*** HOLE CARDS ***
Dealt to DeepStack [2h Kc]
Dealt to Terrence_@tchanpoker [5d 5h]
DeepStack: calls $100
Terrence_@tchanpoker: raises $400 to $600
DeepStack: folds
Uncalled bet ($400) returned to Terrence_@tchanpoker
Terrence_@tchanpoker collected $400 from the pot
*** SUMMARY ***
Total pot $400 | Rake $0
Seat 1: DeepStack (button) (small blind) folded before the Flop
Seat 2: Terrence_@tchanpoker (big blind) collected ($400)

PokerStars Hand #4000200025: Tournament #3, Apr5_2017-at-17_20_0 Hold'em No Limit ($100/$200 USD) - 2017/04/05 19:20:24 ET
Table 'ACPC Match' 2-max Seat #2 is the button
Seat 1: DeepStack ($18300 in chips)
Seat 2: Terrence_@tchanpoker ($21700 in chips)
Terrence_@tchanpoker: posts small blind $100
DeepStack: posts big blind $200
*** HOLE CARDS ***
Dealt to DeepStack [Kd 2d]
Dealt to Terrence_@tchanpoker [Ah 2c]
Terrence_@tchanpoker: raises $300 to $500
DeepStack: calls $300
*** FLOP **** [Qc 6s 7c]
DeepStack: checks
Terrence_@tchanpoker: checks
*** TURN **** [9c]
DeepStack: checks
Terrence_@tchanpoker: checks
*** RIVER **** [4c]
DeepStack: checks
Terrence_@tchanpoker: raises $200 to $200
DeepStack: folds
Uncalled bet ($200) returned to Terrence_@tchanpoker
Terrence_@tchanpoker collected $1000 from the pot
*** SUMMARY ***
Total pot $1000 | Rake $0
Board [Qc 6s 7c 9c 4c]
Seat 1: DeepStack (big blind) folded on the River
Seat 2: Terrence_@tchanpoker (button) (small blind) collected ($1000)

PokerStars Hand #4000200026: Tournament #3, Apr5_2017-at-17_20_0 Hold'em No Limit ($100/$200 USD) - 2017/04/05 19:20:25 ET
Table 'ACPC Match' 2-max Seat #1 is the button
Seat 1: DeepStack ($17800 in chips)
Seat 2: Terrence_@tchanpoker ($22200 in chips)
DeepStack: posts small blind $100
Terrence_@tchanpoker: posts big blind $200
*** HOLE CARDS ***
Dealt to DeepStack [Th Qh]
Dealt to Terrence_@tchanpoker [7d Kh]
DeepStack: raises $200 to $400
Terrence_@tchanpoker: calls $200
*** FLOP **** [6d Jh Jd]
Terrence_@tchanpoker: checks
DeepStack: checks
*** TURN **** [Jc]
Terrence_@tchanpoker: checks
DeepStack: raises $800 to $800
Terrence_@tchanpoker: folds
Uncalled bet ($800) returned to DeepStack
DeepStack collected $800 from the pot
*** SUMMARY ***
Total pot $800 | Rake $0
Board [6d Jh Jd Jc]
Seat 1: DeepStack (button) (small blind) collected ($800)
Seat 2: Terrence_@tchanpoker (big blind) folded on the Turn

PokerStars Hand #4000200027: Tournament #3, Apr5_2017-at-17_20_0 Hold'em No Limit ($100/$200 USD) - 2017/04/05 19:20:26 ET
Table 'ACPC Match' 2-max Seat #2 is the button
Seat 1: DeepStack ($18200 in chips)
Seat 2: Terrence_@tchanpoker ($21800 in chips)
Terrence_@tchanpoker: posts small blind $100
DeepStack: posts big blind $200
*** HOLE CARDS ***
Dealt to DeepStack [Kd 7h]
Dealt to Terrence_@tchanpoker [Jh 4d]
Terrence_@tchanpoker: raises $400 to $600
DeepStack: calls $400
*** FLOP **** [Ac Ts Tc]
DeepStack: checks
Terrence_@tchanpoker: raises $800 to $800
DeepStack: folds
Uncalled bet ($800) returned to Terrence_@tchanpoker
Terrence_@tchanpoker collected $1200 from the pot
*** SUMMARY ***
Total pot $1200 | Rake $0
Board [Ac Ts Tc]
Seat 1: DeepStack (big blind) folded on the Flop
Seat 2: Terrence_@tchanpoker (button) (small blind) collected ($1200)

PokerStars Hand #4000200028: Tournament #3, Apr5_2017-at-17_20_0 Hold'em No Limit ($100/$200 USD) - 2017/04/05 19:20:27 ET
Table 'ACPC Match' 2-max Seat #1 is the button
Seat 1: DeepStack ($17600 in chips)
Seat 2: Terrence_@tchanpoker ($22400 in chips)
DeepStack: posts small blind $100
Terrence_@tchanpoker: posts big blind $200
*** HOLE CARDS ***
Dealt to DeepStack [5h 9c]
Dealt to Terrence_@tchanpoker [2c Qs]
DeepStack: calls $100
Terrence_@tchanpoker: checks
*** FLOP **** [Ad Jd 7s]
Terrence_@tchanpoker: checks
DeepStack: checks
*** TURN **** [2s]
Terrence_@tchanpoker: checks
DeepStack: checks
*** RIVER **** [5s]
Terrence_@tchanpoker: checks
DeepStack: checks
*** SHOW DOWN ***
Terrence_@tchanpoker: shows [2c Qs] (a pair of Deuces)
DeepStack: shows [5h 9c] (a pair of Fives)
DeepStack collected $400 from pot
*** SUMMARY ***
Total pot $400 | Rake $0
Board [Ad Jd 7s 2s 5s]
Seat 1: DeepStack (button) (small blind) showed [5h 9c] and won ($400) with a pair of Fives
Seat 2: Terrence_@tchanpoker (big blind) showed [2c Qs] and lost with a pair of Deuces

PokerStars Hand #4000200029: Tournament #3, Apr5_2017-at-17_20_0 Hold'em No Limit ($100/$200 USD) - 2017/04/05 19:20:28 ET
Table 'ACPC Match' 2-max Seat #2 is the button
Seat 1: DeepStack ($17800 in chips)
Seat 2: Terrence_@tchanpoker ($22200 in chips)
Terrence_@tchanpoker: posts small blind $100
DeepStack: posts big blind $200
*** HOLE CARDS ***
Dealt to DeepStack [Qs 9c]
Dealt to Terrence_@tchanpoker [4s Qh]
Terrence_@tchanpoker: raises $300 to $500
DeepStack: calls $300
*** FLOP **** [As Ks 8d]
DeepStack: checks
Terrence_@tchanpoker: raises $750 to $750
DeepStack: folds
Uncalled bet ($750) returned to Terrence_@tchanpoker
Terrence_@tchanpoker collected $1000 from the pot
*** SUMMARY ***
Total pot $1000 | Rake $0
Board [As Ks 8d]
Seat 1: DeepStack (big blind) folded on the Flop
Seat 2: Terrence_@tchanpoker (button) (small blind) collected ($1000)

PokerStars Hand #4000200030: Tournament #3, Apr5_2017-at-17_20_0 Hold'em No Limit ($100/$200 USD) - 2017/04/05 19:20:29 ET
Table 'ACPC Match' 2-max Seat #1 is the button
Seat 1: DeepStack ($17300 in chips)
Seat 2: Terrence_@tchanpoker ($22700 in chips)
DeepStack: posts small blind $100
Terrence_@tchanpoker: posts big blind $200
*** HOLE CARDS ***
Dealt to DeepStack [Jd Jc]
Dealt to Terrence_@tchanpoker [Tc 5d]
DeepStack: raises $400 to $600
Terrence_@tchanpoker: folds
Uncalled bet ($400) returned to DeepStack
DeepStack collected $400 from the pot
*** SUMMARY ***
Total pot $400 | Rake $0
Seat 1: DeepStack (button) (small blind) collected ($400)
Seat 2: Terrence_@tchanpoker (big blind) folded before the Flop

PokerStars Hand #4000200031: Tournament #3, Apr5_2017-at-17_20_0 Hold'em No Limit ($150/$300 USD) - 2017/04/05 19:20:30 ET
Table 'ACPC Match' 2-max Seat #2 is the button
Seat 1: DeepStack ($17500 in chips)
Seat 2: Terrence_@tchanpoker ($22500 in chips)
Terrence_@tchanpoker: posts small blind $150
DeepStack: posts big blind $300
*** HOLE CARDS ***
Dealt to DeepStack [2c Jc]
Dealt to Terrence_@tchanpoker [Kc 9d]
Terrence_@tchanpoker: raises $450 to $750
DeepStack: calls $450
*** FLOP **** [Ah 5c Qd]
DeepStack: checks
Terrence_@tchanpoker: raises $950 to $950
DeepStack: folds
Uncalled bet ($950) returned to Terrence_@tchanpoker
Terrence_@tchanpoker collected $1500 from the pot
*** SUMMARY ***
Total pot $1500 | Rake $0
Board [Ah 5c Qd]
Seat 1: DeepStack (big blind) folded on the Flop
Seat 2: Terrence_@tchanpoker (button) (small blind) collected ($1500)

PokerStars Hand #4000200032: Tournament #3, Apr5_2017-at-17_20_0 Hold'em No Limit ($150/$300 USD) - 2017/04/05 19:20:31 ET
Table 'ACPC Match' 2-max Seat #1 is the button
Seat 1: DeepStack ($16750 in chips)
Seat 2: Terrence_@tchanpoker ($23250 in chips)
DeepStack: posts small blind $150
Terrence_@tchanpoker: posts big blind $300
*** HOLE CARDS ***
Dealt to DeepStack [5s Jh]
Dealt to Terrence_@tchanpoker [5d Qs]
DeepStack: raises $300 to $600
Terrence_@tchanpoker: raises $1200 to $1800
DeepStack: folds
Uncalled bet ($1200) returned to Terrence_@tchanpoker
Terrence_@tchanpoker collected $1200 from the pot
*** SUMMARY ***
Total pot $1200 | Rake $0
Seat 1: DeepStack (button) (small blind) folded before the Flop
Seat 2: Terrence_@tchanpoker (big blind) collected ($1200)

PokerStars Hand #4000200033: Tournament #3, Apr5_2017-at-17_20_0 Hold'em No Limit ($150/$300 USD) - 2017/04/05 19:20:32 ET
Table 'ACPC Match' 2-max Seat #2 is the button
Seat 1: DeepStack ($16150 in chips)
Seat 2: Terrence_@tchanpoker ($23850 in chips)
Terrence_@tchanpoker: posts small blind $150
DeepStack: posts big blind $300
*** HOLE CARDS ***
Dealt to DeepStack [8s Qh]
Dealt to Terrence_@tchanpoker [2s Tc]
Terrence_@tchanpoker: folds
Uncalled bet ($150) returned to DeepStack
DeepStack collected $300 from the pot
*** SUMMARY ***
Total pot $300 | Rake $0
Seat 1: DeepStack (big blind) collected ($300)
Seat 2: Terrence_@tchanpoker (button) (small blind) folded before the Flop

PokerStars Hand #4000200034: Tournament #3, Apr5_2017-at-17_20_0 Hold'em No Limit ($150/$300 USD) - 2017/04/05 19:20:33 ET
Table 'ACPC Match' 2-max Seat #1 is the button
Seat 1: DeepStack ($16300 in chips)
Seat 2: Terrence_@tchanpoker ($23700 in chips)
DeepStack: posts small blind $150
Terrence_@tchanpoker: posts big blind $300
*** HOLE CARDS ***
Dealt to DeepStack [3d 7s]
Dealt to Terrence_@tchanpoker [5h Ad]
DeepStack: folds
Uncalled bet ($150) returned to Terrence_@tchanpoker
Terrence_@tchanpoker collected $300 from the pot
*** SUMMARY ***
Total pot $300 | Rake $0
Seat 1: DeepStack (button) (small blind) folded before the Flop
Seat 2: Terrence_@tchanpoker (big blind) collected ($300)

PokerStars Hand #4000200035: Tournament #3, Apr5_2017-at-17_20_0 Hold'em No Limit ($150/$300 USD) - 2017/04/05 19:20:34 ET
Table 'ACPC Match' 2-max Seat #2 is the button
Seat 1: DeepStack ($16150 in chips)
Seat 2: Terrence_@tchanpoker ($23850 in chips)
Terrence_@tchanpoker: posts small blind $150
DeepStack: posts big blind $300
*** HOLE CARDS ***
Dealt to DeepStack [2d Td]
Dealt to Terrence_@tchanpoker [Ks Jh]
Terrence_@tchanpoker: raises $450 to $750
DeepStack: calls $450
*** FLOP **** [Kc 6c 7d]
DeepStack: checks
Terrence_@tchanpoker: raises $800 to $800
DeepStack: folds
Uncalled bet ($800) returned to Terrence_@tchanpoker
Terrence_@tchanpoker collected $1500 from the pot
*** SUMMARY ***
Total pot $1500 | Rake $0
Board [Kc 6c 7d]
Seat 1: DeepStack (big blind) folded on the Flop
Seat 2: Terrence_@tchanpoker (button) (small blind) collected ($1500)

PokerStars Hand #4000200036: Tournament #3, Apr5_2017-at-17_20_0 Hold'em No Limit ($150/$300 USD) - 2017/04/05 19:20:35 ET
Table 'ACPC Match' 2-max Seat #1 is the button
Seat 1: DeepStack ($15400 in chips)
Seat 2: Terrence_@tchanpoker ($24600 in chips)
DeepStack: posts small blind $150
Terrence_@tchanpoker: posts big blind $300
*** HOLE CARDS ***
Dealt to DeepStack [3s Ts]
Dealt to Terrence_@tchanpoker [8d 2h]
DeepStack: raises $300 to $600
Terrence_@tchanpoker: folds
Uncalled bet ($300) returned to DeepStack
DeepStack collected $600 from the pot
*** SUMMARY ***
Total pot $600 | Rake $0
Seat 1: DeepStack (button) (small blind) collected ($600)
Seat 2: Terrence_@tchanpoker (big blind) folded before the Flop

PokerStars Hand #4000200037: Tournament #3, Apr5_2017-at-17_20_0 Hold'em No Limit ($150/$300 USD) - 2017/04/05 19:20:36 ET
Table 'ACPC Match' 2-max Seat #2 is the button
Seat 1: DeepStack ($15700 in chips)
Seat 2: Terrence_@tchanpoker ($24300 in chips)
Terrence_@tchanpoker: posts small blind $150
DeepStack: posts big blind $300
*** HOLE CARDS ***
Dealt to DeepStack [4s 4h]
Dealt to Terrence_@tchanpoker [Kc Ks]
Terrence_@tchanpoker: raises $450 to $750
DeepStack: calls $450
*** FLOP **** [Kh 6d 3h]
DeepStack: checks
Terrence_@tchanpoker: raises $650 to $650
DeepStack: calls $650
*** TURN **** [7s]
DeepStack: checks
Terrence_@tchanpoker: raises $2100 to $2100
DeepStack: calls $2100
*** RIVER **** [8d]
DeepStack: checks
Terrence_@tchanpoker: raises $3000 to $3000
DeepStack: folds
Uncalled bet ($3000) returned to Terrence_@tchanpoker
Terrence_@tchanpoker collected $7000 from the pot
*** SUMMARY ***
Total pot $7000 | Rake $0
Board [Kh 6d 3h 7s 8d]
Seat 1: DeepStack (big blind) folded on the River
Seat 2: Terrence_@tchanpoker (button) (small blind) collected ($7000)

PokerStars Hand #4000200038: Tournament #3, Apr5_2017-at-17_20_0 Hold'em No Limit ($150/$300 USD) - 2017/04/05 19:20:37 ET
Table 'ACPC Match' 2-max Seat #1 is the button
Seat 1: DeepStack ($12200 in chips)
Seat 2: Terrence_@tchanpoker ($27800 in chips)
DeepStack: posts small blind $150
Terrence_@tchanpoker: posts big blind $300
*** HOLE CARDS ***
Dealt to DeepStack [Ts 6c]
Dealt to Terrence_@tchanpoker [Qh 4h]
DeepStack: raises $300 to $600
Terrence_@tchanpoker: calls $300
*** FLOP **** [3d Jd Jh]
Terrence_@tchanpoker: checks
DeepStack: raises $600 to $600
Terrence_@tchanpoker: raises $1000 to $1600
DeepStack: folds
Uncalled bet ($1000) returned to Terrence_@tchanpoker
Terrence_@tchanpoker collected $2400 from the pot
*** SUMMARY ***
Total pot $2400 | Rake $0
Board [3d Jd Jh]
Seat 1: DeepStack (button) (small blind) folded on the Flop
Seat 2: Terrence_@tchanpoker (big blind) collected ($2400)

PokerStars Hand #4000200039: Tournament #3, Apr5_2017-at-17_20_0 Hold'em No Limit ($150/$300 USD) - 2017/04/05 19:20:38 ET
Table 'ACPC Match' 2-max Seat #2 is the button
Seat 1: DeepStack ($11000 in chips)
Seat 2: Terrence_@tchanpoker ($29000 in chips)
Terrence_@tchanpoker: posts small blind $150
DeepStack: posts big blind $300
*** HOLE CARDS ***
Dealt to DeepStack [4h 8c]
Dealt to Terrence_@tchanpoker [7c Ah]
Terrence_@tchanpoker: raises $350 to $650
DeepStack: folds
Uncalled bet ($350) returned to Terrence_@tchanpoker
Terrence_@tchanpoker collected $600 from the pot
*** SUMMARY ***
Total pot $600 | Rake $0
Seat 1: DeepStack (big blind) folded before the Flop
Seat 2: Terrence_@tchanpoker (button) (small blind) collected ($600)

PokerStars Hand #4000200040: Tournament #3, Apr5_2017-at-17_20_0 Hold'em No Limit ($150/$300 USD) - 2017/04/05 19:20:39 ET
Table 'ACPC Match' 2-max Seat #1 is the button
Seat 1: DeepStack ($10700 in chips)
Seat 2: Terrence_@tchanpoker ($29300 in chips)
DeepStack: posts small blind $150
Terrence_@tchanpoker: posts big blind $300
*** HOLE CARDS ***
Dealt to DeepStack [Jc Kc]
Dealt to Terrence_@tchanpoker [Kd Ts]
DeepStack: raises $300 to $600
Terrence_@tchanpoker: calls $300
*** FLOP **** [5c Kh 7h]
Terrence_@tchanpoker: checks
DeepStack: raises $600 to $600
Terrence_@tchanpoker: calls $600
*** TURN **** [9h]
Terrence_@tchanpoker: checks
DeepStack: raises $1200 to $1200
Terrence_@tchanpoker: calls $1200
*** RIVER **** [Ks]
Terrence_@tchanpoker: checks
DeepStack: raises $8300 to $8300 and is all-in
Terrence_@tchanpoker: calls $8300
*** SHOW DOWN ***
DeepStack: shows [Jc Kc] (three of a kind, Kings)
Terrence_@tchanpoker: shows [Kd Ts] (three of a kind, Kings)
DeepStack collected $21400 from pot
*** SUMMARY ***
Total pot $21400 | Rake $0
Board [5c Kh 7h 9h Ks]
Seat 1: DeepStack (button) (small blind) showed [Jc Kc] and won ($21400) with three of a kind, Kings
Seat 2: Terrence_@tchanpoker (big blind) showed [Kd Ts] and lost with three of a kind, Kings

PokerStars Hand #4000200041: Tournament #3, Apr5_2017-at-17_20_0 Hold'em No Limit ($200/$400 USD) - 2017/04/05 19:20:40 ET
Table 'ACPC Match' 2-max Seat #2 is the button
Seat 1: DeepStack ($21400 in chips)
Seat 2: Terrence_@tchanpoker ($18600 in chips)
Terrence_@tchanpoker: posts small blind $200
DeepStack: posts big blind $400
*** HOLE CARDS ***
Dealt to DeepStack [Jh 5h]
Dealt to Terrence_@tchanpoker [8d Kc]
Terrence_@tchanpoker: raises $400 to $800
DeepStack: calls $400
*** FLOP **** [7s 4h Tc]
DeepStack: checks
Terrence_@tchanpoker: raises $800 to $800
DeepStack: folds
Uncalled bet ($800) returned to Terrence_@tchanpoker
Terrence_@tchanpoker collected $1600 from the pot
*** SUMMARY ***
Total pot $1600 | Rake $0
Board [7s 4h Tc]
Seat 1: DeepStack (big blind) folded on the Flop
Seat 2: Terrence_@tchanpoker (button) (small blind) collected ($1600)

PokerStars Hand #4000200042: Tournament #3, Apr5_2017-at-17_20_0 Hold'em No Limit ($200/$400 USD) - 2017/04/05 19:20:41 ET
Table 'ACPC Match' 2-max Seat #1 is the button
Seat 1: DeepStack ($20600 in chips)
Seat 2: Terrence_@tchanpoker ($19400 in chips)
DeepStack: posts small blind $200
Terrence_@tchanpoker: posts big blind $400
*** HOLE CARDS ***
Dealt to DeepStack [5h 4s]
Dealt to Terrence_@tchanpoker [As Th]
DeepStack: raises $400 to $800
Terrence_@tchanpoker: raises $18600 to $19400 and is all-in
DeepStack: folds
Uncalled bet ($18600) returned to Terrence_@tchanpoker
Terrence_@tchanpoker collected $1600 from the pot
*** SUMMARY ***
Total pot $1600 | Rake $0
Seat 1: DeepStack (button) (small blind) folded before the Flop
Seat 2: Terrence_@tchanpoker (big blind) collected ($1600)

PokerStars Hand #4000200043: Tournament #3, Apr5_2017-at-17_20_0 Hold'em No Limit ($200/$400 USD) - 2017/04/05 19:20:42 ET
Table 'ACPC Match' 2-max Seat #2 is the button
Seat 1: DeepStack ($19800 in chips)
Seat 2: Terrence_@tchanpoker ($20200 in chips)
Terrence_@tchanpoker: posts small blind $200
DeepStack: posts big blind $400
*** HOLE CARDS ***
Dealt to DeepStack [4h 9s]
Dealt to Terrence_@tchanpoker [Jh Kc]
Terrence_@tchanpoker: raises $400 to $800
DeepStack: folds
Uncalled bet ($400) returned to Terrence_@tchanpoker
Terrence_@tchanpoker collected $800 from the pot
*** SUMMARY ***
Total pot $800 | Rake $0
Seat 1: DeepStack (big blind) folded before the Flop
Seat 2: Terrence_@tchanpoker (button) (small blind) collected ($800)

PokerStars Hand #4000200044: Tournament #3, Apr5_2017-at-17_20_0 Hold'em No Limit ($200/$400 USD) - 2017/04/05 19:20:43 ET
Table 'ACPC Match' 2-max Seat #1 is the button
Seat 1: DeepStack ($19400 in chips)
Seat 2: Terrence_@tchanpoker ($20600 in chips)
DeepStack: posts small blind $200
Terrence_@tchanpoker: posts big blind $400
*** HOLE CARDS ***
Dealt to DeepStack [Jd 9d]
Dealt to Terrence_@tchanpoker [Qc 4d]
DeepStack: raises $400 to $800
Terrence_@tchanpoker: raises $1600 to $2400
DeepStack: calls $1600
*** FLOP **** [Ts 9h 6s]
Terrence_@tchanpoker: checks
DeepStack: raises $2400 to $2400
Terrence_@tchanpoker: folds
Uncalled bet ($2400) returned to DeepStack
DeepStack collected $4800 from the pot
*** SUMMARY ***
Total pot $4800 | Rake $0
Board [Ts 9h 6s]
Seat 1: DeepStack (button) (small blind) collected ($4800)
Seat 2: Terrence_@tchanpoker (big blind) folded on the Flop

PokerStars Hand #4000200045: Tournament #3, Apr5_2017-at-17_20_0 Hold'em No Limit ($200/$400 USD) - 2017/04/05 19:20:44 ET
Table 'ACPC Match' 2-max Seat #2 is the button
Seat 1: DeepStack ($21800 in chips)
Seat 2: Terrence_@tchanpoker ($18200 in chips)
Terrence_@tchanpoker: posts small blind $200
DeepStack: posts big blind $400
*** HOLE CARDS ***
Dealt to DeepStack [Qh 7d]
Dealt to Terrence_@tchanpoker [6d 6s]
Terrence_@tchanpoker: raises $400 to $800
DeepStack: calls $400
*** FLOP **** [Tc 2s Js]
DeepStack: checks
Terrence_@tchanpoker: checks
*** TURN **** [9s]
DeepStack: checks
Terrence_@tchanpoker: checks
*** RIVER **** [3s]
DeepStack: bets $800
Terrence_@tchanpoker: calls $800
*** SHOW DOWN ***
DeepStack: shows [Qh 7d] (Queen high)
Terrence_@tchanpoker: shows [6d 6s] (flush, Jack high)
Terrence_@tchanpoker collected $3200 from pot
*** SUMMARY ***
Total pot $3200 | Rake $0
Board [Tc 2s Js 9s 3s]
Seat 1: DeepStack (big blind) showed [Qh 7d] and lost with Queen high
Seat 2: Terrence_@tchanpoker (button) (small blind) showed [6d 6s] and won ($3200) with flush, Jack high

PokerStars Hand #4000200046: Tournament #3, Apr5_2017-at-17_20_0 Hold'em No Limit ($200/$400 USD) - 2017/04/05 19:20:45 ET
Table 'ACPC Match' 2-max Seat #1 is the button
Seat 1: DeepStack ($20200 in chips)
Seat 2: Terrence_@tchanpoker ($19800 in chips)
DeepStack: posts small blind $200
Terrence_@tchanpoker: posts big blind $400
*** HOLE CARDS ***
Dealt to DeepStack [3c As]
Dealt to Terrence_@tchanpoker [7d 9h]
DeepStack: raises $400 to $800
Terrence_@tchanpoker: calls $400
*** FLOP **** [6s Qd Qh]
Terrence_@tchanpoker: checks
DeepStack: raises $800 to $800
Terrence_@tchanpoker: folds
Uncalled bet ($800) returned to DeepStack
DeepStack collected $1600 from the pot
*** SUMMARY ***
Total pot $1600 | Rake $0
Board [6s Qd Qh]
Seat 1: DeepStack (button) (small blind) collected ($1600)
Seat 2: Terrence_@tchanpoker (big blind) folded on the Flop

PokerStars Hand #4000200047: Tournament #3, Apr5_2017-at-17_20_0 Hold'em No Limit ($200/$400 USD) - 2017/04/05 19:20:46 ET
Table 'ACPC Match' 2-max Seat #2 is the button
Seat 1: DeepStack ($21000 in chips)
Seat 2: Terrence_@tchanpoker ($19000 in chips)
Terrence_@tchanpoker: posts small blind $200
DeepStack: posts big blind $400
*** HOLE CARDS ***
Dealt to DeepStack [Qd 8d]
Dealt to Terrence_@tchanpoker [8s Ad]
Terrence_@tchanpoker: raises $400 to $800
DeepStack: raises $1600 to $2400
Terrence_@tchanpoker: raises $16600 to $19000 and is all-in
DeepStack: folds
Uncalled bet ($16600) returned to Terrence_@tchanpoker
Terrence_@tchanpoker collected $4800 from the pot
*** SUMMARY ***
Total pot $4800 | Rake $0
Seat 1: DeepStack (big blind) folded before the Flop
Seat 2: Terrence_@tchanpoker (button) (small blind) collected ($4800)

PokerStars Hand #4000200048: Tournament #3, Apr5_2017-at-17_20_0 Hold'em No Limit ($200/$400 USD) - 2017/04/05 19:20:47 ET
Table 'ACPC Match' 2-max Seat #1 is the button
Seat 1: DeepStack ($18600 in chips)
Seat 2: Terrence_@tchanpoker ($21400 in chips)
DeepStack: posts small blind $200
Terrence_@tchanpoker: posts big blind $400
*** HOLE CARDS ***
Dealt to DeepStack [4d 5c]
Dealt to Terrence_@tchanpoker [2d 5d]
DeepStack: raises $400 to $800
Terrence_@tchanpoker: calls $400
*** FLOP **** [8h 7c 8c]
Terrence_@tchanpoker: checks
DeepStack: raises $800 to $800
Terrence_@tchanpoker: folds
Uncalled bet ($800) returned to DeepStack
DeepStack collected $1600 from the pot
*** SUMMARY ***
Total pot $1600 | Rake $0
Board [8h 7c 8c]
Seat 1: DeepStack (button) (small blind) collected ($1600)
Seat 2: Terrence_@tchanpoker (big blind) folded on the Flop

PokerStars Hand #4000200049: Tournament #3, Apr5_2017-at-17_20_0 Hold'em No Limit ($200/$400 USD) - 2017/04/05 19:20:48 ET
Table 'ACPC Match' 2-max Seat #2 is the button
Seat 1: DeepStack ($19400 in chips)
Seat 2: Terrence_@tchanpoker ($20600 in chips)
Terrence_@tchanpoker: posts small blind $200
DeepStack: posts big blind $400
*** HOLE CARDS ***
Dealt to DeepStack [2d 8h]
Dealt to Terrence_@tchanpoker [Td Kc]
Terrence_@tchanpoker: raises $400 to $800
DeepStack: folds
Uncalled bet ($400) returned to Terrence_@tchanpoker
Terrence_@tchanpoker collected $800 from the pot
*** SUMMARY ***
Total pot $800 | Rake $0
Seat 1: DeepStack (big blind) folded before the Flop
Seat 2: Terrence_@tchanpoker (button) (small blind) collected ($800)

PokerStars Hand #4000200050: Tournament #3, Apr5_2017-at-17_20_0 Hold'em No Limit ($200/$400 USD) - 2017/04/05 19:20:49 ET
Table 'ACPC Match' 2-max Seat #1 is the button
Seat 1: DeepStack ($19000 in chips)
Seat 2: Terrence_@tchanpoker ($21000 in chips)
DeepStack: posts small blind $200
Terrence_@tchanpoker: posts big blind $400
*** HOLE CARDS ***
Dealt to DeepStack [Kh 5c]
Dealt to Terrence_@tchanpoker [6s 4s]
DeepStack: calls $200
Terrence_@tchanpoker: checks
*** FLOP **** [Ad 2s 8h]
Terrence_@tchanpoker: checks
DeepStack: checks
*** TURN **** [4h]
Terrence_@tchanpoker: bets $400
DeepStack: calls $400
*** RIVER **** [4c]
Terrence_@tchanpoker: bets $550
DeepStack: folds
Uncalled bet ($550) returned to Terrence_@tchanpoker
Terrence_@tchanpoker collected $1600 from the pot
*** SUMMARY ***
Total pot $1600 | Rake $0
Board [Ad 2s 8h 4h 4c]
Seat 1: DeepStack (button) (small blind) folded on the River
Seat 2: Terrence_@tchanpoker (big blind) collected ($1600)

PokerStars Hand #4000200051: Tournament #3, Apr5_2017-at-17_20_0 Hold'em No Limit ($300/$600 USD) - 2017/04/05 19:20:50 ET
Table 'ACPC Match' 2-max Seat #2 is the button
Seat 1: DeepStack ($18200 in chips)
Seat 2: Terrence_@tchanpoker ($21800 in chips)
Terrence_@tchanpoker: posts small blind $300
DeepStack: posts big blind $600
*** HOLE CARDS ***
Dealt to DeepStack [Ad Ks]
Dealt to Terrence_@tchanpoker [Th Qs]
Terrence_@tchanpoker: calls $300
DeepStack: raises $17600 to $18200 and is all-in
Terrence_@tchanpoker: folds
Uncalled bet ($17600) returned to DeepStack
DeepStack collected $1200 from the pot
*** SUMMARY ***
Total pot $1200 | Rake $0
Seat 1: DeepStack (big blind) collected ($1200)
Seat 2: Terrence_@tchanpoker (button) (small blind) folded before the Flop

PokerStars Hand #4000200052: Tournament #3, Apr5_2017-at-17_20_0 Hold'em No Limit ($300/$600 USD) - 2017/04/05 19:20:51 ET
Table 'ACPC Match' 2-max Seat #1 is the button
Seat 1: DeepStack ($18800 in chips)
Seat 2: Terrence_@tchanpoker ($21200 in chips)
DeepStack: posts small blind $300
Terrence_@tchanpoker: posts big blind $600
*** HOLE CARDS ***
Dealt to DeepStack [4d 6d]
Dealt to Terrence_@tchanpoker [7h Ac]
DeepStack: raises $600 to $1200
Terrence_@tchanpoker: raises $20000 to $21200 and is all-in
DeepStack: folds
Uncalled bet ($20000) returned to Terrence_@tchanpoker
Terrence_@tchanpoker collected $2400 from the pot
*** SUMMARY ***
Total pot $2400 | Rake $0
Seat 1: DeepStack (button) (small blind) folded before the Flop
Seat 2: Terrence_@tchanpoker (big blind) collected ($2400)

PokerStars Hand #4000200053: Tournament #3, Apr5_2017-at-17_20_0 Hold'em No Limit ($300/$600 USD) - 2017/04/05 19:20:52 ET
Table 'ACPC Match' 2-max Seat #2 is the button
Seat 1: DeepStack ($17600 in chips)
Seat 2: Terrence_@tchanpoker ($22400 in chips)
Terrence_@tchanpoker: posts small blind $300
DeepStack: posts big blind $600
*** HOLE CARDS ***
Dealt to DeepStack [3c 9s]
Dealt to Terrence_@tchanpoker [Jd Kc]
Terrence_@tchanpoker: raises $600 to $1200
DeepStack: folds
Uncalled bet ($600) returned to Terrence_@tchanpoker
Terrence_@tchanpoker collected $1200 from the pot
*** SUMMARY ***
Total pot $1200 | Rake $0
Seat 1: DeepStack (big blind) folded before the Flop
Seat 2: Terrence_@tchanpoker (button) (small blind) collected ($1200)

PokerStars Hand #4000200054: Tournament #3, Apr5_2017-at-17_20_0 Hold'em No Limit ($300/$600 USD) - 2017/04/05 19:20:53 ET
Table 'ACPC Match' 2-max Seat #1 is the button
Seat 1: DeepStack ($17000 in chips)
Seat 2: Terrence_@tchanpoker ($23000 in chips)
DeepStack: posts small blind $300
Terrence_@tchanpoker: posts big blind $600
*** HOLE CARDS ***
Dealt to DeepStack [6c 5h]
Dealt to Terrence_@tchanpoker [3s 8c]
DeepStack: raises $600 to $1200
Terrence_@tchanpoker: folds
Uncalled bet ($600) returned to DeepStack
DeepStack collected $1200 from the pot
*** SUMMARY ***
Total pot $1200 | Rake $0
Seat 1: DeepStack (button) (small blind) collected ($1200)
Seat 2: Terrence_@tchanpoker (big blind) folded before the Flop

PokerStars Hand #4000200055: Tournament #3, Apr5_2017-at-17_20_0 Hold'em No Limit ($300/$600 USD) - 2017/04/05 19:20:54 ET
Table 'ACPC Match' 2-max Seat #2 is the button
Seat 1: DeepStack ($17600 in chips)
Seat 2: Terrence_@tchanpoker ($22400 in chips)
Terrence_@tchanpoker: posts small blind $300
DeepStack: posts big blind $600
*** HOLE CARDS ***
Dealt to DeepStack [2d 6s]
Dealt to Terrence_@tchanpoker [As Ad]
Terrence_@tchanpoker: raises $600 to $1200
DeepStack: folds
Uncalled bet ($600) returned to Terrence_@tchanpoker
Terrence_@tchanpoker collected $1200 from the pot
*** SUMMARY ***
Total pot $1200 | Rake $0
Seat 1: DeepStack (big blind) folded before the Flop
Seat 2: Terrence_@tchanpoker (button) (small blind) collected ($1200)

PokerStars Hand #4000200056: Tournament #3, Apr5_2017-at-17_20_0 Hold'em No Limit ($300/$600 USD) - 2017/04/05 19:20:55 ET
Table 'ACPC Match' 2-max Seat #1 is the button
Seat 1: DeepStack ($17000 in chips)
Seat 2: Terrence_@tchanpoker ($23000 in chips)
DeepStack: posts small blind $300
Terrence_@tchanpoker: posts big blind $600
*** HOLE CARDS ***
Dealt to DeepStack [4h 9h]
Dealt to Terrence_@tchanpoker [Qh Ks]
DeepStack: raises $600 to $1200
Terrence_@tchanpoker: raises $21800 to $23000 and is all-in
DeepStack: folds
Uncalled bet ($21800) returned to Terrence_@tchanpoker
Terrence_@tchanpoker collected $2400 from the pot
*** SUMMARY ***
Total pot $2400 | Rake $0
Seat 1: DeepStack (button) (small blind) folded before the Flop
Seat 2: Terrence_@tchanpoker (big blind) collected ($2400)

PokerStars Hand #4000200057: Tournament #3, Apr5_2017-at-17_20_0 Hold'em No Limit ($300/$600 USD) - 2017/04/05 19:20:56 ET
Table 'ACPC Match' 2-max Seat #2 is the button
Seat 1: DeepStack ($15800 in chips)
Seat 2: Terrence_@tchanpoker ($24200 in chips)
Terrence_@tchanpoker: posts small blind $300
DeepStack: posts big blind $600
*** HOLE CARDS ***
Dealt to DeepStack [4d Jc]
Dealt to Terrence_@tchanpoker [Js 2c]
Terrence_@tchanpoker: calls $300
DeepStack: checks
*** FLOP **** [5h 2s Ac]
DeepStack: bets $600
Terrence_@tchanpoker: calls $600
*** TURN **** [6h]
DeepStack: checks
Terrence_@tchanpoker: checks
*** RIVER **** [As]
DeepStack: checks
Terrence_@tchanpoker: checks
*** SHOW DOWN ***
DeepStack: shows [4d Jc] (a pair of Aces)
Terrence_@tchanpoker: shows [Js 2c] (two pair, Aces and Deuces)
Terrence_@tchanpoker collected $2400 from pot
*** SUMMARY ***
Total pot $2400 | Rake $0
Board [5h 2s Ac 6h As]
Seat 1: DeepStack (big blind) showed [4d Jc] and lost with a pair of Aces
Seat 2: Terrence_@tchanpoker (button) (small blind) showed [Js 2c] and won ($2400) with two pair, Aces and Deuces

PokerStars Hand #4000200058: Tournament #3, Apr5_2017-at-17_20_0 Hold'em No Limit ($300/$600 USD) - 2017/04/05 19:20:57 ET
Table 'ACPC Match' 2-max Seat #1 is the button
Seat 1: DeepStack ($14600 in chips)
Seat 2: Terrence_@tchanpoker ($25400 in chips)
DeepStack: posts small blind $300
Terrence_@tchanpoker: posts big blind $600
*** HOLE CARDS ***
Dealt to DeepStack [8c Td]
Dealt to Terrence_@tchanpoker [4h Qs]
DeepStack: calls $300
Terrence_@tchanpoker: checks
*** FLOP **** [6d 6c 2s]
Terrence_@tchanpoker: bets $600
DeepStack: folds
Uncalled bet ($600) returned to Terrence_@tchanpoker
Terrence_@tchanpoker collected $1200 from the pot
*** SUMMARY ***
Total pot $1200 | Rake $0
Board [6d 6c 2s]
Seat 1: DeepStack (button) (small blind) folded on the Flop
Seat 2: Terrence_@tchanpoker (big blind) collected ($1200)

PokerStars Hand #4000200059: Tournament #3, Apr5_2017-at-17_20_0 Hold'em No Limit ($300/$600 USD) - 2017/04/05 19:20:58 ET
Table 'ACPC Match' 2-max Seat #2 is the button
Seat 1: DeepStack ($14000 in chips)
Seat 2: Terrence_@tchanpoker ($26000 in chips)
Terrence_@tchanpoker: posts small blind $300
DeepStack: posts big blind $600
*** HOLE CARDS ***
Dealt to DeepStack [9c Qh]
Dealt to Terrence_@tchanpoker [7h 2s]
Terrence_@tchanpoker: folds
Uncalled bet ($300) returned to DeepStack
DeepStack collected $600 from the pot
*** SUMMARY ***
Total pot $600 | Rake $0
Seat 1: DeepStack (big blind) collected ($600)
Seat 2: Terrence_@tchanpoker (button) (small blind) folded before the Flop

PokerStars Hand #4000200060: Tournament #3, Apr5_2017-at-17_20_0 Hold'em No Limit ($300/$600 USD) - 2017/04/05 19:20:59 ET
Table 'ACPC Match' 2-max Seat #1 is the button
Seat 1: DeepStack ($14300 in chips)
Seat 2: Terrence_@tchanpoker ($25700 in chips)
DeepStack: posts small blind $300
Terrence_@tchanpoker: posts big blind $600
*** HOLE CARDS ***
Dealt to DeepStack [5d 2c]
Dealt to Terrence_@tchanpoker [Qs Qd]
DeepStack: calls $300
Terrence_@tchanpoker: raises $1200 to $1800
DeepStack: folds
Uncalled bet ($1200) returned to Terrence_@tchanpoker
Terrence_@tchanpoker collected $1200 from the pot
*** SUMMARY ***
Total pot $1200 | Rake $0
Seat 1: DeepStack (button) (small blind) folded before the Flop
Seat 2: Terrence_@tchanpoker (big blind) collected ($1200)

PokerStars Hand #4000200061: Tournament #3, Apr5_2017-at-17_20_0 Hold'em No Limit ($400/$800 USD) - 2017/04/05 19:21:00 ET
Table 'ACPC Match' 2-max Seat #2 is the button
Seat 1: DeepStack ($13700 in chips)
Seat 2: Terrence_@tchanpoker ($26300 in chips)
Terrence_@tchanpoker: posts small blind $400
DeepStack: posts big blind $800
*** HOLE CARDS ***
Dealt to DeepStack [Qh Jd]
Dealt to Terrence_@tchanpoker [6s 3d]
Terrence_@tchanpoker: folds
Uncalled bet ($400) returned to DeepStack
DeepStack collected $800 from the pot
*** SUMMARY ***
Total pot $800 | Rake $0
Seat 1: DeepStack (big blind) collected ($800)
Seat 2: Terrence_@tchanpoker (button) (small blind) folded before the Flop

PokerStars Hand #4000200062: Tournament #3, Apr5_2017-at-17_20_0 Hold'em No Limit ($400/$800 USD) - 2017/04/05 19:21:01 ET
Table 'ACPC Match' 2-max Seat #1 is the button
Seat 1: DeepStack ($14100 in chips)
Seat 2: Terrence_@tchanpoker ($25900 in chips)
DeepStack: posts small blind $400
Terrence_@tchanpoker: posts big blind $800
*** HOLE CARDS ***
Dealt to DeepStack [5d Qs]
Dealt to Terrence_@tchanpoker [Jh Kd]
DeepStack: raises $800 to $1600
Terrence_@tchanpoker: raises $24300 to $25900 and is all-in
DeepStack: folds
Uncalled bet ($24300) returned to Terrence_@tchanpoker
Terrence_@tchanpoker collected $3200 from the pot
*** SUMMARY ***
Total pot $3200 | Rake $0
Seat 1: DeepStack (button) (small blind) folded before the Flop
Seat 2: Terrence_@tchanpoker (big blind) collected ($3200)

PokerStars Hand #4000200063: Tournament #3, Apr5_2017-at-17_20_0 Hold'em No Limit ($400/$800 USD) - 2017/04/05 19:21:02 ET
Table 'ACPC Match' 2-max Seat #2 is the button
Seat 1: DeepStack ($12500 in chips)
Seat 2: Terrence_@tchanpoker ($27500 in chips)
Terrence_@tchanpoker: posts small blind $400
DeepStack: posts big blind $800
*** HOLE CARDS ***
Dealt to DeepStack [4d Qc]
Dealt to Terrence_@tchanpoker [2s Kh]
Terrence_@tchanpoker: raises $800 to $1600
DeepStack: calls $800
*** FLOP **** [7s 9d 7d]
DeepStack: checks
Terrence_@tchanpoker: checks
*** TURN **** [Ks]
DeepStack: checks
Terrence_@tchanpoker: raises $1200 to $1200
DeepStack: folds
Uncalled bet ($1200) returned to Terrence_@tchanpoker
Terrence_@tchanpoker collected $3200 from the pot
*** SUMMARY ***
Total pot $3200 | Rake $0
Board [7s 9d 7d Ks]
Seat 1: DeepStack (big blind) folded on the Turn
Seat 2: Terrence_@tchanpoker (button) (small blind) collected ($3200)

PokerStars Hand #4000200064: Tournament #3, Apr5_2017-at-17_20_0 Hold'em No Limit ($400/$800 USD) - 2017/04/05 19:21:03 ET
Table 'ACPC Match' 2-max Seat #1 is the button
Seat 1: DeepStack ($10900 in chips)
Seat 2: Terrence_@tchanpoker ($29100 in chips)
DeepStack: posts small blind $400
Terrence_@tchanpoker: posts big blind $800
*** HOLE CARDS ***
Dealt to DeepStack [4d Ad]
Dealt to Terrence_@tchanpoker [9c Kd]
DeepStack: calls $400
Terrence_@tchanpoker: raises $28300 to $29100 and is all-in
DeepStack: calls $10100 and is all-in
Uncalled bet ($18200) returned to Terrence_@tchanpoker
*** FLOP **** [Qh Ac 3c]
*** TURN **** [3h]
*** RIVER **** [As]
*** SHOW DOWN ***
Terrence_@tchanpoker: shows [9c Kd] (two pair, Aces and Threes)
DeepStack: shows [4d Ad] (full house, Aces and Threes)
DeepStack collected $21800 from pot
*** SUMMARY ***
Total pot $21800 | Rake $0
Board [Qh Ac 3c 3h As]
Seat 1: DeepStack (button) (small blind) showed [4d Ad] and won ($21800) with full house, Aces and Threes
Seat 2: Terrence_@tchanpoker (big blind) showed [9c Kd] and lost with two pair, Aces and Threes

PokerStars Hand #4000200065: Tournament #3, Apr5_2017-at-17_20_0 Hold'em No Limit ($400/$800 USD) - 2017/04/05 19:21:04 ET
Table 'ACPC Match' 2-max Seat #2 is the button
Seat 1: DeepStack ($21800 in chips)
Seat 2: Terrence_@tchanpoker ($18200 in chips)
Terrence_@tchanpoker: posts small blind $400
DeepStack: posts big blind $800
*** HOLE CARDS ***
Dealt to DeepStack [Tc 3h]
Dealt to Terrence_@tchanpoker [Ks 4s]
Terrence_@tchanpoker: calls $400
DeepStack: checks
*** FLOP **** [Ts Th 4h]
DeepStack: checks
Terrence_@tchanpoker: raises $800 to $800
DeepStack: calls $800
*** TURN **** [5h]
DeepStack: checks
Terrence_@tchanpoker: checks
*** RIVER **** [Ac]
DeepStack: bets $3200
Terrence_@tchanpoker: folds
Uncalled bet ($3200) returned to DeepStack
DeepStack collected $3200 from the pot
*** SUMMARY ***
Total pot $3200 | Rake $0
Board [Ts Th 4h 5h Ac]
Seat 1: DeepStack (big blind) collected ($3200)
Seat 2: Terrence_@tchanpoker (button) (small blind) folded on the River

PokerStars Hand #4000200066: Tournament #3, Apr5_2017-at-17_20_0 Hold'em No Limit ($400/$800 USD) - 2017/04/05 19:21:05 ET
Table 'ACPC Match' 2-max Seat #1 is the button
Seat 1: DeepStack ($23400 in chips)
Seat 2: Terrence_@tchanpoker ($16600 in chips)
DeepStack: posts small blind $400
Terrence_@tchanpoker: posts big blind $800
*** HOLE CARDS ***
Dealt to DeepStack [5d 2c]
Dealt to Terrence_@tchanpoker [3h 4d]
DeepStack: calls $400
Terrence_@tchanpoker: checks
*** FLOP **** [Qd 5h Qh]
Terrence_@tchanpoker: checks
DeepStack: checks
*** TURN **** [Qc]
Terrence_@tchanpoker: checks
DeepStack: checks
*** RIVER **** [7d]
Terrence_@tchanpoker: checks
DeepStack: raises $3200 to $3200
Terrence_@tchanpoker: folds
Uncalled bet ($3200) returned to DeepStack
DeepStack collected $1600 from the pot
*** SUMMARY ***
Total pot $1600 | Rake $0
Board [Qd 5h Qh Qc 7d]
Seat 1: DeepStack (button) (small blind) collected ($1600)
Seat 2: Terrence_@tchanpoker (big blind) folded on the River

PokerStars Hand #4000200067: Tournament #3, Apr5_2017-at-17_20_0 Hold'em No Limit ($400/$800 USD) - 2017/04/05 19:21:06 ET
Table 'ACPC Match' 2-max Seat #2 is the button
Seat 1: DeepStack ($24200 in chips)
Seat 2: Terrence_@tchanpoker ($15800 in chips)
Terrence_@tchanpoker: posts small blind $400
DeepStack: posts big blind $800
*** HOLE CARDS ***
Dealt to DeepStack [7s 3h]
Dealt to Terrence_@tchanpoker [Ad 9h]
Terrence_@tchanpoker: raises $15000 to $15800 and is all-in
DeepStack: folds
Uncalled bet ($15000) returned to Terrence_@tchanpoker
Terrence_@tchanpoker collected $1600 from the pot
*** SUMMARY ***
Total pot $1600 | Rake $0
Seat 1: DeepStack (big blind) folded before the Flop
Seat 2: Terrence_@tchanpoker (button) (small blind) collected ($1600)

PokerStars Hand #4000200068: Tournament #3, Apr5_2017-at-17_20_0 Hold'em No Limit ($400/$800 USD) - 2017/04/05 19:21:07 ET
Table 'ACPC Match' 2-max Seat #1 is the button
Seat 1: DeepStack ($23400 in chips)
Seat 2: Terrence_@tchanpoker ($16600 in chips)
DeepStack: posts small blind $400
Terrence_@tchanpoker: posts big blind $800
*** HOLE CARDS ***
Dealt to DeepStack [8s 8d]
Dealt to Terrence_@tchanpoker [8h 3c]
DeepStack: raises $800 to $1600
Terrence_@tchanpoker: folds
Uncalled bet ($800) returned to DeepStack
DeepStack collected $1600 from the pot
*** SUMMARY ***
Total pot $1600 | Rake $0
Seat 1: DeepStack (button) (small blind) collected ($1600)
Seat 2: Terrence_@tchanpoker (big blind) folded before the Flop

PokerStars Hand #4000200069: Tournament #3, Apr5_2017-at-17_20_0 Hold'em No Limit ($400/$800 USD) - 2017/04/05 19:21:08 ET
Table 'ACPC Match' 2-max Seat #2 is the button
Seat 1: DeepStack ($24200 in chips)
Seat 2: Terrence_@tchanpoker ($15800 in chips)
Terrence_@tchanpoker: posts small blind $400
DeepStack: posts big blind $800
*** HOLE CARDS ***
Dealt to DeepStack [7c Jc]
Dealt to Terrence_@tchanpoker [5s Ah]
Terrence_@tchanpoker: raises $15000 to $15800 and is all-in
DeepStack: folds
Uncalled bet ($15000) returned to Terrence_@tchanpoker
Terrence_@tchanpoker collected $1600 from the pot
*** SUMMARY ***
Total pot $1600 | Rake $0
Seat 1: DeepStack (big blind) folded before the Flop
Seat 2: Terrence_@tchanpoker (button) (small blind) collected ($1600)

PokerStars Hand #4000200070: Tournament #3, Apr5_2017-at-17_20_0 Hold'em No Limit ($400/$800 USD) - 2017/04/05 19:21:09 ET
Table 'ACPC Match' 2-max Seat #1 is the button
Seat 1: DeepStack ($23400 in chips)
Seat 2: Terrence_@tchanpoker ($16600 in chips)
DeepStack: posts small blind $400
Terrence_@tchanpoker: posts big blind $800
*** HOLE CARDS ***
Dealt to DeepStack [5c Tc]
Dealt to Terrence_@tchanpoker [Th Qd]
DeepStack: raises $800 to $1600
Terrence_@tchanpoker: calls $800
*** FLOP **** [2d 6d Jh]
Terrence_@tchanpoker: checks
DeepStack: checks
*** TURN **** [Kc]
Terrence_@tchanpoker: bets $2200
DeepStack: folds
Uncalled bet ($2200) returned to Terrence_@tchanpoker
Terrence_@tchanpoker collected $3200 from the pot
*** SUMMARY ***
Total pot $3200 | Rake $0
Board [2d 6d Jh Kc]
Seat 1: DeepStack (button) (small blind) folded on the Turn
Seat 2: Terrence_@tchanpoker (big blind) collected ($3200)

PokerStars Hand #4000200071: Tournament #3, Apr5_2017-at-17_20_0 Hold'em No Limit ($500/$1000 USD) - 2017/04/05 19:21:10 ET
Table 'ACPC Match' 2-max Seat #2 is the button
Seat 1: DeepStack ($21800 in chips)
Seat 2: Terrence_@tchanpoker ($18200 in chips)
Terrence_@tchanpoker: posts small blind $500
DeepStack: posts big blind $1000
*** HOLE CARDS ***
Dealt to DeepStack [Ts Qs]
Dealt to Terrence_@tchanpoker [7h 8d]
Terrence_@tchanpoker: raises $1000 to $2000
DeepStack: calls $1000
*** FLOP **** [3d Ad Jd]
DeepStack: checks
Terrence_@tchanpoker: raises $1300 to $1300
DeepStack: calls $1300
*** TURN **** [5s]
DeepStack: checks
Terrence_@tchanpoker: checks
*** RIVER **** [Th]
DeepStack: checks
Terrence_@tchanpoker: raises $4200 to $4200
DeepStack: calls $4200
*** SHOW DOWN ***
Terrence_@tchanpoker: shows [7h 8d] (Ace high)
DeepStack: shows [Ts Qs] (a pair of Tens)
DeepStack collected $15000 from pot
*** SUMMARY ***
Total pot $15000 | Rake $0
Board [3d Ad Jd 5s Th]
Seat 1: DeepStack (big blind) showed [Ts Qs] and won ($15000) with a pair of Tens
Seat 2: Terrence_@tchanpoker (button) (small blind) showed [7h 8d] and lost with Ace high

PokerStars Hand #4000200072: Tournament #3, Apr5_2017-at-17_20_0 Hold'em No Limit ($500/$1000 USD) - 2017/04/05 19:21:11 ET
Table 'ACPC Match' 2-max Seat #1 is the button
Seat 1: DeepStack ($29300 in chips)
Seat 2: Terrence_@tchanpoker ($10700 in chips)
DeepStack: posts small blind $500
Terrence_@tchanpoker: posts big blind $1000
*** HOLE CARDS ***
Dealt to DeepStack [Jd 9c]
Dealt to Terrence_@tchanpoker [7s Ad]
DeepStack: calls $500
Terrence_@tchanpoker: raises $9700 to $10700 and is all-in
DeepStack: folds
Uncalled bet ($9700) returned to Terrence_@tchanpoker
Terrence_@tchanpoker collected $2000 from the pot
*** SUMMARY ***
Total pot $2000 | Rake $0
Seat 1: DeepStack (button) (small blind) folded before the Flop
Seat 2: Terrence_@tchanpoker (big blind) collected ($2000)

PokerStars Hand #4000200073: Tournament #3, Apr5_2017-at-17_20_0 Hold'em No Limit ($500/$1000 USD) - 2017/04/05 19:21:12 ET
Table 'ACPC Match' 2-max Seat #2 is the button
Seat 1: DeepStack ($28300 in chips)
Seat 2: Terrence_@tchanpoker ($11700 in chips)
Terrence_@tchanpoker: posts small blind $500
DeepStack: posts big blind $1000
*** HOLE CARDS ***
Dealt to DeepStack [3c 7h]
Dealt to Terrence_@tchanpoker [5s Js]
Terrence_@tchanpoker: raises $10700 to $11700 and is all-in
DeepStack: folds
Uncalled bet ($10700) returned to Terrence_@tchanpoker
Terrence_@tchanpoker collected $2000 from the pot
*** SUMMARY ***
Total pot $2000 | Rake $0
Seat 1: DeepStack (big blind) folded before the Flop
Seat 2: Terrence_@tchanpoker (button) (small blind) collected ($2000)

PokerStars Hand #4000200074: Tournament #3, Apr5_2017-at-17_20_0 Hold'em No Limit ($500/$1000 USD) - 2017/04/05 19:21:13 ET
Table 'ACPC Match' 2-max Seat #1 is the button
Seat 1: DeepStack ($27300 in chips)
Seat 2: Terrence_@tchanpoker ($12700 in chips)
DeepStack: posts small blind $500
Terrence_@tchanpoker: posts big blind $1000
*** HOLE CARDS ***
Dealt to DeepStack [Ah 6c]
Dealt to Terrence_@tchanpoker [Jd 4h]
DeepStack: raises $11700 to $12700
Terrence_@tchanpoker: folds
Uncalled bet ($11700) returned to DeepStack
DeepStack collected $2000 from the pot
*** SUMMARY ***
Total pot $2000 | Rake $0
Seat 1: DeepStack (button) (small blind) collected ($2000)
Seat 2: Terrence_@tchanpoker (big blind) folded before the Flop

PokerStars Hand #4000200075: Tournament #3, Apr5_2017-at-17_20_0 Hold'em No Limit ($500/$1000 USD) - 2017/04/05 19:21:14 ET
Table 'ACPC Match' 2-max Seat #2 is the button
Seat 1: DeepStack ($28300 in chips)
Seat 2: Terrence_@tchanpoker ($11700 in chips)
Terrence_@tchanpoker: posts small blind $500
DeepStack: posts big blind $1000
*** HOLE CARDS ***
Dealt to DeepStack [Ad 3c]
Dealt to Terrence_@tchanpoker [9s Qc]
Terrence_@tchanpoker: raises $10700 to $11700 and is all-in
DeepStack: calls $10700
*** FLOP **** [Js As 8d]
*** TURN **** [Qs]
*** RIVER **** [2h]
*** SHOW DOWN ***
Terrence_@tchanpoker: shows [9s Qc] (a pair of Queens)
DeepStack: shows [Ad 3c] (a pair of Aces)
DeepStack collected $23400 from pot
*** SUMMARY ***
Total pot $23400 | Rake $0
Board [Js As 8d Qs 2h]
Seat 1: DeepStack (big blind) showed [Ad 3c] and won ($23400) with a pair of Aces
Seat 2: Terrence_@tchanpoker (button) (small blind) showed [9s Qc] and lost with a pair of Queens
