PokerStars Hand #4000100001: Tournament #2, Apr5_2017-at-16_47_3 Hold'em No Limit ($50/$100 USD) - 2017/04/05 18:47:03 ET
Table 'ACPC Match' 2-max Seat #2 is the button
Seat 1: DeepStack ($20000 in chips)
Seat 2: Terrence_@tchanpoker ($20000 in chips)
Terrence_@tchanpoker: posts small blind $50
DeepStack: posts big blind $100
*** HOLE CARDS ***
Dealt to DeepStack [4d 5d]
Dealt to Terrence_@tchanpoker [Ks 8s]
Terrence_@tchanpoker: raises $150 to $250
DeepStack: raises $500 to $750
Terrence_@tchanpoker: calls $500
*** FLOP **** [9s Qc 3s]
DeepStack: checks
Terrence_@tchanpoker: raises $1050 to $1050
DeepStack: folds
Uncalled bet ($1050) returned to Terrence_@tchanpoker
Terrence_@tchanpoker collected $1500 from the pot
*** SUMMARY ***
Total pot $1500 | Rake $0
Board [9s Qc 3s]
Seat 1: DeepStack (big blind) folded on the Flop
Seat 2: Terrence_@tchanpoker (button) (small blind) collected ($1500)

PokerStars Hand #4000100002: Tournament #2, Apr5_2017-at-16_47_3 Hold'em No Limit ($50/$100 USD) - 2017/04/05 18:47:04 ET
Table 'ACPC Match' 2-max Seat #1 is the button
Seat 1: DeepStack ($19250 in chips)
Seat 2: Terrence_@tchanpoker ($20750 in chips)
DeepStack: posts small blind $50
Terrence_@tchanpoker: posts big blind $100
*** HOLE CARDS ***
Dealt to DeepStack [Kh 4d]
Dealt to Terrence_@tchanpoker [2d 8c]
DeepStack: raises $200 to $300
Terrence_@tchanpoker: folds
Uncalled bet ($200) returned to DeepStack
DeepStack collected $200 from the pot
*** SUMMARY ***
Total pot $200 | Rake $0
Seat 1: DeepStack (button) (small blind) collected ($200)
Seat 2: Terrence_@tchanpoker (big blind) folded before the Flop

PokerStars Hand #4000100003: Tournament #2, Apr5_2017-at-16_47_3 Hold'em No Limit ($50/$100 USD) - 2017/04/05 18:47:05 ET
Table 'ACPC Match' 2-max Seat #2 is the button
Seat 1: DeepStack ($19350 in chips)
Seat 2: Terrence_@tchanpoker ($20650 in chips)
Terrence_@tchanpoker: posts small blind $50
DeepStack: posts big blind $100
*** HOLE CARDS ***
Dealt to DeepStack [4c 8d]
Dealt to Terrence_@tchanpoker [Qs Ks]
Terrence_@tchanpoker: raises $150 to $250
DeepStack: folds
Uncalled bet ($150) returned to Terrence_@tchanpoker
Terrence_@tchanpoker collected $200 from the pot
*** SUMMARY ***
Total pot $200 | Rake $0
Seat 1: DeepStack (big blind) folded before the Flop
Seat 2: Terrence_@tchanpoker (button) (small blind) collected ($200)

PokerStars Hand #4000100004: Tournament #2, Apr5_2017-at-16_47_3 Hold'em No Limit ($50/$100 USD) - 2017/04/05 18:47:06 ET
Table 'ACPC Match' 2-max Seat #1 is the button
Seat 1: DeepStack ($19250 in chips)
Seat 2: Terrence_@tchanpoker ($20750 in chips)
DeepStack: posts small blind $50
Terrence_@tchanpoker: posts big blind $100
*** HOLE CARDS ***
Dealt to DeepStack [7c 7s]
Dealt to Terrence_@tchanpoker [9h 2s]
DeepStack: raises $100 to $200
Terrence_@tchanpoker: folds
Uncalled bet ($100) returned to DeepStack
DeepStack collected $200 from the pot
*** SUMMARY ***
Total pot $200 | Rake $0
Seat 1: DeepStack (button) (small blind) collected ($200)
Seat 2: Terrence_@tchanpoker (big blind) folded before the Flop

PokerStars Hand #4000100005: Tournament #2, Apr5_2017-at-16_47_3 Hold'em No Limit ($50/$100 USD) - 2017/04/05 18:47:07 ET
Table 'ACPC Match' 2-max Seat #2 is the button
Seat 1: DeepStack ($19350 in chips)
Seat 2: Terrence_@tchanpoker ($20650 in chips)
Terrence_@tchanpoker: posts small blind $50
DeepStack: posts big blind $100
*** HOLE CARDS ***
Dealt to DeepStack [Kc Jh]
Dealt to Terrence_@tchanpoker [6d Jd]
Terrence_@tchanpoker: raises $150 to $250
DeepStack: raises $500 to $750
Terrence_@tchanpoker: calls $500
*** FLOP **** [6s 5h Th]
DeepStack: bets $750
Terrence_@tchanpoker: calls $750
*** TURN **** [2d]
DeepStack: checks
Terrence_@tchanpoker: checks
*** RIVER **** [6c]
DeepStack: checks
Terrence_@tchanpoker: raises $3700 to $3700
DeepStack: folds
Uncalled bet ($3700) returned to Terrence_@tchanpoker
Terrence_@tchanpoker collected $3000 from the pot
*** SUMMARY ***
Total pot $3000 | Rake $0
Board [6s 5h Th 2d 6c]
Seat 1: DeepStack (big blind) folded on the River
Seat 2: Terrence_@tchanpoker (button) (small blind) collected ($3000)

PokerStars Hand #4000100006: Tournament #2, Apr5_2017-at-16_47_3 Hold'em No Limit ($50/$100 USD) - 2017/04/05 18:47:08 ET
Table 'ACPC Match' 2-max Seat #1 is the button
Seat 1: DeepStack ($17850 in chips)
Seat 2: Terrence_@tchanpoker ($22150 in chips)
DeepStack: posts small blind $50
Terrence_@tchanpoker: posts big blind $100
*** HOLE CARDS ***
Dealt to DeepStack [Kc Kh]
Dealt to Terrence_@tchanpoker [7s As]
DeepStack: raises $200 to $300
Terrence_@tchanpoker: calls $200
*** FLOP **** [3s 4s 8d]
Terrence_@tchanpoker: checks
DeepStack: checks
*** TURN **** [7h]
Terrence_@tchanpoker: bets $480
DeepStack: calls $480
*** RIVER **** [7c]
Terrence_@tchanpoker: bets $1300
DeepStack: calls $1300
*** SHOW DOWN ***
Terrence_@tchanpoker: shows [7s As] (three of a kind, Sevens)
DeepStack: shows [Kc Kh] (two pair, Kings and Sevens)
Terrence_@tchanpoker collected $4160 from pot
*** SUMMARY ***
Total pot $4160 | Rake $0
Board [3s 4s 8d 7h 7c]
Seat 1: DeepStack (button) (small blind) showed [Kc Kh] and lost with two pair, Kings and Sevens
Seat 2: Terrence_@tchanpoker (big blind) showed [7s As] and won ($4160) with three of a kind, Sevens

PokerStars Hand #4000100007: Tournament #2, Apr5_2017-at-16_47_3 Hold'em No Limit ($50/$100 USD) - 2017/04/05 18:47:09 ET
Table 'ACPC Match' 2-max Seat #2 is the button
Seat 1: DeepStack ($15770 in chips)
Seat 2: Terrence_@tchanpoker ($24230 in chips)
Terrence_@tchanpoker: posts small blind $50
DeepStack: posts big blind $100
*** HOLE CARDS ***
Dealt to DeepStack [2d Qd]
Dealt to Terrence_@tchanpoker [Ah 7d]
Terrence_@tchanpoker: raises $200 to $300
DeepStack: calls $200
*** FLOP **** [Js 8c 4d]
DeepStack: checks
Terrence_@tchanpoker: checks
*** TURN **** [6c]
DeepStack: checks
Terrence_@tchanpoker: checks
*** RIVER **** [6h]
DeepStack: checks
Terrence_@tchanpoker: checks
*** SHOW DOWN ***
DeepStack: shows [2d Qd] (a pair of Sixes)
Terrence_@tchanpoker: shows [Ah 7d] (a pair of Sixes)
Terrence_@tchanpoker collected $600 from pot
*** SUMMARY ***
Total pot $600 | Rake $0
Board [Js 8c 4d 6c 6h]
Seat 1: DeepStack (big blind) showed [2d Qd] and lost with a pair of Sixes
Seat 2: Terrence_@tchanpoker (button) (small blind) showed [Ah 7d] and won ($600) with a pair of Sixes

PokerStars Hand #4000100008: Tournament #2, Apr5_2017-at-16_47_3 Hold'em No Limit ($50/$100 USD) - 2017/04/05 18:47:10 ET
Table 'ACPC Match' 2-max Seat #1 is the button
Seat 1: DeepStack ($15470 in chips)
Seat 2: Terrence_@tchanpoker ($24530 in chips)
DeepStack: posts small blind $50
Terrence_@tchanpoker: posts big blind $100
*** HOLE CARDS ***
Dealt to DeepStack [8s Qd]
Dealt to Terrence_@tchanpoker [3d 6d]
DeepStack: raises $100 to $200
Terrence_@tchanpoker: calls $100
*** FLOP **** [6c Ad 2s]
Terrence_@tchanpoker: checks
DeepStack: raises $200 to $200
Terrence_@tchanpoker: calls $200
*** TURN **** [7c]
Terrence_@tchanpoker: checks
DeepStack: raises $400 to $400
Terrence_@tchanpoker: calls $400
*** RIVER **** [2d]
Terrence_@tchanpoker: checks
DeepStack: checks
*** SHOW DOWN ***
Terrence_@tchanpoker: shows [3d 6d] (two pair, Sixes and Deuces)
DeepStack: shows [8s Qd] (a pair of Deuces)
Terrence_@tchanpoker collected $1600 from pot
*** SUMMARY ***
Total pot $1600 | Rake $0
Board [6c Ad 2s 7c 2d]
Seat 1: DeepStack (button) (small blind) showed [8s Qd] and lost with a pair of Deuces
Seat 2: Terrence_@tchanpoker (big blind) showed [3d 6d] and won ($1600) with two pair, Sixes and Deuces

PokerStars Hand #4000100009: Tournament #2, Apr5_2017-at-16_47_3 Hold'em No Limit ($50/$100 USD) - 2017/04/05 18:47:11 ET
Table 'ACPC Match' 2-max Seat #2 is the button
Seat 1: DeepStack ($14670 in chips)
Seat 2: Terrence_@tchanpoker ($25330 in chips)
Terrence_@tchanpoker: posts small blind $50
DeepStack: posts big blind $100
*** HOLE CARDS ***
Dealt to DeepStack [6h 4h]
Dealt to Terrence_@tchanpoker [5d Ks]
Terrence_@tchanpoker: raises $200 to $300
DeepStack: calls $200
*** FLOP **** [Ts Js Kd]
DeepStack: checks
Terrence_@tchanpoker: checks
*** TURN **** [Jh]
DeepStack: checks
Terrence_@tchanpoker: checks
*** RIVER **** [3d]
DeepStack: bets $300
Terrence_@tchanpoker: calls $300
*** SHOW DOWN ***
DeepStack: shows [6h 4h] (a pair of Jacks)
Terrence_@tchanpoker: shows [5d Ks] (two pair, Kings and Jacks)
Terrence_@tchanpoker collected $1200 from pot
*** SUMMARY ***
Total pot $1200 | Rake $0
Board [Ts Js Kd Jh 3d]
Seat 1: DeepStack (big blind) showed [6h 4h] and lost with a pair of Jacks
Seat 2: Terrence_@tchanpoker (button) (small blind) showed [5d Ks] and won ($1200) with two pair, Kings and Jacks

PokerStars Hand #4000100010: Tournament #2, Apr5_2017-at-16_47_3 Hold'em No Limit ($50/$100 USD) - 2017/04/05 18:47:12 ET
Table 'ACPC Match' 2-max Seat #1 is the button
Seat 1: DeepStack ($14070 in chips)
Seat 2: Terrence_@tchanpoker ($25930 in chips)
DeepStack: posts small blind $50
Terrence_@tchanpoker: posts big blind $100
*** HOLE CARDS ***
Dealt to DeepStack [Ah Qs]
Dealt to Terrence_@tchanpoker [Th 3h]
DeepStack: raises $200 to $300
Terrence_@tchanpoker: raises $600 to $900
DeepStack: calls $600
*** FLOP **** [Kh 4s Ac]
Terrence_@tchanpoker: bets $1000
DeepStack: calls $1000
*** TURN **** [Qc]
Terrence_@tchanpoker: checks
DeepStack: checks
*** RIVER **** [Qd]
Terrence_@tchanpoker: checks
DeepStack: raises $7600 to $7600
Terrence_@tchanpoker: folds
Uncalled bet ($7600) returned to DeepStack
DeepStack collected $3800 from the pot
*** SUMMARY ***
Total pot $3800 | Rake $0
Board [Kh 4s Ac Qc Qd]
Seat 1: DeepStack (button) (small blind) collected ($3800)
Seat 2: Terrence_@tchanpoker (big blind) folded on the River

PokerStars Hand #4000100011: Tournament #2, Apr5_2017-at-16_47_3 Hold'em No Limit ($75/$150 USD) - 2017/04/05 18:47:13 ET
Table 'ACPC Match' 2-max Seat #2 is the button
Seat 1: DeepStack ($15970 in chips)
Seat 2: Terrence_@tchanpoker ($24030 in chips)
Terrence_@tchanpoker: posts small blind $75
DeepStack: posts big blind $150
*** HOLE CARDS ***
Dealt to DeepStack [Ks 2d]
Dealt to Terrence_@tchanpoker [Ah 8s]
Terrence_@tchanpoker: raises $225 to $375
DeepStack: calls $225
*** FLOP **** [7d Kd 7h]
DeepStack: bets $375
Terrence_@tchanpoker: calls $375
*** TURN **** [5c]
DeepStack: checks
Terrence_@tchanpoker: checks
*** RIVER **** [As]
DeepStack: checks
Terrence_@tchanpoker: raises $999 to $999
DeepStack: calls $999
*** SHOW DOWN ***
Terrence_@tchanpoker: shows [Ah 8s] (two pair, Aces and Sevens)
DeepStack: shows [Ks 2d] (two pair, Kings and Sevens)
Terrence_@tchanpoker collected $3498 from pot
*** SUMMARY ***
Total pot $3498 | Rake $0
Board [7d Kd 7h 5c As]
Seat 1: DeepStack (big blind) showed [Ks 2d] and lost with two pair, Kings and Sevens
Seat 2: Terrence_@tchanpoker (button) (small blind) showed [Ah 8s] and won ($3498) with two pair, Aces and Sevens

PokerStars Hand #4000100012: Tournament #2, Apr5_2017-at-16_47_3 Hold'em No Limit ($75/$150 USD) - 2017/04/05 18:47:14 ET
Table 'ACPC Match' 2-max Seat #1 is the button
Seat 1: DeepStack ($14221 in chips)
Seat 2: Terrence_@tchanpoker ($25779 in chips)
DeepStack: posts small blind $75
Terrence_@tchanpoker: posts big blind $150
*** HOLE CARDS ***
Dealt to DeepStack [2s 9h]
Dealt to Terrence_@tchanpoker [6h Ks]
DeepStack: folds
Uncalled bet ($75) returned to Terrence_@tchanpoker
Terrence_@tchanpoker collected $150 from the pot
*** SUMMARY ***
Total pot $150 | Rake $0
Seat 1: DeepStack (button) (small blind) folded before the Flop
Seat 2: Terrence_@tchanpoker (big blind) collected ($150)

PokerStars Hand #4000100013: Tournament #2, Apr5_2017-at-16_47_3 Hold'em No Limit ($75/$150 USD) - 2017/04/05 18:47:15 ET
Table 'ACPC Match' 2-max Seat #2 is the button
Seat 1: DeepStack ($14146 in chips)
Seat 2: Terrence_@tchanpoker ($25854 in chips)
Terrence_@tchanpoker: posts small blind $75
DeepStack: posts big blind $150
*** HOLE CARDS ***
Dealt to DeepStack [7d 9s]
Dealt to Terrence_@tchanpoker [Qd 3h]
Terrence_@tchanpoker: raises $225 to $375
DeepStack: calls $225
*** FLOP **** [3s 3c As]
DeepStack: checks
Terrence_@tchanpoker: raises $234 to $234
DeepStack: folds
Uncalled bet ($234) returned to Terrence_@tchanpoker
Terrence_@tchanpoker collected $750 from the pot
*** SUMMARY ***
Total pot $750 | Rake $0
Board [3s 3c As]
Seat 1: DeepStack (big blind) folded on the Flop
Seat 2: Terrence_@tchanpoker (button) (small blind) collected ($750)

PokerStars Hand #4000100014: Tournament #2, Apr5_2017-at-16_47_3 Hold'em No Limit ($75/$150 USD) - 2017/04/05 18:47:16 ET
Table 'ACPC Match' 2-max Seat #1 is the button
Seat 1: DeepStack ($13771 in chips)
Seat 2: Terrence_@tchanpoker ($26229 in chips)
DeepStack: posts small blind $75
Terrence_@tchanpoker: posts big blind $150
*** HOLE CARDS ***
Dealt to DeepStack [Ts 3h]
Dealt to Terrence_@tchanpoker [6s 9s]
DeepStack: calls $75
Terrence_@tchanpoker: raises $300 to $450
DeepStack: folds
Uncalled bet ($300) returned to Terrence_@tchanpoker
Terrence_@tchanpoker collected $300 from the pot
*** SUMMARY ***
Total pot $300 | Rake $0
Seat 1: DeepStack (button) (small blind) folded before the Flop
Seat 2: Terrence_@tchanpoker (big blind) collected ($300)

PokerStars Hand #4000100015: Tournament #2, Apr5_2017-at-16_47_3 Hold'em No Limit ($75/$150 USD) - 2017/04/05 18:47:17 ET
Table 'ACPC Match' 2-max Seat #2 is the button
Seat 1: DeepStack ($13621 in chips)
Seat 2: Terrence_@tchanpoker ($26379 in chips)
Terrence_@tchanpoker: posts small blind $75
DeepStack: posts big blind $150
*** HOLE CARDS ***
Dealt to DeepStack [2s Qd]
Dealt to Terrence_@tchanpoker [2c 5h]
Terrence_@tchanpoker: folds
Uncalled bet ($75) returned to DeepStack
DeepStack collected $150 from the pot
*** SUMMARY ***
Total pot $150 | Rake $0
Seat 1: DeepStack (big blind) collected ($150)
Seat 2: Terrence_@tchanpoker (button) (small blind) folded before the Flop

PokerStars Hand #4000100016: Tournament #2, Apr5_2017-at-16_47_3 Hold'em No Limit ($75/$150 USD) - 2017/04/05 18:47:18 ET
Table 'ACPC Match' 2-max Seat #1 is the button
Seat 1: DeepStack ($13696 in chips)
Seat 2: Terrence_@tchanpoker ($26304 in chips)
DeepStack: posts small blind $75
Terrence_@tchanpoker: posts big blind $150
*** HOLE CARDS ***
Dealt to DeepStack [2c 8h]
Dealt to Terrence_@tchanpoker [Qh 5s]
DeepStack: folds
Uncalled bet ($75) returned to Terrence_@tchanpoker
Terrence_@tchanpoker collected $150 from the pot
*** SUMMARY ***
Total pot $150 | Rake $0
Seat 1: DeepStack (button) (small blind) folded before the Flop
Seat 2: Terrence_@tchanpoker (big blind) collected ($150)

PokerStars Hand #4000100017: Tournament #2, Apr5_2017-at-16_47_3 Hold'em No Limit ($75/$150 USD) - 2017/04/05 18:47:19 ET
Table 'ACPC Match' 2-max Seat #2 is the button
Seat 1: DeepStack ($13621 in chips)
Seat 2: Terrence_@tchanpoker ($26379 in chips)
Terrence_@tchanpoker: posts small blind $75
DeepStack: posts big blind $150
*** HOLE CARDS ***
Dealt to DeepStack [6d Ts]
Dealt to Terrence_@tchanpoker [4c Qd]
Terrence_@tchanpoker: raises $225 to $375
DeepStack: folds
Uncalled bet ($225) returned to Terrence_@tchanpoker
Terrence_@tchanpoker collected $300 from the pot
*** SUMMARY ***
Total pot $300 | Rake $0
Seat 1: DeepStack (big blind) folded before the Flop
Seat 2: Terrence_@tchanpoker (button) (small blind) collected ($300)

PokerStars Hand #4000100018: Tournament #2, Apr5_2017-at-16_47_3 Hold'em No Limit ($75/$150 USD) - 2017/04/05 18:47:20 ET
Table 'ACPC Match' 2-max Seat #1 is the button
Seat 1: DeepStack ($13471 in chips)
Seat 2: Terrence_@tchanpoker ($26529 in chips)
DeepStack: posts small blind $75
Terrence_@tchanpoker: posts big blind $150
*** HOLE CARDS ***
Dealt to DeepStack [9d 4h]
Dealt to Terrence_@tchanpoker [4s 3h]
DeepStack: calls $75
Terrence_@tchanpoker: checks
*** FLOP **** [9h 4c Jd]
Terrence_@tchanpoker: checks
DeepStack: raises $150 to $150
Terrence_@tchanpoker: calls $150
*** TURN **** [4d]
Terrence_@tchanpoker: checks
DeepStack: raises $300 to $300
Terrence_@tchanpoker: raises $544 to $844
DeepStack: calls $544
*** RIVER **** [Qd]
Terrence_@tchanpoker: checks
DeepStack: raises $1144 to $1144
Terrence_@tchanpoker: calls $1144
*** SHOW DOWN ***
DeepStack: shows [9d 4h] (full house, Fours and Nines)
Terrence_@tchanpoker: shows [4s 3h] (three of a kind, Fours)
DeepStack collected $4576 from pot
*** SUMMARY ***
Total pot $4576 | Rake $0
Board [9h 4c Jd 4d Qd]
Seat 1: DeepStack (button) (small blind) showed [9d 4h] and won ($4576) with full house, Fours and Nines
Seat 2: Terrence_@tchanpoker (big blind) showed [4s 3h] and lost with three of a kind, Fours

PokerStars Hand #4000100019: Tournament #2, Apr5_2017-at-16_47_3 Hold'em No Limit ($75/$150 USD) - 2017/04/05 18:47:21 ET
Table 'ACPC Match' 2-max Seat #2 is the button
Seat 1: DeepStack ($15759 in chips)
Seat 2: Terrence_@tchanpoker ($24241 in chips)
Terrence_@tchanpoker: posts small blind $75
DeepStack: posts big blind $150
*** HOLE CARDS ***
Dealt to DeepStack [3c 7s]
Dealt to Terrence_@tchanpoker [9s 6c]
Terrence_@tchanpoker: raises $225 to $375
DeepStack: folds
Uncalled bet ($225) returned to Terrence_@tchanpoker
Terrence_@tchanpoker collected $300 from the pot
*** SUMMARY ***
Total pot $300 | Rake $0
Seat 1: DeepStack (big blind) folded before the Flop
Seat 2: Terrence_@tchanpoker (button) (small blind) collected ($300)

PokerStars Hand #4000100020: Tournament #2, Apr5_2017-at-16_47_3 Hold'em No Limit ($75/$150 USD) - 2017/04/05 18:47:22 ET
Table 'ACPC Match' 2-max Seat #1 is the button
Seat 1: DeepStack ($15609 in chips)
Seat 2: Terrence_@tchanpoker ($24391 in chips)
DeepStack: posts small blind $75
Terrence_@tchanpoker: posts big blind $150
*** HOLE CARDS ***
Dealt to DeepStack [Jc Js]
Dealt to Terrence_@tchanpoker [5h 7h]
DeepStack: raises $300 to $450
Terrence_@tchanpoker: calls $300
*** FLOP **** [4h 8d 2h]
Terrence_@tchanpoker: checks
DeepStack: raises $900 to $900
Terrence_@tchanpoker: raises $1625 to $2525
DeepStack: calls $1625
*** TURN **** [5d]
Terrence_@tchanpoker: bets $21416 and is all-in
DeepStack: calls $12634 and is all-in
Uncalled bet ($8782) returned to Terrence_@tchanpoker
*** RIVER **** [6c]
*** SHOW DOWN ***
Terrence_@tchanpoker: shows [5h 7h] (straight, Eight high)
DeepStack: shows [Jc Js] (a pair of Jacks)
Terrence_@tchanpoker collected $31218 from pot
*** SUMMARY ***
Total pot $31218 | Rake $0
Board [4h 8d 2h 5d 6c]
Seat 1: DeepStack (button) (small blind) showed [Jc Js] and lost with a pair of Jacks
Seat 2: Terrence_@tchanpoker (big blind) showed [5h 7h] and won ($31218) with straight, Eight high
