STATE:1001600001:20000|20000:100|50:r300r900c/r1800f:TcKd|Ts9h/6cJc2h:900|-900:DeepStack|Nate_@NateMeyvis 
STATE:1001600002:19100|20900:100|50:f:6c2d|3s8c:50|-50:Nate_@NateMeyvis|DeepStack 
STATE:1001600003:20850|19150:100|50:r300c/cc/cc/cc:9cAh|Kd2d/4h7d3c/7s/Tc:300|-300:DeepStack|Nate_@NateMeyvis 
STATE:1001600004:18850|21150:100|50:r300c/cr900c/cc/r1800f:Jh7h|QcKh/Ah5cTh/2h/9c:900|-900:Nate_@NateMeyvis|DeepStack 
STATE:1001600005:20250|19750:100|50:r300f:3sKh|8d8h:-100|100:DeepStack|Nate_@NateMeyvis 
STATE:1001600006:19850|20150:100|50:r300f:4hJh|4sTs:-100|100:Nate_@NateMeyvis|DeepStack 
STATE:1001600007:20250|19750:100|50:r300f:9s3h|TsJd:-100|100:DeepStack|Nate_@NateMeyvis 
STATE:1001600008:19850|20150:100|50:cc/cc/r250f:7s2h|2dQd/6c5s7d/2s:100|-100:Nate_@NateMeyvis|DeepStack 
STATE:1001600009:20050|19950:100|50:r300c/cr750f:4h2h|Kc6d/8s6cQd:-300|300:DeepStack|Nate_@NateMeyvis 
STATE:1001600010:20250|19750:100|50:cc/cr200c/cc/r500f:5d6d|6c3d/2dQc4d/9s/Td:200|-200:Nate_@NateMeyvis|DeepStack 
STATE:1001600011:19550|20450:150|75:r450c/cc/cc/cc:7h5h|2cAh/9d9sQs/3d/6h:-450|450:DeepStack|Nate_@NateMeyvis 
STATE:1001600012:20900|19100:150|75:cc/cc/cr300c/cr900f:9sKd|2cJh/6c3h5c/Ac/7h:-300|300:Nate_@NateMeyvis|DeepStack 
STATE:1001600013:19400|20600:150|75:f:3h2s|3sTd:75|-75:DeepStack|Nate_@NateMeyvis 
STATE:1001600014:20525|19475:150|75:r450f:2dKs|6hTd:-150|150:Nate_@NateMeyvis|DeepStack 
STATE:1001600015:19625|20375:150|75:f:TsKd|8c3s:75|-75:DeepStack|Nate_@NateMeyvis 
STATE:1001600016:20300|19700:150|75:r300c/cr600c/cc/cc:QsAh|ThQh/7d8dJh/3h/Jd:600|-600:Nate_@NateMeyvis|DeepStack 
STATE:1001600017:19100|20900:150|75:r450f:4s8d|Jd7s:-150|150:DeepStack|Nate_@NateMeyvis 
STATE:1001600018:21050|18950:150|75:r300r1350f:KsKh|Ts3s:300|-300:Nate_@NateMeyvis|DeepStack 
STATE:1001600019:18650|21350:150|75:r450f:8c5d|7d6s:-150|150:DeepStack|Nate_@NateMeyvis 
STATE:1001600020:21500|18500:150|75:r450f:Kh3s|9dAd:-150|150:Nate_@NateMeyvis|DeepStack 
STATE:1001600021:18650|21350:200|100:f:Ac4s|9c5d:100|-100:DeepStack|Nate_@NateMeyvis 
STATE:1001600022:21250|18750:200|100:r400c/cr800f:Kd8s|5dKh/6s4h6d:-400|400:Nate_@NateMeyvis|DeepStack 
STATE:1001600023:19150|20850:200|100:r600r1800r4750f:TdAc|KcKh:-1800|1800:DeepStack|Nate_@NateMeyvis 
STATE:1001600024:22650|17350:200|100:r400c/cr800c/cr2400f:3hAs|Ts2s/8c4d3d/Jh:-800|800:Nate_@NateMeyvis|DeepStack 
STATE:1001600025:18150|21850:200|100:r600f:Qd2s|4s5d:-200|200:DeepStack|Nate_@NateMeyvis 
STATE:1001600026:22050|17950:200|100:r400c/cc/r1000r3000c/cr17950f:7dKh|5sAc/JdKc3h/4h/7s:-3000|3000:Nate_@NateMeyvis|DeepStack 
STATE:1001600027:20950|19050:200|100:r600f:Qc7h|Tc2c:-200|200:DeepStack|Nate_@NateMeyvis 
STATE:1001600028:19250|20750:200|100:r400c/cc/r800c/r1600r3200f:9dJc|6dAd/9cKc4c/6s/3c:-1600|1600:Nate_@NateMeyvis|DeepStack 
STATE:1001600029:22350|17650:200|100:f:Jh3d|7d3s:100|-100:DeepStack|Nate_@NateMeyvis 
STATE:1001600030:17550|22450:200|100:r600f:3s7s|QsQc:-200|200:Nate_@NateMeyvis|DeepStack 
STATE:1001600031:22650|17350:300|150:f:7dTc|4sJd:150|-150:DeepStack|Nate_@NateMeyvis 
STATE:1001600032:17200|22800:300|150:r600c/cc/cc/cc:9s9d|2d2s/8hQh7s/8c/Jh:600|-600:Nate_@NateMeyvis|DeepStack 
STATE:1001600033:22200|17800:300|150:r750r2250f:9s8s|Kh8d:750|-750:DeepStack|Nate_@NateMeyvis 
STATE:1001600034:17050|22950:300|150:r600c/cr1200f:6h4d|Qc2h/Jh2d5c:-600|600:Nate_@NateMeyvis|DeepStack 
STATE:1001600035:23550|16450:300|150:r750r2250f:7c9c|4c4s:750|-750:DeepStack|Nate_@NateMeyvis 
STATE:1001600036:15700|24300:300|150:r600c/cc/cc/cr1800c:Jd3d|5c4s/8s8hJh/Tc/7d:1800|-1800:Nate_@NateMeyvis|DeepStack 
STATE:1001600037:22500|17500:300|150:r750r2250f:5d5h|Ac2s:750|-750:DeepStack|Nate_@NateMeyvis 
STATE:1001600038:16750|23250:300|150:r600c/cr1800c/cr3600c/cc:Qh8d|3cKs/8cQc6d/Kc/5c:-3600|3600:Nate_@NateMeyvis|DeepStack 
STATE:1001600039:26850|13150:300|150:r750c/cc/r2249f:7d5h|2sAc/4cTc6s/6h:750|-750:DeepStack|Nate_@NateMeyvis 
STATE:1001600040:12400|27600:300|150:f:Kd9h|2h4d:150|-150:Nate_@NateMeyvis|DeepStack 
STATE:1001600041:27450|12550:400|200:cc/cr800c/cc/r1600f:6sTh|5s3d/Jc6dQh/As/Ts:800|-800:DeepStack|Nate_@NateMeyvis 
STATE:1001600042:11750|28250:400|200:cc/cr800c/cc/r2000f:Js6s|2hQc/3d4h5d/9s/Ts:800|-800:Nate_@NateMeyvis|DeepStack 
STATE:1001600043:27450|12550:400|200:f:3cKd|3h7s:200|-200:DeepStack|Nate_@NateMeyvis 
STATE:1001600044:12350|27650:400|200:cc/cr800c/cr1600c/cc:8cQs|8d9s/3sQcJd/Ah/Ac:1600|-1600:Nate_@NateMeyvis|DeepStack 
STATE:1001600045:26050|13950:400|200:r1000r3000f:7cTd|Qd7s:1000|-1000:DeepStack|Nate_@NateMeyvis 
STATE:1001600046:12950|27050:400|200:r800c/cc/r1600f:7sAc|Kd3c/8h4h7c/2d:800|-800:Nate_@NateMeyvis|DeepStack 
STATE:1001600047:26250|13750:400|200:r1000c/cr2000c/cr4750f:KdTd|9sKs/3c2d2s/Js:-2000|2000:DeepStack|Nate_@NateMeyvis 
STATE:1001600048:15750|24250:400|200:r800f:7c3h|Ad2h:-400|400:Nate_@NateMeyvis|DeepStack 
STATE:1001600049:24650|15350:400|200:cr1200f:JcKd|9s3s:400|-400:DeepStack|Nate_@NateMeyvis 
STATE:1001600050:14950|25050:400|200:f:3hKd|3c9h:200|-200:Nate_@NateMeyvis|DeepStack 
STATE:1001600051:24850|15150:600|300:r1200f:3d7s|AcKh:-600|600:DeepStack|Nate_@NateMeyvis 
STATE:1001600052:15750|24250:600|300:cc/cr1200r2500f:6hQh|TdJs/7hQd2h:1200|-1200:Nate_@NateMeyvis|DeepStack 
STATE:1001600053:23050|16950:600|300:cc/cr1200r2400f:5h2c|3h7d/Jc2s4s:1200|-1200:DeepStack|Nate_@NateMeyvis 
STATE:1001600054:15750|24250:600|300:r1200c/cr2400c/cr4800c/cc:5sKs|9c8d/Jc4sKd/Qs/Jd:4800|-4800:Nate_@NateMeyvis|DeepStack 
STATE:1001600055:19450|20550:600|300:f:Ah2c|2h9c:300|-300:DeepStack|Nate_@NateMeyvis 
STATE:1001600056:20250|19750:600|300:r1200f:5d7h|4sQh:-600|600:Nate_@NateMeyvis|DeepStack 
STATE:1001600057:20350|19650:600|300:cc/cr1200c/cc/cr2400c:2sAd|2c8c/3dKcJh/Ks/Qh:2400|-2400:DeepStack|Nate_@NateMeyvis 
STATE:1001600058:17250|22750:600|300:cc/cc/cc/cr1800f:Tc6d|2sKc/JsKhJc/9s/7c:-600|600:Nate_@NateMeyvis|DeepStack 
STATE:1001600059:23350|16650:600|300:cr1800f:JsJh|8s5d:600|-600:DeepStack|Nate_@NateMeyvis 
STATE:1001600060:16050|23950:600|300:cc/cr1800f:6h3d|AhJs/4cAcJd:-600|600:Nate_@NateMeyvis|DeepStack 
STATE:1001600061:24550|15450:800|400:r1600c/cc/r3200c/cc:3h2h|KcKh/Ah7h5s/7c/9s:-3200|3200:DeepStack|Nate_@NateMeyvis 
STATE:1001600062:18650|21350:800|400:r1600f:6h2h|AhKc:-800|800:Nate_@NateMeyvis|DeepStack 
STATE:1001600063:22150|17850:800|400:r1600c/cc/cc/r4800f:ThQd|Kc3h/9h2cQc/Ad/4c:1600|-1600:DeepStack|Nate_@NateMeyvis 
STATE:1001600064:16250|23750:800|400:cc/cr1600f:3s7s|Qs7c/5hTc8h:-800|800:Nate_@NateMeyvis|DeepStack 
STATE:1001600065:24550|15450:800|400:r1600r15450f:Ac9s|4hKh:1600|-1600:DeepStack|Nate_@NateMeyvis 
STATE:1001600066:13850|26150:800|400:cc/cr1600f:5sQh|5cTs/AdTh7d:-800|800:Nate_@NateMeyvis|DeepStack 
STATE:1001600067:26950|13050:800|400:cc/cr1600c/r3200c/cc:Ah5h|5s9s/Qd4h5c/2c/Kc:3200|-3200:DeepStack|Nate_@NateMeyvis 
STATE:1001600068:9850|30150:800|400:f:Td5h|2s4d:400|-400:Nate_@NateMeyvis|DeepStack 
STATE:1001600069:29750|10250:800|400:r10250f:9s6s|Jh7s:-800|800:DeepStack|Nate_@NateMeyvis 
STATE:1001600070:11050|28950:800|400:cc/cr1600r11050f:3h6s|QcKd/2h5d5h:1600|-1600:Nate_@NateMeyvis|DeepStack 
STATE:1001600071:27350|12650:1000|500:cc/cr2000c/cc/cc:9sJh|Ts2s/QhAc7s/4h/5d:2000|-2000:DeepStack|Nate_@NateMeyvis 
STATE:1001600072:10650|29350:1000|500:f:Jc8d|7s3d:500|-500:Nate_@NateMeyvis|DeepStack 
STATE:1001600073:28850|11150:1000|500:cc/cr2000c/cr4000f:7hKh|Ts6s/3s6c4s/2s:-2000|2000:DeepStack|Nate_@NateMeyvis 
STATE:1001600074:13150|26850:1000|500:cc/cr2000f:3s4s|8h6s/8d7h6d:-1000|1000:Nate_@NateMeyvis|DeepStack 
STATE:1001600075:27850|12150:1000|500:r12150f:Js4c|Ks2d:-1000|1000:DeepStack|Nate_@NateMeyvis 
STATE:1001600076:13150|26850:1000|500:r13150f:5h2h|9sAc:-1000|1000:Nate_@NateMeyvis|DeepStack 
STATE:1001600077:27850|12150:1000|500:f:3s4s|6h3h:500|-500:DeepStack|Nate_@NateMeyvis 
STATE:1001600078:11650|28350:1000|500:cc/cc/r2300f:5d6h|Td3s/9h4c8c/8h:1000|-1000:Nate_@NateMeyvis|DeepStack 
STATE:1001600079:27350|12650:1000|500:f:6cJc|9s2h:500|-500:DeepStack|Nate_@NateMeyvis 
STATE:1001600080:12150|27850:1000|500:cc/cc/cr3000f:2h4h|7s4c/JhQs9c/Ad:-1000|1000:Nate_@NateMeyvis|DeepStack 
STATE:1001600081:28850|11150:1500|750:f:KcJh|3d2d:750|-750:DeepStack|Nate_@NateMeyvis 
STATE:1001600082:10400|29600:1500|750:r10400f:5hTc|Ah7s:-1500|1500:Nate_@NateMeyvis|DeepStack 
STATE:1001600083:31100|8900:1500|750:r8900f:6h8c|KcTs:-1500|1500:DeepStack|Nate_@NateMeyvis 
STATE:1001600084:10400|29600:1500|750:r3000r10400c///:TcQh|Js6s/4h6cJc/Jh/Ks:-10400|10400:Nate_@NateMeyvis|DeepStack 
