STATE:1001400001:20000|20000:100|50:r300f:Qd3s|3hJs:-100|100:DeepStack|Nate_@NateMeyvis 
STATE:1001400002:20100|19900:100|50:cc/cr300c/cr600c/cr1800f:3d8s|8h7d/8dKh5d/7c/Qd:-600|600:Nate_@NateMeyvis|DeepStack 
STATE:1001400003:20500|19500:100|50:r300f:4c2s|5cAd:-100|100:DeepStack|Nate_@NateMeyvis 
STATE:1001400004:19600|20400:100|50:r300f:9c3d|Ah4c:-100|100:Nate_@NateMeyvis|DeepStack 
STATE:1001400005:20500|19500:100|50:f:8dTh|6s3d:50|-50:DeepStack|Nate_@NateMeyvis 
STATE:1001400006:19450|20550:100|50:r300f:9c2s|8h8c:-100|100:Nate_@NateMeyvis|DeepStack 
STATE:1001400007:20650|19350:100|50:r300f:3sKh|Ad4s:-100|100:DeepStack|Nate_@NateMeyvis 
STATE:1001400008:19450|20550:100|50:r300c/cr900f:4dAc|8sKd/Ks9d6d:-300|300:Nate_@NateMeyvis|DeepStack 
STATE:1001400009:20850|19150:100|50:r300f:6s8c|7cTd:-100|100:DeepStack|Nate_@NateMeyvis 
STATE:1001400010:19250|20750:100|50:cc/cc/r250c/r625c:Jd5h|TcAh/Kh2h9d/4h/8c:-625|625:Nate_@NateMeyvis|DeepStack 
STATE:1001400011:21375|18625:150|75:r450c/cr1125f:6hKc|3d3c/7sTh9h:-450|450:DeepStack|Nate_@NateMeyvis 
STATE:1001400012:19075|20925:150|75:cc/cr450f:3sAh|Jh4s/4c7sQs:-150|150:Nate_@NateMeyvis|DeepStack 
STATE:1001400013:21075|18925:150|75:f:3d9s|7d2c:75|-75:DeepStack|Nate_@NateMeyvis 
STATE:1001400014:18850|21150:150|75:r450f:9h6d|As8s:-150|150:Nate_@NateMeyvis|DeepStack 
STATE:1001400015:21300|18700:150|75:f:5s7d|Th2s:75|-75:DeepStack|Nate_@NateMeyvis 
STATE:1001400016:18625|21375:150|75:f:4dJd|8s3h:75|-75:Nate_@NateMeyvis|DeepStack 
STATE:1001400017:21300|18700:150|75:r450c/cc/cc/cc:Ah5s|Ac7h/Th3dTd/4h/6s:-450|450:DeepStack|Nate_@NateMeyvis 
STATE:1001400018:19150|20850:150|75:f:9s7s|2h8c:75|-75:Nate_@NateMeyvis|DeepStack 
STATE:1001400019:20775|19225:150|75:r450f:3h2d|6cQh:-150|150:DeepStack|Nate_@NateMeyvis 
STATE:1001400020:19375|20625:150|75:f:2hTc|3c9s:75|-75:Nate_@NateMeyvis|DeepStack 
STATE:1001400021:20550|19450:200|100:f:Js9d|8h4s:100|-100:DeepStack|Nate_@NateMeyvis 
STATE:1001400022:19350|20650:200|100:r400c/cr1200f:Qd8h|Ks7c/9cJs5h:-400|400:Nate_@NateMeyvis|DeepStack 
STATE:1001400023:21050|18950:200|100:r600f:3c9h|Qs4s:-200|200:DeepStack|Nate_@NateMeyvis 
STATE:1001400024:19150|20850:200|100:f:6d6c|2s9c:100|-100:Nate_@NateMeyvis|DeepStack 
STATE:1001400025:20750|19250:200|100:r600f:9d5s|2c2d:-200|200:DeepStack|Nate_@NateMeyvis 
STATE:1001400026:19450|20550:200|100:r600f:9h2c|JsJh:-200|200:Nate_@NateMeyvis|DeepStack 
STATE:1001400027:20750|19250:200|100:r600c/cr1500f:Ad2h|6d3d/Js4s7h:-600|600:DeepStack|Nate_@NateMeyvis 
STATE:1001400028:19850|20150:200|100:r400c/cc/r800r1600f:AdTs|As7d/4cKhKs/7s:-800|800:Nate_@NateMeyvis|DeepStack 
STATE:1001400029:20950|19050:200|100:r600f:4d8s|JhTc:-200|200:DeepStack|Nate_@NateMeyvis 
STATE:1001400030:19250|20750:200|100:r600c/cr1200c/cc/r3000f:KdQh|8dTs/7s7hQs/3d/5h:1200|-1200:Nate_@NateMeyvis|DeepStack 
STATE:1001400031:19550|20450:300|150:f:9h4c|2d9s:150|-150:DeepStack|Nate_@NateMeyvis 
STATE:1001400032:20300|19700:300|150:r600f:6s3d|Kh7h:-300|300:Nate_@NateMeyvis|DeepStack 
STATE:1001400033:20000|20000:300|150:r750f:6dJs|Ts4s:-300|300:DeepStack|Nate_@NateMeyvis 
STATE:1001400034:20300|19700:300|150:r600c/cr1200f:Kh8s|5s6h/6cAdJc:-600|600:Nate_@NateMeyvis|DeepStack 
STATE:1001400035:20300|19700:300|150:r750c/cr1500f:Qs6h|4d6d/8cAc5s:-750|750:DeepStack|Nate_@NateMeyvis 
STATE:1001400036:20450|19550:300|150:r600c/cc/cr1200f:Qc2c|7dQs/KhJh8c/4s:-600|600:Nate_@NateMeyvis|DeepStack 
STATE:1001400037:20150|19850:300|150:r750c/cc/r1500f:8sQd|Ks7h/2d3d4d/6d:750|-750:DeepStack|Nate_@NateMeyvis 
STATE:1001400038:19100|20900:300|150:r600r1800c/r3900c/r8150r19100c/:QsQd|6d6c/7sTh5c/6s/9h:-19100|19100:Nate_@NateMeyvis|DeepStack 
