STATE:1001500001:20000|20000:100|50:r300r900f:KdKc|6cAd:300|-300:DeepStack|Nate_@NateMeyvis 
STATE:1001500002:19700|20300:100|50:cc/cr200f:Kh3h|4hJs/9c4s7s:-100|100:Nate_@NateMeyvis|DeepStack 
STATE:1001500003:20400|19600:100|50:f:4h2c|Jd4s:50|-50:DeepStack|Nate_@NateMeyvis 
STATE:1001500004:19550|20450:100|50:cr300c/r600r1800f:JdKd|2h2d/2cTd9s:-600|600:Nate_@NateMeyvis|DeepStack 
STATE:1001500005:21050|18950:100|50:r300c/cr600f:8h9s|5c7d/JcKh6s:-300|300:DeepStack|Nate_@NateMeyvis 
STATE:1001500006:19250|20750:100|50:r300c/cr900c/cc/r2700f:9d7d|Td9c/2d4dJh/Qh/Jc:900|-900:Nate_@NateMeyvis|DeepStack 
STATE:1001500007:19850|20150:100|50:r300r900f:6cAc|9sTd:300|-300:DeepStack|Nate_@NateMeyvis 
STATE:1001500008:19850|20150:100|50:r200c/cc/cc/cr600f:Kh5d|AcJd/8s5s6c/Jh/As:-200|200:Nate_@NateMeyvis|DeepStack 
STATE:1001500009:20350|19650:100|50:r300f:8s3c|Qd8d:-100|100:DeepStack|Nate_@NateMeyvis 
STATE:1001500010:19750|20250:100|50:cc/cr300f:5hJd|7sTs/9c3s4s:-100|100:Nate_@NateMeyvis|DeepStack 
STATE:1001500011:20350|19650:150|75:r450f:6s5h|9c9s:-150|150:DeepStack|Nate_@NateMeyvis 
STATE:1001500012:19800|20200:150|75:r450c/cr900c/cr2700f:ThAd|3cQd/4cJs3d/Qs:-900|900:Nate_@NateMeyvis|DeepStack 
STATE:1001500013:21100|18900:150|75:f:Qh8h|7c2s:75|-75:DeepStack|Nate_@NateMeyvis 
STATE:1001500014:18825|21175:150|75:r450c/cr900c/cc/cc:9hTs|7dKd/7sAhJc/9c/Qc:900|-900:Nate_@NateMeyvis|DeepStack 
STATE:1001500015:20275|19725:150|75:r450f:7h4s|9d7d:-150|150:DeepStack|Nate_@NateMeyvis 
STATE:1001500016:19875|20125:150|75:r450c/cc/cc/r900f:8h7s|7c5c/2hKd8s/3h/Qd:450|-450:Nate_@NateMeyvis|DeepStack 
STATE:1001500017:19675|20325:150|75:r450r1350f:8cQc|Ah3c:450|-450:DeepStack|Nate_@NateMeyvis 
STATE:1001500018:19875|20125:150|75:r450c/cc/cc/r1350f:9s8s|Kd5d/8hJcJd/Ts/Qc:450|-450:Nate_@NateMeyvis|DeepStack 
STATE:1001500019:19675|20325:150|75:r450c/cr900f:As4c|Ah6h/Qh9hKs:-450|450:DeepStack|Nate_@NateMeyvis 
STATE:1001500020:20775|19225:150|75:r450c/cr900c/cc/cc:KdTd|6hJh/9s7dKh/Jc/9d:900|-900:Nate_@NateMeyvis|DeepStack 
STATE:1001500021:18325|21675:200|100:f:Ts4s|2s7h:100|-100:DeepStack|Nate_@NateMeyvis 
STATE:1001500022:21575|18425:200|100:r400r1300c/cc/cr2600c/cc:QsQc|9dTd/5h7d9c/Jc/5s:2600|-2600:Nate_@NateMeyvis|DeepStack 
STATE:1001500023:15825|24175:200|100:f:8s6d|3s9d:100|-100:DeepStack|Nate_@NateMeyvis 
STATE:1001500024:24075|15925:200|100:r400c/cr800c/cr2400f:7d5c|KsQs/Jh8h9c/Th:-800|800:Nate_@NateMeyvis|DeepStack 
STATE:1001500025:16725|23275:200|100:r600r1800f:7c7s|7d6c:600|-600:DeepStack|Nate_@NateMeyvis 
STATE:1001500026:22675|17325:200|100:cc/cc/cc/cr600c:Ad5c|Tc6c/6d5d2h/9s/Qc:-600|600:Nate_@NateMeyvis|DeepStack 
STATE:1001500027:17925|22075:200|100:r600c/cr1500f:8sKc|5sQh/Jh2dTh:-600|600:DeepStack|Nate_@NateMeyvis 
STATE:1001500028:22675|17325:200|100:r400c/cc/r1200f:4sAh|Ks7d/4d4h9h/6d:400|-400:Nate_@NateMeyvis|DeepStack 
STATE:1001500029:16925|23075:200|100:f:Kc7c|6s3h:100|-100:DeepStack|Nate_@NateMeyvis 
STATE:1001500030:22975|17025:200|100:r600c/cr1800c/r4500c/r22975f:8hAh|5h6h/7hJh7c/9h/Ts:4500|-4500:Nate_@NateMeyvis|DeepStack 
STATE:1001500031:12525|27475:300|150:r900c/cr2250c/cc/cr5625c:5cAd|JdTd/Qs7s5h/2c/Qh:5625|-5625:DeepStack|Nate_@NateMeyvis 
STATE:1001500032:21850|18150:300|150:r600c/cc/r1200c/r2400f:As8d|6h8c/3sQs9s/7s/2s:1200|-1200:Nate_@NateMeyvis|DeepStack 
STATE:1001500033:16950|23050:300|150:f:9d3d|2cTs:150|-150:DeepStack|Nate_@NateMeyvis 
STATE:1001500034:22900|17100:300|150:r900f:5s2h|4c4d:-300|300:Nate_@NateMeyvis|DeepStack 
STATE:1001500035:17400|22600:300|150:r750r2250f:Jd7d|Jh7h:750|-750:DeepStack|Nate_@NateMeyvis 
STATE:1001500036:21850|18150:300|150:f:7dJh|6c2s:150|-150:Nate_@NateMeyvis|DeepStack 
STATE:1001500037:18000|22000:300|150:f:2d3s|7h4d:150|-150:DeepStack|Nate_@NateMeyvis 
STATE:1001500038:21850|18150:300|150:r900f:2d9d|7c5d:-300|300:Nate_@NateMeyvis|DeepStack 
STATE:1001500039:18450|21550:300|150:r750f:3d6h|9hJs:-300|300:DeepStack|Nate_@NateMeyvis 
STATE:1001500040:21850|18150:300|150:r900f:5d8d|7sAd:-300|300:Nate_@NateMeyvis|DeepStack 
STATE:1001500041:18450|21550:400|200:r1000r3000c/cc/cc/cc:7d5c|AhJd/8dTdQh/7c/As:-3000|3000:DeepStack|Nate_@NateMeyvis 
STATE:1001500042:24550|15450:400|200:cc/cc/r1000c/r2500c:Th4d|2h9h/Jh7d9d/6h/Ac:-2500|2500:Nate_@NateMeyvis|DeepStack 
STATE:1001500043:17950|22050:400|200:f:5cAc|3cTs:200|-200:DeepStack|Nate_@NateMeyvis 
STATE:1001500044:21850|18150:400|200:cc/cc/cr1200f:8s2h|9hTd/5cJh9c/Qd:-400|400:Nate_@NateMeyvis|DeepStack 
STATE:1001500045:18550|21450:400|200:r1000f:2c9s|QsQd:-400|400:DeepStack|Nate_@NateMeyvis 
STATE:1001500046:21850|18150:400|200:r800c/cr1600c/cc/r3200c:KhJs|Jd8h/3sJh6c/2d/3h:3200|-3200:Nate_@NateMeyvis|DeepStack 
STATE:1001500047:14950|25050:400|200:r1000c/cc/r3000f:Jd3d|Ad4c/9c5sJc/4s:1000|-1000:DeepStack|Nate_@NateMeyvis 
STATE:1001500048:24050|15950:400|200:r800c/cr1600f:7c5c|Qc8d/3d2dQd:-800|800:Nate_@NateMeyvis|DeepStack 
STATE:1001500049:16750|23250:400|200:r1000f:2s6d|6s5d:-400|400:DeepStack|Nate_@NateMeyvis 
STATE:1001500050:23650|16350:400|200:r800c/cr2400c/cr7200f:7dAd|8hKh/7s6c8c/9h:-2400|2400:Nate_@NateMeyvis|DeepStack 
STATE:1001500051:18750|21250:600|300:r1200c/cr2400f:Th8d|9cTs/Jc3h6d:-1200|1200:DeepStack|Nate_@NateMeyvis 
STATE:1001500052:22450|17550:600|300:cc/cr1200c/cr3600c/cc:8s6h|4h7h/4cQh6d/8c/Th:3600|-3600:Nate_@NateMeyvis|DeepStack 
STATE:1001500053:13950|26050:600|300:cr13950f:AhQs|3cJh:600|-600:DeepStack|Nate_@NateMeyvis 
STATE:1001500054:25450|14550:600|300:r1200f:3h6s|Kh9c:-600|600:Nate_@NateMeyvis|DeepStack 
STATE:1001500055:15150|24850:600|300:r1200f:4d9c|7h5d:-600|600:DeepStack|Nate_@NateMeyvis 
STATE:1001500056:25450|14550:600|300:cc/cr1200f:9hTc|8s6c/3d4d5d:-600|600:Nate_@NateMeyvis|DeepStack 
STATE:1001500057:15150|24850:600|300:r1200c/cr2400f:7cQh|7dQd/5s6dJh:-1200|1200:DeepStack|Nate_@NateMeyvis 
STATE:1001500058:26050|13950:600|300:cc/cr1200f:2h4d|4h7s/8cJhQh:-600|600:Nate_@NateMeyvis|DeepStack 
STATE:1001500059:14550|25450:600|300:r1200r14550f:2s2h|6dJd:1200|-1200:DeepStack|Nate_@NateMeyvis 
STATE:1001500060:24250|15750:600|300:r1200f:5c6s|9cQc:-600|600:Nate_@NateMeyvis|DeepStack 
STATE:1001500061:16350|23650:800|400:r1600c/cr3200r16350f:JdKs|Qd2s/9d6hJc:3200|-3200:DeepStack|Nate_@NateMeyvis 
STATE:1001500062:20450|19550:800|400:cr2400c/r4800c/r8550c/cc:JdJc|KcJs/4h4s7d/9s/7s:8550|-8550:Nate_@NateMeyvis|DeepStack 
STATE:1001500063:11000|29000:800|400:cr11000f:TcAs|9d2d:800|-800:DeepStack|Nate_@NateMeyvis 
STATE:1001500064:28200|11800:800|400:cr28200f:4sKs|9c3d:800|-800:Nate_@NateMeyvis|DeepStack 
STATE:1001500065:11000|29000:800|400:r29000f:9dJc|Qh9h:-800|800:DeepStack|Nate_@NateMeyvis 
STATE:1001500066:29800|10200:800|400:cc/cr1600f:Jh3s|3c5d/9h8hQc:-800|800:Nate_@NateMeyvis|DeepStack 
STATE:1001500067:11000|29000:800|400:r29000f:2c3s|Ah5c:-800|800:DeepStack|Nate_@NateMeyvis 
STATE:1001500068:29800|10200:800|400:cr29800c///:9sAc|Qc9c/5s8s9d/Js/8d:10200|-10200:Nate_@NateMeyvis|DeepStack 
