STATE:11000100001:20000|20000:100|50:r250f:3d7c|4hQc:-100|100:DeepStack|Mike_McDonald_@MikeMcDonald89 
STATE:11000100002:20100|19900:100|50:cc/cc/cc/r250f:Th9d|8h4c/As9h6c/2d/Jh:100|-100:Mike_McDonald_@MikeMcDonald89|DeepStack 
STATE:11000100003:19800|20200:100|50:r250f:5s9h|Kh7c:-100|100:DeepStack|Mike_McDonald_@MikeMcDonald89 
STATE:11000100004:20300|19700:100|50:r200r800f:AhKh|8hTd:200|-200:Mike_McDonald_@MikeMcDonald89|DeepStack 
STATE:11000100005:19500|20500:100|50:r250c/cr500c/cr1000c/r2000f:8cKs|QhJh/7hKd6h/Js/5s:1000|-1000:DeepStack|Mike_McDonald_@MikeMcDonald89 
STATE:11000100006:19500|20500:100|50:r300c/cr600c/cc/cr3000f:7dQc|QhKh/TdKc9s/Ks/7h:-600|600:Mike_McDonald_@MikeMcDonald89|DeepStack 
STATE:11000100007:21100|18900:100|50:r250r750c/cr1500c/cc/r3000c:TdTs|Qd9s/QcKs9d/Js/6s:3000|-3000:DeepStack|Mike_McDonald_@MikeMcDonald89 
STATE:11000100008:15900|24100:100|50:r300r1100f:AhTh|7hKc:300|-300:Mike_McDonald_@MikeMcDonald89|DeepStack 
STATE:11000100009:23800|16200:100|50:r250c/cc/r750f:8dJc|AdKh/2d9c5s/7c:250|-250:DeepStack|Mike_McDonald_@MikeMcDonald89 
STATE:11000100010:15950|24050:100|50:cr300c/cr900c/cr2700f:8d4d|3c5s/Jh4h7c/Ac:-900|900:Mike_McDonald_@MikeMcDonald89|DeepStack 
STATE:11000100011:24950|15050:150|75:r375f:4s7d|4c8c:-150|150:DeepStack|Mike_McDonald_@MikeMcDonald89 
STATE:11000100012:15200|24800:150|75:r300c/cc/r600f:JcQs|Td4d/Js2hAs/9h:300|-300:Mike_McDonald_@MikeMcDonald89|DeepStack 
STATE:11000100013:24500|15500:150|75:r375c/cc/cr625c/cr1425f:Ks5c|Th2h/AdTcAh/Td/Jh:-625|625:DeepStack|Mike_McDonald_@MikeMcDonald89 
STATE:11000100014:16125|23875:150|75:r300r1200f:KsJs|Kh7s:300|-300:Mike_McDonald_@MikeMcDonald89|DeepStack 
STATE:11000100015:23575|16425:150|75:f:4c5h|5c2s:75|-75:DeepStack|Mike_McDonald_@MikeMcDonald89 
STATE:11000100016:16350|23650:150|75:r300c/cc/r750c/r2250c:6d9c|8hKd/4sKhTd/7s/2d:-2250|2250:Mike_McDonald_@MikeMcDonald89|DeepStack 
STATE:11000100017:25900|14100:150|75:r375c/cc/cc/r750c:6c9c|6hAd/3d5cQc/2h/9s:750|-750:DeepStack|Mike_McDonald_@MikeMcDonald89 
STATE:11000100018:13350|26650:150|75:r450f:Th2s|KcQd:-150|150:Mike_McDonald_@MikeMcDonald89|DeepStack 
STATE:11000100019:26800|13200:150|75:f:4s3d|5dQs:75|-75:DeepStack|Mike_McDonald_@MikeMcDonald89 
STATE:11000100020:13125|26875:150|75:cc/cc/cc/cr450c:Kd5c|7h4c/Jh4d6h/9h/Kh:-450|450:Mike_McDonald_@MikeMcDonald89|DeepStack 
STATE:11000100021:27325|12675:200|100:r500r1500f:Kd6d|7cJh:500|-500:DeepStack|Mike_McDonald_@MikeMcDonald89 
STATE:11000100022:12175|27825:200|100:cc/cr400f:8hJd|8s4d/AhAd2s:-200|200:Mike_McDonald_@MikeMcDonald89|DeepStack 
STATE:11000100023:28025|11975:200|100:r500r1500c/r3000c/cc/cc:KhQs|JhTh/Jd8cQc/Ad/Ac:3000|-3000:DeepStack|Mike_McDonald_@MikeMcDonald89 
STATE:11000100024:8975|31025:200|100:r400c/cr1200c/cc/r2000f:Jd8h|Ks3h/5sQhJs/7c/2c:1200|-1200:Mike_McDonald_@MikeMcDonald89|DeepStack 
STATE:11000100025:29825|10175:200|100:r500c/cc/r1499f:Td3d|Kd6c/8c5d2c/Th:500|-500:DeepStack|Mike_McDonald_@MikeMcDonald89 
STATE:11000100026:9675|30325:200|100:r400r1200f:TdKd|8h5c:400|-400:Mike_McDonald_@MikeMcDonald89|DeepStack 
STATE:11000100027:29925|10075:200|100:r500c/cr1000c/cr2500c/cr6250f:9cQd|2sQc/AcTdKc/9s/7s:-2500|2500:DeepStack|Mike_McDonald_@MikeMcDonald89 
STATE:11000100028:12575|27425:200|100:r400c/cc/cc/r800c:7c4h|6d8s/Jd6h3h/7s/5s:800|-800:Mike_McDonald_@MikeMcDonald89|DeepStack 
STATE:11000100029:26625|13375:200|100:r500r1500r13375f:JsAc|9d8d:-1500|1500:DeepStack|Mike_McDonald_@MikeMcDonald89 
STATE:11000100030:14875|25125:200|100:r400c/cr800c/cr1600c/cc:Ac2s|JhQc/ThAsTd/4h/6d:1600|-1600:Mike_McDonald_@MikeMcDonald89|DeepStack 
STATE:11000100031:23525|16475:300|150:r750r2250c/cc/cc/cr4500c:TsTc|8c5c/Jh3dAd/Kh/As:4500|-4500:DeepStack|Mike_McDonald_@MikeMcDonald89 
STATE:11000100032:11975|28025:300|150:r600f:8s4h|Td6d:-300|300:Mike_McDonald_@MikeMcDonald89|DeepStack 
STATE:11000100033:28325|11675:300|150:r750f:5sTd|Qc4d:-300|300:DeepStack|Mike_McDonald_@MikeMcDonald89 
STATE:11000100034:11975|28025:300|150:r600r1800c/cc/cc/cc:9c3c|TdKd/6h7h3d/As/7c:1800|-1800:Mike_McDonald_@MikeMcDonald89|DeepStack 
STATE:11000100035:26225|13775:300|150:r750c/cc/cc/cc:Qs7d|Kc4h/3sAhJh/5d/Jc:-750|750:DeepStack|Mike_McDonald_@MikeMcDonald89 
STATE:11000100036:14525|25475:300|150:r600c/cr1800f:5h9d|KhQc/Jc6cAd:-600|600:Mike_McDonald_@MikeMcDonald89|DeepStack 
STATE:11000100037:26075|13925:300|150:r750f:8d5s|6c5c:-300|300:DeepStack|Mike_McDonald_@MikeMcDonald89 
STATE:11000100038:14225|25775:300|150:cc/cr600f:Qs2d|QhTs/JdAs9h:-300|300:Mike_McDonald_@MikeMcDonald89|DeepStack 
STATE:11000100039:26075|13925:300|150:r750r2250c/cc/cc/r4500f:6cQc|Qs6s/Kd5sAd/5d/Jd:2250|-2250:DeepStack|Mike_McDonald_@MikeMcDonald89 
STATE:11000100040:11675|28325:300|150:r600c/cr1200c/cr2400f:As3h|2hAc/7hKc4c/Js:-1200|1200:Mike_McDonald_@MikeMcDonald89|DeepStack 
STATE:11000100041:29525|10475:400|200:r900r10475f:2c2d|Qs9c:900|-900:DeepStack|Mike_McDonald_@MikeMcDonald89 
STATE:11000100042:9575|30425:400|200:cr1100c/r2200c/r4400f:7c3h|2h2d/Ts4c6s/Kh:2200|-2200:Mike_McDonald_@MikeMcDonald89|DeepStack 
STATE:11000100043:28225|11775:400|200:r900c/cr1800f:3h4h|AsAd/8c9sKh:-900|900:DeepStack|Mike_McDonald_@MikeMcDonald89 
STATE:11000100044:12675|27325:400|200:cc/cc/cc/cr1200f:5cQs|9d5s/Td2h9c/6h/4d:-400|400:Mike_McDonald_@MikeMcDonald89|DeepStack 
STATE:11000100045:27725|12275:400|200:r1000c/cr2000f:Ks2d|Th5s/3c5hTs:-1000|1000:DeepStack|Mike_McDonald_@MikeMcDonald89 
STATE:11000100046:13275|26725:400|200:r800r13275f:7c5c|6dAc:800|-800:Mike_McDonald_@MikeMcDonald89|DeepStack 
STATE:11000100047:25925|14075:400|200:r1000c/cr2000c/cc/cc:9d7d|9hKh/8c7s2h/Ad/3c:2000|-2000:DeepStack|Mike_McDonald_@MikeMcDonald89 
STATE:11000100048:12075|27925:400|200:cr1100f:Ac9c|Kh2d:400|-400:Mike_McDonald_@MikeMcDonald89|DeepStack 
STATE:11000100049:27525|12475:400|200:r900r2700f:AcJc|4s6c:900|-900:DeepStack|Mike_McDonald_@MikeMcDonald89 
STATE:11000100050:11575|28425:400|200:r800r11575f:9cTc|Ah8c:800|-800:Mike_McDonald_@MikeMcDonald89|DeepStack 
STATE:11000100051:27625|12375:600|300:cr1800f:KdKs|Jh4c:600|-600:DeepStack|Mike_McDonald_@MikeMcDonald89 
STATE:11000100052:11775|28225:600|300:r1200c/cc/cr3600f:TsQc|6dAs/4c7s2c/Ah:-1200|1200:Mike_McDonald_@MikeMcDonald89|DeepStack 
STATE:11000100053:29425|10575:600|300:cc/cc/r1200f:2sKh|Ts8c/5dAhQs/4h:600|-600:DeepStack|Mike_McDonald_@MikeMcDonald89 
STATE:11000100054:9975|30025:600|300:cr1600c/cc/cc/r2600c:4hQd|7h6s/Tc9hAd/7d/6c:-2600|2600:Mike_McDonald_@MikeMcDonald89|DeepStack 
STATE:11000100055:32625|7375:600|300:r7375f:Jh2d|8h7h:-600|600:DeepStack|Mike_McDonald_@MikeMcDonald89 
STATE:11000100056:7975|32025:600|300:cc/cr1200c/cc/cc:5dKs|6s8c/AcTc7c/Jd/8h:-1200|1200:Mike_McDonald_@MikeMcDonald89|DeepStack 
STATE:11000100057:33225|6775:600|300:r6775f:Tc4c|6cAc:-600|600:DeepStack|Mike_McDonald_@MikeMcDonald89 
STATE:11000100058:7375|32625:600|300:cr7375f:As8h|3h6d:600|-600:Mike_McDonald_@MikeMcDonald89|DeepStack 
STATE:11000100059:32025|7975:600|300:r7975f:Qd5s|5hKh:-600|600:DeepStack|Mike_McDonald_@MikeMcDonald89 
STATE:11000100060:8575|31425:600|300:cr1600r8575f:2hQd|9dAs:-1600|1600:Mike_McDonald_@MikeMcDonald89|DeepStack 
STATE:11000100061:33025|6975:800|400:r6975c///:Ks6d|7d8d/JhKcJd/5s/9h:6975|-6975:DeepStack|Mike_McDonald_@MikeMcDonald89 
