STATE:11000200001:20000|20000:100|50:r250f:2s3d|Ts4c:-100|100:DeepStack|Mike_McDonald_@MikeMcDonald89 
STATE:11000200002:20100|19900:100|50:cc/cc/cr200f:Qd3h|2sJc/5d5h2c/7d:-100|100:Mike_McDonald_@MikeMcDonald89|DeepStack 
STATE:11000200003:20000|20000:100|50:r250c/cr500c/cr1000f:5s7h|4sQh/3dTc6h/3s:-500|500:DeepStack|Mike_McDonald_@MikeMcDonald89 
STATE:11000200004:20500|19500:100|50:f:5c8h|2c7h:50|-50:Mike_McDonald_@MikeMcDonald89|DeepStack 
STATE:11000200005:19450|20550:100|50:r250r750f:TdJh|7d5h:250|-250:DeepStack|Mike_McDonald_@MikeMcDonald89 
STATE:11000200006:20300|19700:100|50:f:7c2s|3s9d:50|-50:Mike_McDonald_@MikeMcDonald89|DeepStack 
STATE:11000200007:19650|20350:100|50:r250c/cr500f:Jh9d|8d5c/Qs7c4s:-250|250:DeepStack|Mike_McDonald_@MikeMcDonald89 
STATE:11000200008:20600|19400:100|50:r300f:8d4h|Ks9c:-100|100:Mike_McDonald_@MikeMcDonald89|DeepStack 
STATE:11000200009:19500|20500:100|50:r250f:8c3h|6h9s:-100|100:DeepStack|Mike_McDonald_@MikeMcDonald89 
STATE:11000200010:20600|19400:100|50:r200c/cc/cr600c/cc:3sAc|7h9s/QsAd2h/4s/2d:600|-600:Mike_McDonald_@MikeMcDonald89|DeepStack 
STATE:11000200011:18800|21200:150|75:r375c/cr625c/cc/cc:4c4h|6sTc/5c5dAh/6c/9c:-625|625:DeepStack|Mike_McDonald_@MikeMcDonald89 
STATE:11000200012:21825|18175:150|75:cc/cc/cc/cr450c:9c6s|3c4s/3dAh8c/6c/3s:-450|450:Mike_McDonald_@MikeMcDonald89|DeepStack 
STATE:11000200013:18625|21375:150|75:r375f:9h5d|Th4d:-150|150:DeepStack|Mike_McDonald_@MikeMcDonald89 
STATE:11000200014:21525|18475:150|75:r450r1650f:7c4c|6sAh:450|-450:Mike_McDonald_@MikeMcDonald89|DeepStack 
STATE:11000200015:18025|21975:150|75:r375c/cr750f:3d5d|JcAc/Js7h2c:-375|375:DeepStack|Mike_McDonald_@MikeMcDonald89 
STATE:11000200016:22350|17650:150|75:cc/cr300f:Qd6h|6d9s/Ts2cTc:-150|150:Mike_McDonald_@MikeMcDonald89|DeepStack 
STATE:11000200017:17800|22200:150|75:r375r1125r3375c/r17800f:9sAs|QsAh/7h6h8s:3375|-3375:DeepStack|Mike_McDonald_@MikeMcDonald89 
STATE:11000200018:18825|21175:150|75:r300c/cr600c/cc/cc:7cAs|Ah4s/KhKsJs/2c/7h:600|-600:Mike_McDonald_@MikeMcDonald89|DeepStack 
STATE:11000200019:20575|19425:150|75:r375f:3s7h|5h4c:-150|150:DeepStack|Mike_McDonald_@MikeMcDonald89 
STATE:11000200020:19575|20425:150|75:r450c/cr900c/cr2700c/cr8100f:8hQh|7h9h/2d3hAh/Qc/7c:-2700|2700:Mike_McDonald_@MikeMcDonald89|DeepStack 
STATE:11000200021:23125|16875:200|100:r500c/cr1000f:Qc6c|6sTh/9dJs5h:-500|500:DeepStack|Mike_McDonald_@MikeMcDonald89 
STATE:11000200022:17375|22625:200|100:r400r1400c/r2800f:Qd9d|5h6h/8dAdKc:1400|-1400:Mike_McDonald_@MikeMcDonald89|DeepStack 
STATE:11000200023:21225|18775:200|100:r500c/cc/cr800f:8s7c|KdQc/6d3sAs/6h:-500|500:DeepStack|Mike_McDonald_@MikeMcDonald89 
STATE:11000200024:19275|20725:200|100:f:8h6d|2d3h:100|-100:Mike_McDonald_@MikeMcDonald89|DeepStack 
STATE:11000200025:20625|19375:200|100:r500f:3d6c|8sTc:-200|200:DeepStack|Mike_McDonald_@MikeMcDonald89 
STATE:11000200026:19575|20425:200|100:cr600c/r1200c/r3000c/cc:KdAd|7h2h/Ah9h3s/7s/9s:3000|-3000:Mike_McDonald_@MikeMcDonald89|DeepStack 
STATE:11000200027:17425|22575:200|100:r500r1500f:Kh5h|Qh3c:500|-500:DeepStack|Mike_McDonald_@MikeMcDonald89 
STATE:11000200028:22075|17925:200|100:r400r1400f:8d8h|6cAd:400|-400:Mike_McDonald_@MikeMcDonald89|DeepStack 
STATE:11000200029:17525|22475:200|100:r500f:3s4d|5cTd:-200|200:DeepStack|Mike_McDonald_@MikeMcDonald89 
STATE:11000200030:22675|17325:200|100:r400c/cc/cc/cc:Kc5c|9c8s/6d6sQd/2d/9d:-400|400:Mike_McDonald_@MikeMcDonald89|DeepStack 
STATE:11000200031:17725|22275:300|150:r750c/cc/cc/cc:Qs7h|2s4s/2dJcKh/8s/As:-750|750:DeepStack|Mike_McDonald_@MikeMcDonald89 
STATE:11000200032:23025|16975:300|150:cc/cr600f:5h7s|4hTc/3hJs2h:-300|300:Mike_McDonald_@MikeMcDonald89|DeepStack 
STATE:11000200033:17275|22725:300|150:r750c/cr1500r3000f:4sKd|9s7s/4dAs2h:1500|-1500:DeepStack|Mike_McDonald_@MikeMcDonald89 
STATE:11000200034:21225|18775:300|150:r600c/cr1200c/cc/cc:Ah2d|8h8c/7h2cTd/Qd/Jh:-1200|1200:Mike_McDonald_@MikeMcDonald89|DeepStack 
STATE:11000200035:19975|20025:300|150:r750r2250f:JsTd|Qs2d:750|-750:DeepStack|Mike_McDonald_@MikeMcDonald89 
STATE:11000200036:19275|20725:300|150:r600c/cc/cc/cc:2dQs|Qh8d/4s2c3c/Ks/Jc:600|-600:Mike_McDonald_@MikeMcDonald89|DeepStack 
STATE:11000200037:20125|19875:300|150:r750f:Qs3d|Jd8h:-300|300:DeepStack|Mike_McDonald_@MikeMcDonald89 
STATE:11000200038:20175|19825:300|150:f:3c6s|2h8d:150|-150:Mike_McDonald_@MikeMcDonald89|DeepStack 
STATE:11000200039:19675|20325:300|150:f:2dJh|4d2s:150|-150:DeepStack|Mike_McDonald_@MikeMcDonald89 
STATE:11000200040:20175|19825:300|150:cr900f:Ac7s|Qc2s:300|-300:Mike_McDonald_@MikeMcDonald89|DeepStack 
STATE:11000200041:19525|20475:400|200:f:TcQh|2h4c:200|-200:DeepStack|Mike_McDonald_@MikeMcDonald89 
STATE:11000200042:20275|19725:400|200:f:7s2h|3d4h:200|-200:Mike_McDonald_@MikeMcDonald89|DeepStack 
STATE:11000200043:19525|20475:400|200:r1000f:8h2s|Td6h:-400|400:DeepStack|Mike_McDonald_@MikeMcDonald89 
STATE:11000200044:20875|19125:400|200:r800c/cc/r2000r4000c/cc:Qh6c|8h5d/7s8dQc/9d/Th:4000|-4000:Mike_McDonald_@MikeMcDonald89|DeepStack 
STATE:11000200045:15125|24875:400|200:f:Td8d|4s9c:200|-200:DeepStack|Mike_McDonald_@MikeMcDonald89 
STATE:11000200046:24675|15325:400|200:f:Kc4d|2h3s:200|-200:Mike_McDonald_@MikeMcDonald89|DeepStack 
STATE:11000200047:15125|24875:400|200:r1000r3000f:Js8d|8s5h:1000|-1000:DeepStack|Mike_McDonald_@MikeMcDonald89 
STATE:11000200048:23875|16125:400|200:cr1600c/cc/cc/r3200c:4c3h|6dKs/9cQcKh/8d/5d:-3200|3200:Mike_McDonald_@MikeMcDonald89|DeepStack 
STATE:11000200049:19325|20675:400|200:r1000c/cc/cc/r3000f:4sKc|Td7c/Ks8s5c/Qh/6c:1000|-1000:DeepStack|Mike_McDonald_@MikeMcDonald89 
STATE:11000200050:19675|20325:400|200:r1200f:9c2d|6sKh:-400|400:Mike_McDonald_@MikeMcDonald89|DeepStack 
STATE:11000200051:20725|19275:600|300:r1400c/r2800c/r5600f:Qd8d|6s8s/AdJs4d/9c:2800|-2800:DeepStack|Mike_McDonald_@MikeMcDonald89 
STATE:11000200052:16475|23525:600|300:cc/cc/cc/cr1800f:6sQh|4h4s/Ks3hJc/As/Ac:-600|600:Mike_McDonald_@MikeMcDonald89|DeepStack 
STATE:11000200053:24125|15875:600|300:cr1800c/r3600f:9dAd|Ts8c/3hJcAs:1800|-1800:DeepStack|Mike_McDonald_@MikeMcDonald89 
STATE:11000200054:14075|25925:600|300:r1200f:Qh2c|Ts7c:-600|600:Mike_McDonald_@MikeMcDonald89|DeepStack 
STATE:11000200055:26525|13475:600|300:cc/cr1200r3600f:2c9c|QhTc/Ac9s9h:1200|-1200:DeepStack|Mike_McDonald_@MikeMcDonald89 
STATE:11000200056:12275|27725:600|300:cr1600c/cr3200f:QcJd|Qh3c/4hKh7s:-1600|1600:Mike_McDonald_@MikeMcDonald89|DeepStack 
STATE:11000200057:29325|10675:600|300:r10675f:3h7h|2cAs:-600|600:DeepStack|Mike_McDonald_@MikeMcDonald89 
STATE:11000200058:11275|28725:600|300:r1200r11275c///:6h9h|AdKs/7c5hJd/9s/6d:11275|-11275:Mike_McDonald_@MikeMcDonald89|DeepStack 
STATE:11000200059:17450|22550:600|300:cc/cc/cc/r1800r4200f:Jc4d|7c8d/9cAh8s/Js/8h:-1800|1800:DeepStack|Mike_McDonald_@MikeMcDonald89 
STATE:11000200060:24350|15650:600|300:r1200r24350f:9c6c|6h5s:1200|-1200:Mike_McDonald_@MikeMcDonald89|DeepStack 
STATE:11000200061:14450|25550:800|400:r25550f:2dQh|5hTh:-800|800:DeepStack|Mike_McDonald_@MikeMcDonald89 
STATE:11000200062:26350|13650:800|400:cc/cr1600c/cc/cc:Jd7h|6d8c/7sTs8h/7d/Kd:1600|-1600:Mike_McDonald_@MikeMcDonald89|DeepStack 
STATE:11000200063:12050|27950:800|400:r27950f:2c7d|9sTs:-800|800:DeepStack|Mike_McDonald_@MikeMcDonald89 
STATE:11000200064:28750|11250:800|400:cr2200c/r3600f:3c8h|6h3h/KdKc5d:2200|-2200:Mike_McDonald_@MikeMcDonald89|DeepStack 
STATE:11000200065:9050|30950:800|400:r30950c///:Kh9s|2h2s/Ts5h9h/Qs/As:9050|-9050:DeepStack|Mike_McDonald_@MikeMcDonald89 
STATE:11000200066:21900|18100:800|400:cc/cr1600f:Qc2c|9h6d/8dThKc:-800|800:Mike_McDonald_@MikeMcDonald89|DeepStack 
STATE:11000200067:18900|21100:800|400:r21100f:8c7s|3sAc:-800|800:DeepStack|Mike_McDonald_@MikeMcDonald89 
STATE:11000200068:21900|18100:800|400:cc/cc/cc/cc:Kh4d|6d3d/9s3c5c/Ac/Ad:-800|800:Mike_McDonald_@MikeMcDonald89|DeepStack 
STATE:11000200069:18900|21100:800|400:cr18900f:6c6s|Jh7c:800|-800:DeepStack|Mike_McDonald_@MikeMcDonald89 
STATE:11000200070:20300|19700:800|400:cr2200c/cc/cr4400c/cc:5d3c|6cQs/5s9c6s/5h/Th:4400|-4400:Mike_McDonald_@MikeMcDonald89|DeepStack 
STATE:11000200071:15300|24700:1000|500:r2200f:Js2h|TcKh:-1000|1000:DeepStack|Mike_McDonald_@MikeMcDonald89 
STATE:11000200072:25700|14300:1000|500:cc/cc/cc/cr3000c:7s8d|Jh8h/5h9h6h/Ac/4h:-3000|3000:Mike_McDonald_@MikeMcDonald89|DeepStack 
STATE:11000200073:17300|22700:1000|500:r2200r17300c///:4cKc|8hKh/3d2hTd/Ac/Tc:-17300|17300:DeepStack|Mike_McDonald_@MikeMcDonald89 
