STATE:11000000001:20000|20000:100|50:r250c/cr500c/cc/cr1000f:Ks6d|Qh9s/Qs6s8c/8d/Ts:-500|500:DeepStack|Mike_McDonald_@MikeMcDonald89 
STATE:11000000002:20500|19500:100|50:r300f:8c2c|Qs6s:-100|100:Mike_McDonald_@MikeMcDonald89|DeepStack 
STATE:11000000003:19600|20400:100|50:r250c/cr500f:Th2h|7sTc/9d4c6c:-250|250:DeepStack|Mike_McDonald_@MikeMcDonald89 
STATE:11000000004:20650|19350:100|50:r200c/cr600c/cr1800f:5cTc|KdTs/Kh7cTd/As:-600|600:Mike_McDonald_@MikeMcDonald89|DeepStack 
STATE:11000000005:19950|20050:100|50:r250c/cc/cr500c/cr1250c:8d7s|5c9h/2dQs7d/Ah/Jd:1250|-1250:DeepStack|Mike_McDonald_@MikeMcDonald89 
STATE:11000000006:18800|21200:100|50:r300f:7d2h|9cJs:-100|100:Mike_McDonald_@MikeMcDonald89|DeepStack 
STATE:11000000007:21300|18700:100|50:r250c/cc/cr500c/cc:Qd6d|5c6s/QcJcTc/Js/9c:-500|500:DeepStack|Mike_McDonald_@MikeMcDonald89 
STATE:11000000008:19200|20800:100|50:r200c/cc/cc/r500c:AdTs|8dJs/4h8s7s/Kc/Td:500|-500:Mike_McDonald_@MikeMcDonald89|DeepStack 
STATE:11000000009:20300|19700:100|50:f:9c6h|Jc2d:50|-50:DeepStack|Mike_McDonald_@MikeMcDonald89 
STATE:11000000010:19650|20350:100|50:cr400c/cc/cc/cc:ThTs|Qs8s/AdJdAh/8d/5d:400|-400:Mike_McDonald_@MikeMcDonald89|DeepStack 
STATE:11000000011:19950|20050:150|75:r375c/cr625f:7s4s|5h8c/9h9sQc:-375|375:DeepStack|Mike_McDonald_@MikeMcDonald89 
STATE:11000000012:20425|19575:150|75:r300c/cc/r600c/r1200r2400f:Qc8c|Kd5h/JcThJs/7c/Qd:-1200|1200:Mike_McDonald_@MikeMcDonald89|DeepStack 
STATE:11000000013:20775|19225:150|75:r375c/cr750c/cc/r1500c:5cKd|ThQs/5sAh6h/Qh/Kc:1500|-1500:DeepStack|Mike_McDonald_@MikeMcDonald89 
STATE:11000000014:17725|22275:150|75:r300f:2c6d|2hTh:-150|150:Mike_McDonald_@MikeMcDonald89|DeepStack 
STATE:11000000015:22425|17575:150|75:r375r1125c/r3375c/cc/cc:3s3h|4dAd/4h3c7d/8c/Qd:3375|-3375:DeepStack|Mike_McDonald_@MikeMcDonald89 
STATE:11000000016:14200|25800:150|75:r450c/cr1350f:KhJd|6d9s/3dTd8c:-450|450:Mike_McDonald_@MikeMcDonald89|DeepStack 
STATE:11000000017:26250|13750:150|75:r375f:Jc3s|ThJs:-150|150:DeepStack|Mike_McDonald_@MikeMcDonald89 
STATE:11000000018:13900|26100:150|75:cc/cr450f:5h4d|5s9d/3d7sQs:-150|150:Mike_McDonald_@MikeMcDonald89|DeepStack 
STATE:11000000019:26250|13750:150|75:r375r1125c/cc/cc/cc:KcTs|KdTd/7s9sKs/3s/Ad:1125|-1125:DeepStack|Mike_McDonald_@MikeMcDonald89 
STATE:11000000020:12625|27375:150|75:cc/cc/r375f:5hJc|Qs4s/6s7cKc/2c:150|-150:Mike_McDonald_@MikeMcDonald89|DeepStack 
STATE:11000000021:27225|12775:200|100:r500r1500c/r2999f:Kh7s|9dJd/3d6hTh:1500|-1500:DeepStack|Mike_McDonald_@MikeMcDonald89 
STATE:11000000022:11275|28725:200|100:cr700f:JhJs|3c6h:200|-200:Mike_McDonald_@MikeMcDonald89|DeepStack 
STATE:11000000023:28525|11475:200|100:f:Ac8d|2c9h:100|-100:DeepStack|Mike_McDonald_@MikeMcDonald89 
STATE:11000000024:11375|28625:200|100:r600f:6h9c|Kh8c:-200|200:Mike_McDonald_@MikeMcDonald89|DeepStack 
STATE:11000000025:28825|11175:200|100:r500f:4c3s|6dQh:-200|200:DeepStack|Mike_McDonald_@MikeMcDonald89 
STATE:11000000026:11375|28625:200|100:cc/cc/cc/r800f:Ts9h|7h4d/Tc7c9s/Jh/6h:200|-200:Mike_McDonald_@MikeMcDonald89|DeepStack 
STATE:11000000027:28425|11575:200|100:r500f:4c9h|7hKd:-200|200:DeepStack|Mike_McDonald_@MikeMcDonald89 
STATE:11000000028:11775|28225:200|100:r400c/cr800c/cc/cc:Ah4s|3h3c/9c2sQd/7c/Ac:800|-800:Mike_McDonald_@MikeMcDonald89|DeepStack 
STATE:11000000029:27425|12575:200|100:r500f:9h2d|7h8c:-200|200:DeepStack|Mike_McDonald_@MikeMcDonald89 
STATE:11000000030:12775|27225:200|100:r400c/cc/cr800f:7hKc|7cTh/8hJd2d/3d:-400|400:Mike_McDonald_@MikeMcDonald89|DeepStack 
STATE:11000000031:27625|12375:300|150:r750r1500f:KcJc|5c8d:750|-750:DeepStack|Mike_McDonald_@MikeMcDonald89 
STATE:11000000032:11625|28375:300|150:r600c/cr1200c/cr3600f:Qc9c|Kd2d/8cJs8d/Ad:-1200|1200:Mike_McDonald_@MikeMcDonald89|DeepStack 
STATE:11000000033:29575|10425:300|150:r750c/cc/r1500c/cr3000f:8h2h|6hKc/6dKdKh/2s/4s:-1500|1500:DeepStack|Mike_McDonald_@MikeMcDonald89 
STATE:11000000034:11925|28075:300|150:cr800f:AcJc|Tc3s:300|-300:Mike_McDonald_@MikeMcDonald89|DeepStack 
STATE:11000000035:27775|12225:300|150:r750c/cc/cr1500c/cr3000c:QsTh|TcKs/6sTdAc/3d/9c:-3000|3000:DeepStack|Mike_McDonald_@MikeMcDonald89 
STATE:11000000036:15225|24775:300|150:r600c/cc/r1200c/r3000f:5dJs|9cKh/5h3c5c/Qc/2h:1200|-1200:Mike_McDonald_@MikeMcDonald89|DeepStack 
STATE:11000000037:23575|16425:300|150:r750f:2s6d|Kh9s:-300|300:DeepStack|Mike_McDonald_@MikeMcDonald89 
STATE:11000000038:16725|23275:300|150:cr800c/cr2400c/cc/cc:8s3d|7cAd/9s5d8h/Qh/Kd:2400|-2400:Mike_McDonald_@MikeMcDonald89|DeepStack 
STATE:11000000039:20875|19125:300|150:r750c/cr1500f:7cTs|6c7d/Qc8s5d:-750|750:DeepStack|Mike_McDonald_@MikeMcDonald89 
STATE:11000000040:19875|20125:300|150:r600f:2c5d|Qh2h:-300|300:Mike_McDonald_@MikeMcDonald89|DeepStack 
STATE:11000000041:20425|19575:400|200:f:7d6s|4d2h:200|-200:DeepStack|Mike_McDonald_@MikeMcDonald89 
STATE:11000000042:19375|20625:400|200:r800f:8h3d|Ts8d:-400|400:Mike_McDonald_@MikeMcDonald89|DeepStack 
STATE:11000000043:21025|18975:400|200:f:3sQs|4h2d:200|-200:DeepStack|Mike_McDonald_@MikeMcDonald89 
STATE:11000000044:18775|21225:400|200:r1200r3600f:AdJh|3c8c:1200|-1200:Mike_McDonald_@MikeMcDonald89|DeepStack 
STATE:11000000045:20025|19975:400|200:r1000f:Js2h|4h5s:-400|400:DeepStack|Mike_McDonald_@MikeMcDonald89 
STATE:11000000046:20375|19625:400|200:r800r2400f:2h9h|6h4d:800|-800:Mike_McDonald_@MikeMcDonald89|DeepStack 
STATE:11000000047:18825|21175:400|200:f:7h7c|2s4h:200|-200:DeepStack|Mike_McDonald_@MikeMcDonald89 
STATE:11000000048:20975|19025:400|200:r800f:3h8c|7c9d:-400|400:Mike_McDonald_@MikeMcDonald89|DeepStack 
STATE:11000000049:19425|20575:400|200:r1000c/cc/cr1700c/cc:4h4s|8hAs/9dQcTc/Td/7h:1700|-1700:DeepStack|Mike_McDonald_@MikeMcDonald89 
STATE:11000000050:18875|21125:400|200:r800c/cr1600f:Js6s|Qs5c/9cAd7h:-800|800:Mike_McDonald_@MikeMcDonald89|DeepStack 
STATE:11000000051:21925|18075:600|300:r1400c/cc/r2800c/cr7000c:Qd5c|3sAs/6c4s2h/5h/Ks:-7000|7000:DeepStack|Mike_McDonald_@MikeMcDonald89 
STATE:11000000052:25075|14925:600|300:r1200c/cr2400c/cc/r4800f:TdJs|5cJh/Kc2dAh/9c/9h:2400|-2400:Mike_McDonald_@MikeMcDonald89|DeepStack 
STATE:11000000053:12525|27475:600|300:r1200c/cc/cc/r2400f:Th8h|QcKd/8s4c6c/Ad/Jd:1200|-1200:DeepStack|Mike_McDonald_@MikeMcDonald89 
STATE:11000000054:26275|13725:600|300:cr26275c///:4sAs|9c8c/Qc2h6h/Kd/7d:13725|-13725:Mike_McDonald_@MikeMcDonald89|DeepStack 
