STATE:11000300001:20000|20000:100|50:r250r750r2250f:4d5d|JsJc:-750|750:DeepStack|Mike_McDonald_@MikeMcDonald89 
STATE:11000300002:20750|19250:100|50:f:9d6d|4h2d:50|-50:Mike_McDonald_@MikeMcDonald89|DeepStack 
STATE:11000300003:19200|20800:100|50:r250f:3s7c|9s8d:-100|100:DeepStack|Mike_McDonald_@MikeMcDonald89 
STATE:11000300004:20900|19100:100|50:cc/cc/r300c/cc:2d8c|Qs9h/6c5cQh/4h/2c:-300|300:Mike_McDonald_@MikeMcDonald89|DeepStack 
STATE:11000300005:19400|20600:100|50:r250f:Js2h|Ac7h:-100|100:DeepStack|Mike_McDonald_@MikeMcDonald89 
STATE:11000300006:20700|19300:100|50:r300f:9s2s|5h6h:-100|100:Mike_McDonald_@MikeMcDonald89|DeepStack 
STATE:11000300007:19400|20600:100|50:r250c/cr500f:3sKd|Jd7s/2d6sQh:-250|250:DeepStack|Mike_McDonald_@MikeMcDonald89 
STATE:11000300008:20850|19150:100|50:r300r1000f:Ah6h|Qd7c:300|-300:Mike_McDonald_@MikeMcDonald89|DeepStack 
STATE:11000300009:18850|21150:100|50:r250c/cc/r499c/r998r2495c:8h9d|AsQc/7hJd5d/Th/Ks:-2495|2495:DeepStack|Mike_McDonald_@MikeMcDonald89 
STATE:11000300010:23645|16355:100|50:cc/cc/cr200c/cc:4sTs|Js8s/JcAsAc/4h/Qh:-200|200:Mike_McDonald_@MikeMcDonald89|DeepStack 
STATE:11000300011:16555|23445:150|75:r375r1125f:AsJc|Js7c:375|-375:DeepStack|Mike_McDonald_@MikeMcDonald89 
STATE:11000300012:23070|16930:150|75:cc/cc/cc/r450c:Jh3s|6h3h/5dTd9c/6d/9h:-450|450:Mike_McDonald_@MikeMcDonald89|DeepStack 
STATE:11000300013:17380|22620:150|75:r375c/cr625r1250c/r2500c/cr5000f:Qh9d|Ad9s/KhKc2h/Ks/3s:-2500|2500:DeepStack|Mike_McDonald_@MikeMcDonald89 
STATE:11000300014:25120|14880:150|75:r450f:2dQs|Ad6s:-150|150:Mike_McDonald_@MikeMcDonald89|DeepStack 
STATE:11000300015:15030|24970:150|75:r375c/cc/r1125f:5c2c|6sQd/3s8cKs/Ah:375|-375:DeepStack|Mike_McDonald_@MikeMcDonald89 
STATE:11000300016:24595|15405:150|75:cc/cc/r300c/r750c:Tc2s|Th8d/7dKdQd/3d/3s:-750|750:Mike_McDonald_@MikeMcDonald89|DeepStack 
STATE:11000300017:16155|23845:150|75:r375c/cc/r1125r2812r5624f:KhJd|6d5c/QdTc8h/7c:2812|-2812:DeepStack|Mike_McDonald_@MikeMcDonald89 
STATE:11000300018:21033|18967:150|75:f:QsJc|7s3d:75|-75:Mike_McDonald_@MikeMcDonald89|DeepStack 
STATE:11000300019:18892|21108:150|75:f:8dKs|9s2h:75|-75:DeepStack|Mike_McDonald_@MikeMcDonald89 
STATE:11000300020:21033|18967:150|75:cr525c/cc/r875c/cr4375f:Ah8s|Ac5d/Td5s3h/5c/3s:-875|875:Mike_McDonald_@MikeMcDonald89|DeepStack 
STATE:11000300021:19842|20158:200|100:r500c/cc/cr850c/cc:7hAc|5s9h/TdKs6c/6h/9d:-850|850:DeepStack|Mike_McDonald_@MikeMcDonald89 
STATE:11000300022:21008|18992:200|100:r600f:3dJs|TcTs:-200|200:Mike_McDonald_@MikeMcDonald89|DeepStack 
STATE:11000300023:19192|20808:200|100:r500f:2s7d|8cKs:-200|200:DeepStack|Mike_McDonald_@MikeMcDonald89 
STATE:11000300024:21008|18992:200|100:r600r1800f:As4s|3cQs:600|-600:Mike_McDonald_@MikeMcDonald89|DeepStack 
STATE:11000300025:18392|21608:200|100:r500f:7d5h|8d4c:-200|200:DeepStack|Mike_McDonald_@MikeMcDonald89 
STATE:11000300026:21808|18192:200|100:r400f:6s2c|4c9c:-200|200:Mike_McDonald_@MikeMcDonald89|DeepStack 
STATE:11000300027:18392|21608:200|100:r500c/cc/cc/r1000r2500f:Kd5d|AcTs/7h9d4s/5s/Td:-1000|1000:DeepStack|Mike_McDonald_@MikeMcDonald89 
STATE:11000300028:22608|17392:200|100:f:TsAs|3c8h:100|-100:Mike_McDonald_@MikeMcDonald89|DeepStack 
STATE:11000300029:17292|22708:200|100:r500c/cr1000c/cc/r1999f:9sJc|6s9d/Js5c3s/8c/4c:1000|-1000:DeepStack|Mike_McDonald_@MikeMcDonald89 
STATE:11000300030:21708|18292:200|100:cc/cc/r400r800f:5s2h|5dTs/TcQh3s/6d:-400|400:Mike_McDonald_@MikeMcDonald89|DeepStack 
STATE:11000300031:18692|21308:300|150:r750c/cr1500f:Qs7c|9h9s/2c3s6s:-750|750:DeepStack|Mike_McDonald_@MikeMcDonald89 
STATE:11000300032:22058|17942:300|150:f:7cQd|6d3s:150|-150:Mike_McDonald_@MikeMcDonald89|DeepStack 
STATE:11000300033:17792|22208:300|150:r750r2250f:Qc8s|Kc3h:750|-750:DeepStack|Mike_McDonald_@MikeMcDonald89 
STATE:11000300034:21458|18542:300|150:r900r2700f:7h3h|6dKs:900|-900:Mike_McDonald_@MikeMcDonald89|DeepStack 
STATE:11000300035:17642|22358:300|150:r750f:3d7s|4s6c:-300|300:DeepStack|Mike_McDonald_@MikeMcDonald89 
STATE:11000300036:22658|17342:300|150:f:7hQh|6h2s:150|-150:Mike_McDonald_@MikeMcDonald89|DeepStack 
STATE:11000300037:17192|22808:300|150:r750f:Tc6s|3hAs:-300|300:DeepStack|Mike_McDonald_@MikeMcDonald89 
STATE:11000300038:23108|16892:300|150:f:Qd4c|6c2d:150|-150:Mike_McDonald_@MikeMcDonald89|DeepStack 
STATE:11000300039:16742|23258:300|150:r750f:2s4d|5c7c:-300|300:DeepStack|Mike_McDonald_@MikeMcDonald89 
STATE:11000300040:23558|16442:300|150:r900c/cr1800f:7cQc|3dJh/2hTh4s:-900|900:Mike_McDonald_@MikeMcDonald89|DeepStack 
STATE:11000300041:17342|22658:400|200:r1000c/cc/cr2000f:Kc2s|2d6d/6h5hTh/4c:-1000|1000:DeepStack|Mike_McDonald_@MikeMcDonald89 
STATE:11000300042:23658|16342:400|200:r800c/cc/r1600c/r4000c:Jh7c|JcAs/3cTc4h/Qc/9h:-4000|4000:Mike_McDonald_@MikeMcDonald89|DeepStack 
STATE:11000300043:20342|19658:400|200:r1000c/cc/r2999f:As3c|8s3s/JdTsKc/6d:1000|-1000:DeepStack|Mike_McDonald_@MikeMcDonald89 
STATE:11000300044:18658|21342:400|200:r1200f:Jc2d|9h7d:-400|400:Mike_McDonald_@MikeMcDonald89|DeepStack 
STATE:11000300045:21742|18258:400|200:r1000r3000f:9c6h|Js4s:1000|-1000:DeepStack|Mike_McDonald_@MikeMcDonald89 
STATE:11000300046:17258|22742:400|200:cr1400f:2h8d|Qc2s:400|-400:Mike_McDonald_@MikeMcDonald89|DeepStack 
STATE:11000300047:22342|17658:400|200:r1000f:4s6h|8c6c:-400|400:DeepStack|Mike_McDonald_@MikeMcDonald89 
STATE:11000300048:18058|21942:400|200:cc/cr800c/cc/r3200c:5dTd|3c2c/8s8d3d/9c/Kc:-3200|3200:Mike_McDonald_@MikeMcDonald89|DeepStack 
STATE:11000300049:25142|14858:400|200:r1000r2999r14858c///:JcJh|AcQs/7h5d9d/3s/Ah:-14858|14858:DeepStack|Mike_McDonald_@MikeMcDonald89 
STATE:11000300050:29716|10284:400|200:r800f:9c2s|TdTs:-400|400:Mike_McDonald_@MikeMcDonald89|DeepStack 
STATE:11000300051:10684|29316:600|300:r1400c/cr2800c/cr29316c/:7cQs|KsQd/8s3cQc/Ac/Js:-10684|10684:DeepStack|Mike_McDonald_@MikeMcDonald89 
